ARM GAS  C:\Users\Joe\AppData\Local\Temp\cci1jnwN.s 			page 1


   1              		.syntax unified
   2              		.cpu cortex-m3
   3              		.fpu softvfp
   4              		.eabi_attribute 20, 1
   5              		.eabi_attribute 21, 1
   6              		.eabi_attribute 23, 3
   7              		.eabi_attribute 24, 1
   8              		.eabi_attribute 25, 1
   9              		.eabi_attribute 26, 1
  10              		.eabi_attribute 30, 6
  11              		.eabi_attribute 34, 1
  12              		.eabi_attribute 18, 4
  13              		.thumb
  14              		.syntax unified
  15              		.file	"cymetadata.c"
  16              		.text
  17              	.Ltext0:
  18              		.cfi_sections	.debug_frame
  19              		.global	cy_meta_configecc
  20              		.section	.cyconfigecc,"a",%progbits
  21              		.align	2
  22              		.type	cy_meta_configecc, %object
  23              		.size	cy_meta_configecc, 1480
  24              	cy_meta_configecc:
  25 0000 03       		.byte	3
  26 0001 00       		.byte	0
  27 0002 00       		.byte	0
  28 0003 00       		.byte	0
  29 0004 00       		.byte	0
  30 0005 00       		.byte	0
  31 0006 00       		.byte	0
  32 0007 00       		.byte	0
  33 0008 00       		.byte	0
  34 0009 00       		.byte	0
  35 000a 00       		.byte	0
  36 000b 00       		.byte	0
  37 000c 00       		.byte	0
  38 000d 00       		.byte	0
  39 000e 00       		.byte	0
  40 000f 00       		.byte	0
  41 0010 00       		.byte	0
  42 0011 00       		.byte	0
  43 0012 00       		.byte	0
  44 0013 00       		.byte	0
  45 0014 00       		.byte	0
  46 0015 00       		.byte	0
  47 0016 00       		.byte	0
  48 0017 00       		.byte	0
  49 0018 00       		.byte	0
  50 0019 00       		.byte	0
  51 001a 00       		.byte	0
  52 001b 00       		.byte	0
  53 001c 00       		.byte	0
  54 001d 00       		.byte	0
  55 001e 00       		.byte	0
  56 001f 00       		.byte	0
  57 0020 00       		.byte	0
ARM GAS  C:\Users\Joe\AppData\Local\Temp\cci1jnwN.s 			page 2


  58 0021 00       		.byte	0
  59 0022 00       		.byte	0
  60 0023 00       		.byte	0
  61 0024 00       		.byte	0
  62 0025 00       		.byte	0
  63 0026 00       		.byte	0
  64 0027 00       		.byte	0
  65 0028 00       		.byte	0
  66 0029 00       		.byte	0
  67 002a 00       		.byte	0
  68 002b 00       		.byte	0
  69 002c 00       		.byte	0
  70 002d 00       		.byte	0
  71 002e 00       		.byte	0
  72 002f 00       		.byte	0
  73 0030 00       		.byte	0
  74 0031 00       		.byte	0
  75 0032 00       		.byte	0
  76 0033 00       		.byte	0
  77 0034 00       		.byte	0
  78 0035 00       		.byte	0
  79 0036 00       		.byte	0
  80 0037 00       		.byte	0
  81 0038 00       		.byte	0
  82 0039 00       		.byte	0
  83 003a 00       		.byte	0
  84 003b 00       		.byte	0
  85 003c 00       		.byte	0
  86 003d 00       		.byte	0
  87 003e 00       		.byte	0
  88 003f 00       		.byte	0
  89 0040 00       		.byte	0
  90 0041 00       		.byte	0
  91 0042 00       		.byte	0
  92 0043 00       		.byte	0
  93 0044 00       		.byte	0
  94 0045 00       		.byte	0
  95 0046 00       		.byte	0
  96 0047 00       		.byte	0
  97 0048 54       		.byte	84
  98 0049 00       		.byte	0
  99 004a 00       		.byte	0
 100 004b 00       		.byte	0
 101 004c 00       		.byte	0
 102 004d 00       		.byte	0
 103 004e 00       		.byte	0
 104 004f 00       		.byte	0
 105 0050 00       		.byte	0
 106 0051 FF       		.byte	-1
 107 0052 FF       		.byte	-1
 108 0053 FF       		.byte	-1
 109 0054 00       		.byte	0
 110 0055 00       		.byte	0
 111 0056 00       		.byte	0
 112 0057 01       		.byte	1
 113 0058 18       		.byte	24
 114 0059 00       		.byte	0
ARM GAS  C:\Users\Joe\AppData\Local\Temp\cci1jnwN.s 			page 3


 115 005a 80       		.byte	-128
 116 005b 00       		.byte	0
 117 005c 00       		.byte	0
 118 005d 00       		.byte	0
 119 005e 00       		.byte	0
 120 005f 00       		.byte	0
 121 0060 00       		.byte	0
 122 0061 00       		.byte	0
 123 0062 04       		.byte	4
 124 0063 04       		.byte	4
 125 0064 00       		.byte	0
 126 0065 99       		.byte	-103
 127 0066 00       		.byte	0
 128 0067 01       		.byte	1
 129 0068 40       		.byte	64
 130 0069 00       		.byte	0
 131 006a 40       		.byte	64
 132 006b 00       		.byte	0
 133 006c 40       		.byte	64
 134 006d 40       		.byte	64
 135 006e 80       		.byte	-128
 136 006f 00       		.byte	0
 137 0070 80       		.byte	-128
 138 0071 00       		.byte	0
 139 0072 80       		.byte	-128
 140 0073 00       		.byte	0
 141 0074 80       		.byte	-128
 142 0075 00       		.byte	0
 143 0076 80       		.byte	-128
 144 0077 00       		.byte	0
 145 0078 00       		.byte	0
 146 0079 00       		.byte	0
 147 007a 00       		.byte	0
 148 007b 00       		.byte	0
 149 007c 00       		.byte	0
 150 007d 00       		.byte	0
 151 007e 00       		.byte	0
 152 007f 00       		.byte	0
 153 0080 00       		.byte	0
 154 0081 00       		.byte	0
 155 0082 00       		.byte	0
 156 0083 00       		.byte	0
 157 0084 00       		.byte	0
 158 0085 00       		.byte	0
 159 0086 00       		.byte	0
 160 0087 00       		.byte	0
 161 0088 00       		.byte	0
 162 0089 00       		.byte	0
 163 008a 00       		.byte	0
 164 008b 00       		.byte	0
 165 008c 00       		.byte	0
 166 008d 00       		.byte	0
 167 008e 00       		.byte	0
 168 008f 00       		.byte	0
 169 0090 00       		.byte	0
 170 0091 00       		.byte	0
 171 0092 00       		.byte	0
ARM GAS  C:\Users\Joe\AppData\Local\Temp\cci1jnwN.s 			page 4


 172 0093 00       		.byte	0
 173 0094 00       		.byte	0
 174 0095 00       		.byte	0
 175 0096 00       		.byte	0
 176 0097 00       		.byte	0
 177 0098 00       		.byte	0
 178 0099 00       		.byte	0
 179 009a 00       		.byte	0
 180 009b 00       		.byte	0
 181 009c 00       		.byte	0
 182 009d 00       		.byte	0
 183 009e 00       		.byte	0
 184 009f 00       		.byte	0
 185 00a0 00       		.byte	0
 186 00a1 00       		.byte	0
 187 00a2 00       		.byte	0
 188 00a3 00       		.byte	0
 189 00a4 00       		.byte	0
 190 00a5 00       		.byte	0
 191 00a6 00       		.byte	0
 192 00a7 00       		.byte	0
 193 00a8 00       		.byte	0
 194 00a9 00       		.byte	0
 195 00aa 00       		.byte	0
 196 00ab 00       		.byte	0
 197 00ac 00       		.byte	0
 198 00ad 00       		.byte	0
 199 00ae 00       		.byte	0
 200 00af 00       		.byte	0
 201 00b0 00       		.byte	0
 202 00b1 00       		.byte	0
 203 00b2 00       		.byte	0
 204 00b3 00       		.byte	0
 205 00b4 00       		.byte	0
 206 00b5 00       		.byte	0
 207 00b6 00       		.byte	0
 208 00b7 00       		.byte	0
 209 00b8 00       		.byte	0
 210 00b9 00       		.byte	0
 211 00ba 00       		.byte	0
 212 00bb 00       		.byte	0
 213 00bc 00       		.byte	0
 214 00bd 00       		.byte	0
 215 00be 00       		.byte	0
 216 00bf 00       		.byte	0
 217 00c0 00       		.byte	0
 218 00c1 00       		.byte	0
 219 00c2 00       		.byte	0
 220 00c3 00       		.byte	0
 221 00c4 00       		.byte	0
 222 00c5 00       		.byte	0
 223 00c6 00       		.byte	0
 224 00c7 00       		.byte	0
 225 00c8 54       		.byte	84
 226 00c9 00       		.byte	0
 227 00ca 00       		.byte	0
 228 00cb 00       		.byte	0
ARM GAS  C:\Users\Joe\AppData\Local\Temp\cci1jnwN.s 			page 5


 229 00cc 00       		.byte	0
 230 00cd 00       		.byte	0
 231 00ce 00       		.byte	0
 232 00cf 00       		.byte	0
 233 00d0 00       		.byte	0
 234 00d1 FF       		.byte	-1
 235 00d2 FF       		.byte	-1
 236 00d3 FF       		.byte	-1
 237 00d4 00       		.byte	0
 238 00d5 83       		.byte	-125
 239 00d6 03       		.byte	3
 240 00d7 01       		.byte	1
 241 00d8 18       		.byte	24
 242 00d9 00       		.byte	0
 243 00da 00       		.byte	0
 244 00db 00       		.byte	0
 245 00dc 00       		.byte	0
 246 00dd 00       		.byte	0
 247 00de 00       		.byte	0
 248 00df 00       		.byte	0
 249 00e0 00       		.byte	0
 250 00e1 00       		.byte	0
 251 00e2 04       		.byte	4
 252 00e3 00       		.byte	0
 253 00e4 00       		.byte	0
 254 00e5 09       		.byte	9
 255 00e6 00       		.byte	0
 256 00e7 01       		.byte	1
 257 00e8 40       		.byte	64
 258 00e9 00       		.byte	0
 259 00ea 40       		.byte	64
 260 00eb 00       		.byte	0
 261 00ec 40       		.byte	64
 262 00ed 40       		.byte	64
 263 00ee 80       		.byte	-128
 264 00ef 00       		.byte	0
 265 00f0 80       		.byte	-128
 266 00f1 00       		.byte	0
 267 00f2 80       		.byte	-128
 268 00f3 00       		.byte	0
 269 00f4 80       		.byte	-128
 270 00f5 00       		.byte	0
 271 00f6 80       		.byte	-128
 272 00f7 00       		.byte	0
 273 00f8 00       		.byte	0
 274 00f9 00       		.byte	0
 275 00fa 00       		.byte	0
 276 00fb 00       		.byte	0
 277 00fc 00       		.byte	0
 278 00fd 00       		.byte	0
 279 00fe 00       		.byte	0
 280 00ff 00       		.byte	0
 281 0100 00       		.byte	0
 282 0101 00       		.byte	0
 283 0102 00       		.byte	0
 284 0103 00       		.byte	0
 285 0104 00       		.byte	0
ARM GAS  C:\Users\Joe\AppData\Local\Temp\cci1jnwN.s 			page 6


 286 0105 00       		.byte	0
 287 0106 00       		.byte	0
 288 0107 00       		.byte	0
 289 0108 00       		.byte	0
 290 0109 00       		.byte	0
 291 010a 00       		.byte	0
 292 010b 00       		.byte	0
 293 010c 00       		.byte	0
 294 010d 00       		.byte	0
 295 010e 00       		.byte	0
 296 010f 00       		.byte	0
 297 0110 00       		.byte	0
 298 0111 00       		.byte	0
 299 0112 00       		.byte	0
 300 0113 00       		.byte	0
 301 0114 00       		.byte	0
 302 0115 00       		.byte	0
 303 0116 00       		.byte	0
 304 0117 00       		.byte	0
 305 0118 00       		.byte	0
 306 0119 00       		.byte	0
 307 011a 01       		.byte	1
 308 011b 00       		.byte	0
 309 011c 00       		.byte	0
 310 011d 00       		.byte	0
 311 011e 00       		.byte	0
 312 011f 00       		.byte	0
 313 0120 00       		.byte	0
 314 0121 00       		.byte	0
 315 0122 00       		.byte	0
 316 0123 00       		.byte	0
 317 0124 00       		.byte	0
 318 0125 00       		.byte	0
 319 0126 00       		.byte	0
 320 0127 00       		.byte	0
 321 0128 00       		.byte	0
 322 0129 00       		.byte	0
 323 012a 01       		.byte	1
 324 012b 00       		.byte	0
 325 012c 00       		.byte	0
 326 012d 00       		.byte	0
 327 012e 00       		.byte	0
 328 012f 00       		.byte	0
 329 0130 00       		.byte	0
 330 0131 00       		.byte	0
 331 0132 00       		.byte	0
 332 0133 00       		.byte	0
 333 0134 00       		.byte	0
 334 0135 00       		.byte	0
 335 0136 00       		.byte	0
 336 0137 00       		.byte	0
 337 0138 01       		.byte	1
 338 0139 00       		.byte	0
 339 013a 00       		.byte	0
 340 013b 00       		.byte	0
 341 013c 00       		.byte	0
 342 013d 00       		.byte	0
ARM GAS  C:\Users\Joe\AppData\Local\Temp\cci1jnwN.s 			page 7


 343 013e 00       		.byte	0
 344 013f 00       		.byte	0
 345 0140 00       		.byte	0
 346 0141 00       		.byte	0
 347 0142 00       		.byte	0
 348 0143 00       		.byte	0
 349 0144 00       		.byte	0
 350 0145 00       		.byte	0
 351 0146 01       		.byte	1
 352 0147 00       		.byte	0
 353 0148 54       		.byte	84
 354 0149 00       		.byte	0
 355 014a 00       		.byte	0
 356 014b 00       		.byte	0
 357 014c 00       		.byte	0
 358 014d EC       		.byte	-20
 359 014e 02       		.byte	2
 360 014f 00       		.byte	0
 361 0150 07       		.byte	7
 362 0151 FF       		.byte	-1
 363 0152 FF       		.byte	-1
 364 0153 FF       		.byte	-1
 365 0154 00       		.byte	0
 366 0155 83       		.byte	-125
 367 0156 03       		.byte	3
 368 0157 01       		.byte	1
 369 0158 18       		.byte	24
 370 0159 00       		.byte	0
 371 015a 00       		.byte	0
 372 015b 00       		.byte	0
 373 015c 01       		.byte	1
 374 015d 00       		.byte	0
 375 015e 04       		.byte	4
 376 015f 00       		.byte	0
 377 0160 04       		.byte	4
 378 0161 00       		.byte	0
 379 0162 04       		.byte	4
 380 0163 04       		.byte	4
 381 0164 00       		.byte	0
 382 0165 99       		.byte	-103
 383 0166 00       		.byte	0
 384 0167 01       		.byte	1
 385 0168 40       		.byte	64
 386 0169 00       		.byte	0
 387 016a 40       		.byte	64
 388 016b 00       		.byte	0
 389 016c 40       		.byte	64
 390 016d 40       		.byte	64
 391 016e 80       		.byte	-128
 392 016f 00       		.byte	0
 393 0170 80       		.byte	-128
 394 0171 00       		.byte	0
 395 0172 80       		.byte	-128
 396 0173 00       		.byte	0
 397 0174 80       		.byte	-128
 398 0175 00       		.byte	0
 399 0176 80       		.byte	-128
ARM GAS  C:\Users\Joe\AppData\Local\Temp\cci1jnwN.s 			page 8


 400 0177 00       		.byte	0
 401 0178 00       		.byte	0
 402 0179 00       		.byte	0
 403 017a 00       		.byte	0
 404 017b 00       		.byte	0
 405 017c 00       		.byte	0
 406 017d 00       		.byte	0
 407 017e 00       		.byte	0
 408 017f 00       		.byte	0
 409 0180 00       		.byte	0
 410 0181 00       		.byte	0
 411 0182 00       		.byte	0
 412 0183 00       		.byte	0
 413 0184 00       		.byte	0
 414 0185 00       		.byte	0
 415 0186 00       		.byte	0
 416 0187 00       		.byte	0
 417 0188 00       		.byte	0
 418 0189 00       		.byte	0
 419 018a 00       		.byte	0
 420 018b 00       		.byte	0
 421 018c 00       		.byte	0
 422 018d 00       		.byte	0
 423 018e 00       		.byte	0
 424 018f 00       		.byte	0
 425 0190 00       		.byte	0
 426 0191 00       		.byte	0
 427 0192 00       		.byte	0
 428 0193 00       		.byte	0
 429 0194 00       		.byte	0
 430 0195 00       		.byte	0
 431 0196 00       		.byte	0
 432 0197 00       		.byte	0
 433 0198 00       		.byte	0
 434 0199 00       		.byte	0
 435 019a 00       		.byte	0
 436 019b 00       		.byte	0
 437 019c 00       		.byte	0
 438 019d 00       		.byte	0
 439 019e 00       		.byte	0
 440 019f 00       		.byte	0
 441 01a0 00       		.byte	0
 442 01a1 00       		.byte	0
 443 01a2 00       		.byte	0
 444 01a3 00       		.byte	0
 445 01a4 0D       		.byte	13
 446 01a5 00       		.byte	0
 447 01a6 00       		.byte	0
 448 01a7 00       		.byte	0
 449 01a8 00       		.byte	0
 450 01a9 01       		.byte	1
 451 01aa 00       		.byte	0
 452 01ab 00       		.byte	0
 453 01ac 00       		.byte	0
 454 01ad 00       		.byte	0
 455 01ae 00       		.byte	0
 456 01af 00       		.byte	0
ARM GAS  C:\Users\Joe\AppData\Local\Temp\cci1jnwN.s 			page 9


 457 01b0 00       		.byte	0
 458 01b1 00       		.byte	0
 459 01b2 00       		.byte	0
 460 01b3 00       		.byte	0
 461 01b4 00       		.byte	0
 462 01b5 01       		.byte	1
 463 01b6 00       		.byte	0
 464 01b7 01       		.byte	1
 465 01b8 00       		.byte	0
 466 01b9 00       		.byte	0
 467 01ba 00       		.byte	0
 468 01bb 00       		.byte	0
 469 01bc 00       		.byte	0
 470 01bd 00       		.byte	0
 471 01be 00       		.byte	0
 472 01bf 00       		.byte	0
 473 01c0 00       		.byte	0
 474 01c1 00       		.byte	0
 475 01c2 00       		.byte	0
 476 01c3 00       		.byte	0
 477 01c4 00       		.byte	0
 478 01c5 00       		.byte	0
 479 01c6 00       		.byte	0
 480 01c7 00       		.byte	0
 481 01c8 00       		.byte	0
 482 01c9 00       		.byte	0
 483 01ca 00       		.byte	0
 484 01cb 00       		.byte	0
 485 01cc 00       		.byte	0
 486 01cd 00       		.byte	0
 487 01ce 00       		.byte	0
 488 01cf 00       		.byte	0
 489 01d0 00       		.byte	0
 490 01d1 00       		.byte	0
 491 01d2 00       		.byte	0
 492 01d3 00       		.byte	0
 493 01d4 00       		.byte	0
 494 01d5 00       		.byte	0
 495 01d6 00       		.byte	0
 496 01d7 00       		.byte	0
 497 01d8 00       		.byte	0
 498 01d9 00       		.byte	0
 499 01da 00       		.byte	0
 500 01db 00       		.byte	0
 501 01dc 00       		.byte	0
 502 01dd 00       		.byte	0
 503 01de 00       		.byte	0
 504 01df 00       		.byte	0
 505 01e0 00       		.byte	0
 506 01e1 00       		.byte	0
 507 01e2 00       		.byte	0
 508 01e3 00       		.byte	0
 509 01e4 00       		.byte	0
 510 01e5 00       		.byte	0
 511 01e6 00       		.byte	0
 512 01e7 00       		.byte	0
 513 01e8 00       		.byte	0
ARM GAS  C:\Users\Joe\AppData\Local\Temp\cci1jnwN.s 			page 10


 514 01e9 00       		.byte	0
 515 01ea 00       		.byte	0
 516 01eb 00       		.byte	0
 517 01ec 00       		.byte	0
 518 01ed 00       		.byte	0
 519 01ee 00       		.byte	0
 520 01ef 00       		.byte	0
 521 01f0 00       		.byte	0
 522 01f1 00       		.byte	0
 523 01f2 00       		.byte	0
 524 01f3 00       		.byte	0
 525 01f4 00       		.byte	0
 526 01f5 00       		.byte	0
 527 01f6 00       		.byte	0
 528 01f7 00       		.byte	0
 529 01f8 00       		.byte	0
 530 01f9 00       		.byte	0
 531 01fa 80       		.byte	-128
 532 01fb 00       		.byte	0
 533 01fc 00       		.byte	0
 534 01fd 00       		.byte	0
 535 01fe 80       		.byte	-128
 536 01ff 00       		.byte	0
 537 0200 02       		.byte	2
 538 0201 00       		.byte	0
 539 0202 00       		.byte	0
 540 0203 00       		.byte	0
 541 0204 02       		.byte	2
 542 0205 00       		.byte	0
 543 0206 00       		.byte	0
 544 0207 00       		.byte	0
 545 0208 00       		.byte	0
 546 0209 00       		.byte	0
 547 020a 00       		.byte	0
 548 020b 00       		.byte	0
 549 020c 00       		.byte	0
 550 020d 00       		.byte	0
 551 020e 00       		.byte	0
 552 020f 00       		.byte	0
 553 0210 00       		.byte	0
 554 0211 00       		.byte	0
 555 0212 00       		.byte	0
 556 0213 00       		.byte	0
 557 0214 00       		.byte	0
 558 0215 00       		.byte	0
 559 0216 00       		.byte	0
 560 0217 00       		.byte	0
 561 0218 00       		.byte	0
 562 0219 00       		.byte	0
 563 021a 00       		.byte	0
 564 021b 00       		.byte	0
 565 021c 00       		.byte	0
 566 021d 00       		.byte	0
 567 021e 00       		.byte	0
 568 021f 00       		.byte	0
 569 0220 00       		.byte	0
 570 0221 00       		.byte	0
ARM GAS  C:\Users\Joe\AppData\Local\Temp\cci1jnwN.s 			page 11


 571 0222 00       		.byte	0
 572 0223 00       		.byte	0
 573 0224 00       		.byte	0
 574 0225 00       		.byte	0
 575 0226 00       		.byte	0
 576 0227 00       		.byte	0
 577 0228 02       		.byte	2
 578 0229 00       		.byte	0
 579 022a 00       		.byte	0
 580 022b 00       		.byte	0
 581 022c 00       		.byte	0
 582 022d 00       		.byte	0
 583 022e 00       		.byte	0
 584 022f 00       		.byte	0
 585 0230 00       		.byte	0
 586 0231 00       		.byte	0
 587 0232 00       		.byte	0
 588 0233 00       		.byte	0
 589 0234 00       		.byte	0
 590 0235 00       		.byte	0
 591 0236 00       		.byte	0
 592 0237 00       		.byte	0
 593 0238 00       		.byte	0
 594 0239 00       		.byte	0
 595 023a 00       		.byte	0
 596 023b 00       		.byte	0
 597 023c 00       		.byte	0
 598 023d 00       		.byte	0
 599 023e 00       		.byte	0
 600 023f 00       		.byte	0
 601 0240 00       		.byte	0
 602 0241 00       		.byte	0
 603 0242 00       		.byte	0
 604 0243 00       		.byte	0
 605 0244 00       		.byte	0
 606 0245 00       		.byte	0
 607 0246 00       		.byte	0
 608 0247 00       		.byte	0
 609 0248 00       		.byte	0
 610 0249 00       		.byte	0
 611 024a 00       		.byte	0
 612 024b 00       		.byte	0
 613 024c 00       		.byte	0
 614 024d 00       		.byte	0
 615 024e 00       		.byte	0
 616 024f 00       		.byte	0
 617 0250 00       		.byte	0
 618 0251 00       		.byte	0
 619 0252 80       		.byte	-128
 620 0253 00       		.byte	0
 621 0254 00       		.byte	0
 622 0255 00       		.byte	0
 623 0256 00       		.byte	0
 624 0257 00       		.byte	0
 625 0258 00       		.byte	0
 626 0259 00       		.byte	0
 627 025a 00       		.byte	0
ARM GAS  C:\Users\Joe\AppData\Local\Temp\cci1jnwN.s 			page 12


 628 025b 00       		.byte	0
 629 025c 02       		.byte	2
 630 025d 00       		.byte	0
 631 025e 00       		.byte	0
 632 025f 00       		.byte	0
 633 0260 00       		.byte	0
 634 0261 00       		.byte	0
 635 0262 00       		.byte	0
 636 0263 00       		.byte	0
 637 0264 00       		.byte	0
 638 0265 00       		.byte	0
 639 0266 00       		.byte	0
 640 0267 00       		.byte	0
 641 0268 00       		.byte	0
 642 0269 00       		.byte	0
 643 026a 00       		.byte	0
 644 026b 00       		.byte	0
 645 026c 00       		.byte	0
 646 026d 00       		.byte	0
 647 026e 00       		.byte	0
 648 026f 00       		.byte	0
 649 0270 00       		.byte	0
 650 0271 00       		.byte	0
 651 0272 00       		.byte	0
 652 0273 00       		.byte	0
 653 0274 00       		.byte	0
 654 0275 00       		.byte	0
 655 0276 00       		.byte	0
 656 0277 00       		.byte	0
 657 0278 00       		.byte	0
 658 0279 00       		.byte	0
 659 027a 00       		.byte	0
 660 027b 00       		.byte	0
 661 027c 00       		.byte	0
 662 027d 00       		.byte	0
 663 027e 00       		.byte	0
 664 027f 00       		.byte	0
 665 0280 00       		.byte	0
 666 0281 00       		.byte	0
 667 0282 00       		.byte	0
 668 0283 00       		.byte	0
 669 0284 00       		.byte	0
 670 0285 00       		.byte	0
 671 0286 00       		.byte	0
 672 0287 00       		.byte	0
 673 0288 81       		.byte	-127
 674 0289 00       		.byte	0
 675 028a 18       		.byte	24
 676 028b 00       		.byte	0
 677 028c 00       		.byte	0
 678 028d 00       		.byte	0
 679 028e 00       		.byte	0
 680 028f 00       		.byte	0
 681 0290 00       		.byte	0
 682 0291 00       		.byte	0
 683 0292 00       		.byte	0
 684 0293 00       		.byte	0
ARM GAS  C:\Users\Joe\AppData\Local\Temp\cci1jnwN.s 			page 13


 685 0294 00       		.byte	0
 686 0295 00       		.byte	0
 687 0296 00       		.byte	0
 688 0297 00       		.byte	0
 689 0298 00       		.byte	0
 690 0299 00       		.byte	0
 691 029a 00       		.byte	0
 692 029b 00       		.byte	0
 693 029c 00       		.byte	0
 694 029d 00       		.byte	0
 695 029e 00       		.byte	0
 696 029f 00       		.byte	0
 697 02a0 00       		.byte	0
 698 02a1 00       		.byte	0
 699 02a2 00       		.byte	0
 700 02a3 00       		.byte	0
 701 02a4 00       		.byte	0
 702 02a5 00       		.byte	0
 703 02a6 00       		.byte	0
 704 02a7 00       		.byte	0
 705 02a8 00       		.byte	0
 706 02a9 00       		.byte	0
 707 02aa 00       		.byte	0
 708 02ab 00       		.byte	0
 709 02ac 00       		.byte	0
 710 02ad 00       		.byte	0
 711 02ae 00       		.byte	0
 712 02af 00       		.byte	0
 713 02b0 00       		.byte	0
 714 02b1 00       		.byte	0
 715 02b2 00       		.byte	0
 716 02b3 00       		.byte	0
 717 02b4 00       		.byte	0
 718 02b5 00       		.byte	0
 719 02b6 00       		.byte	0
 720 02b7 00       		.byte	0
 721 02b8 00       		.byte	0
 722 02b9 00       		.byte	0
 723 02ba 00       		.byte	0
 724 02bb 00       		.byte	0
 725 02bc 00       		.byte	0
 726 02bd 00       		.byte	0
 727 02be 00       		.byte	0
 728 02bf 00       		.byte	0
 729 02c0 00       		.byte	0
 730 02c1 00       		.byte	0
 731 02c2 00       		.byte	0
 732 02c3 00       		.byte	0
 733 02c4 02       		.byte	2
 734 02c5 00       		.byte	0
 735 02c6 00       		.byte	0
 736 02c7 00       		.byte	0
 737 02c8 00       		.byte	0
 738 02c9 00       		.byte	0
 739 02ca 00       		.byte	0
 740 02cb 00       		.byte	0
 741 02cc 00       		.byte	0
ARM GAS  C:\Users\Joe\AppData\Local\Temp\cci1jnwN.s 			page 14


 742 02cd 00       		.byte	0
 743 02ce 80       		.byte	-128
 744 02cf 00       		.byte	0
 745 02d0 00       		.byte	0
 746 02d1 00       		.byte	0
 747 02d2 00       		.byte	0
 748 02d3 00       		.byte	0
 749 02d4 00       		.byte	0
 750 02d5 00       		.byte	0
 751 02d6 80       		.byte	-128
 752 02d7 00       		.byte	0
 753 02d8 00       		.byte	0
 754 02d9 00       		.byte	0
 755 02da 00       		.byte	0
 756 02db 00       		.byte	0
 757 02dc 00       		.byte	0
 758 02dd 00       		.byte	0
 759 02de 00       		.byte	0
 760 02df 00       		.byte	0
 761 02e0 00       		.byte	0
 762 02e1 00       		.byte	0
 763 02e2 00       		.byte	0
 764 02e3 00       		.byte	0
 765 02e4 00       		.byte	0
 766 02e5 00       		.byte	0
 767 02e6 00       		.byte	0
 768 02e7 00       		.byte	0
 769 02e8 00       		.byte	0
 770 02e9 00       		.byte	0
 771 02ea 00       		.byte	0
 772 02eb 00       		.byte	0
 773 02ec 00       		.byte	0
 774 02ed 00       		.byte	0
 775 02ee 00       		.byte	0
 776 02ef 00       		.byte	0
 777 02f0 00       		.byte	0
 778 02f1 00       		.byte	0
 779 02f2 00       		.byte	0
 780 02f3 00       		.byte	0
 781 02f4 00       		.byte	0
 782 02f5 00       		.byte	0
 783 02f6 00       		.byte	0
 784 02f7 00       		.byte	0
 785 02f8 00       		.byte	0
 786 02f9 00       		.byte	0
 787 02fa 00       		.byte	0
 788 02fb 00       		.byte	0
 789 02fc 00       		.byte	0
 790 02fd 00       		.byte	0
 791 02fe 80       		.byte	-128
 792 02ff 00       		.byte	0
 793 0300 00       		.byte	0
 794 0301 00       		.byte	0
 795 0302 00       		.byte	0
 796 0303 00       		.byte	0
 797 0304 02       		.byte	2
 798 0305 04       		.byte	4
ARM GAS  C:\Users\Joe\AppData\Local\Temp\cci1jnwN.s 			page 15


 799 0306 00       		.byte	0
 800 0307 01       		.byte	1
 801 0308 00       		.byte	0
 802 0309 00       		.byte	0
 803 030a 00       		.byte	0
 804 030b 00       		.byte	0
 805 030c 00       		.byte	0
 806 030d 00       		.byte	0
 807 030e 80       		.byte	-128
 808 030f 00       		.byte	0
 809 0310 00       		.byte	0
 810 0311 00       		.byte	0
 811 0312 00       		.byte	0
 812 0313 00       		.byte	0
 813 0314 00       		.byte	0
 814 0315 04       		.byte	4
 815 0316 80       		.byte	-128
 816 0317 01       		.byte	1
 817 0318 00       		.byte	0
 818 0319 00       		.byte	0
 819 031a 00       		.byte	0
 820 031b 00       		.byte	0
 821 031c 00       		.byte	0
 822 031d 00       		.byte	0
 823 031e 00       		.byte	0
 824 031f 40       		.byte	64
 825 0320 00       		.byte	0
 826 0321 00       		.byte	0
 827 0322 00       		.byte	0
 828 0323 00       		.byte	0
 829 0324 00       		.byte	0
 830 0325 00       		.byte	0
 831 0326 00       		.byte	0
 832 0327 00       		.byte	0
 833 0328 00       		.byte	0
 834 0329 00       		.byte	0
 835 032a 00       		.byte	0
 836 032b 00       		.byte	0
 837 032c 00       		.byte	0
 838 032d 00       		.byte	0
 839 032e 00       		.byte	0
 840 032f 00       		.byte	0
 841 0330 00       		.byte	0
 842 0331 00       		.byte	0
 843 0332 00       		.byte	0
 844 0333 00       		.byte	0
 845 0334 00       		.byte	0
 846 0335 00       		.byte	0
 847 0336 00       		.byte	0
 848 0337 00       		.byte	0
 849 0338 00       		.byte	0
 850 0339 00       		.byte	0
 851 033a 00       		.byte	0
 852 033b 00       		.byte	0
 853 033c 00       		.byte	0
 854 033d 00       		.byte	0
 855 033e 00       		.byte	0
ARM GAS  C:\Users\Joe\AppData\Local\Temp\cci1jnwN.s 			page 16


 856 033f 40       		.byte	64
 857 0340 00       		.byte	0
 858 0341 00       		.byte	0
 859 0342 00       		.byte	0
 860 0343 00       		.byte	0
 861 0344 00       		.byte	0
 862 0345 00       		.byte	0
 863 0346 00       		.byte	0
 864 0347 00       		.byte	0
 865 0348 00       		.byte	0
 866 0349 00       		.byte	0
 867 034a 00       		.byte	0
 868 034b 00       		.byte	0
 869 034c 00       		.byte	0
 870 034d 00       		.byte	0
 871 034e 00       		.byte	0
 872 034f 00       		.byte	0
 873 0350 00       		.byte	0
 874 0351 00       		.byte	0
 875 0352 00       		.byte	0
 876 0353 00       		.byte	0
 877 0354 00       		.byte	0
 878 0355 00       		.byte	0
 879 0356 00       		.byte	0
 880 0357 00       		.byte	0
 881 0358 00       		.byte	0
 882 0359 00       		.byte	0
 883 035a 00       		.byte	0
 884 035b 00       		.byte	0
 885 035c 00       		.byte	0
 886 035d 00       		.byte	0
 887 035e 00       		.byte	0
 888 035f 00       		.byte	0
 889 0360 00       		.byte	0
 890 0361 00       		.byte	0
 891 0362 00       		.byte	0
 892 0363 00       		.byte	0
 893 0364 00       		.byte	0
 894 0365 00       		.byte	0
 895 0366 00       		.byte	0
 896 0367 00       		.byte	0
 897 0368 00       		.byte	0
 898 0369 00       		.byte	0
 899 036a 00       		.byte	0
 900 036b 00       		.byte	0
 901 036c 00       		.byte	0
 902 036d 00       		.byte	0
 903 036e 00       		.byte	0
 904 036f 00       		.byte	0
 905 0370 00       		.byte	0
 906 0371 00       		.byte	0
 907 0372 00       		.byte	0
 908 0373 00       		.byte	0
 909 0374 00       		.byte	0
 910 0375 00       		.byte	0
 911 0376 00       		.byte	0
 912 0377 00       		.byte	0
ARM GAS  C:\Users\Joe\AppData\Local\Temp\cci1jnwN.s 			page 17


 913 0378 00       		.byte	0
 914 0379 00       		.byte	0
 915 037a 10       		.byte	16
 916 037b 00       		.byte	0
 917 037c 10       		.byte	16
 918 037d 00       		.byte	0
 919 037e 00       		.byte	0
 920 037f 00       		.byte	0
 921 0380 00       		.byte	0
 922 0381 00       		.byte	0
 923 0382 00       		.byte	0
 924 0383 00       		.byte	0
 925 0384 00       		.byte	0
 926 0385 00       		.byte	0
 927 0386 00       		.byte	0
 928 0387 00       		.byte	0
 929 0388 80       		.byte	-128
 930 0389 00       		.byte	0
 931 038a 10       		.byte	16
 932 038b 00       		.byte	0
 933 038c 00       		.byte	0
 934 038d 00       		.byte	0
 935 038e D0       		.byte	-48
 936 038f 00       		.byte	0
 937 0390 80       		.byte	-128
 938 0391 00       		.byte	0
 939 0392 00       		.byte	0
 940 0393 00       		.byte	0
 941 0394 00       		.byte	0
 942 0395 00       		.byte	0
 943 0396 00       		.byte	0
 944 0397 00       		.byte	0
 945 0398 00       		.byte	0
 946 0399 00       		.byte	0
 947 039a 00       		.byte	0
 948 039b 00       		.byte	0
 949 039c 00       		.byte	0
 950 039d 00       		.byte	0
 951 039e 00       		.byte	0
 952 039f 00       		.byte	0
 953 03a0 00       		.byte	0
 954 03a1 00       		.byte	0
 955 03a2 00       		.byte	0
 956 03a3 00       		.byte	0
 957 03a4 00       		.byte	0
 958 03a5 00       		.byte	0
 959 03a6 00       		.byte	0
 960 03a7 00       		.byte	0
 961 03a8 00       		.byte	0
 962 03a9 00       		.byte	0
 963 03aa 00       		.byte	0
 964 03ab 00       		.byte	0
 965 03ac 00       		.byte	0
 966 03ad 00       		.byte	0
 967 03ae 00       		.byte	0
 968 03af 00       		.byte	0
 969 03b0 00       		.byte	0
ARM GAS  C:\Users\Joe\AppData\Local\Temp\cci1jnwN.s 			page 18


 970 03b1 00       		.byte	0
 971 03b2 00       		.byte	0
 972 03b3 00       		.byte	0
 973 03b4 00       		.byte	0
 974 03b5 00       		.byte	0
 975 03b6 00       		.byte	0
 976 03b7 00       		.byte	0
 977 03b8 00       		.byte	0
 978 03b9 00       		.byte	0
 979 03ba 00       		.byte	0
 980 03bb 00       		.byte	0
 981 03bc 00       		.byte	0
 982 03bd 00       		.byte	0
 983 03be 00       		.byte	0
 984 03bf 00       		.byte	0
 985 03c0 00       		.byte	0
 986 03c1 00       		.byte	0
 987 03c2 00       		.byte	0
 988 03c3 00       		.byte	0
 989 03c4 00       		.byte	0
 990 03c5 00       		.byte	0
 991 03c6 00       		.byte	0
 992 03c7 00       		.byte	0
 993 03c8 00       		.byte	0
 994 03c9 00       		.byte	0
 995 03ca 00       		.byte	0
 996 03cb 00       		.byte	0
 997 03cc 00       		.byte	0
 998 03cd 00       		.byte	0
 999 03ce 00       		.byte	0
 1000 03cf 00       		.byte	0
 1001 03d0 00       		.byte	0
 1002 03d1 00       		.byte	0
 1003 03d2 00       		.byte	0
 1004 03d3 00       		.byte	0
 1005 03d4 00       		.byte	0
 1006 03d5 00       		.byte	0
 1007 03d6 00       		.byte	0
 1008 03d7 00       		.byte	0
 1009 03d8 00       		.byte	0
 1010 03d9 00       		.byte	0
 1011 03da 00       		.byte	0
 1012 03db 00       		.byte	0
 1013 03dc 00       		.byte	0
 1014 03dd 00       		.byte	0
 1015 03de 00       		.byte	0
 1016 03df 00       		.byte	0
 1017 03e0 00       		.byte	0
 1018 03e1 00       		.byte	0
 1019 03e2 00       		.byte	0
 1020 03e3 00       		.byte	0
 1021 03e4 00       		.byte	0
 1022 03e5 00       		.byte	0
 1023 03e6 00       		.byte	0
 1024 03e7 00       		.byte	0
 1025 03e8 00       		.byte	0
 1026 03e9 00       		.byte	0
ARM GAS  C:\Users\Joe\AppData\Local\Temp\cci1jnwN.s 			page 19


 1027 03ea 00       		.byte	0
 1028 03eb 00       		.byte	0
 1029 03ec 00       		.byte	0
 1030 03ed 00       		.byte	0
 1031 03ee 00       		.byte	0
 1032 03ef 00       		.byte	0
 1033 03f0 00       		.byte	0
 1034 03f1 00       		.byte	0
 1035 03f2 00       		.byte	0
 1036 03f3 00       		.byte	0
 1037 03f4 00       		.byte	0
 1038 03f5 00       		.byte	0
 1039 03f6 00       		.byte	0
 1040 03f7 00       		.byte	0
 1041 03f8 00       		.byte	0
 1042 03f9 00       		.byte	0
 1043 03fa 00       		.byte	0
 1044 03fb 00       		.byte	0
 1045 03fc 00       		.byte	0
 1046 03fd 00       		.byte	0
 1047 03fe 00       		.byte	0
 1048 03ff 00       		.byte	0
 1049 0400 00       		.byte	0
 1050 0401 00       		.byte	0
 1051 0402 00       		.byte	0
 1052 0403 00       		.byte	0
 1053 0404 00       		.byte	0
 1054 0405 00       		.byte	0
 1055 0406 00       		.byte	0
 1056 0407 00       		.byte	0
 1057 0408 00       		.byte	0
 1058 0409 00       		.byte	0
 1059 040a 00       		.byte	0
 1060 040b 00       		.byte	0
 1061 040c 00       		.byte	0
 1062 040d 00       		.byte	0
 1063 040e 00       		.byte	0
 1064 040f 00       		.byte	0
 1065 0410 00       		.byte	0
 1066 0411 00       		.byte	0
 1067 0412 00       		.byte	0
 1068 0413 00       		.byte	0
 1069 0414 00       		.byte	0
 1070 0415 00       		.byte	0
 1071 0416 00       		.byte	0
 1072 0417 00       		.byte	0
 1073 0418 00       		.byte	0
 1074 0419 00       		.byte	0
 1075 041a 00       		.byte	0
 1076 041b 00       		.byte	0
 1077 041c 00       		.byte	0
 1078 041d 00       		.byte	0
 1079 041e 02       		.byte	2
 1080 041f 00       		.byte	0
 1081 0420 00       		.byte	0
 1082 0421 00       		.byte	0
 1083 0422 00       		.byte	0
ARM GAS  C:\Users\Joe\AppData\Local\Temp\cci1jnwN.s 			page 20


 1084 0423 00       		.byte	0
 1085 0424 00       		.byte	0
 1086 0425 00       		.byte	0
 1087 0426 00       		.byte	0
 1088 0427 00       		.byte	0
 1089 0428 00       		.byte	0
 1090 0429 00       		.byte	0
 1091 042a 00       		.byte	0
 1092 042b 00       		.byte	0
 1093 042c 00       		.byte	0
 1094 042d 00       		.byte	0
 1095 042e 00       		.byte	0
 1096 042f 00       		.byte	0
 1097 0430 00       		.byte	0
 1098 0431 00       		.byte	0
 1099 0432 00       		.byte	0
 1100 0433 00       		.byte	0
 1101 0434 00       		.byte	0
 1102 0435 00       		.byte	0
 1103 0436 00       		.byte	0
 1104 0437 00       		.byte	0
 1105 0438 00       		.byte	0
 1106 0439 00       		.byte	0
 1107 043a 00       		.byte	0
 1108 043b 00       		.byte	0
 1109 043c 00       		.byte	0
 1110 043d 00       		.byte	0
 1111 043e 20       		.byte	32
 1112 043f 00       		.byte	0
 1113 0440 00       		.byte	0
 1114 0441 00       		.byte	0
 1115 0442 00       		.byte	0
 1116 0443 00       		.byte	0
 1117 0444 00       		.byte	0
 1118 0445 00       		.byte	0
 1119 0446 00       		.byte	0
 1120 0447 00       		.byte	0
 1121 0448 00       		.byte	0
 1122 0449 00       		.byte	0
 1123 044a 00       		.byte	0
 1124 044b 00       		.byte	0
 1125 044c 00       		.byte	0
 1126 044d 00       		.byte	0
 1127 044e 00       		.byte	0
 1128 044f 00       		.byte	0
 1129 0450 00       		.byte	0
 1130 0451 00       		.byte	0
 1131 0452 00       		.byte	0
 1132 0453 00       		.byte	0
 1133 0454 00       		.byte	0
 1134 0455 00       		.byte	0
 1135 0456 00       		.byte	0
 1136 0457 00       		.byte	0
 1137 0458 00       		.byte	0
 1138 0459 00       		.byte	0
 1139 045a 00       		.byte	0
 1140 045b 00       		.byte	0
ARM GAS  C:\Users\Joe\AppData\Local\Temp\cci1jnwN.s 			page 21


 1141 045c 00       		.byte	0
 1142 045d 00       		.byte	0
 1143 045e 20       		.byte	32
 1144 045f 00       		.byte	0
 1145 0460 00       		.byte	0
 1146 0461 00       		.byte	0
 1147 0462 00       		.byte	0
 1148 0463 00       		.byte	0
 1149 0464 00       		.byte	0
 1150 0465 00       		.byte	0
 1151 0466 00       		.byte	0
 1152 0467 00       		.byte	0
 1153 0468 00       		.byte	0
 1154 0469 00       		.byte	0
 1155 046a 00       		.byte	0
 1156 046b 00       		.byte	0
 1157 046c 00       		.byte	0
 1158 046d 00       		.byte	0
 1159 046e 00       		.byte	0
 1160 046f 00       		.byte	0
 1161 0470 00       		.byte	0
 1162 0471 00       		.byte	0
 1163 0472 00       		.byte	0
 1164 0473 00       		.byte	0
 1165 0474 00       		.byte	0
 1166 0475 00       		.byte	0
 1167 0476 00       		.byte	0
 1168 0477 00       		.byte	0
 1169 0478 00       		.byte	0
 1170 0479 00       		.byte	0
 1171 047a 00       		.byte	0
 1172 047b 00       		.byte	0
 1173 047c 00       		.byte	0
 1174 047d 00       		.byte	0
 1175 047e 00       		.byte	0
 1176 047f 00       		.byte	0
 1177 0480 00       		.byte	0
 1178 0481 00       		.byte	0
 1179 0482 00       		.byte	0
 1180 0483 00       		.byte	0
 1181 0484 00       		.byte	0
 1182 0485 00       		.byte	0
 1183 0486 00       		.byte	0
 1184 0487 00       		.byte	0
 1185 0488 00       		.byte	0
 1186 0489 00       		.byte	0
 1187 048a 00       		.byte	0
 1188 048b 00       		.byte	0
 1189 048c 00       		.byte	0
 1190 048d 00       		.byte	0
 1191 048e 00       		.byte	0
 1192 048f 00       		.byte	0
 1193 0490 00       		.byte	0
 1194 0491 00       		.byte	0
 1195 0492 00       		.byte	0
 1196 0493 00       		.byte	0
 1197 0494 00       		.byte	0
ARM GAS  C:\Users\Joe\AppData\Local\Temp\cci1jnwN.s 			page 22


 1198 0495 00       		.byte	0
 1199 0496 00       		.byte	0
 1200 0497 00       		.byte	0
 1201 0498 00       		.byte	0
 1202 0499 00       		.byte	0
 1203 049a 00       		.byte	0
 1204 049b 00       		.byte	0
 1205 049c 00       		.byte	0
 1206 049d 00       		.byte	0
 1207 049e 40       		.byte	64
 1208 049f 00       		.byte	0
 1209 04a0 00       		.byte	0
 1210 04a1 00       		.byte	0
 1211 04a2 00       		.byte	0
 1212 04a3 00       		.byte	0
 1213 04a4 00       		.byte	0
 1214 04a5 00       		.byte	0
 1215 04a6 00       		.byte	0
 1216 04a7 00       		.byte	0
 1217 04a8 00       		.byte	0
 1218 04a9 00       		.byte	0
 1219 04aa 00       		.byte	0
 1220 04ab 00       		.byte	0
 1221 04ac 00       		.byte	0
 1222 04ad 00       		.byte	0
 1223 04ae 00       		.byte	0
 1224 04af 00       		.byte	0
 1225 04b0 00       		.byte	0
 1226 04b1 00       		.byte	0
 1227 04b2 00       		.byte	0
 1228 04b3 00       		.byte	0
 1229 04b4 00       		.byte	0
 1230 04b5 00       		.byte	0
 1231 04b6 00       		.byte	0
 1232 04b7 00       		.byte	0
 1233 04b8 00       		.byte	0
 1234 04b9 00       		.byte	0
 1235 04ba 00       		.byte	0
 1236 04bb 00       		.byte	0
 1237 04bc 00       		.byte	0
 1238 04bd 00       		.byte	0
 1239 04be 00       		.byte	0
 1240 04bf 00       		.byte	0
 1241 04c0 00       		.byte	0
 1242 04c1 00       		.byte	0
 1243 04c2 00       		.byte	0
 1244 04c3 00       		.byte	0
 1245 04c4 00       		.byte	0
 1246 04c5 00       		.byte	0
 1247 04c6 00       		.byte	0
 1248 04c7 00       		.byte	0
 1249 04c8 00       		.byte	0
 1250 04c9 00       		.byte	0
 1251 04ca 00       		.byte	0
 1252 04cb 00       		.byte	0
 1253 04cc 00       		.byte	0
 1254 04cd 00       		.byte	0
ARM GAS  C:\Users\Joe\AppData\Local\Temp\cci1jnwN.s 			page 23


 1255 04ce 00       		.byte	0
 1256 04cf 00       		.byte	0
 1257 04d0 00       		.byte	0
 1258 04d1 00       		.byte	0
 1259 04d2 00       		.byte	0
 1260 04d3 00       		.byte	0
 1261 04d4 00       		.byte	0
 1262 04d5 00       		.byte	0
 1263 04d6 00       		.byte	0
 1264 04d7 00       		.byte	0
 1265 04d8 00       		.byte	0
 1266 04d9 00       		.byte	0
 1267 04da 00       		.byte	0
 1268 04db 00       		.byte	0
 1269 04dc 00       		.byte	0
 1270 04dd 00       		.byte	0
 1271 04de 00       		.byte	0
 1272 04df 00       		.byte	0
 1273 04e0 00       		.byte	0
 1274 04e1 00       		.byte	0
 1275 04e2 00       		.byte	0
 1276 04e3 00       		.byte	0
 1277 04e4 00       		.byte	0
 1278 04e5 00       		.byte	0
 1279 04e6 00       		.byte	0
 1280 04e7 00       		.byte	0
 1281 04e8 00       		.byte	0
 1282 04e9 00       		.byte	0
 1283 04ea 20       		.byte	32
 1284 04eb 00       		.byte	0
 1285 04ec 00       		.byte	0
 1286 04ed 00       		.byte	0
 1287 04ee 00       		.byte	0
 1288 04ef 00       		.byte	0
 1289 04f0 00       		.byte	0
 1290 04f1 00       		.byte	0
 1291 04f2 00       		.byte	0
 1292 04f3 00       		.byte	0
 1293 04f4 00       		.byte	0
 1294 04f5 00       		.byte	0
 1295 04f6 00       		.byte	0
 1296 04f7 00       		.byte	0
 1297 04f8 00       		.byte	0
 1298 04f9 00       		.byte	0
 1299 04fa 00       		.byte	0
 1300 04fb 00       		.byte	0
 1301 04fc 00       		.byte	0
 1302 04fd 00       		.byte	0
 1303 04fe 00       		.byte	0
 1304 04ff 00       		.byte	0
 1305 0500 00       		.byte	0
 1306 0501 00       		.byte	0
 1307 0502 00       		.byte	0
 1308 0503 00       		.byte	0
 1309 0504 00       		.byte	0
 1310 0505 00       		.byte	0
 1311 0506 00       		.byte	0
ARM GAS  C:\Users\Joe\AppData\Local\Temp\cci1jnwN.s 			page 24


 1312 0507 00       		.byte	0
 1313 0508 00       		.byte	0
 1314 0509 00       		.byte	0
 1315 050a 00       		.byte	0
 1316 050b 00       		.byte	0
 1317 050c 00       		.byte	0
 1318 050d 00       		.byte	0
 1319 050e 00       		.byte	0
 1320 050f 00       		.byte	0
 1321 0510 00       		.byte	0
 1322 0511 00       		.byte	0
 1323 0512 00       		.byte	0
 1324 0513 00       		.byte	0
 1325 0514 00       		.byte	0
 1326 0515 00       		.byte	0
 1327 0516 00       		.byte	0
 1328 0517 00       		.byte	0
 1329 0518 00       		.byte	0
 1330 0519 00       		.byte	0
 1331 051a 00       		.byte	0
 1332 051b 00       		.byte	0
 1333 051c 00       		.byte	0
 1334 051d 00       		.byte	0
 1335 051e 00       		.byte	0
 1336 051f 00       		.byte	0
 1337 0520 00       		.byte	0
 1338 0521 00       		.byte	0
 1339 0522 00       		.byte	0
 1340 0523 00       		.byte	0
 1341 0524 00       		.byte	0
 1342 0525 00       		.byte	0
 1343 0526 00       		.byte	0
 1344 0527 00       		.byte	0
 1345 0528 00       		.byte	0
 1346 0529 00       		.byte	0
 1347 052a 00       		.byte	0
 1348 052b 00       		.byte	0
 1349 052c 00       		.byte	0
 1350 052d 00       		.byte	0
 1351 052e 00       		.byte	0
 1352 052f 00       		.byte	0
 1353 0530 00       		.byte	0
 1354 0531 00       		.byte	0
 1355 0532 00       		.byte	0
 1356 0533 00       		.byte	0
 1357 0534 00       		.byte	0
 1358 0535 00       		.byte	0
 1359 0536 00       		.byte	0
 1360 0537 00       		.byte	0
 1361 0538 00       		.byte	0
 1362 0539 00       		.byte	0
 1363 053a 00       		.byte	0
 1364 053b 00       		.byte	0
 1365 053c 00       		.byte	0
 1366 053d 00       		.byte	0
 1367 053e 00       		.byte	0
 1368 053f 00       		.byte	0
ARM GAS  C:\Users\Joe\AppData\Local\Temp\cci1jnwN.s 			page 25


 1369 0540 00       		.byte	0
 1370 0541 00       		.byte	0
 1371 0542 00       		.byte	0
 1372 0543 00       		.byte	0
 1373 0544 00       		.byte	0
 1374 0545 00       		.byte	0
 1375 0546 00       		.byte	0
 1376 0547 00       		.byte	0
 1377 0548 00       		.byte	0
 1378 0549 00       		.byte	0
 1379 054a 00       		.byte	0
 1380 054b 00       		.byte	0
 1381 054c 00       		.byte	0
 1382 054d 00       		.byte	0
 1383 054e 00       		.byte	0
 1384 054f 00       		.byte	0
 1385 0550 00       		.byte	0
 1386 0551 00       		.byte	0
 1387 0552 00       		.byte	0
 1388 0553 00       		.byte	0
 1389 0554 00       		.byte	0
 1390 0555 00       		.byte	0
 1391 0556 00       		.byte	0
 1392 0557 00       		.byte	0
 1393 0558 00       		.byte	0
 1394 0559 00       		.byte	0
 1395 055a 00       		.byte	0
 1396 055b 00       		.byte	0
 1397 055c 00       		.byte	0
 1398 055d 00       		.byte	0
 1399 055e 00       		.byte	0
 1400 055f 00       		.byte	0
 1401 0560 00       		.byte	0
 1402 0561 00       		.byte	0
 1403 0562 00       		.byte	0
 1404 0563 00       		.byte	0
 1405 0564 00       		.byte	0
 1406 0565 00       		.byte	0
 1407 0566 00       		.byte	0
 1408 0567 00       		.byte	0
 1409 0568 00       		.byte	0
 1410 0569 00       		.byte	0
 1411 056a 00       		.byte	0
 1412 056b 00       		.byte	0
 1413 056c 00       		.byte	0
 1414 056d 00       		.byte	0
 1415 056e 00       		.byte	0
 1416 056f 00       		.byte	0
 1417 0570 00       		.byte	0
 1418 0571 00       		.byte	0
 1419 0572 00       		.byte	0
 1420 0573 00       		.byte	0
 1421 0574 00       		.byte	0
 1422 0575 00       		.byte	0
 1423 0576 00       		.byte	0
 1424 0577 00       		.byte	0
 1425 0578 00       		.byte	0
ARM GAS  C:\Users\Joe\AppData\Local\Temp\cci1jnwN.s 			page 26


 1426 0579 00       		.byte	0
 1427 057a 00       		.byte	0
 1428 057b 00       		.byte	0
 1429 057c 00       		.byte	0
 1430 057d 00       		.byte	0
 1431 057e 00       		.byte	0
 1432 057f 00       		.byte	0
 1433 0580 00       		.byte	0
 1434 0581 00       		.byte	0
 1435 0582 00       		.byte	0
 1436 0583 00       		.byte	0
 1437 0584 10       		.byte	16
 1438 0585 00       		.byte	0
 1439 0586 00       		.byte	0
 1440 0587 00       		.byte	0
 1441 0588 00       		.byte	0
 1442 0589 00       		.byte	0
 1443 058a 00       		.byte	0
 1444 058b 00       		.byte	0
 1445 058c 00       		.byte	0
 1446 058d 00       		.byte	0
 1447 058e 00       		.byte	0
 1448 058f 00       		.byte	0
 1449 0590 00       		.byte	0
 1450 0591 00       		.byte	0
 1451 0592 00       		.byte	0
 1452 0593 00       		.byte	0
 1453 0594 00       		.byte	0
 1454 0595 00       		.byte	0
 1455 0596 00       		.byte	0
 1456 0597 00       		.byte	0
 1457 0598 00       		.byte	0
 1458 0599 00       		.byte	0
 1459 059a 00       		.byte	0
 1460 059b 00       		.byte	0
 1461 059c 00       		.byte	0
 1462 059d 00       		.byte	0
 1463 059e 00       		.byte	0
 1464 059f 00       		.byte	0
 1465 05a0 00       		.byte	0
 1466 05a1 00       		.byte	0
 1467 05a2 00       		.byte	0
 1468 05a3 00       		.byte	0
 1469 05a4 00       		.byte	0
 1470 05a5 00       		.byte	0
 1471 05a6 00       		.byte	0
 1472 05a7 00       		.byte	0
 1473 05a8 00       		.byte	0
 1474 05a9 00       		.byte	0
 1475 05aa 00       		.byte	0
 1476 05ab 00       		.byte	0
 1477 05ac 00       		.byte	0
 1478 05ad 00       		.byte	0
 1479 05ae 00       		.byte	0
 1480 05af 00       		.byte	0
 1481 05b0 00       		.byte	0
 1482 05b1 00       		.byte	0
ARM GAS  C:\Users\Joe\AppData\Local\Temp\cci1jnwN.s 			page 27


 1483 05b2 00       		.byte	0
 1484 05b3 00       		.byte	0
 1485 05b4 00       		.byte	0
 1486 05b5 00       		.byte	0
 1487 05b6 00       		.byte	0
 1488 05b7 00       		.byte	0
 1489 05b8 00       		.byte	0
 1490 05b9 0B       		.byte	11
 1491 05ba 0B       		.byte	11
 1492 05bb 00       		.byte	0
 1493 05bc 00       		.byte	0
 1494 05bd 00       		.byte	0
 1495 05be 00       		.byte	0
 1496 05bf 00       		.byte	0
 1497 05c0 00       		.byte	0
 1498 05c1 02       		.byte	2
 1499 05c2 02       		.byte	2
 1500 05c3 02       		.byte	2
 1501 05c4 00       		.byte	0
 1502 05c5 00       		.byte	0
 1503 05c6 00       		.byte	0
 1504 05c7 00       		.byte	0
 1505              		.global	cy_meta_custnvl
 1506              		.section	.cycustnvl,"a",%progbits
 1507              		.align	2
 1508              		.type	cy_meta_custnvl, %object
 1509              		.size	cy_meta_custnvl, 4
 1510              	cy_meta_custnvl:
 1511 0000 00       		.byte	0
 1512 0001 00       		.byte	0
 1513 0002 40       		.byte	64
 1514 0003 05       		.byte	5
 1515              		.global	cy_meta_wonvl
 1516              		.section	.cywolatch,"a",%progbits
 1517              		.align	2
 1518              		.type	cy_meta_wonvl, %object
 1519              		.size	cy_meta_wonvl, 4
 1520              	cy_meta_wonvl:
 1521 0000 BC       		.byte	-68
 1522 0001 90       		.byte	-112
 1523 0002 AC       		.byte	-84
 1524 0003 AF       		.byte	-81
 1525              		.global	cy_meta_flashprotect
 1526              		.section	.cyflashprotect,"a",%progbits
 1527              		.align	2
 1528              		.type	cy_meta_flashprotect, %object
 1529              		.size	cy_meta_flashprotect, 256
 1530              	cy_meta_flashprotect:
 1531 0000 00000000 		.space	256
 1531      00000000 
 1531      00000000 
 1531      00000000 
 1531      00000000 
 1532              		.global	cy_metadata
 1533              		.section	.cymeta,"a",%progbits
 1534              		.align	2
 1535              		.type	cy_metadata, %object
ARM GAS  C:\Users\Joe\AppData\Local\Temp\cci1jnwN.s 			page 28


 1536              		.size	cy_metadata, 12
 1537              	cy_metadata:
 1538 0000 00       		.byte	0
 1539 0001 01       		.byte	1
 1540 0002 2E       		.byte	46
 1541 0003 16       		.byte	22
 1542 0004 10       		.byte	16
 1543 0005 69       		.byte	105
 1544 0006 00       		.byte	0
 1545 0007 01       		.byte	1
 1546 0008 00       		.byte	0
 1547 0009 00       		.byte	0
 1548 000a 00       		.byte	0
 1549 000b 00       		.byte	0
 1550              		.text
 1551              	.Letext0:
 1552              		.file 1 "c:\\program files (x86)\\cypress\\psoc creator\\4.2\\psoc creator\\import\\gnu\\arm\\5.4.
 1553              		.file 2 "c:\\program files (x86)\\cypress\\psoc creator\\4.2\\psoc creator\\import\\gnu\\arm\\5.4.
 1554              		.file 3 "Generated_Source\\PSoC5\\cymetadata.c"
 1555              		.section	.debug_info,"",%progbits
 1556              	.Ldebug_info0:
 1557 0000 33010000 		.4byte	0x133
 1558 0004 0400     		.2byte	0x4
 1559 0006 00000000 		.4byte	.Ldebug_abbrev0
 1560 000a 04       		.byte	0x4
 1561 000b 01       		.uleb128 0x1
 1562 000c 0A000000 		.4byte	.LASF17
 1563 0010 0C       		.byte	0xc
 1564 0011 F2010000 		.4byte	.LASF18
 1565 0015 7E010000 		.4byte	.LASF19
 1566 0019 00000000 		.4byte	.Ldebug_line0
 1567 001d 02       		.uleb128 0x2
 1568 001e 01       		.byte	0x1
 1569 001f 06       		.byte	0x6
 1570 0020 A4000000 		.4byte	.LASF0
 1571 0024 03       		.uleb128 0x3
 1572 0025 00000000 		.4byte	.LASF9
 1573 0029 01       		.byte	0x1
 1574 002a 1D       		.byte	0x1d
 1575 002b 2F000000 		.4byte	0x2f
 1576 002f 02       		.uleb128 0x2
 1577 0030 01       		.byte	0x1
 1578 0031 08       		.byte	0x8
 1579 0032 B0000000 		.4byte	.LASF1
 1580 0036 02       		.uleb128 0x2
 1581 0037 02       		.byte	0x2
 1582 0038 05       		.byte	0x5
 1583 0039 6B010000 		.4byte	.LASF2
 1584 003d 02       		.uleb128 0x2
 1585 003e 02       		.byte	0x2
 1586 003f 07       		.byte	0x7
 1587 0040 D0000000 		.4byte	.LASF3
 1588 0044 02       		.uleb128 0x2
 1589 0045 04       		.byte	0x4
 1590 0046 05       		.byte	0x5
 1591 0047 75010000 		.4byte	.LASF4
 1592 004b 02       		.uleb128 0x2
ARM GAS  C:\Users\Joe\AppData\Local\Temp\cci1jnwN.s 			page 29


 1593 004c 04       		.byte	0x4
 1594 004d 07       		.byte	0x7
 1595 004e BE000000 		.4byte	.LASF5
 1596 0052 02       		.uleb128 0x2
 1597 0053 08       		.byte	0x8
 1598 0054 05       		.byte	0x5
 1599 0055 5D010000 		.4byte	.LASF6
 1600 0059 02       		.uleb128 0x2
 1601 005a 08       		.byte	0x8
 1602 005b 07       		.byte	0x7
 1603 005c 12010000 		.4byte	.LASF7
 1604 0060 04       		.uleb128 0x4
 1605 0061 04       		.byte	0x4
 1606 0062 05       		.byte	0x5
 1607 0063 696E7400 		.ascii	"int\000"
 1608 0067 02       		.uleb128 0x2
 1609 0068 04       		.byte	0x4
 1610 0069 07       		.byte	0x7
 1611 006a 05010000 		.4byte	.LASF8
 1612 006e 03       		.uleb128 0x3
 1613 006f 29010000 		.4byte	.LASF10
 1614 0073 02       		.byte	0x2
 1615 0074 18       		.byte	0x18
 1616 0075 24000000 		.4byte	0x24
 1617 0079 05       		.uleb128 0x5
 1618 007a 91000000 		.4byte	0x91
 1619 007e 8A000000 		.4byte	0x8a
 1620 0082 06       		.uleb128 0x6
 1621 0083 8A000000 		.4byte	0x8a
 1622 0087 C705     		.2byte	0x5c7
 1623 0089 00       		.byte	0
 1624 008a 02       		.uleb128 0x2
 1625 008b 04       		.byte	0x4
 1626 008c 07       		.byte	0x7
 1627 008d 54010000 		.4byte	.LASF11
 1628 0091 07       		.uleb128 0x7
 1629 0092 6E000000 		.4byte	0x6e
 1630 0096 08       		.uleb128 0x8
 1631 0097 F3000000 		.4byte	.LASF12
 1632 009b 03       		.byte	0x3
 1633 009c 1F       		.byte	0x1f
 1634 009d A7000000 		.4byte	0xa7
 1635 00a1 05       		.uleb128 0x5
 1636 00a2 03       		.byte	0x3
 1637 00a3 00000000 		.4byte	cy_meta_configecc
 1638 00a7 07       		.uleb128 0x7
 1639 00a8 79000000 		.4byte	0x79
 1640 00ac 05       		.uleb128 0x5
 1641 00ad 91000000 		.4byte	0x91
 1642 00b1 BC000000 		.4byte	0xbc
 1643 00b5 09       		.uleb128 0x9
 1644 00b6 8A000000 		.4byte	0x8a
 1645 00ba 03       		.byte	0x3
 1646 00bb 00       		.byte	0
 1647 00bc 08       		.uleb128 0x8
 1648 00bd E3000000 		.4byte	.LASF13
 1649 00c1 03       		.byte	0x3
ARM GAS  C:\Users\Joe\AppData\Local\Temp\cci1jnwN.s 			page 30


 1650 00c2 E5       		.byte	0xe5
 1651 00c3 CD000000 		.4byte	0xcd
 1652 00c7 05       		.uleb128 0x5
 1653 00c8 03       		.byte	0x3
 1654 00c9 00000000 		.4byte	cy_meta_custnvl
 1655 00cd 07       		.uleb128 0x7
 1656 00ce AC000000 		.4byte	0xac
 1657 00d2 08       		.uleb128 0x8
 1658 00d3 46010000 		.4byte	.LASF14
 1659 00d7 03       		.byte	0x3
 1660 00d8 F3       		.byte	0xf3
 1661 00d9 E3000000 		.4byte	0xe3
 1662 00dd 05       		.uleb128 0x5
 1663 00de 03       		.byte	0x3
 1664 00df 00000000 		.4byte	cy_meta_wonvl
 1665 00e3 07       		.uleb128 0x7
 1666 00e4 AC000000 		.4byte	0xac
 1667 00e8 05       		.uleb128 0x5
 1668 00e9 91000000 		.4byte	0x91
 1669 00ed F8000000 		.4byte	0xf8
 1670 00f1 09       		.uleb128 0x9
 1671 00f2 8A000000 		.4byte	0x8a
 1672 00f6 FF       		.byte	0xff
 1673 00f7 00       		.byte	0
 1674 00f8 0A       		.uleb128 0xa
 1675 00f9 31010000 		.4byte	.LASF15
 1676 00fd 03       		.byte	0x3
 1677 00fe 0101     		.2byte	0x101
 1678 0100 0A010000 		.4byte	0x10a
 1679 0104 05       		.uleb128 0x5
 1680 0105 03       		.byte	0x3
 1681 0106 00000000 		.4byte	cy_meta_flashprotect
 1682 010a 07       		.uleb128 0x7
 1683 010b E8000000 		.4byte	0xe8
 1684 010f 05       		.uleb128 0x5
 1685 0110 91000000 		.4byte	0x91
 1686 0114 1F010000 		.4byte	0x11f
 1687 0118 09       		.uleb128 0x9
 1688 0119 8A000000 		.4byte	0x8a
 1689 011d 0B       		.byte	0xb
 1690 011e 00       		.byte	0
 1691 011f 0A       		.uleb128 0xa
 1692 0120 98000000 		.4byte	.LASF16
 1693 0124 03       		.byte	0x3
 1694 0125 2E01     		.2byte	0x12e
 1695 0127 31010000 		.4byte	0x131
 1696 012b 05       		.uleb128 0x5
 1697 012c 03       		.byte	0x3
 1698 012d 00000000 		.4byte	cy_metadata
 1699 0131 07       		.uleb128 0x7
 1700 0132 0F010000 		.4byte	0x10f
 1701 0136 00       		.byte	0
 1702              		.section	.debug_abbrev,"",%progbits
 1703              	.Ldebug_abbrev0:
 1704 0000 01       		.uleb128 0x1
 1705 0001 11       		.uleb128 0x11
 1706 0002 01       		.byte	0x1
ARM GAS  C:\Users\Joe\AppData\Local\Temp\cci1jnwN.s 			page 31


 1707 0003 25       		.uleb128 0x25
 1708 0004 0E       		.uleb128 0xe
 1709 0005 13       		.uleb128 0x13
 1710 0006 0B       		.uleb128 0xb
 1711 0007 03       		.uleb128 0x3
 1712 0008 0E       		.uleb128 0xe
 1713 0009 1B       		.uleb128 0x1b
 1714 000a 0E       		.uleb128 0xe
 1715 000b 10       		.uleb128 0x10
 1716 000c 17       		.uleb128 0x17
 1717 000d 00       		.byte	0
 1718 000e 00       		.byte	0
 1719 000f 02       		.uleb128 0x2
 1720 0010 24       		.uleb128 0x24
 1721 0011 00       		.byte	0
 1722 0012 0B       		.uleb128 0xb
 1723 0013 0B       		.uleb128 0xb
 1724 0014 3E       		.uleb128 0x3e
 1725 0015 0B       		.uleb128 0xb
 1726 0016 03       		.uleb128 0x3
 1727 0017 0E       		.uleb128 0xe
 1728 0018 00       		.byte	0
 1729 0019 00       		.byte	0
 1730 001a 03       		.uleb128 0x3
 1731 001b 16       		.uleb128 0x16
 1732 001c 00       		.byte	0
 1733 001d 03       		.uleb128 0x3
 1734 001e 0E       		.uleb128 0xe
 1735 001f 3A       		.uleb128 0x3a
 1736 0020 0B       		.uleb128 0xb
 1737 0021 3B       		.uleb128 0x3b
 1738 0022 0B       		.uleb128 0xb
 1739 0023 49       		.uleb128 0x49
 1740 0024 13       		.uleb128 0x13
 1741 0025 00       		.byte	0
 1742 0026 00       		.byte	0
 1743 0027 04       		.uleb128 0x4
 1744 0028 24       		.uleb128 0x24
 1745 0029 00       		.byte	0
 1746 002a 0B       		.uleb128 0xb
 1747 002b 0B       		.uleb128 0xb
 1748 002c 3E       		.uleb128 0x3e
 1749 002d 0B       		.uleb128 0xb
 1750 002e 03       		.uleb128 0x3
 1751 002f 08       		.uleb128 0x8
 1752 0030 00       		.byte	0
 1753 0031 00       		.byte	0
 1754 0032 05       		.uleb128 0x5
 1755 0033 01       		.uleb128 0x1
 1756 0034 01       		.byte	0x1
 1757 0035 49       		.uleb128 0x49
 1758 0036 13       		.uleb128 0x13
 1759 0037 01       		.uleb128 0x1
 1760 0038 13       		.uleb128 0x13
 1761 0039 00       		.byte	0
 1762 003a 00       		.byte	0
 1763 003b 06       		.uleb128 0x6
ARM GAS  C:\Users\Joe\AppData\Local\Temp\cci1jnwN.s 			page 32


 1764 003c 21       		.uleb128 0x21
 1765 003d 00       		.byte	0
 1766 003e 49       		.uleb128 0x49
 1767 003f 13       		.uleb128 0x13
 1768 0040 2F       		.uleb128 0x2f
 1769 0041 05       		.uleb128 0x5
 1770 0042 00       		.byte	0
 1771 0043 00       		.byte	0
 1772 0044 07       		.uleb128 0x7
 1773 0045 26       		.uleb128 0x26
 1774 0046 00       		.byte	0
 1775 0047 49       		.uleb128 0x49
 1776 0048 13       		.uleb128 0x13
 1777 0049 00       		.byte	0
 1778 004a 00       		.byte	0
 1779 004b 08       		.uleb128 0x8
 1780 004c 34       		.uleb128 0x34
 1781 004d 00       		.byte	0
 1782 004e 03       		.uleb128 0x3
 1783 004f 0E       		.uleb128 0xe
 1784 0050 3A       		.uleb128 0x3a
 1785 0051 0B       		.uleb128 0xb
 1786 0052 3B       		.uleb128 0x3b
 1787 0053 0B       		.uleb128 0xb
 1788 0054 49       		.uleb128 0x49
 1789 0055 13       		.uleb128 0x13
 1790 0056 3F       		.uleb128 0x3f
 1791 0057 19       		.uleb128 0x19
 1792 0058 02       		.uleb128 0x2
 1793 0059 18       		.uleb128 0x18
 1794 005a 00       		.byte	0
 1795 005b 00       		.byte	0
 1796 005c 09       		.uleb128 0x9
 1797 005d 21       		.uleb128 0x21
 1798 005e 00       		.byte	0
 1799 005f 49       		.uleb128 0x49
 1800 0060 13       		.uleb128 0x13
 1801 0061 2F       		.uleb128 0x2f
 1802 0062 0B       		.uleb128 0xb
 1803 0063 00       		.byte	0
 1804 0064 00       		.byte	0
 1805 0065 0A       		.uleb128 0xa
 1806 0066 34       		.uleb128 0x34
 1807 0067 00       		.byte	0
 1808 0068 03       		.uleb128 0x3
 1809 0069 0E       		.uleb128 0xe
 1810 006a 3A       		.uleb128 0x3a
 1811 006b 0B       		.uleb128 0xb
 1812 006c 3B       		.uleb128 0x3b
 1813 006d 05       		.uleb128 0x5
 1814 006e 49       		.uleb128 0x49
 1815 006f 13       		.uleb128 0x13
 1816 0070 3F       		.uleb128 0x3f
 1817 0071 19       		.uleb128 0x19
 1818 0072 02       		.uleb128 0x2
 1819 0073 18       		.uleb128 0x18
 1820 0074 00       		.byte	0
ARM GAS  C:\Users\Joe\AppData\Local\Temp\cci1jnwN.s 			page 33


 1821 0075 00       		.byte	0
 1822 0076 00       		.byte	0
 1823              		.section	.debug_aranges,"",%progbits
 1824 0000 14000000 		.4byte	0x14
 1825 0004 0200     		.2byte	0x2
 1826 0006 00000000 		.4byte	.Ldebug_info0
 1827 000a 04       		.byte	0x4
 1828 000b 00       		.byte	0
 1829 000c 0000     		.2byte	0
 1830 000e 0000     		.2byte	0
 1831 0010 00000000 		.4byte	0
 1832 0014 00000000 		.4byte	0
 1833              		.section	.debug_line,"",%progbits
 1834              	.Ldebug_line0:
 1835 0000 3D010000 		.section	.debug_str,"MS",%progbits,1
 1835      02003701 
 1835      00000201 
 1835      FB0E0D00 
 1835      01010101 
 1836              	.LASF9:
 1837 0000 5F5F7569 		.ascii	"__uint8_t\000"
 1837      6E74385F 
 1837      7400
 1838              	.LASF17:
 1839 000a 474E5520 		.ascii	"GNU C11 5.4.1 20160609 (release) [ARM/embedded-5-br"
 1839      43313120 
 1839      352E342E 
 1839      31203230 
 1839      31363036 
 1840 003d 616E6368 		.ascii	"anch revision 237715] -mcpu=cortex-m3 -mthumb -g -O"
 1840      20726576 
 1840      6973696F 
 1840      6E203233 
 1840      37373135 
 1841 0070 30202D66 		.ascii	"0 -ffunction-sections -ffat-lto-objects\000"
 1841      66756E63 
 1841      74696F6E 
 1841      2D736563 
 1841      74696F6E 
 1842              	.LASF16:
 1843 0098 63795F6D 		.ascii	"cy_metadata\000"
 1843      65746164 
 1843      61746100 
 1844              	.LASF0:
 1845 00a4 7369676E 		.ascii	"signed char\000"
 1845      65642063 
 1845      68617200 
 1846              	.LASF1:
 1847 00b0 756E7369 		.ascii	"unsigned char\000"
 1847      676E6564 
 1847      20636861 
 1847      7200
 1848              	.LASF5:
 1849 00be 6C6F6E67 		.ascii	"long unsigned int\000"
 1849      20756E73 
 1849      69676E65 
 1849      6420696E 
ARM GAS  C:\Users\Joe\AppData\Local\Temp\cci1jnwN.s 			page 34


 1849      7400
 1850              	.LASF3:
 1851 00d0 73686F72 		.ascii	"short unsigned int\000"
 1851      7420756E 
 1851      7369676E 
 1851      65642069 
 1851      6E7400
 1852              	.LASF13:
 1853 00e3 63795F6D 		.ascii	"cy_meta_custnvl\000"
 1853      6574615F 
 1853      63757374 
 1853      6E766C00 
 1854              	.LASF12:
 1855 00f3 63795F6D 		.ascii	"cy_meta_configecc\000"
 1855      6574615F 
 1855      636F6E66 
 1855      69676563 
 1855      6300
 1856              	.LASF8:
 1857 0105 756E7369 		.ascii	"unsigned int\000"
 1857      676E6564 
 1857      20696E74 
 1857      00
 1858              	.LASF7:
 1859 0112 6C6F6E67 		.ascii	"long long unsigned int\000"
 1859      206C6F6E 
 1859      6720756E 
 1859      7369676E 
 1859      65642069 
 1860              	.LASF10:
 1861 0129 75696E74 		.ascii	"uint8_t\000"
 1861      385F7400 
 1862              	.LASF15:
 1863 0131 63795F6D 		.ascii	"cy_meta_flashprotect\000"
 1863      6574615F 
 1863      666C6173 
 1863      6870726F 
 1863      74656374 
 1864              	.LASF14:
 1865 0146 63795F6D 		.ascii	"cy_meta_wonvl\000"
 1865      6574615F 
 1865      776F6E76 
 1865      6C00
 1866              	.LASF11:
 1867 0154 73697A65 		.ascii	"sizetype\000"
 1867      74797065 
 1867      00
 1868              	.LASF6:
 1869 015d 6C6F6E67 		.ascii	"long long int\000"
 1869      206C6F6E 
 1869      6720696E 
 1869      7400
 1870              	.LASF2:
 1871 016b 73686F72 		.ascii	"short int\000"
 1871      7420696E 
 1871      7400
 1872              	.LASF4:
ARM GAS  C:\Users\Joe\AppData\Local\Temp\cci1jnwN.s 			page 35


 1873 0175 6C6F6E67 		.ascii	"long int\000"
 1873      20696E74 
 1873      00
 1874              	.LASF19:
 1875 017e 443A5C44 		.ascii	"D:\\Documents\\DPEA_Projects\\RpiMIB\\InteruptTimer"
 1875      6F63756D 
 1875      656E7473 
 1875      5C445045 
 1875      415F5072 
 1876 01ad 5C434531 		.ascii	"\\CE195352_PSoC_5LP_Blinking_LED\\CE195352_PSoC_5LP"
 1876      39353335 
 1876      325F5053 
 1876      6F435F35 
 1876      4C505F42 
 1877 01de 5F426C69 		.ascii	"_Blinking_LED.cydsn\000"
 1877      6E6B696E 
 1877      675F4C45 
 1877      442E6379 
 1877      64736E00 
 1878              	.LASF18:
 1879 01f2 47656E65 		.ascii	"Generated_Source\\PSoC5\\cymetadata.c\000"
 1879      72617465 
 1879      645F536F 
 1879      75726365 
 1879      5C50536F 
 1880              		.ident	"GCC: (GNU Tools for ARM Embedded Processors) 5.4.1 20160609 (release) [ARM/embedded-5-bran
