ARM GAS  C:\Users\Joe\AppData\Local\Temp\ccRR1B5H.s 			page 1


   1              		.syntax unified
   2              		.cpu cortex-m3
   3              		.fpu softvfp
   4              		.eabi_attribute 20, 1
   5              		.eabi_attribute 21, 1
   6              		.eabi_attribute 23, 3
   7              		.eabi_attribute 24, 1
   8              		.eabi_attribute 25, 1
   9              		.eabi_attribute 26, 1
  10              		.eabi_attribute 30, 4
  11              		.eabi_attribute 34, 1
  12              		.eabi_attribute 18, 4
  13              		.thumb
  14              		.syntax unified
  15              		.file	"cymetadata.c"
  16              		.text
  17              	.Ltext0:
  18              		.cfi_sections	.debug_frame
  19              		.global	cy_metadata
  20              		.global	cy_meta_flashprotect
  21              		.global	cy_meta_wonvl
  22              		.global	cy_meta_custnvl
  23              		.global	cy_meta_configecc
  24              		.section	.cyconfigecc,"a",%progbits
  25              		.type	cy_meta_configecc, %object
  26              		.size	cy_meta_configecc, 1480
  27              	cy_meta_configecc:
  28 0000 03       		.byte	3
  29 0001 00       		.byte	0
  30 0002 00       		.byte	0
  31 0003 00       		.byte	0
  32 0004 00       		.byte	0
  33 0005 00       		.byte	0
  34 0006 00       		.byte	0
  35 0007 00       		.byte	0
  36 0008 00       		.byte	0
  37 0009 00       		.byte	0
  38 000a 00       		.byte	0
  39 000b 00       		.byte	0
  40 000c 00       		.byte	0
  41 000d 00       		.byte	0
  42 000e 00       		.byte	0
  43 000f 00       		.byte	0
  44 0010 00       		.byte	0
  45 0011 00       		.byte	0
  46 0012 00       		.byte	0
  47 0013 00       		.byte	0
  48 0014 00       		.byte	0
  49 0015 00       		.byte	0
  50 0016 00       		.byte	0
  51 0017 00       		.byte	0
  52 0018 00       		.byte	0
  53 0019 00       		.byte	0
  54 001a 00       		.byte	0
  55 001b 00       		.byte	0
  56 001c 00       		.byte	0
  57 001d 00       		.byte	0
ARM GAS  C:\Users\Joe\AppData\Local\Temp\ccRR1B5H.s 			page 2


  58 001e 00       		.byte	0
  59 001f 00       		.byte	0
  60 0020 00       		.byte	0
  61 0021 00       		.byte	0
  62 0022 00       		.byte	0
  63 0023 00       		.byte	0
  64 0024 00       		.byte	0
  65 0025 00       		.byte	0
  66 0026 00       		.byte	0
  67 0027 00       		.byte	0
  68 0028 00       		.byte	0
  69 0029 00       		.byte	0
  70 002a 00       		.byte	0
  71 002b 00       		.byte	0
  72 002c 00       		.byte	0
  73 002d 00       		.byte	0
  74 002e 00       		.byte	0
  75 002f 00       		.byte	0
  76 0030 00       		.byte	0
  77 0031 00       		.byte	0
  78 0032 00       		.byte	0
  79 0033 00       		.byte	0
  80 0034 00       		.byte	0
  81 0035 00       		.byte	0
  82 0036 00       		.byte	0
  83 0037 00       		.byte	0
  84 0038 00       		.byte	0
  85 0039 00       		.byte	0
  86 003a 00       		.byte	0
  87 003b 00       		.byte	0
  88 003c 00       		.byte	0
  89 003d 00       		.byte	0
  90 003e 00       		.byte	0
  91 003f 00       		.byte	0
  92 0040 00       		.byte	0
  93 0041 00       		.byte	0
  94 0042 00       		.byte	0
  95 0043 00       		.byte	0
  96 0044 00       		.byte	0
  97 0045 00       		.byte	0
  98 0046 00       		.byte	0
  99 0047 00       		.byte	0
 100 0048 54       		.byte	84
 101 0049 00       		.byte	0
 102 004a 00       		.byte	0
 103 004b 00       		.byte	0
 104 004c 00       		.byte	0
 105 004d 00       		.byte	0
 106 004e 00       		.byte	0
 107 004f 00       		.byte	0
 108 0050 00       		.byte	0
 109 0051 FF       		.byte	-1
 110 0052 FF       		.byte	-1
 111 0053 FF       		.byte	-1
 112 0054 00       		.byte	0
 113 0055 00       		.byte	0
 114 0056 00       		.byte	0
ARM GAS  C:\Users\Joe\AppData\Local\Temp\ccRR1B5H.s 			page 3


 115 0057 01       		.byte	1
 116 0058 18       		.byte	24
 117 0059 00       		.byte	0
 118 005a 80       		.byte	-128
 119 005b 00       		.byte	0
 120 005c 00       		.byte	0
 121 005d 00       		.byte	0
 122 005e 00       		.byte	0
 123 005f 00       		.byte	0
 124 0060 00       		.byte	0
 125 0061 00       		.byte	0
 126 0062 04       		.byte	4
 127 0063 04       		.byte	4
 128 0064 00       		.byte	0
 129 0065 99       		.byte	-103
 130 0066 00       		.byte	0
 131 0067 01       		.byte	1
 132 0068 40       		.byte	64
 133 0069 00       		.byte	0
 134 006a 40       		.byte	64
 135 006b 00       		.byte	0
 136 006c 40       		.byte	64
 137 006d 40       		.byte	64
 138 006e 80       		.byte	-128
 139 006f 00       		.byte	0
 140 0070 80       		.byte	-128
 141 0071 00       		.byte	0
 142 0072 80       		.byte	-128
 143 0073 00       		.byte	0
 144 0074 80       		.byte	-128
 145 0075 00       		.byte	0
 146 0076 80       		.byte	-128
 147 0077 00       		.byte	0
 148 0078 00       		.byte	0
 149 0079 00       		.byte	0
 150 007a 00       		.byte	0
 151 007b 00       		.byte	0
 152 007c 00       		.byte	0
 153 007d 00       		.byte	0
 154 007e 00       		.byte	0
 155 007f 00       		.byte	0
 156 0080 00       		.byte	0
 157 0081 00       		.byte	0
 158 0082 00       		.byte	0
 159 0083 00       		.byte	0
 160 0084 00       		.byte	0
 161 0085 00       		.byte	0
 162 0086 00       		.byte	0
 163 0087 00       		.byte	0
 164 0088 00       		.byte	0
 165 0089 00       		.byte	0
 166 008a 00       		.byte	0
 167 008b 00       		.byte	0
 168 008c 00       		.byte	0
 169 008d 00       		.byte	0
 170 008e 00       		.byte	0
 171 008f 00       		.byte	0
ARM GAS  C:\Users\Joe\AppData\Local\Temp\ccRR1B5H.s 			page 4


 172 0090 00       		.byte	0
 173 0091 00       		.byte	0
 174 0092 00       		.byte	0
 175 0093 00       		.byte	0
 176 0094 00       		.byte	0
 177 0095 00       		.byte	0
 178 0096 00       		.byte	0
 179 0097 00       		.byte	0
 180 0098 00       		.byte	0
 181 0099 00       		.byte	0
 182 009a 00       		.byte	0
 183 009b 00       		.byte	0
 184 009c 00       		.byte	0
 185 009d 00       		.byte	0
 186 009e 00       		.byte	0
 187 009f 00       		.byte	0
 188 00a0 00       		.byte	0
 189 00a1 00       		.byte	0
 190 00a2 00       		.byte	0
 191 00a3 00       		.byte	0
 192 00a4 00       		.byte	0
 193 00a5 00       		.byte	0
 194 00a6 00       		.byte	0
 195 00a7 00       		.byte	0
 196 00a8 00       		.byte	0
 197 00a9 00       		.byte	0
 198 00aa 00       		.byte	0
 199 00ab 00       		.byte	0
 200 00ac 00       		.byte	0
 201 00ad 00       		.byte	0
 202 00ae 00       		.byte	0
 203 00af 00       		.byte	0
 204 00b0 00       		.byte	0
 205 00b1 00       		.byte	0
 206 00b2 00       		.byte	0
 207 00b3 00       		.byte	0
 208 00b4 00       		.byte	0
 209 00b5 00       		.byte	0
 210 00b6 00       		.byte	0
 211 00b7 00       		.byte	0
 212 00b8 00       		.byte	0
 213 00b9 00       		.byte	0
 214 00ba 00       		.byte	0
 215 00bb 00       		.byte	0
 216 00bc 00       		.byte	0
 217 00bd 00       		.byte	0
 218 00be 00       		.byte	0
 219 00bf 00       		.byte	0
 220 00c0 00       		.byte	0
 221 00c1 00       		.byte	0
 222 00c2 00       		.byte	0
 223 00c3 00       		.byte	0
 224 00c4 00       		.byte	0
 225 00c5 00       		.byte	0
 226 00c6 00       		.byte	0
 227 00c7 00       		.byte	0
 228 00c8 54       		.byte	84
ARM GAS  C:\Users\Joe\AppData\Local\Temp\ccRR1B5H.s 			page 5


 229 00c9 00       		.byte	0
 230 00ca 00       		.byte	0
 231 00cb 00       		.byte	0
 232 00cc 00       		.byte	0
 233 00cd 00       		.byte	0
 234 00ce 00       		.byte	0
 235 00cf 00       		.byte	0
 236 00d0 00       		.byte	0
 237 00d1 FF       		.byte	-1
 238 00d2 FF       		.byte	-1
 239 00d3 FF       		.byte	-1
 240 00d4 00       		.byte	0
 241 00d5 83       		.byte	-125
 242 00d6 03       		.byte	3
 243 00d7 01       		.byte	1
 244 00d8 18       		.byte	24
 245 00d9 00       		.byte	0
 246 00da 00       		.byte	0
 247 00db 00       		.byte	0
 248 00dc 00       		.byte	0
 249 00dd 00       		.byte	0
 250 00de 00       		.byte	0
 251 00df 00       		.byte	0
 252 00e0 00       		.byte	0
 253 00e1 00       		.byte	0
 254 00e2 04       		.byte	4
 255 00e3 00       		.byte	0
 256 00e4 00       		.byte	0
 257 00e5 09       		.byte	9
 258 00e6 00       		.byte	0
 259 00e7 01       		.byte	1
 260 00e8 40       		.byte	64
 261 00e9 00       		.byte	0
 262 00ea 40       		.byte	64
 263 00eb 00       		.byte	0
 264 00ec 40       		.byte	64
 265 00ed 40       		.byte	64
 266 00ee 80       		.byte	-128
 267 00ef 00       		.byte	0
 268 00f0 80       		.byte	-128
 269 00f1 00       		.byte	0
 270 00f2 80       		.byte	-128
 271 00f3 00       		.byte	0
 272 00f4 80       		.byte	-128
 273 00f5 00       		.byte	0
 274 00f6 80       		.byte	-128
 275 00f7 00       		.byte	0
 276 00f8 00       		.byte	0
 277 00f9 00       		.byte	0
 278 00fa 00       		.byte	0
 279 00fb 00       		.byte	0
 280 00fc 00       		.byte	0
 281 00fd 00       		.byte	0
 282 00fe 00       		.byte	0
 283 00ff 00       		.byte	0
 284 0100 00       		.byte	0
 285 0101 00       		.byte	0
ARM GAS  C:\Users\Joe\AppData\Local\Temp\ccRR1B5H.s 			page 6


 286 0102 00       		.byte	0
 287 0103 00       		.byte	0
 288 0104 00       		.byte	0
 289 0105 00       		.byte	0
 290 0106 00       		.byte	0
 291 0107 00       		.byte	0
 292 0108 00       		.byte	0
 293 0109 00       		.byte	0
 294 010a 00       		.byte	0
 295 010b 00       		.byte	0
 296 010c 00       		.byte	0
 297 010d 00       		.byte	0
 298 010e 00       		.byte	0
 299 010f 00       		.byte	0
 300 0110 00       		.byte	0
 301 0111 00       		.byte	0
 302 0112 00       		.byte	0
 303 0113 00       		.byte	0
 304 0114 00       		.byte	0
 305 0115 00       		.byte	0
 306 0116 00       		.byte	0
 307 0117 00       		.byte	0
 308 0118 00       		.byte	0
 309 0119 00       		.byte	0
 310 011a 01       		.byte	1
 311 011b 00       		.byte	0
 312 011c 00       		.byte	0
 313 011d 00       		.byte	0
 314 011e 00       		.byte	0
 315 011f 00       		.byte	0
 316 0120 00       		.byte	0
 317 0121 00       		.byte	0
 318 0122 00       		.byte	0
 319 0123 00       		.byte	0
 320 0124 00       		.byte	0
 321 0125 00       		.byte	0
 322 0126 00       		.byte	0
 323 0127 00       		.byte	0
 324 0128 00       		.byte	0
 325 0129 00       		.byte	0
 326 012a 01       		.byte	1
 327 012b 00       		.byte	0
 328 012c 00       		.byte	0
 329 012d 00       		.byte	0
 330 012e 00       		.byte	0
 331 012f 00       		.byte	0
 332 0130 00       		.byte	0
 333 0131 00       		.byte	0
 334 0132 00       		.byte	0
 335 0133 00       		.byte	0
 336 0134 00       		.byte	0
 337 0135 00       		.byte	0
 338 0136 00       		.byte	0
 339 0137 00       		.byte	0
 340 0138 01       		.byte	1
 341 0139 00       		.byte	0
 342 013a 00       		.byte	0
ARM GAS  C:\Users\Joe\AppData\Local\Temp\ccRR1B5H.s 			page 7


 343 013b 00       		.byte	0
 344 013c 00       		.byte	0
 345 013d 00       		.byte	0
 346 013e 00       		.byte	0
 347 013f 00       		.byte	0
 348 0140 00       		.byte	0
 349 0141 00       		.byte	0
 350 0142 00       		.byte	0
 351 0143 00       		.byte	0
 352 0144 00       		.byte	0
 353 0145 00       		.byte	0
 354 0146 01       		.byte	1
 355 0147 00       		.byte	0
 356 0148 54       		.byte	84
 357 0149 00       		.byte	0
 358 014a 00       		.byte	0
 359 014b 00       		.byte	0
 360 014c 00       		.byte	0
 361 014d EC       		.byte	-20
 362 014e 02       		.byte	2
 363 014f 00       		.byte	0
 364 0150 07       		.byte	7
 365 0151 FF       		.byte	-1
 366 0152 FF       		.byte	-1
 367 0153 FF       		.byte	-1
 368 0154 00       		.byte	0
 369 0155 83       		.byte	-125
 370 0156 03       		.byte	3
 371 0157 01       		.byte	1
 372 0158 18       		.byte	24
 373 0159 00       		.byte	0
 374 015a 00       		.byte	0
 375 015b 00       		.byte	0
 376 015c 01       		.byte	1
 377 015d 00       		.byte	0
 378 015e 04       		.byte	4
 379 015f 00       		.byte	0
 380 0160 04       		.byte	4
 381 0161 00       		.byte	0
 382 0162 04       		.byte	4
 383 0163 04       		.byte	4
 384 0164 00       		.byte	0
 385 0165 99       		.byte	-103
 386 0166 00       		.byte	0
 387 0167 01       		.byte	1
 388 0168 40       		.byte	64
 389 0169 00       		.byte	0
 390 016a 40       		.byte	64
 391 016b 00       		.byte	0
 392 016c 40       		.byte	64
 393 016d 40       		.byte	64
 394 016e 80       		.byte	-128
 395 016f 00       		.byte	0
 396 0170 80       		.byte	-128
 397 0171 00       		.byte	0
 398 0172 80       		.byte	-128
 399 0173 00       		.byte	0
ARM GAS  C:\Users\Joe\AppData\Local\Temp\ccRR1B5H.s 			page 8


 400 0174 80       		.byte	-128
 401 0175 00       		.byte	0
 402 0176 80       		.byte	-128
 403 0177 00       		.byte	0
 404 0178 00       		.byte	0
 405 0179 00       		.byte	0
 406 017a 00       		.byte	0
 407 017b 00       		.byte	0
 408 017c 00       		.byte	0
 409 017d 00       		.byte	0
 410 017e 00       		.byte	0
 411 017f 00       		.byte	0
 412 0180 00       		.byte	0
 413 0181 00       		.byte	0
 414 0182 00       		.byte	0
 415 0183 00       		.byte	0
 416 0184 00       		.byte	0
 417 0185 00       		.byte	0
 418 0186 00       		.byte	0
 419 0187 00       		.byte	0
 420 0188 00       		.byte	0
 421 0189 00       		.byte	0
 422 018a 00       		.byte	0
 423 018b 00       		.byte	0
 424 018c 00       		.byte	0
 425 018d 00       		.byte	0
 426 018e 00       		.byte	0
 427 018f 00       		.byte	0
 428 0190 00       		.byte	0
 429 0191 00       		.byte	0
 430 0192 00       		.byte	0
 431 0193 00       		.byte	0
 432 0194 00       		.byte	0
 433 0195 00       		.byte	0
 434 0196 00       		.byte	0
 435 0197 00       		.byte	0
 436 0198 00       		.byte	0
 437 0199 00       		.byte	0
 438 019a 00       		.byte	0
 439 019b 00       		.byte	0
 440 019c 00       		.byte	0
 441 019d 00       		.byte	0
 442 019e 00       		.byte	0
 443 019f 00       		.byte	0
 444 01a0 00       		.byte	0
 445 01a1 00       		.byte	0
 446 01a2 00       		.byte	0
 447 01a3 00       		.byte	0
 448 01a4 0D       		.byte	13
 449 01a5 00       		.byte	0
 450 01a6 00       		.byte	0
 451 01a7 00       		.byte	0
 452 01a8 00       		.byte	0
 453 01a9 01       		.byte	1
 454 01aa 00       		.byte	0
 455 01ab 00       		.byte	0
 456 01ac 00       		.byte	0
ARM GAS  C:\Users\Joe\AppData\Local\Temp\ccRR1B5H.s 			page 9


 457 01ad 00       		.byte	0
 458 01ae 00       		.byte	0
 459 01af 00       		.byte	0
 460 01b0 00       		.byte	0
 461 01b1 00       		.byte	0
 462 01b2 00       		.byte	0
 463 01b3 00       		.byte	0
 464 01b4 00       		.byte	0
 465 01b5 01       		.byte	1
 466 01b6 00       		.byte	0
 467 01b7 01       		.byte	1
 468 01b8 00       		.byte	0
 469 01b9 00       		.byte	0
 470 01ba 00       		.byte	0
 471 01bb 00       		.byte	0
 472 01bc 00       		.byte	0
 473 01bd 00       		.byte	0
 474 01be 00       		.byte	0
 475 01bf 00       		.byte	0
 476 01c0 00       		.byte	0
 477 01c1 00       		.byte	0
 478 01c2 00       		.byte	0
 479 01c3 00       		.byte	0
 480 01c4 00       		.byte	0
 481 01c5 00       		.byte	0
 482 01c6 00       		.byte	0
 483 01c7 00       		.byte	0
 484 01c8 00       		.byte	0
 485 01c9 00       		.byte	0
 486 01ca 00       		.byte	0
 487 01cb 00       		.byte	0
 488 01cc 00       		.byte	0
 489 01cd 00       		.byte	0
 490 01ce 00       		.byte	0
 491 01cf 00       		.byte	0
 492 01d0 00       		.byte	0
 493 01d1 00       		.byte	0
 494 01d2 00       		.byte	0
 495 01d3 00       		.byte	0
 496 01d4 00       		.byte	0
 497 01d5 00       		.byte	0
 498 01d6 00       		.byte	0
 499 01d7 00       		.byte	0
 500 01d8 00       		.byte	0
 501 01d9 00       		.byte	0
 502 01da 00       		.byte	0
 503 01db 00       		.byte	0
 504 01dc 00       		.byte	0
 505 01dd 00       		.byte	0
 506 01de 00       		.byte	0
 507 01df 00       		.byte	0
 508 01e0 00       		.byte	0
 509 01e1 00       		.byte	0
 510 01e2 00       		.byte	0
 511 01e3 00       		.byte	0
 512 01e4 00       		.byte	0
 513 01e5 00       		.byte	0
ARM GAS  C:\Users\Joe\AppData\Local\Temp\ccRR1B5H.s 			page 10


 514 01e6 00       		.byte	0
 515 01e7 00       		.byte	0
 516 01e8 00       		.byte	0
 517 01e9 00       		.byte	0
 518 01ea 00       		.byte	0
 519 01eb 00       		.byte	0
 520 01ec 00       		.byte	0
 521 01ed 00       		.byte	0
 522 01ee 00       		.byte	0
 523 01ef 00       		.byte	0
 524 01f0 00       		.byte	0
 525 01f1 00       		.byte	0
 526 01f2 00       		.byte	0
 527 01f3 00       		.byte	0
 528 01f4 00       		.byte	0
 529 01f5 00       		.byte	0
 530 01f6 00       		.byte	0
 531 01f7 00       		.byte	0
 532 01f8 00       		.byte	0
 533 01f9 00       		.byte	0
 534 01fa 80       		.byte	-128
 535 01fb 00       		.byte	0
 536 01fc 00       		.byte	0
 537 01fd 00       		.byte	0
 538 01fe 80       		.byte	-128
 539 01ff 00       		.byte	0
 540 0200 02       		.byte	2
 541 0201 00       		.byte	0
 542 0202 00       		.byte	0
 543 0203 00       		.byte	0
 544 0204 02       		.byte	2
 545 0205 00       		.byte	0
 546 0206 00       		.byte	0
 547 0207 00       		.byte	0
 548 0208 00       		.byte	0
 549 0209 00       		.byte	0
 550 020a 00       		.byte	0
 551 020b 00       		.byte	0
 552 020c 00       		.byte	0
 553 020d 00       		.byte	0
 554 020e 00       		.byte	0
 555 020f 00       		.byte	0
 556 0210 00       		.byte	0
 557 0211 00       		.byte	0
 558 0212 00       		.byte	0
 559 0213 00       		.byte	0
 560 0214 00       		.byte	0
 561 0215 00       		.byte	0
 562 0216 00       		.byte	0
 563 0217 00       		.byte	0
 564 0218 00       		.byte	0
 565 0219 00       		.byte	0
 566 021a 00       		.byte	0
 567 021b 00       		.byte	0
 568 021c 00       		.byte	0
 569 021d 00       		.byte	0
 570 021e 00       		.byte	0
ARM GAS  C:\Users\Joe\AppData\Local\Temp\ccRR1B5H.s 			page 11


 571 021f 00       		.byte	0
 572 0220 00       		.byte	0
 573 0221 00       		.byte	0
 574 0222 00       		.byte	0
 575 0223 00       		.byte	0
 576 0224 00       		.byte	0
 577 0225 00       		.byte	0
 578 0226 00       		.byte	0
 579 0227 00       		.byte	0
 580 0228 02       		.byte	2
 581 0229 00       		.byte	0
 582 022a 00       		.byte	0
 583 022b 00       		.byte	0
 584 022c 00       		.byte	0
 585 022d 00       		.byte	0
 586 022e 00       		.byte	0
 587 022f 00       		.byte	0
 588 0230 00       		.byte	0
 589 0231 00       		.byte	0
 590 0232 00       		.byte	0
 591 0233 00       		.byte	0
 592 0234 00       		.byte	0
 593 0235 00       		.byte	0
 594 0236 00       		.byte	0
 595 0237 00       		.byte	0
 596 0238 00       		.byte	0
 597 0239 00       		.byte	0
 598 023a 00       		.byte	0
 599 023b 00       		.byte	0
 600 023c 00       		.byte	0
 601 023d 00       		.byte	0
 602 023e 00       		.byte	0
 603 023f 00       		.byte	0
 604 0240 00       		.byte	0
 605 0241 00       		.byte	0
 606 0242 00       		.byte	0
 607 0243 00       		.byte	0
 608 0244 00       		.byte	0
 609 0245 00       		.byte	0
 610 0246 00       		.byte	0
 611 0247 00       		.byte	0
 612 0248 00       		.byte	0
 613 0249 00       		.byte	0
 614 024a 00       		.byte	0
 615 024b 00       		.byte	0
 616 024c 00       		.byte	0
 617 024d 00       		.byte	0
 618 024e 00       		.byte	0
 619 024f 00       		.byte	0
 620 0250 00       		.byte	0
 621 0251 00       		.byte	0
 622 0252 80       		.byte	-128
 623 0253 00       		.byte	0
 624 0254 00       		.byte	0
 625 0255 00       		.byte	0
 626 0256 00       		.byte	0
 627 0257 00       		.byte	0
ARM GAS  C:\Users\Joe\AppData\Local\Temp\ccRR1B5H.s 			page 12


 628 0258 00       		.byte	0
 629 0259 00       		.byte	0
 630 025a 00       		.byte	0
 631 025b 00       		.byte	0
 632 025c 02       		.byte	2
 633 025d 00       		.byte	0
 634 025e 00       		.byte	0
 635 025f 00       		.byte	0
 636 0260 00       		.byte	0
 637 0261 00       		.byte	0
 638 0262 00       		.byte	0
 639 0263 00       		.byte	0
 640 0264 00       		.byte	0
 641 0265 00       		.byte	0
 642 0266 00       		.byte	0
 643 0267 00       		.byte	0
 644 0268 00       		.byte	0
 645 0269 00       		.byte	0
 646 026a 00       		.byte	0
 647 026b 00       		.byte	0
 648 026c 00       		.byte	0
 649 026d 00       		.byte	0
 650 026e 00       		.byte	0
 651 026f 00       		.byte	0
 652 0270 00       		.byte	0
 653 0271 00       		.byte	0
 654 0272 00       		.byte	0
 655 0273 00       		.byte	0
 656 0274 00       		.byte	0
 657 0275 00       		.byte	0
 658 0276 00       		.byte	0
 659 0277 00       		.byte	0
 660 0278 00       		.byte	0
 661 0279 00       		.byte	0
 662 027a 00       		.byte	0
 663 027b 00       		.byte	0
 664 027c 00       		.byte	0
 665 027d 00       		.byte	0
 666 027e 00       		.byte	0
 667 027f 00       		.byte	0
 668 0280 00       		.byte	0
 669 0281 00       		.byte	0
 670 0282 00       		.byte	0
 671 0283 00       		.byte	0
 672 0284 00       		.byte	0
 673 0285 00       		.byte	0
 674 0286 00       		.byte	0
 675 0287 00       		.byte	0
 676 0288 81       		.byte	-127
 677 0289 00       		.byte	0
 678 028a 18       		.byte	24
 679 028b 00       		.byte	0
 680 028c 00       		.byte	0
 681 028d 00       		.byte	0
 682 028e 00       		.byte	0
 683 028f 00       		.byte	0
 684 0290 00       		.byte	0
ARM GAS  C:\Users\Joe\AppData\Local\Temp\ccRR1B5H.s 			page 13


 685 0291 00       		.byte	0
 686 0292 00       		.byte	0
 687 0293 00       		.byte	0
 688 0294 00       		.byte	0
 689 0295 00       		.byte	0
 690 0296 00       		.byte	0
 691 0297 00       		.byte	0
 692 0298 00       		.byte	0
 693 0299 00       		.byte	0
 694 029a 00       		.byte	0
 695 029b 00       		.byte	0
 696 029c 00       		.byte	0
 697 029d 00       		.byte	0
 698 029e 00       		.byte	0
 699 029f 00       		.byte	0
 700 02a0 00       		.byte	0
 701 02a1 00       		.byte	0
 702 02a2 00       		.byte	0
 703 02a3 00       		.byte	0
 704 02a4 00       		.byte	0
 705 02a5 00       		.byte	0
 706 02a6 00       		.byte	0
 707 02a7 00       		.byte	0
 708 02a8 00       		.byte	0
 709 02a9 00       		.byte	0
 710 02aa 00       		.byte	0
 711 02ab 00       		.byte	0
 712 02ac 00       		.byte	0
 713 02ad 00       		.byte	0
 714 02ae 00       		.byte	0
 715 02af 00       		.byte	0
 716 02b0 00       		.byte	0
 717 02b1 00       		.byte	0
 718 02b2 00       		.byte	0
 719 02b3 00       		.byte	0
 720 02b4 00       		.byte	0
 721 02b5 00       		.byte	0
 722 02b6 00       		.byte	0
 723 02b7 00       		.byte	0
 724 02b8 00       		.byte	0
 725 02b9 00       		.byte	0
 726 02ba 00       		.byte	0
 727 02bb 00       		.byte	0
 728 02bc 00       		.byte	0
 729 02bd 00       		.byte	0
 730 02be 00       		.byte	0
 731 02bf 00       		.byte	0
 732 02c0 00       		.byte	0
 733 02c1 00       		.byte	0
 734 02c2 00       		.byte	0
 735 02c3 00       		.byte	0
 736 02c4 02       		.byte	2
 737 02c5 00       		.byte	0
 738 02c6 00       		.byte	0
 739 02c7 00       		.byte	0
 740 02c8 00       		.byte	0
 741 02c9 00       		.byte	0
ARM GAS  C:\Users\Joe\AppData\Local\Temp\ccRR1B5H.s 			page 14


 742 02ca 00       		.byte	0
 743 02cb 00       		.byte	0
 744 02cc 00       		.byte	0
 745 02cd 00       		.byte	0
 746 02ce 80       		.byte	-128
 747 02cf 00       		.byte	0
 748 02d0 00       		.byte	0
 749 02d1 00       		.byte	0
 750 02d2 00       		.byte	0
 751 02d3 00       		.byte	0
 752 02d4 00       		.byte	0
 753 02d5 00       		.byte	0
 754 02d6 80       		.byte	-128
 755 02d7 00       		.byte	0
 756 02d8 00       		.byte	0
 757 02d9 00       		.byte	0
 758 02da 00       		.byte	0
 759 02db 00       		.byte	0
 760 02dc 00       		.byte	0
 761 02dd 00       		.byte	0
 762 02de 00       		.byte	0
 763 02df 00       		.byte	0
 764 02e0 00       		.byte	0
 765 02e1 00       		.byte	0
 766 02e2 00       		.byte	0
 767 02e3 00       		.byte	0
 768 02e4 00       		.byte	0
 769 02e5 00       		.byte	0
 770 02e6 00       		.byte	0
 771 02e7 00       		.byte	0
 772 02e8 00       		.byte	0
 773 02e9 00       		.byte	0
 774 02ea 00       		.byte	0
 775 02eb 00       		.byte	0
 776 02ec 00       		.byte	0
 777 02ed 00       		.byte	0
 778 02ee 00       		.byte	0
 779 02ef 00       		.byte	0
 780 02f0 00       		.byte	0
 781 02f1 00       		.byte	0
 782 02f2 00       		.byte	0
 783 02f3 00       		.byte	0
 784 02f4 00       		.byte	0
 785 02f5 00       		.byte	0
 786 02f6 00       		.byte	0
 787 02f7 00       		.byte	0
 788 02f8 00       		.byte	0
 789 02f9 00       		.byte	0
 790 02fa 00       		.byte	0
 791 02fb 00       		.byte	0
 792 02fc 00       		.byte	0
 793 02fd 00       		.byte	0
 794 02fe 80       		.byte	-128
 795 02ff 00       		.byte	0
 796 0300 00       		.byte	0
 797 0301 00       		.byte	0
 798 0302 00       		.byte	0
ARM GAS  C:\Users\Joe\AppData\Local\Temp\ccRR1B5H.s 			page 15


 799 0303 00       		.byte	0
 800 0304 02       		.byte	2
 801 0305 04       		.byte	4
 802 0306 00       		.byte	0
 803 0307 01       		.byte	1
 804 0308 00       		.byte	0
 805 0309 00       		.byte	0
 806 030a 00       		.byte	0
 807 030b 00       		.byte	0
 808 030c 00       		.byte	0
 809 030d 00       		.byte	0
 810 030e 80       		.byte	-128
 811 030f 00       		.byte	0
 812 0310 00       		.byte	0
 813 0311 00       		.byte	0
 814 0312 00       		.byte	0
 815 0313 00       		.byte	0
 816 0314 00       		.byte	0
 817 0315 04       		.byte	4
 818 0316 80       		.byte	-128
 819 0317 01       		.byte	1
 820 0318 00       		.byte	0
 821 0319 00       		.byte	0
 822 031a 00       		.byte	0
 823 031b 00       		.byte	0
 824 031c 00       		.byte	0
 825 031d 00       		.byte	0
 826 031e 00       		.byte	0
 827 031f 40       		.byte	64
 828 0320 00       		.byte	0
 829 0321 00       		.byte	0
 830 0322 00       		.byte	0
 831 0323 00       		.byte	0
 832 0324 00       		.byte	0
 833 0325 00       		.byte	0
 834 0326 00       		.byte	0
 835 0327 00       		.byte	0
 836 0328 00       		.byte	0
 837 0329 00       		.byte	0
 838 032a 00       		.byte	0
 839 032b 00       		.byte	0
 840 032c 00       		.byte	0
 841 032d 00       		.byte	0
 842 032e 00       		.byte	0
 843 032f 00       		.byte	0
 844 0330 00       		.byte	0
 845 0331 00       		.byte	0
 846 0332 00       		.byte	0
 847 0333 00       		.byte	0
 848 0334 00       		.byte	0
 849 0335 00       		.byte	0
 850 0336 00       		.byte	0
 851 0337 00       		.byte	0
 852 0338 00       		.byte	0
 853 0339 00       		.byte	0
 854 033a 00       		.byte	0
 855 033b 00       		.byte	0
ARM GAS  C:\Users\Joe\AppData\Local\Temp\ccRR1B5H.s 			page 16


 856 033c 00       		.byte	0
 857 033d 00       		.byte	0
 858 033e 00       		.byte	0
 859 033f 40       		.byte	64
 860 0340 00       		.byte	0
 861 0341 00       		.byte	0
 862 0342 00       		.byte	0
 863 0343 00       		.byte	0
 864 0344 00       		.byte	0
 865 0345 00       		.byte	0
 866 0346 00       		.byte	0
 867 0347 00       		.byte	0
 868 0348 00       		.byte	0
 869 0349 00       		.byte	0
 870 034a 00       		.byte	0
 871 034b 00       		.byte	0
 872 034c 00       		.byte	0
 873 034d 00       		.byte	0
 874 034e 00       		.byte	0
 875 034f 00       		.byte	0
 876 0350 00       		.byte	0
 877 0351 00       		.byte	0
 878 0352 00       		.byte	0
 879 0353 00       		.byte	0
 880 0354 00       		.byte	0
 881 0355 00       		.byte	0
 882 0356 00       		.byte	0
 883 0357 00       		.byte	0
 884 0358 00       		.byte	0
 885 0359 00       		.byte	0
 886 035a 00       		.byte	0
 887 035b 00       		.byte	0
 888 035c 00       		.byte	0
 889 035d 00       		.byte	0
 890 035e 00       		.byte	0
 891 035f 00       		.byte	0
 892 0360 00       		.byte	0
 893 0361 00       		.byte	0
 894 0362 00       		.byte	0
 895 0363 00       		.byte	0
 896 0364 00       		.byte	0
 897 0365 00       		.byte	0
 898 0366 00       		.byte	0
 899 0367 00       		.byte	0
 900 0368 00       		.byte	0
 901 0369 00       		.byte	0
 902 036a 00       		.byte	0
 903 036b 00       		.byte	0
 904 036c 00       		.byte	0
 905 036d 00       		.byte	0
 906 036e 00       		.byte	0
 907 036f 00       		.byte	0
 908 0370 00       		.byte	0
 909 0371 00       		.byte	0
 910 0372 00       		.byte	0
 911 0373 00       		.byte	0
 912 0374 00       		.byte	0
ARM GAS  C:\Users\Joe\AppData\Local\Temp\ccRR1B5H.s 			page 17


 913 0375 00       		.byte	0
 914 0376 00       		.byte	0
 915 0377 00       		.byte	0
 916 0378 00       		.byte	0
 917 0379 00       		.byte	0
 918 037a 10       		.byte	16
 919 037b 00       		.byte	0
 920 037c 10       		.byte	16
 921 037d 00       		.byte	0
 922 037e 00       		.byte	0
 923 037f 00       		.byte	0
 924 0380 00       		.byte	0
 925 0381 00       		.byte	0
 926 0382 00       		.byte	0
 927 0383 00       		.byte	0
 928 0384 00       		.byte	0
 929 0385 00       		.byte	0
 930 0386 00       		.byte	0
 931 0387 00       		.byte	0
 932 0388 80       		.byte	-128
 933 0389 00       		.byte	0
 934 038a 10       		.byte	16
 935 038b 00       		.byte	0
 936 038c 00       		.byte	0
 937 038d 00       		.byte	0
 938 038e D0       		.byte	-48
 939 038f 00       		.byte	0
 940 0390 80       		.byte	-128
 941 0391 00       		.byte	0
 942 0392 00       		.byte	0
 943 0393 00       		.byte	0
 944 0394 00       		.byte	0
 945 0395 00       		.byte	0
 946 0396 00       		.byte	0
 947 0397 00       		.byte	0
 948 0398 00       		.byte	0
 949 0399 00       		.byte	0
 950 039a 00       		.byte	0
 951 039b 00       		.byte	0
 952 039c 00       		.byte	0
 953 039d 00       		.byte	0
 954 039e 00       		.byte	0
 955 039f 00       		.byte	0
 956 03a0 00       		.byte	0
 957 03a1 00       		.byte	0
 958 03a2 00       		.byte	0
 959 03a3 00       		.byte	0
 960 03a4 00       		.byte	0
 961 03a5 00       		.byte	0
 962 03a6 00       		.byte	0
 963 03a7 00       		.byte	0
 964 03a8 00       		.byte	0
 965 03a9 00       		.byte	0
 966 03aa 00       		.byte	0
 967 03ab 00       		.byte	0
 968 03ac 00       		.byte	0
 969 03ad 00       		.byte	0
ARM GAS  C:\Users\Joe\AppData\Local\Temp\ccRR1B5H.s 			page 18


 970 03ae 00       		.byte	0
 971 03af 00       		.byte	0
 972 03b0 00       		.byte	0
 973 03b1 00       		.byte	0
 974 03b2 00       		.byte	0
 975 03b3 00       		.byte	0
 976 03b4 00       		.byte	0
 977 03b5 00       		.byte	0
 978 03b6 00       		.byte	0
 979 03b7 00       		.byte	0
 980 03b8 00       		.byte	0
 981 03b9 00       		.byte	0
 982 03ba 00       		.byte	0
 983 03bb 00       		.byte	0
 984 03bc 00       		.byte	0
 985 03bd 00       		.byte	0
 986 03be 00       		.byte	0
 987 03bf 00       		.byte	0
 988 03c0 00       		.byte	0
 989 03c1 00       		.byte	0
 990 03c2 00       		.byte	0
 991 03c3 00       		.byte	0
 992 03c4 00       		.byte	0
 993 03c5 00       		.byte	0
 994 03c6 00       		.byte	0
 995 03c7 00       		.byte	0
 996 03c8 00       		.byte	0
 997 03c9 00       		.byte	0
 998 03ca 00       		.byte	0
 999 03cb 00       		.byte	0
 1000 03cc 00       		.byte	0
 1001 03cd 00       		.byte	0
 1002 03ce 00       		.byte	0
 1003 03cf 00       		.byte	0
 1004 03d0 00       		.byte	0
 1005 03d1 00       		.byte	0
 1006 03d2 00       		.byte	0
 1007 03d3 00       		.byte	0
 1008 03d4 00       		.byte	0
 1009 03d5 00       		.byte	0
 1010 03d6 00       		.byte	0
 1011 03d7 00       		.byte	0
 1012 03d8 00       		.byte	0
 1013 03d9 00       		.byte	0
 1014 03da 00       		.byte	0
 1015 03db 00       		.byte	0
 1016 03dc 00       		.byte	0
 1017 03dd 00       		.byte	0
 1018 03de 00       		.byte	0
 1019 03df 00       		.byte	0
 1020 03e0 00       		.byte	0
 1021 03e1 00       		.byte	0
 1022 03e2 00       		.byte	0
 1023 03e3 00       		.byte	0
 1024 03e4 00       		.byte	0
 1025 03e5 00       		.byte	0
 1026 03e6 00       		.byte	0
ARM GAS  C:\Users\Joe\AppData\Local\Temp\ccRR1B5H.s 			page 19


 1027 03e7 00       		.byte	0
 1028 03e8 00       		.byte	0
 1029 03e9 00       		.byte	0
 1030 03ea 00       		.byte	0
 1031 03eb 00       		.byte	0
 1032 03ec 00       		.byte	0
 1033 03ed 00       		.byte	0
 1034 03ee 00       		.byte	0
 1035 03ef 00       		.byte	0
 1036 03f0 00       		.byte	0
 1037 03f1 00       		.byte	0
 1038 03f2 00       		.byte	0
 1039 03f3 00       		.byte	0
 1040 03f4 00       		.byte	0
 1041 03f5 00       		.byte	0
 1042 03f6 00       		.byte	0
 1043 03f7 00       		.byte	0
 1044 03f8 00       		.byte	0
 1045 03f9 00       		.byte	0
 1046 03fa 00       		.byte	0
 1047 03fb 00       		.byte	0
 1048 03fc 00       		.byte	0
 1049 03fd 00       		.byte	0
 1050 03fe 00       		.byte	0
 1051 03ff 00       		.byte	0
 1052 0400 00       		.byte	0
 1053 0401 00       		.byte	0
 1054 0402 00       		.byte	0
 1055 0403 00       		.byte	0
 1056 0404 00       		.byte	0
 1057 0405 00       		.byte	0
 1058 0406 00       		.byte	0
 1059 0407 00       		.byte	0
 1060 0408 00       		.byte	0
 1061 0409 00       		.byte	0
 1062 040a 00       		.byte	0
 1063 040b 00       		.byte	0
 1064 040c 00       		.byte	0
 1065 040d 00       		.byte	0
 1066 040e 00       		.byte	0
 1067 040f 00       		.byte	0
 1068 0410 00       		.byte	0
 1069 0411 00       		.byte	0
 1070 0412 00       		.byte	0
 1071 0413 00       		.byte	0
 1072 0414 00       		.byte	0
 1073 0415 00       		.byte	0
 1074 0416 00       		.byte	0
 1075 0417 00       		.byte	0
 1076 0418 00       		.byte	0
 1077 0419 00       		.byte	0
 1078 041a 00       		.byte	0
 1079 041b 00       		.byte	0
 1080 041c 00       		.byte	0
 1081 041d 00       		.byte	0
 1082 041e 02       		.byte	2
 1083 041f 00       		.byte	0
ARM GAS  C:\Users\Joe\AppData\Local\Temp\ccRR1B5H.s 			page 20


 1084 0420 00       		.byte	0
 1085 0421 00       		.byte	0
 1086 0422 00       		.byte	0
 1087 0423 00       		.byte	0
 1088 0424 00       		.byte	0
 1089 0425 00       		.byte	0
 1090 0426 00       		.byte	0
 1091 0427 00       		.byte	0
 1092 0428 00       		.byte	0
 1093 0429 00       		.byte	0
 1094 042a 00       		.byte	0
 1095 042b 00       		.byte	0
 1096 042c 00       		.byte	0
 1097 042d 00       		.byte	0
 1098 042e 00       		.byte	0
 1099 042f 00       		.byte	0
 1100 0430 00       		.byte	0
 1101 0431 00       		.byte	0
 1102 0432 00       		.byte	0
 1103 0433 00       		.byte	0
 1104 0434 00       		.byte	0
 1105 0435 00       		.byte	0
 1106 0436 00       		.byte	0
 1107 0437 00       		.byte	0
 1108 0438 00       		.byte	0
 1109 0439 00       		.byte	0
 1110 043a 00       		.byte	0
 1111 043b 00       		.byte	0
 1112 043c 00       		.byte	0
 1113 043d 00       		.byte	0
 1114 043e 20       		.byte	32
 1115 043f 00       		.byte	0
 1116 0440 00       		.byte	0
 1117 0441 00       		.byte	0
 1118 0442 00       		.byte	0
 1119 0443 00       		.byte	0
 1120 0444 00       		.byte	0
 1121 0445 00       		.byte	0
 1122 0446 00       		.byte	0
 1123 0447 00       		.byte	0
 1124 0448 00       		.byte	0
 1125 0449 00       		.byte	0
 1126 044a 00       		.byte	0
 1127 044b 00       		.byte	0
 1128 044c 00       		.byte	0
 1129 044d 00       		.byte	0
 1130 044e 00       		.byte	0
 1131 044f 00       		.byte	0
 1132 0450 00       		.byte	0
 1133 0451 00       		.byte	0
 1134 0452 00       		.byte	0
 1135 0453 00       		.byte	0
 1136 0454 00       		.byte	0
 1137 0455 00       		.byte	0
 1138 0456 00       		.byte	0
 1139 0457 00       		.byte	0
 1140 0458 00       		.byte	0
ARM GAS  C:\Users\Joe\AppData\Local\Temp\ccRR1B5H.s 			page 21


 1141 0459 00       		.byte	0
 1142 045a 00       		.byte	0
 1143 045b 00       		.byte	0
 1144 045c 00       		.byte	0
 1145 045d 00       		.byte	0
 1146 045e 20       		.byte	32
 1147 045f 00       		.byte	0
 1148 0460 00       		.byte	0
 1149 0461 00       		.byte	0
 1150 0462 00       		.byte	0
 1151 0463 00       		.byte	0
 1152 0464 00       		.byte	0
 1153 0465 00       		.byte	0
 1154 0466 00       		.byte	0
 1155 0467 00       		.byte	0
 1156 0468 00       		.byte	0
 1157 0469 00       		.byte	0
 1158 046a 00       		.byte	0
 1159 046b 00       		.byte	0
 1160 046c 00       		.byte	0
 1161 046d 00       		.byte	0
 1162 046e 00       		.byte	0
 1163 046f 00       		.byte	0
 1164 0470 00       		.byte	0
 1165 0471 00       		.byte	0
 1166 0472 00       		.byte	0
 1167 0473 00       		.byte	0
 1168 0474 00       		.byte	0
 1169 0475 00       		.byte	0
 1170 0476 00       		.byte	0
 1171 0477 00       		.byte	0
 1172 0478 00       		.byte	0
 1173 0479 00       		.byte	0
 1174 047a 00       		.byte	0
 1175 047b 00       		.byte	0
 1176 047c 00       		.byte	0
 1177 047d 00       		.byte	0
 1178 047e 00       		.byte	0
 1179 047f 00       		.byte	0
 1180 0480 00       		.byte	0
 1181 0481 00       		.byte	0
 1182 0482 00       		.byte	0
 1183 0483 00       		.byte	0
 1184 0484 00       		.byte	0
 1185 0485 00       		.byte	0
 1186 0486 00       		.byte	0
 1187 0487 00       		.byte	0
 1188 0488 00       		.byte	0
 1189 0489 00       		.byte	0
 1190 048a 00       		.byte	0
 1191 048b 00       		.byte	0
 1192 048c 00       		.byte	0
 1193 048d 00       		.byte	0
 1194 048e 00       		.byte	0
 1195 048f 00       		.byte	0
 1196 0490 00       		.byte	0
 1197 0491 00       		.byte	0
ARM GAS  C:\Users\Joe\AppData\Local\Temp\ccRR1B5H.s 			page 22


 1198 0492 00       		.byte	0
 1199 0493 00       		.byte	0
 1200 0494 00       		.byte	0
 1201 0495 00       		.byte	0
 1202 0496 00       		.byte	0
 1203 0497 00       		.byte	0
 1204 0498 00       		.byte	0
 1205 0499 00       		.byte	0
 1206 049a 00       		.byte	0
 1207 049b 00       		.byte	0
 1208 049c 00       		.byte	0
 1209 049d 00       		.byte	0
 1210 049e 40       		.byte	64
 1211 049f 00       		.byte	0
 1212 04a0 00       		.byte	0
 1213 04a1 00       		.byte	0
 1214 04a2 00       		.byte	0
 1215 04a3 00       		.byte	0
 1216 04a4 00       		.byte	0
 1217 04a5 00       		.byte	0
 1218 04a6 00       		.byte	0
 1219 04a7 00       		.byte	0
 1220 04a8 00       		.byte	0
 1221 04a9 00       		.byte	0
 1222 04aa 00       		.byte	0
 1223 04ab 00       		.byte	0
 1224 04ac 00       		.byte	0
 1225 04ad 00       		.byte	0
 1226 04ae 00       		.byte	0
 1227 04af 00       		.byte	0
 1228 04b0 00       		.byte	0
 1229 04b1 00       		.byte	0
 1230 04b2 00       		.byte	0
 1231 04b3 00       		.byte	0
 1232 04b4 00       		.byte	0
 1233 04b5 00       		.byte	0
 1234 04b6 00       		.byte	0
 1235 04b7 00       		.byte	0
 1236 04b8 00       		.byte	0
 1237 04b9 00       		.byte	0
 1238 04ba 00       		.byte	0
 1239 04bb 00       		.byte	0
 1240 04bc 00       		.byte	0
 1241 04bd 00       		.byte	0
 1242 04be 00       		.byte	0
 1243 04bf 00       		.byte	0
 1244 04c0 00       		.byte	0
 1245 04c1 00       		.byte	0
 1246 04c2 00       		.byte	0
 1247 04c3 00       		.byte	0
 1248 04c4 00       		.byte	0
 1249 04c5 00       		.byte	0
 1250 04c6 00       		.byte	0
 1251 04c7 00       		.byte	0
 1252 04c8 00       		.byte	0
 1253 04c9 00       		.byte	0
 1254 04ca 00       		.byte	0
ARM GAS  C:\Users\Joe\AppData\Local\Temp\ccRR1B5H.s 			page 23


 1255 04cb 00       		.byte	0
 1256 04cc 00       		.byte	0
 1257 04cd 00       		.byte	0
 1258 04ce 00       		.byte	0
 1259 04cf 00       		.byte	0
 1260 04d0 00       		.byte	0
 1261 04d1 00       		.byte	0
 1262 04d2 00       		.byte	0
 1263 04d3 00       		.byte	0
 1264 04d4 00       		.byte	0
 1265 04d5 00       		.byte	0
 1266 04d6 00       		.byte	0
 1267 04d7 00       		.byte	0
 1268 04d8 00       		.byte	0
 1269 04d9 00       		.byte	0
 1270 04da 00       		.byte	0
 1271 04db 00       		.byte	0
 1272 04dc 00       		.byte	0
 1273 04dd 00       		.byte	0
 1274 04de 00       		.byte	0
 1275 04df 00       		.byte	0
 1276 04e0 00       		.byte	0
 1277 04e1 00       		.byte	0
 1278 04e2 00       		.byte	0
 1279 04e3 00       		.byte	0
 1280 04e4 00       		.byte	0
 1281 04e5 00       		.byte	0
 1282 04e6 00       		.byte	0
 1283 04e7 00       		.byte	0
 1284 04e8 00       		.byte	0
 1285 04e9 00       		.byte	0
 1286 04ea 20       		.byte	32
 1287 04eb 00       		.byte	0
 1288 04ec 00       		.byte	0
 1289 04ed 00       		.byte	0
 1290 04ee 00       		.byte	0
 1291 04ef 00       		.byte	0
 1292 04f0 00       		.byte	0
 1293 04f1 00       		.byte	0
 1294 04f2 00       		.byte	0
 1295 04f3 00       		.byte	0
 1296 04f4 00       		.byte	0
 1297 04f5 00       		.byte	0
 1298 04f6 00       		.byte	0
 1299 04f7 00       		.byte	0
 1300 04f8 00       		.byte	0
 1301 04f9 00       		.byte	0
 1302 04fa 00       		.byte	0
 1303 04fb 00       		.byte	0
 1304 04fc 00       		.byte	0
 1305 04fd 00       		.byte	0
 1306 04fe 00       		.byte	0
 1307 04ff 00       		.byte	0
 1308 0500 00       		.byte	0
 1309 0501 00       		.byte	0
 1310 0502 00       		.byte	0
 1311 0503 00       		.byte	0
ARM GAS  C:\Users\Joe\AppData\Local\Temp\ccRR1B5H.s 			page 24


 1312 0504 00       		.byte	0
 1313 0505 00       		.byte	0
 1314 0506 00       		.byte	0
 1315 0507 00       		.byte	0
 1316 0508 00       		.byte	0
 1317 0509 00       		.byte	0
 1318 050a 00       		.byte	0
 1319 050b 00       		.byte	0
 1320 050c 00       		.byte	0
 1321 050d 00       		.byte	0
 1322 050e 00       		.byte	0
 1323 050f 00       		.byte	0
 1324 0510 00       		.byte	0
 1325 0511 00       		.byte	0
 1326 0512 00       		.byte	0
 1327 0513 00       		.byte	0
 1328 0514 00       		.byte	0
 1329 0515 00       		.byte	0
 1330 0516 00       		.byte	0
 1331 0517 00       		.byte	0
 1332 0518 00       		.byte	0
 1333 0519 00       		.byte	0
 1334 051a 00       		.byte	0
 1335 051b 00       		.byte	0
 1336 051c 00       		.byte	0
 1337 051d 00       		.byte	0
 1338 051e 00       		.byte	0
 1339 051f 00       		.byte	0
 1340 0520 00       		.byte	0
 1341 0521 00       		.byte	0
 1342 0522 00       		.byte	0
 1343 0523 00       		.byte	0
 1344 0524 00       		.byte	0
 1345 0525 00       		.byte	0
 1346 0526 00       		.byte	0
 1347 0527 00       		.byte	0
 1348 0528 00       		.byte	0
 1349 0529 00       		.byte	0
 1350 052a 00       		.byte	0
 1351 052b 00       		.byte	0
 1352 052c 00       		.byte	0
 1353 052d 00       		.byte	0
 1354 052e 00       		.byte	0
 1355 052f 00       		.byte	0
 1356 0530 00       		.byte	0
 1357 0531 00       		.byte	0
 1358 0532 00       		.byte	0
 1359 0533 00       		.byte	0
 1360 0534 00       		.byte	0
 1361 0535 00       		.byte	0
 1362 0536 00       		.byte	0
 1363 0537 00       		.byte	0
 1364 0538 00       		.byte	0
 1365 0539 00       		.byte	0
 1366 053a 00       		.byte	0
 1367 053b 00       		.byte	0
 1368 053c 00       		.byte	0
ARM GAS  C:\Users\Joe\AppData\Local\Temp\ccRR1B5H.s 			page 25


 1369 053d 00       		.byte	0
 1370 053e 00       		.byte	0
 1371 053f 00       		.byte	0
 1372 0540 00       		.byte	0
 1373 0541 00       		.byte	0
 1374 0542 00       		.byte	0
 1375 0543 00       		.byte	0
 1376 0544 00       		.byte	0
 1377 0545 00       		.byte	0
 1378 0546 00       		.byte	0
 1379 0547 00       		.byte	0
 1380 0548 00       		.byte	0
 1381 0549 00       		.byte	0
 1382 054a 00       		.byte	0
 1383 054b 00       		.byte	0
 1384 054c 00       		.byte	0
 1385 054d 00       		.byte	0
 1386 054e 00       		.byte	0
 1387 054f 00       		.byte	0
 1388 0550 00       		.byte	0
 1389 0551 00       		.byte	0
 1390 0552 00       		.byte	0
 1391 0553 00       		.byte	0
 1392 0554 00       		.byte	0
 1393 0555 00       		.byte	0
 1394 0556 00       		.byte	0
 1395 0557 00       		.byte	0
 1396 0558 00       		.byte	0
 1397 0559 00       		.byte	0
 1398 055a 00       		.byte	0
 1399 055b 00       		.byte	0
 1400 055c 00       		.byte	0
 1401 055d 00       		.byte	0
 1402 055e 00       		.byte	0
 1403 055f 00       		.byte	0
 1404 0560 00       		.byte	0
 1405 0561 00       		.byte	0
 1406 0562 00       		.byte	0
 1407 0563 00       		.byte	0
 1408 0564 00       		.byte	0
 1409 0565 00       		.byte	0
 1410 0566 00       		.byte	0
 1411 0567 00       		.byte	0
 1412 0568 00       		.byte	0
 1413 0569 00       		.byte	0
 1414 056a 00       		.byte	0
 1415 056b 00       		.byte	0
 1416 056c 00       		.byte	0
 1417 056d 00       		.byte	0
 1418 056e 00       		.byte	0
 1419 056f 00       		.byte	0
 1420 0570 00       		.byte	0
 1421 0571 00       		.byte	0
 1422 0572 00       		.byte	0
 1423 0573 00       		.byte	0
 1424 0574 00       		.byte	0
 1425 0575 00       		.byte	0
ARM GAS  C:\Users\Joe\AppData\Local\Temp\ccRR1B5H.s 			page 26


 1426 0576 00       		.byte	0
 1427 0577 00       		.byte	0
 1428 0578 00       		.byte	0
 1429 0579 00       		.byte	0
 1430 057a 00       		.byte	0
 1431 057b 00       		.byte	0
 1432 057c 00       		.byte	0
 1433 057d 00       		.byte	0
 1434 057e 00       		.byte	0
 1435 057f 00       		.byte	0
 1436 0580 00       		.byte	0
 1437 0581 00       		.byte	0
 1438 0582 00       		.byte	0
 1439 0583 00       		.byte	0
 1440 0584 10       		.byte	16
 1441 0585 00       		.byte	0
 1442 0586 00       		.byte	0
 1443 0587 00       		.byte	0
 1444 0588 00       		.byte	0
 1445 0589 00       		.byte	0
 1446 058a 00       		.byte	0
 1447 058b 00       		.byte	0
 1448 058c 00       		.byte	0
 1449 058d 00       		.byte	0
 1450 058e 00       		.byte	0
 1451 058f 00       		.byte	0
 1452 0590 00       		.byte	0
 1453 0591 00       		.byte	0
 1454 0592 00       		.byte	0
 1455 0593 00       		.byte	0
 1456 0594 00       		.byte	0
 1457 0595 00       		.byte	0
 1458 0596 00       		.byte	0
 1459 0597 00       		.byte	0
 1460 0598 00       		.byte	0
 1461 0599 00       		.byte	0
 1462 059a 00       		.byte	0
 1463 059b 00       		.byte	0
 1464 059c 00       		.byte	0
 1465 059d 00       		.byte	0
 1466 059e 00       		.byte	0
 1467 059f 00       		.byte	0
 1468 05a0 00       		.byte	0
 1469 05a1 00       		.byte	0
 1470 05a2 00       		.byte	0
 1471 05a3 00       		.byte	0
 1472 05a4 00       		.byte	0
 1473 05a5 00       		.byte	0
 1474 05a6 00       		.byte	0
 1475 05a7 00       		.byte	0
 1476 05a8 00       		.byte	0
 1477 05a9 00       		.byte	0
 1478 05aa 00       		.byte	0
 1479 05ab 00       		.byte	0
 1480 05ac 00       		.byte	0
 1481 05ad 00       		.byte	0
 1482 05ae 00       		.byte	0
ARM GAS  C:\Users\Joe\AppData\Local\Temp\ccRR1B5H.s 			page 27


 1483 05af 00       		.byte	0
 1484 05b0 00       		.byte	0
 1485 05b1 00       		.byte	0
 1486 05b2 00       		.byte	0
 1487 05b3 00       		.byte	0
 1488 05b4 00       		.byte	0
 1489 05b5 00       		.byte	0
 1490 05b6 00       		.byte	0
 1491 05b7 00       		.byte	0
 1492 05b8 00       		.byte	0
 1493 05b9 0B       		.byte	11
 1494 05ba 0B       		.byte	11
 1495 05bb 00       		.byte	0
 1496 05bc 00       		.byte	0
 1497 05bd 00       		.byte	0
 1498 05be 00       		.byte	0
 1499 05bf 00       		.byte	0
 1500 05c0 00       		.byte	0
 1501 05c1 02       		.byte	2
 1502 05c2 02       		.byte	2
 1503 05c3 02       		.byte	2
 1504 05c4 00       		.byte	0
 1505 05c5 00       		.byte	0
 1506 05c6 00       		.byte	0
 1507 05c7 00       		.byte	0
 1508              		.section	.cywolatch,"a",%progbits
 1509              		.type	cy_meta_wonvl, %object
 1510              		.size	cy_meta_wonvl, 4
 1511              	cy_meta_wonvl:
 1512 0000 BC       		.byte	-68
 1513 0001 90       		.byte	-112
 1514 0002 AC       		.byte	-84
 1515 0003 AF       		.byte	-81
 1516              		.section	.cycustnvl,"a",%progbits
 1517              		.type	cy_meta_custnvl, %object
 1518              		.size	cy_meta_custnvl, 4
 1519              	cy_meta_custnvl:
 1520 0000 00       		.byte	0
 1521 0001 00       		.byte	0
 1522 0002 40       		.byte	64
 1523 0003 05       		.byte	5
 1524              		.section	.cymeta,"a",%progbits
 1525              		.type	cy_metadata, %object
 1526              		.size	cy_metadata, 12
 1527              	cy_metadata:
 1528 0000 00       		.byte	0
 1529 0001 01       		.byte	1
 1530 0002 2E       		.byte	46
 1531 0003 16       		.byte	22
 1532 0004 10       		.byte	16
 1533 0005 69       		.byte	105
 1534 0006 00       		.byte	0
 1535 0007 01       		.byte	1
 1536 0008 00       		.byte	0
 1537 0009 00       		.byte	0
 1538 000a 00       		.byte	0
 1539 000b 00       		.byte	0
ARM GAS  C:\Users\Joe\AppData\Local\Temp\ccRR1B5H.s 			page 28


 1540              		.section	.cyflashprotect,"a",%progbits
 1541              		.type	cy_meta_flashprotect, %object
 1542              		.size	cy_meta_flashprotect, 256
 1543              	cy_meta_flashprotect:
 1544 0000 00000000 		.space	256
 1544      00000000 
 1544      00000000 
 1544      00000000 
 1544      00000000 
 1545              		.text
 1546              	.Letext0:
 1547              		.file 1 "c:\\program files (x86)\\cypress\\psoc creator\\4.2\\psoc creator\\import\\gnu\\arm\\5.4.
 1548              		.file 2 "c:\\program files (x86)\\cypress\\psoc creator\\4.2\\psoc creator\\import\\gnu\\arm\\5.4.
 1549              		.file 3 "Generated_Source\\PSoC5\\cymetadata.c"
 1550              		.section	.debug_info,"",%progbits
 1551              	.Ldebug_info0:
 1552 0000 33010000 		.4byte	0x133
 1553 0004 0400     		.2byte	0x4
 1554 0006 00000000 		.4byte	.Ldebug_abbrev0
 1555 000a 04       		.byte	0x4
 1556 000b 01       		.uleb128 0x1
 1557 000c 84000000 		.4byte	.LASF17
 1558 0010 0C       		.byte	0xc
 1559 0011 F2010000 		.4byte	.LASF18
 1560 0015 67010000 		.4byte	.LASF19
 1561 0019 00000000 		.4byte	.Ldebug_line0
 1562 001d 02       		.uleb128 0x2
 1563 001e 01       		.byte	0x1
 1564 001f 06       		.byte	0x6
 1565 0020 16000000 		.4byte	.LASF0
 1566 0024 03       		.uleb128 0x3
 1567 0025 00000000 		.4byte	.LASF9
 1568 0029 01       		.byte	0x1
 1569 002a 1D       		.byte	0x1d
 1570 002b 2F000000 		.4byte	0x2f
 1571 002f 02       		.uleb128 0x2
 1572 0030 01       		.byte	0x1
 1573 0031 08       		.byte	0x8
 1574 0032 22000000 		.4byte	.LASF1
 1575 0036 02       		.uleb128 0x2
 1576 0037 02       		.byte	0x2
 1577 0038 05       		.byte	0x5
 1578 0039 54010000 		.4byte	.LASF2
 1579 003d 02       		.uleb128 0x2
 1580 003e 02       		.byte	0x2
 1581 003f 07       		.byte	0x7
 1582 0040 42000000 		.4byte	.LASF3
 1583 0044 02       		.uleb128 0x2
 1584 0045 04       		.byte	0x4
 1585 0046 05       		.byte	0x5
 1586 0047 5E010000 		.4byte	.LASF4
 1587 004b 02       		.uleb128 0x2
 1588 004c 04       		.byte	0x4
 1589 004d 07       		.byte	0x7
 1590 004e 30000000 		.4byte	.LASF5
 1591 0052 02       		.uleb128 0x2
 1592 0053 08       		.byte	0x8
ARM GAS  C:\Users\Joe\AppData\Local\Temp\ccRR1B5H.s 			page 29


 1593 0054 05       		.byte	0x5
 1594 0055 46010000 		.4byte	.LASF6
 1595 0059 02       		.uleb128 0x2
 1596 005a 08       		.byte	0x8
 1597 005b 07       		.byte	0x7
 1598 005c DB010000 		.4byte	.LASF7
 1599 0060 04       		.uleb128 0x4
 1600 0061 04       		.byte	0x4
 1601 0062 05       		.byte	0x5
 1602 0063 696E7400 		.ascii	"int\000"
 1603 0067 02       		.uleb128 0x2
 1604 0068 04       		.byte	0x4
 1605 0069 07       		.byte	0x7
 1606 006a 77000000 		.4byte	.LASF8
 1607 006e 03       		.uleb128 0x3
 1608 006f 12010000 		.4byte	.LASF10
 1609 0073 02       		.byte	0x2
 1610 0074 18       		.byte	0x18
 1611 0075 24000000 		.4byte	0x24
 1612 0079 05       		.uleb128 0x5
 1613 007a 91000000 		.4byte	0x91
 1614 007e 8A000000 		.4byte	0x8a
 1615 0082 06       		.uleb128 0x6
 1616 0083 8A000000 		.4byte	0x8a
 1617 0087 C705     		.2byte	0x5c7
 1618 0089 00       		.byte	0
 1619 008a 02       		.uleb128 0x2
 1620 008b 04       		.byte	0x4
 1621 008c 07       		.byte	0x7
 1622 008d 3D010000 		.4byte	.LASF11
 1623 0091 07       		.uleb128 0x7
 1624 0092 6E000000 		.4byte	0x6e
 1625 0096 08       		.uleb128 0x8
 1626 0097 65000000 		.4byte	.LASF12
 1627 009b 03       		.byte	0x3
 1628 009c 1F       		.byte	0x1f
 1629 009d A7000000 		.4byte	0xa7
 1630 00a1 05       		.uleb128 0x5
 1631 00a2 03       		.byte	0x3
 1632 00a3 00000000 		.4byte	cy_meta_configecc
 1633 00a7 07       		.uleb128 0x7
 1634 00a8 79000000 		.4byte	0x79
 1635 00ac 05       		.uleb128 0x5
 1636 00ad 91000000 		.4byte	0x91
 1637 00b1 BC000000 		.4byte	0xbc
 1638 00b5 09       		.uleb128 0x9
 1639 00b6 8A000000 		.4byte	0x8a
 1640 00ba 03       		.byte	0x3
 1641 00bb 00       		.byte	0
 1642 00bc 08       		.uleb128 0x8
 1643 00bd 55000000 		.4byte	.LASF13
 1644 00c1 03       		.byte	0x3
 1645 00c2 E5       		.byte	0xe5
 1646 00c3 CD000000 		.4byte	0xcd
 1647 00c7 05       		.uleb128 0x5
 1648 00c8 03       		.byte	0x3
 1649 00c9 00000000 		.4byte	cy_meta_custnvl
ARM GAS  C:\Users\Joe\AppData\Local\Temp\ccRR1B5H.s 			page 30


 1650 00cd 07       		.uleb128 0x7
 1651 00ce AC000000 		.4byte	0xac
 1652 00d2 08       		.uleb128 0x8
 1653 00d3 2F010000 		.4byte	.LASF14
 1654 00d7 03       		.byte	0x3
 1655 00d8 F3       		.byte	0xf3
 1656 00d9 E3000000 		.4byte	0xe3
 1657 00dd 05       		.uleb128 0x5
 1658 00de 03       		.byte	0x3
 1659 00df 00000000 		.4byte	cy_meta_wonvl
 1660 00e3 07       		.uleb128 0x7
 1661 00e4 AC000000 		.4byte	0xac
 1662 00e8 05       		.uleb128 0x5
 1663 00e9 91000000 		.4byte	0x91
 1664 00ed F8000000 		.4byte	0xf8
 1665 00f1 09       		.uleb128 0x9
 1666 00f2 8A000000 		.4byte	0x8a
 1667 00f6 FF       		.byte	0xff
 1668 00f7 00       		.byte	0
 1669 00f8 0A       		.uleb128 0xa
 1670 00f9 1A010000 		.4byte	.LASF15
 1671 00fd 03       		.byte	0x3
 1672 00fe 0101     		.2byte	0x101
 1673 0100 0A010000 		.4byte	0x10a
 1674 0104 05       		.uleb128 0x5
 1675 0105 03       		.byte	0x3
 1676 0106 00000000 		.4byte	cy_meta_flashprotect
 1677 010a 07       		.uleb128 0x7
 1678 010b E8000000 		.4byte	0xe8
 1679 010f 05       		.uleb128 0x5
 1680 0110 91000000 		.4byte	0x91
 1681 0114 1F010000 		.4byte	0x11f
 1682 0118 09       		.uleb128 0x9
 1683 0119 8A000000 		.4byte	0x8a
 1684 011d 0B       		.byte	0xb
 1685 011e 00       		.byte	0
 1686 011f 0A       		.uleb128 0xa
 1687 0120 0A000000 		.4byte	.LASF16
 1688 0124 03       		.byte	0x3
 1689 0125 2E01     		.2byte	0x12e
 1690 0127 31010000 		.4byte	0x131
 1691 012b 05       		.uleb128 0x5
 1692 012c 03       		.byte	0x3
 1693 012d 00000000 		.4byte	cy_metadata
 1694 0131 07       		.uleb128 0x7
 1695 0132 0F010000 		.4byte	0x10f
 1696 0136 00       		.byte	0
 1697              		.section	.debug_abbrev,"",%progbits
 1698              	.Ldebug_abbrev0:
 1699 0000 01       		.uleb128 0x1
 1700 0001 11       		.uleb128 0x11
 1701 0002 01       		.byte	0x1
 1702 0003 25       		.uleb128 0x25
 1703 0004 0E       		.uleb128 0xe
 1704 0005 13       		.uleb128 0x13
 1705 0006 0B       		.uleb128 0xb
 1706 0007 03       		.uleb128 0x3
ARM GAS  C:\Users\Joe\AppData\Local\Temp\ccRR1B5H.s 			page 31


 1707 0008 0E       		.uleb128 0xe
 1708 0009 1B       		.uleb128 0x1b
 1709 000a 0E       		.uleb128 0xe
 1710 000b 10       		.uleb128 0x10
 1711 000c 17       		.uleb128 0x17
 1712 000d 00       		.byte	0
 1713 000e 00       		.byte	0
 1714 000f 02       		.uleb128 0x2
 1715 0010 24       		.uleb128 0x24
 1716 0011 00       		.byte	0
 1717 0012 0B       		.uleb128 0xb
 1718 0013 0B       		.uleb128 0xb
 1719 0014 3E       		.uleb128 0x3e
 1720 0015 0B       		.uleb128 0xb
 1721 0016 03       		.uleb128 0x3
 1722 0017 0E       		.uleb128 0xe
 1723 0018 00       		.byte	0
 1724 0019 00       		.byte	0
 1725 001a 03       		.uleb128 0x3
 1726 001b 16       		.uleb128 0x16
 1727 001c 00       		.byte	0
 1728 001d 03       		.uleb128 0x3
 1729 001e 0E       		.uleb128 0xe
 1730 001f 3A       		.uleb128 0x3a
 1731 0020 0B       		.uleb128 0xb
 1732 0021 3B       		.uleb128 0x3b
 1733 0022 0B       		.uleb128 0xb
 1734 0023 49       		.uleb128 0x49
 1735 0024 13       		.uleb128 0x13
 1736 0025 00       		.byte	0
 1737 0026 00       		.byte	0
 1738 0027 04       		.uleb128 0x4
 1739 0028 24       		.uleb128 0x24
 1740 0029 00       		.byte	0
 1741 002a 0B       		.uleb128 0xb
 1742 002b 0B       		.uleb128 0xb
 1743 002c 3E       		.uleb128 0x3e
 1744 002d 0B       		.uleb128 0xb
 1745 002e 03       		.uleb128 0x3
 1746 002f 08       		.uleb128 0x8
 1747 0030 00       		.byte	0
 1748 0031 00       		.byte	0
 1749 0032 05       		.uleb128 0x5
 1750 0033 01       		.uleb128 0x1
 1751 0034 01       		.byte	0x1
 1752 0035 49       		.uleb128 0x49
 1753 0036 13       		.uleb128 0x13
 1754 0037 01       		.uleb128 0x1
 1755 0038 13       		.uleb128 0x13
 1756 0039 00       		.byte	0
 1757 003a 00       		.byte	0
 1758 003b 06       		.uleb128 0x6
 1759 003c 21       		.uleb128 0x21
 1760 003d 00       		.byte	0
 1761 003e 49       		.uleb128 0x49
 1762 003f 13       		.uleb128 0x13
 1763 0040 2F       		.uleb128 0x2f
ARM GAS  C:\Users\Joe\AppData\Local\Temp\ccRR1B5H.s 			page 32


 1764 0041 05       		.uleb128 0x5
 1765 0042 00       		.byte	0
 1766 0043 00       		.byte	0
 1767 0044 07       		.uleb128 0x7
 1768 0045 26       		.uleb128 0x26
 1769 0046 00       		.byte	0
 1770 0047 49       		.uleb128 0x49
 1771 0048 13       		.uleb128 0x13
 1772 0049 00       		.byte	0
 1773 004a 00       		.byte	0
 1774 004b 08       		.uleb128 0x8
 1775 004c 34       		.uleb128 0x34
 1776 004d 00       		.byte	0
 1777 004e 03       		.uleb128 0x3
 1778 004f 0E       		.uleb128 0xe
 1779 0050 3A       		.uleb128 0x3a
 1780 0051 0B       		.uleb128 0xb
 1781 0052 3B       		.uleb128 0x3b
 1782 0053 0B       		.uleb128 0xb
 1783 0054 49       		.uleb128 0x49
 1784 0055 13       		.uleb128 0x13
 1785 0056 3F       		.uleb128 0x3f
 1786 0057 19       		.uleb128 0x19
 1787 0058 02       		.uleb128 0x2
 1788 0059 18       		.uleb128 0x18
 1789 005a 00       		.byte	0
 1790 005b 00       		.byte	0
 1791 005c 09       		.uleb128 0x9
 1792 005d 21       		.uleb128 0x21
 1793 005e 00       		.byte	0
 1794 005f 49       		.uleb128 0x49
 1795 0060 13       		.uleb128 0x13
 1796 0061 2F       		.uleb128 0x2f
 1797 0062 0B       		.uleb128 0xb
 1798 0063 00       		.byte	0
 1799 0064 00       		.byte	0
 1800 0065 0A       		.uleb128 0xa
 1801 0066 34       		.uleb128 0x34
 1802 0067 00       		.byte	0
 1803 0068 03       		.uleb128 0x3
 1804 0069 0E       		.uleb128 0xe
 1805 006a 3A       		.uleb128 0x3a
 1806 006b 0B       		.uleb128 0xb
 1807 006c 3B       		.uleb128 0x3b
 1808 006d 05       		.uleb128 0x5
 1809 006e 49       		.uleb128 0x49
 1810 006f 13       		.uleb128 0x13
 1811 0070 3F       		.uleb128 0x3f
 1812 0071 19       		.uleb128 0x19
 1813 0072 02       		.uleb128 0x2
 1814 0073 18       		.uleb128 0x18
 1815 0074 00       		.byte	0
 1816 0075 00       		.byte	0
 1817 0076 00       		.byte	0
 1818              		.section	.debug_aranges,"",%progbits
 1819 0000 14000000 		.4byte	0x14
 1820 0004 0200     		.2byte	0x2
ARM GAS  C:\Users\Joe\AppData\Local\Temp\ccRR1B5H.s 			page 33


 1821 0006 00000000 		.4byte	.Ldebug_info0
 1822 000a 04       		.byte	0x4
 1823 000b 00       		.byte	0
 1824 000c 0000     		.2byte	0
 1825 000e 0000     		.2byte	0
 1826 0010 00000000 		.4byte	0
 1827 0014 00000000 		.4byte	0
 1828              		.section	.debug_line,"",%progbits
 1829              	.Ldebug_line0:
 1830 0000 3D010000 		.section	.debug_str,"MS",%progbits,1
 1830      02003701 
 1830      00000201 
 1830      FB0E0D00 
 1830      01010101 
 1831              	.LASF9:
 1832 0000 5F5F7569 		.ascii	"__uint8_t\000"
 1832      6E74385F 
 1832      7400
 1833              	.LASF16:
 1834 000a 63795F6D 		.ascii	"cy_metadata\000"
 1834      65746164 
 1834      61746100 
 1835              	.LASF0:
 1836 0016 7369676E 		.ascii	"signed char\000"
 1836      65642063 
 1836      68617200 
 1837              	.LASF1:
 1838 0022 756E7369 		.ascii	"unsigned char\000"
 1838      676E6564 
 1838      20636861 
 1838      7200
 1839              	.LASF5:
 1840 0030 6C6F6E67 		.ascii	"long unsigned int\000"
 1840      20756E73 
 1840      69676E65 
 1840      6420696E 
 1840      7400
 1841              	.LASF3:
 1842 0042 73686F72 		.ascii	"short unsigned int\000"
 1842      7420756E 
 1842      7369676E 
 1842      65642069 
 1842      6E7400
 1843              	.LASF13:
 1844 0055 63795F6D 		.ascii	"cy_meta_custnvl\000"
 1844      6574615F 
 1844      63757374 
 1844      6E766C00 
 1845              	.LASF12:
 1846 0065 63795F6D 		.ascii	"cy_meta_configecc\000"
 1846      6574615F 
 1846      636F6E66 
 1846      69676563 
 1846      6300
 1847              	.LASF8:
 1848 0077 756E7369 		.ascii	"unsigned int\000"
 1848      676E6564 
ARM GAS  C:\Users\Joe\AppData\Local\Temp\ccRR1B5H.s 			page 34


 1848      20696E74 
 1848      00
 1849              	.LASF17:
 1850 0084 474E5520 		.ascii	"GNU C11 5.4.1 20160609 (release) [ARM/embedded-5-br"
 1850      43313120 
 1850      352E342E 
 1850      31203230 
 1850      31363036 
 1851 00b7 616E6368 		.ascii	"anch revision 237715] -mcpu=cortex-m3 -mthumb -g -O"
 1851      20726576 
 1851      6973696F 
 1851      6E203233 
 1851      37373135 
 1852 00ea 73202D66 		.ascii	"s -ffunction-sections -ffat-lto-objects\000"
 1852      66756E63 
 1852      74696F6E 
 1852      2D736563 
 1852      74696F6E 
 1853              	.LASF10:
 1854 0112 75696E74 		.ascii	"uint8_t\000"
 1854      385F7400 
 1855              	.LASF15:
 1856 011a 63795F6D 		.ascii	"cy_meta_flashprotect\000"
 1856      6574615F 
 1856      666C6173 
 1856      6870726F 
 1856      74656374 
 1857              	.LASF14:
 1858 012f 63795F6D 		.ascii	"cy_meta_wonvl\000"
 1858      6574615F 
 1858      776F6E76 
 1858      6C00
 1859              	.LASF11:
 1860 013d 73697A65 		.ascii	"sizetype\000"
 1860      74797065 
 1860      00
 1861              	.LASF6:
 1862 0146 6C6F6E67 		.ascii	"long long int\000"
 1862      206C6F6E 
 1862      6720696E 
 1862      7400
 1863              	.LASF2:
 1864 0154 73686F72 		.ascii	"short int\000"
 1864      7420696E 
 1864      7400
 1865              	.LASF4:
 1866 015e 6C6F6E67 		.ascii	"long int\000"
 1866      20696E74 
 1866      00
 1867              	.LASF19:
 1868 0167 443A5C44 		.ascii	"D:\\Documents\\DPEA_Projects\\RpiMIB\\InteruptTimer"
 1868      6F63756D 
 1868      656E7473 
 1868      5C445045 
 1868      415F5072 
 1869 0196 5C434531 		.ascii	"\\CE195352_PSoC_5LP_Blinking_LED\\CE195352_PSoC_5LP"
 1869      39353335 
ARM GAS  C:\Users\Joe\AppData\Local\Temp\ccRR1B5H.s 			page 35


 1869      325F5053 
 1869      6F435F35 
 1869      4C505F42 
 1870 01c7 5F426C69 		.ascii	"_Blinking_LED.cydsn\000"
 1870      6E6B696E 
 1870      675F4C45 
 1870      442E6379 
 1870      64736E00 
 1871              	.LASF7:
 1872 01db 6C6F6E67 		.ascii	"long long unsigned int\000"
 1872      206C6F6E 
 1872      6720756E 
 1872      7369676E 
 1872      65642069 
 1873              	.LASF18:
 1874 01f2 47656E65 		.ascii	"Generated_Source\\PSoC5\\cymetadata.c\000"
 1874      72617465 
 1874      645F536F 
 1874      75726365 
 1874      5C50536F 
 1875              		.ident	"GCC: (GNU Tools for ARM Embedded Processors) 5.4.1 20160609 (release) [ARM/embedded-5-bran
