--------------- Build Started: 04/18/2018 22:27:25 Project: CE195352_PSoC_5LP_Blinking_LED, Configuration: ARM GCC 5.4-2016-q2-update Release ---------------
cydsfit.exe -.appdatapath "C:\Users\Joe\AppData\Local\Cypress Semiconductor\PSoC Creator\4.2" -.fdsnotice -.fdswarpdepfile=warp_dependencies.txt -.fdselabdepfile=elab_dependencies.txt -.fdsbldfile=generated_files.txt -.fdsreffile=referenced_files.txt -p D:\Documents\DPEA_Projects\RpiMIB\InteruptTimer\CE195352_PSoC_5LP_Blinking_LED\CE195352_PSoC_5LP_Blinking_LED.cydsn\CE195352_PSoC_5LP_Blinking_LED.cyprj -d CY8C5888LTI-LP097 -s D:\Documents\DPEA_Projects\RpiMIB\InteruptTimer\CE195352_PSoC_5LP_Blinking_LED\CE195352_PSoC_5LP_Blinking_LED.cydsn\Generated_Source\PSoC5 -- -yv2 -q10 -ygs -o2 -v3 -.fftcfgtype=LE
Elaborating Design...
HDL Generation...
Synthesis...
Tech Mapping...
Analog Placement...
Analog Routing...
Analog Code Generation...
Digital Placement...
Digital Routing...
Bitstream Generation...
Bitstream Verification...
Static timing analysis...
API Generation...
Dependency Generation...
Cleanup...
arm-none-eabi-gcc.exe -mcpu=cortex-m3 -mthumb -I. -IGenerated_Source\PSoC5 -Wa,-alh=.\ARM_GCC_541\Release/main.lst -g -D NDEBUG -ffunction-sections -ffat-lto-objects -Os -c main.c -o .\ARM_GCC_541\Release\main.o
arm-none-eabi-gcc.exe -mcpu=cortex-m3 -mthumb -I. -IGenerated_Source\PSoC5 -Wa,-alh=.\ARM_GCC_541\Release/Timer.lst -g -D NDEBUG -ffunction-sections -ffat-lto-objects -Os -c Generated_Source\PSoC5\Timer.c -o .\ARM_GCC_541\Release\Timer.o
arm-none-eabi-gcc.exe -mcpu=cortex-m3 -mthumb -I. -IGenerated_Source\PSoC5 -Wa,-alh=.\ARM_GCC_541\Release/Timer_PM.lst -g -D NDEBUG -ffunction-sections -ffat-lto-objects -Os -c Generated_Source\PSoC5\Timer_PM.c -o .\ARM_GCC_541\Release\Timer_PM.o
arm-none-eabi-ar.exe -rs .\ARM_GCC_541\Release\CE195352_PSoC_5LP_Blinking_LED.a .\ARM_GCC_541\Release\PWM_Out.o .\ARM_GCC_541\Release\CyDmac.o .\ARM_GCC_541\Release\CyFlash.o .\ARM_GCC_541\Release\CyLib.o .\ARM_GCC_541\Release\cyPm.o .\ARM_GCC_541\Release\CySpc.o .\ARM_GCC_541\Release\cyutils.o .\ARM_GCC_541\Release\cy_em_eeprom.o .\ARM_GCC_541\Release\isr_1.o .\ARM_GCC_541\Release\Timer.o .\ARM_GCC_541\Release\Timer_PM.o .\ARM_GCC_541\Release\CyBootAsmGnu.o
arm-none-eabi-ar.exe: creating .\ARM_GCC_541\Release\CE195352_PSoC_5LP_Blinking_LED.a
arm-none-eabi-gcc.exe -Wl,--start-group -o D:\Documents\DPEA_Projects\RpiMIB\InteruptTimer\CE195352_PSoC_5LP_Blinking_LED\CE195352_PSoC_5LP_Blinking_LED.cydsn\ARM_GCC_541\Release\CE195352_PSoC_5LP_Blinking_LED.elf .\ARM_GCC_541\Release\main.o .\ARM_GCC_541\Release\cyfitter_cfg.o .\ARM_GCC_541\Release\cymetadata.o .\ARM_GCC_541\Release\Cm3Start.o .\ARM_GCC_541\Release\CE195352_PSoC_5LP_Blinking_LED.a "C:\Program Files (x86)\Cypress\PSoC Creator\4.2\PSoC Creator\psoc\content\cycomponentlibrary\CyComponentLibrary.cylib\CortexM3\ARM_GCC_541\Release\CyComponentLibrary.a" -mcpu=cortex-m3 -mthumb -L Generated_Source\PSoC5 -Wl,-Map,.\ARM_GCC_541\Release/CE195352_PSoC_5LP_Blinking_LED.map -T Generated_Source\PSoC5\cm3gcc.ld -specs=nano.specs -Wl,--gc-sections -g -ffunction-sections -Os -ffat-lto-objects -Wl,--end-group
cyelftool.exe -C D:\Documents\DPEA_Projects\RpiMIB\InteruptTimer\CE195352_PSoC_5LP_Blinking_LED\CE195352_PSoC_5LP_Blinking_LED.cydsn\ARM_GCC_541\Release\CE195352_PSoC_5LP_Blinking_LED.elf --flash_row_size 256 --flash_size 262144 --flash_offset 0x00000000
No ELF section .cychecksum found, creating one
Application checksum calculated and stored in ELF section .cychecksum
Checksum calculated and stored in ELF section .cymeta
cyelftool.exe -S D:\Documents\DPEA_Projects\RpiMIB\InteruptTimer\CE195352_PSoC_5LP_Blinking_LED\CE195352_PSoC_5LP_Blinking_LED.cydsn\ARM_GCC_541\Release\CE195352_PSoC_5LP_Blinking_LED.elf
Flash used: 2016 of 262144 bytes (0.8%).
SRAM used: 2513 of 65536 bytes (3.8%). Stack: 2048 bytes. Heap: 128 bytes.
--------------- Build Succeeded: 04/18/2018 22:27:50 ---------------
