ARM GAS  C:\Users\HARLOW~1\AppData\Local\Temp\ccIX5wfX.s 			page 1


   1              		.syntax unified
   2              		.cpu cortex-m3
   3              		.fpu softvfp
   4              		.eabi_attribute 20, 1
   5              		.eabi_attribute 21, 1
   6              		.eabi_attribute 23, 3
   7              		.eabi_attribute 24, 1
   8              		.eabi_attribute 25, 1
   9              		.eabi_attribute 26, 1
  10              		.eabi_attribute 30, 4
  11              		.eabi_attribute 34, 1
  12              		.eabi_attribute 18, 4
  13              		.thumb
  14              		.syntax unified
  15              		.file	"SPIS_PM.c"
  16              		.text
  17              	.Ltext0:
  18              		.cfi_sections	.debug_frame
  19              		.section	.text.SPIS_SaveConfig,"ax",%progbits
  20              		.align	1
  21              		.global	SPIS_SaveConfig
  22              		.thumb
  23              		.thumb_func
  24              		.type	SPIS_SaveConfig, %function
  25              	SPIS_SaveConfig:
  26              	.LFB5:
  27              		.cfi_startproc
  28              		@ args = 0, pretend = 0, frame = 0
  29              		@ frame_needed = 0, uses_anonymous_args = 0
  30              		@ link register save eliminated.
  31 0000 7047     		bx	lr
  32              		.cfi_endproc
  33              	.LFE5:
  34              		.size	SPIS_SaveConfig, .-SPIS_SaveConfig
  35              		.section	.text.SPIS_RestoreConfig,"ax",%progbits
  36              		.align	1
  37              		.global	SPIS_RestoreConfig
  38              		.thumb
  39              		.thumb_func
  40              		.type	SPIS_RestoreConfig, %function
  41              	SPIS_RestoreConfig:
  42              	.LFB1:
  43              		.file 1 "Generated_Source\\PSoC5\\SPIS_PM.c"
   1:Generated_Source\PSoC5/SPIS_PM.c **** /*******************************************************************************
   2:Generated_Source\PSoC5/SPIS_PM.c **** * File Name: SPIS_PM.c
   3:Generated_Source\PSoC5/SPIS_PM.c **** * Version 2.70
   4:Generated_Source\PSoC5/SPIS_PM.c **** *
   5:Generated_Source\PSoC5/SPIS_PM.c **** * Description:
   6:Generated_Source\PSoC5/SPIS_PM.c **** *  This file contains the setup, control and status commands to support
   7:Generated_Source\PSoC5/SPIS_PM.c **** *  component operations in low power mode.
   8:Generated_Source\PSoC5/SPIS_PM.c **** *
   9:Generated_Source\PSoC5/SPIS_PM.c **** * Note:
  10:Generated_Source\PSoC5/SPIS_PM.c **** *
  11:Generated_Source\PSoC5/SPIS_PM.c **** ********************************************************************************
  12:Generated_Source\PSoC5/SPIS_PM.c **** * Copyright 2008-2015, Cypress Semiconductor Corporation.  All rights reserved.
  13:Generated_Source\PSoC5/SPIS_PM.c **** * You may use this file only in accordance with the license, terms, conditions,
  14:Generated_Source\PSoC5/SPIS_PM.c **** * disclaimers, and limitations in the end user license agreement accompanying
ARM GAS  C:\Users\HARLOW~1\AppData\Local\Temp\ccIX5wfX.s 			page 2


  15:Generated_Source\PSoC5/SPIS_PM.c **** * the software package with which this file was provided.
  16:Generated_Source\PSoC5/SPIS_PM.c **** *******************************************************************************/
  17:Generated_Source\PSoC5/SPIS_PM.c **** 
  18:Generated_Source\PSoC5/SPIS_PM.c **** #include "SPIS_PVT.h"
  19:Generated_Source\PSoC5/SPIS_PM.c **** 
  20:Generated_Source\PSoC5/SPIS_PM.c **** static SPIS_BACKUP_STRUCT SPIS_backup = 
  21:Generated_Source\PSoC5/SPIS_PM.c **** {
  22:Generated_Source\PSoC5/SPIS_PM.c ****     SPIS_DISABLED,
  23:Generated_Source\PSoC5/SPIS_PM.c ****     SPIS_BITCTR_INIT,
  24:Generated_Source\PSoC5/SPIS_PM.c **** };
  25:Generated_Source\PSoC5/SPIS_PM.c **** 
  26:Generated_Source\PSoC5/SPIS_PM.c **** 
  27:Generated_Source\PSoC5/SPIS_PM.c **** /*******************************************************************************
  28:Generated_Source\PSoC5/SPIS_PM.c **** * Function Name: SPIS_SaveConfig
  29:Generated_Source\PSoC5/SPIS_PM.c **** ********************************************************************************
  30:Generated_Source\PSoC5/SPIS_PM.c **** *
  31:Generated_Source\PSoC5/SPIS_PM.c **** * Summary:
  32:Generated_Source\PSoC5/SPIS_PM.c **** *  Empty function. Included for consistency with other components.
  33:Generated_Source\PSoC5/SPIS_PM.c **** *
  34:Generated_Source\PSoC5/SPIS_PM.c **** * Parameters:
  35:Generated_Source\PSoC5/SPIS_PM.c **** *  None.
  36:Generated_Source\PSoC5/SPIS_PM.c **** *
  37:Generated_Source\PSoC5/SPIS_PM.c **** * Return:
  38:Generated_Source\PSoC5/SPIS_PM.c **** *  None.
  39:Generated_Source\PSoC5/SPIS_PM.c **** *
  40:Generated_Source\PSoC5/SPIS_PM.c **** *******************************************************************************/
  41:Generated_Source\PSoC5/SPIS_PM.c **** void SPIS_SaveConfig(void) 
  42:Generated_Source\PSoC5/SPIS_PM.c **** {
  43:Generated_Source\PSoC5/SPIS_PM.c **** 
  44:Generated_Source\PSoC5/SPIS_PM.c **** }
  45:Generated_Source\PSoC5/SPIS_PM.c **** 
  46:Generated_Source\PSoC5/SPIS_PM.c **** 
  47:Generated_Source\PSoC5/SPIS_PM.c **** /*******************************************************************************
  48:Generated_Source\PSoC5/SPIS_PM.c **** * Function Name: SPIS_RestoreConfig
  49:Generated_Source\PSoC5/SPIS_PM.c **** ********************************************************************************
  50:Generated_Source\PSoC5/SPIS_PM.c **** *
  51:Generated_Source\PSoC5/SPIS_PM.c **** * Summary:
  52:Generated_Source\PSoC5/SPIS_PM.c **** *  Empty function. Included for consistency with other components.
  53:Generated_Source\PSoC5/SPIS_PM.c **** *
  54:Generated_Source\PSoC5/SPIS_PM.c **** * Parameters:
  55:Generated_Source\PSoC5/SPIS_PM.c **** *  None.
  56:Generated_Source\PSoC5/SPIS_PM.c **** *
  57:Generated_Source\PSoC5/SPIS_PM.c **** * Return:
  58:Generated_Source\PSoC5/SPIS_PM.c **** *  None.
  59:Generated_Source\PSoC5/SPIS_PM.c **** *
  60:Generated_Source\PSoC5/SPIS_PM.c **** *******************************************************************************/
  61:Generated_Source\PSoC5/SPIS_PM.c **** void SPIS_RestoreConfig(void) 
  62:Generated_Source\PSoC5/SPIS_PM.c **** {
  44              		.loc 1 62 0
  45              		.cfi_startproc
  46              		@ args = 0, pretend = 0, frame = 0
  47              		@ frame_needed = 0, uses_anonymous_args = 0
  48              		@ link register save eliminated.
  49 0000 7047     		bx	lr
  50              		.cfi_endproc
  51              	.LFE1:
  52              		.size	SPIS_RestoreConfig, .-SPIS_RestoreConfig
ARM GAS  C:\Users\HARLOW~1\AppData\Local\Temp\ccIX5wfX.s 			page 3


  53              		.section	.text.SPIS_Sleep,"ax",%progbits
  54              		.align	1
  55              		.global	SPIS_Sleep
  56              		.thumb
  57              		.thumb_func
  58              		.type	SPIS_Sleep, %function
  59              	SPIS_Sleep:
  60              	.LFB2:
  63:Generated_Source\PSoC5/SPIS_PM.c **** 
  64:Generated_Source\PSoC5/SPIS_PM.c **** }
  65:Generated_Source\PSoC5/SPIS_PM.c **** 
  66:Generated_Source\PSoC5/SPIS_PM.c **** 
  67:Generated_Source\PSoC5/SPIS_PM.c **** /*******************************************************************************
  68:Generated_Source\PSoC5/SPIS_PM.c **** * Function Name: SPIS_Sleep
  69:Generated_Source\PSoC5/SPIS_PM.c **** ********************************************************************************
  70:Generated_Source\PSoC5/SPIS_PM.c **** *
  71:Generated_Source\PSoC5/SPIS_PM.c **** * Summary:
  72:Generated_Source\PSoC5/SPIS_PM.c **** *  Prepare SPI Slave Component goes to sleep.
  73:Generated_Source\PSoC5/SPIS_PM.c **** *
  74:Generated_Source\PSoC5/SPIS_PM.c **** * Parameters:
  75:Generated_Source\PSoC5/SPIS_PM.c **** *  None.
  76:Generated_Source\PSoC5/SPIS_PM.c **** *
  77:Generated_Source\PSoC5/SPIS_PM.c **** * Return:
  78:Generated_Source\PSoC5/SPIS_PM.c **** *  None.
  79:Generated_Source\PSoC5/SPIS_PM.c **** *
  80:Generated_Source\PSoC5/SPIS_PM.c **** * Global Variables:
  81:Generated_Source\PSoC5/SPIS_PM.c **** *  SPIS_backup - modified when non-retention registers are saved.
  82:Generated_Source\PSoC5/SPIS_PM.c **** *
  83:Generated_Source\PSoC5/SPIS_PM.c **** * Reentrant:
  84:Generated_Source\PSoC5/SPIS_PM.c **** *  No.
  85:Generated_Source\PSoC5/SPIS_PM.c **** *
  86:Generated_Source\PSoC5/SPIS_PM.c **** *******************************************************************************/
  87:Generated_Source\PSoC5/SPIS_PM.c **** void SPIS_Sleep(void) 
  88:Generated_Source\PSoC5/SPIS_PM.c **** {
  61              		.loc 1 88 0
  62              		.cfi_startproc
  63              		@ args = 0, pretend = 0, frame = 0
  64              		@ frame_needed = 0, uses_anonymous_args = 0
  65              		@ link register save eliminated.
  89:Generated_Source\PSoC5/SPIS_PM.c ****     /* Save components enable state */
  90:Generated_Source\PSoC5/SPIS_PM.c ****     if ((SPIS_TX_STATUS_ACTL_REG & SPIS_INT_ENABLE) != 0u)
  66              		.loc 1 90 0
  67 0000 064B     		ldr	r3, .L7
  68 0002 074A     		ldr	r2, .L7+4
  69 0004 1B78     		ldrb	r3, [r3]	@ zero_extendqisi2
  70 0006 03F01003 		and	r3, r3, #16
  71 000a 03F0FF01 		and	r1, r3, #255
  72 000e 13B1     		cbz	r3, .L4
  91:Generated_Source\PSoC5/SPIS_PM.c ****     {
  92:Generated_Source\PSoC5/SPIS_PM.c ****         SPIS_backup.enableState = 1u;
  73              		.loc 1 92 0
  74 0010 0123     		movs	r3, #1
  75 0012 1370     		strb	r3, [r2]
  76 0014 00E0     		b	.L5
  77              	.L4:
  93:Generated_Source\PSoC5/SPIS_PM.c ****     }
  94:Generated_Source\PSoC5/SPIS_PM.c ****     else /* Components block is disabled */
ARM GAS  C:\Users\HARLOW~1\AppData\Local\Temp\ccIX5wfX.s 			page 4


  95:Generated_Source\PSoC5/SPIS_PM.c ****     {
  96:Generated_Source\PSoC5/SPIS_PM.c ****         SPIS_backup.enableState = 0u;
  78              		.loc 1 96 0
  79 0016 1170     		strb	r1, [r2]
  80              	.L5:
  97:Generated_Source\PSoC5/SPIS_PM.c ****     }
  98:Generated_Source\PSoC5/SPIS_PM.c **** 
  99:Generated_Source\PSoC5/SPIS_PM.c ****     SPIS_Stop();
  81              		.loc 1 99 0
  82 0018 FFF7FEBF 		b	SPIS_Stop
  83              	.LVL0:
  84              	.L8:
  85              		.align	2
  86              	.L7:
  87 001c 96640040 		.word	1073767574
  88 0020 00000000 		.word	.LANCHOR0
  89              		.cfi_endproc
  90              	.LFE2:
  91              		.size	SPIS_Sleep, .-SPIS_Sleep
  92              		.section	.text.SPIS_Wakeup,"ax",%progbits
  93              		.align	1
  94              		.global	SPIS_Wakeup
  95              		.thumb
  96              		.thumb_func
  97              		.type	SPIS_Wakeup, %function
  98              	SPIS_Wakeup:
  99              	.LFB3:
 100:Generated_Source\PSoC5/SPIS_PM.c **** 
 101:Generated_Source\PSoC5/SPIS_PM.c **** }
 102:Generated_Source\PSoC5/SPIS_PM.c **** 
 103:Generated_Source\PSoC5/SPIS_PM.c **** 
 104:Generated_Source\PSoC5/SPIS_PM.c **** /*******************************************************************************
 105:Generated_Source\PSoC5/SPIS_PM.c **** * Function Name: SPIS_Wakeup
 106:Generated_Source\PSoC5/SPIS_PM.c **** ********************************************************************************
 107:Generated_Source\PSoC5/SPIS_PM.c **** *
 108:Generated_Source\PSoC5/SPIS_PM.c **** * Summary:
 109:Generated_Source\PSoC5/SPIS_PM.c **** *  Prepare SPIM Component to wake up.
 110:Generated_Source\PSoC5/SPIS_PM.c **** *
 111:Generated_Source\PSoC5/SPIS_PM.c **** * Parameters:
 112:Generated_Source\PSoC5/SPIS_PM.c **** *  None.
 113:Generated_Source\PSoC5/SPIS_PM.c **** *
 114:Generated_Source\PSoC5/SPIS_PM.c **** * Return:
 115:Generated_Source\PSoC5/SPIS_PM.c **** *  None.
 116:Generated_Source\PSoC5/SPIS_PM.c **** *
 117:Generated_Source\PSoC5/SPIS_PM.c **** * Global Variables:
 118:Generated_Source\PSoC5/SPIS_PM.c **** *  SPIS_backup - used when non-retention registers are restored.
 119:Generated_Source\PSoC5/SPIS_PM.c **** *  SPIS_txBufferWrite - modified every function call - resets to
 120:Generated_Source\PSoC5/SPIS_PM.c **** *  zero.
 121:Generated_Source\PSoC5/SPIS_PM.c **** *  SPIS_txBufferRead - modified every function call - resets to
 122:Generated_Source\PSoC5/SPIS_PM.c **** *  zero.
 123:Generated_Source\PSoC5/SPIS_PM.c **** *  SPIS_rxBufferWrite - modified every function call - resets to
 124:Generated_Source\PSoC5/SPIS_PM.c **** *  zero.
 125:Generated_Source\PSoC5/SPIS_PM.c **** *  SPIS_rxBufferRead - modified every function call - resets to
 126:Generated_Source\PSoC5/SPIS_PM.c **** *  zero.
 127:Generated_Source\PSoC5/SPIS_PM.c **** *
 128:Generated_Source\PSoC5/SPIS_PM.c **** * Reentrant:
 129:Generated_Source\PSoC5/SPIS_PM.c **** *  No.
ARM GAS  C:\Users\HARLOW~1\AppData\Local\Temp\ccIX5wfX.s 			page 5


 130:Generated_Source\PSoC5/SPIS_PM.c **** *
 131:Generated_Source\PSoC5/SPIS_PM.c **** *******************************************************************************/
 132:Generated_Source\PSoC5/SPIS_PM.c **** void SPIS_Wakeup(void) 
 133:Generated_Source\PSoC5/SPIS_PM.c **** {
 100              		.loc 1 133 0
 101              		.cfi_startproc
 102              		@ args = 0, pretend = 0, frame = 0
 103              		@ frame_needed = 0, uses_anonymous_args = 0
 104 0000 08B5     		push	{r3, lr}
 105              		.cfi_def_cfa_offset 8
 106              		.cfi_offset 3, -8
 107              		.cfi_offset 14, -4
 134:Generated_Source\PSoC5/SPIS_PM.c ****     #if (SPIS_TX_SOFTWARE_BUF_ENABLED)
 135:Generated_Source\PSoC5/SPIS_PM.c ****         SPIS_txBufferFull = 0u;
 136:Generated_Source\PSoC5/SPIS_PM.c ****         SPIS_txBufferRead = 0u;
 137:Generated_Source\PSoC5/SPIS_PM.c ****         SPIS_txBufferWrite = 0u;
 138:Generated_Source\PSoC5/SPIS_PM.c ****     #endif /* SPIS_TX_SOFTWARE_BUF_ENABLED */
 139:Generated_Source\PSoC5/SPIS_PM.c **** 
 140:Generated_Source\PSoC5/SPIS_PM.c ****     #if (SPIS_RX_SOFTWARE_BUF_ENABLED)
 141:Generated_Source\PSoC5/SPIS_PM.c ****         SPIS_rxBufferFull = 0u;
 142:Generated_Source\PSoC5/SPIS_PM.c ****         SPIS_rxBufferRead = 0u;
 143:Generated_Source\PSoC5/SPIS_PM.c ****         SPIS_rxBufferWrite = 0u;
 144:Generated_Source\PSoC5/SPIS_PM.c ****     #endif /* SPIS_RX_SOFTWARE_BUF_ENABLED */
 145:Generated_Source\PSoC5/SPIS_PM.c **** 
 146:Generated_Source\PSoC5/SPIS_PM.c ****     SPIS_ClearFIFO();
 108              		.loc 1 146 0
 109 0002 FFF7FEFF 		bl	SPIS_ClearFIFO
 110              	.LVL1:
 147:Generated_Source\PSoC5/SPIS_PM.c **** 
 148:Generated_Source\PSoC5/SPIS_PM.c ****     /* Restore components block enable state */
 149:Generated_Source\PSoC5/SPIS_PM.c ****     if (SPIS_backup.enableState != 0u)
 111              		.loc 1 149 0
 112 0006 044B     		ldr	r3, .L11
 113 0008 1B78     		ldrb	r3, [r3]	@ zero_extendqisi2
 114 000a 1BB1     		cbz	r3, .L9
 150:Generated_Source\PSoC5/SPIS_PM.c ****     {
 151:Generated_Source\PSoC5/SPIS_PM.c ****          /* Components block was enabled */
 152:Generated_Source\PSoC5/SPIS_PM.c ****          SPIS_Enable();
 153:Generated_Source\PSoC5/SPIS_PM.c ****     } /* Do nothing if components block was disabled */
 154:Generated_Source\PSoC5/SPIS_PM.c **** }
 115              		.loc 1 154 0
 116 000c BDE80840 		pop	{r3, lr}
 117              		.cfi_remember_state
 118              		.cfi_restore 14
 119              		.cfi_restore 3
 120              		.cfi_def_cfa_offset 0
 152:Generated_Source\PSoC5/SPIS_PM.c ****     } /* Do nothing if components block was disabled */
 121              		.loc 1 152 0
 122 0010 FFF7FEBF 		b	SPIS_Enable
 123              	.LVL2:
 124              	.L9:
 125              		.cfi_restore_state
 126 0014 08BD     		pop	{r3, pc}
 127              	.L12:
 128 0016 00BF     		.align	2
 129              	.L11:
 130 0018 00000000 		.word	.LANCHOR0
ARM GAS  C:\Users\HARLOW~1\AppData\Local\Temp\ccIX5wfX.s 			page 6


 131              		.cfi_endproc
 132              	.LFE3:
 133              		.size	SPIS_Wakeup, .-SPIS_Wakeup
 134              		.data
 135              		.set	.LANCHOR0,. + 0
 136              		.type	SPIS_backup, %object
 137              		.size	SPIS_backup, 2
 138              	SPIS_backup:
 139 0000 00       		.byte	0
 140 0001 0F       		.byte	15
 141              		.text
 142              	.Letext0:
 143              		.file 2 "Generated_Source\\PSoC5\\cytypes.h"
 144              		.file 3 "Generated_Source\\PSoC5\\SPIS.h"
 145              		.section	.debug_info,"",%progbits
 146              	.Ldebug_info0:
 147 0000 64010000 		.4byte	0x164
 148 0004 0400     		.2byte	0x4
 149 0006 00000000 		.4byte	.Ldebug_abbrev0
 150 000a 04       		.byte	0x4
 151 000b 01       		.uleb128 0x1
 152 000c 2E010000 		.4byte	.LASF24
 153 0010 0C       		.byte	0xc
 154 0011 0D010000 		.4byte	.LASF25
 155 0015 C6000000 		.4byte	.LASF26
 156 0019 00000000 		.4byte	.Ldebug_ranges0+0
 157 001d 00000000 		.4byte	0
 158 0021 00000000 		.4byte	.Ldebug_line0
 159 0025 02       		.uleb128 0x2
 160 0026 01       		.byte	0x1
 161 0027 06       		.byte	0x6
 162 0028 DB010000 		.4byte	.LASF0
 163 002c 02       		.uleb128 0x2
 164 002d 01       		.byte	0x1
 165 002e 08       		.byte	0x8
 166 002f 8E000000 		.4byte	.LASF1
 167 0033 02       		.uleb128 0x2
 168 0034 02       		.byte	0x2
 169 0035 05       		.byte	0x5
 170 0036 F3010000 		.4byte	.LASF2
 171 003a 02       		.uleb128 0x2
 172 003b 02       		.byte	0x2
 173 003c 07       		.byte	0x7
 174 003d C8010000 		.4byte	.LASF3
 175 0041 02       		.uleb128 0x2
 176 0042 04       		.byte	0x4
 177 0043 05       		.byte	0x5
 178 0044 A6000000 		.4byte	.LASF4
 179 0048 02       		.uleb128 0x2
 180 0049 04       		.byte	0x4
 181 004a 07       		.byte	0x7
 182 004b 4B000000 		.4byte	.LASF5
 183 004f 02       		.uleb128 0x2
 184 0050 08       		.byte	0x8
 185 0051 05       		.byte	0x5
 186 0052 00000000 		.4byte	.LASF6
 187 0056 02       		.uleb128 0x2
ARM GAS  C:\Users\HARLOW~1\AppData\Local\Temp\ccIX5wfX.s 			page 7


 188 0057 08       		.byte	0x8
 189 0058 07       		.byte	0x7
 190 0059 5D000000 		.4byte	.LASF7
 191 005d 03       		.uleb128 0x3
 192 005e 04       		.byte	0x4
 193 005f 05       		.byte	0x5
 194 0060 696E7400 		.ascii	"int\000"
 195 0064 02       		.uleb128 0x2
 196 0065 04       		.byte	0x4
 197 0066 07       		.byte	0x7
 198 0067 1A000000 		.4byte	.LASF8
 199 006b 04       		.uleb128 0x4
 200 006c 45000000 		.4byte	.LASF12
 201 0070 02       		.byte	0x2
 202 0071 E401     		.2byte	0x1e4
 203 0073 2C000000 		.4byte	0x2c
 204 0077 02       		.uleb128 0x2
 205 0078 04       		.byte	0x4
 206 0079 04       		.byte	0x4
 207 007a 74000000 		.4byte	.LASF9
 208 007e 02       		.uleb128 0x2
 209 007f 08       		.byte	0x8
 210 0080 04       		.byte	0x4
 211 0081 06010000 		.4byte	.LASF10
 212 0085 02       		.uleb128 0x2
 213 0086 01       		.byte	0x1
 214 0087 08       		.byte	0x8
 215 0088 89000000 		.4byte	.LASF11
 216 008c 04       		.uleb128 0x4
 217 008d FD010000 		.4byte	.LASF13
 218 0091 02       		.byte	0x2
 219 0092 8E02     		.2byte	0x28e
 220 0094 98000000 		.4byte	0x98
 221 0098 05       		.uleb128 0x5
 222 0099 6B000000 		.4byte	0x6b
 223 009d 02       		.uleb128 0x2
 224 009e 08       		.byte	0x8
 225 009f 04       		.byte	0x4
 226 00a0 E7010000 		.4byte	.LASF14
 227 00a4 02       		.uleb128 0x2
 228 00a5 04       		.byte	0x4
 229 00a6 07       		.byte	0x7
 230 00a7 0E020000 		.4byte	.LASF15
 231 00ab 06       		.uleb128 0x6
 232 00ac 02       		.byte	0x2
 233 00ad 03       		.byte	0x3
 234 00ae 39       		.byte	0x39
 235 00af CC000000 		.4byte	0xcc
 236 00b3 07       		.uleb128 0x7
 237 00b4 0E000000 		.4byte	.LASF16
 238 00b8 03       		.byte	0x3
 239 00b9 3B       		.byte	0x3b
 240 00ba 6B000000 		.4byte	0x6b
 241 00be 00       		.byte	0
 242 00bf 07       		.uleb128 0x7
 243 00c0 AF000000 		.4byte	.LASF17
 244 00c4 03       		.byte	0x3
ARM GAS  C:\Users\HARLOW~1\AppData\Local\Temp\ccIX5wfX.s 			page 8


 245 00c5 3C       		.byte	0x3c
 246 00c6 6B000000 		.4byte	0x6b
 247 00ca 01       		.byte	0x1
 248 00cb 00       		.byte	0
 249 00cc 08       		.uleb128 0x8
 250 00cd 27000000 		.4byte	.LASF18
 251 00d1 03       		.byte	0x3
 252 00d2 3D       		.byte	0x3d
 253 00d3 AB000000 		.4byte	0xab
 254 00d7 09       		.uleb128 0x9
 255 00d8 17020000 		.4byte	.LASF27
 256 00dc 01       		.byte	0x1
 257 00dd 3D       		.byte	0x3d
 258 00de 01       		.byte	0x1
 259 00df 0A       		.uleb128 0xa
 260 00e0 D7000000 		.4byte	0xd7
 261 00e4 00000000 		.4byte	.LFB1
 262 00e8 02000000 		.4byte	.LFE1-.LFB1
 263 00ec 01       		.uleb128 0x1
 264 00ed 9C       		.byte	0x9c
 265 00ee 0B       		.uleb128 0xb
 266 00ef 3A000000 		.4byte	.LASF19
 267 00f3 01       		.byte	0x1
 268 00f4 57       		.byte	0x57
 269 00f5 00000000 		.4byte	.LFB2
 270 00f9 24000000 		.4byte	.LFE2-.LFB2
 271 00fd 01       		.uleb128 0x1
 272 00fe 9C       		.byte	0x9c
 273 00ff 0D010000 		.4byte	0x10d
 274 0103 0C       		.uleb128 0xc
 275 0104 1C000000 		.4byte	.LVL0
 276 0108 46010000 		.4byte	0x146
 277 010c 00       		.byte	0
 278 010d 0B       		.uleb128 0xb
 279 010e BA000000 		.4byte	.LASF20
 280 0112 01       		.byte	0x1
 281 0113 84       		.byte	0x84
 282 0114 00000000 		.4byte	.LFB3
 283 0118 1C000000 		.4byte	.LFE3-.LFB3
 284 011c 01       		.uleb128 0x1
 285 011d 9C       		.byte	0x9c
 286 011e 35010000 		.4byte	0x135
 287 0122 0D       		.uleb128 0xd
 288 0123 06000000 		.4byte	.LVL1
 289 0127 51010000 		.4byte	0x151
 290 012b 0C       		.uleb128 0xc
 291 012c 14000000 		.4byte	.LVL2
 292 0130 5C010000 		.4byte	0x15c
 293 0134 00       		.byte	0
 294 0135 0E       		.uleb128 0xe
 295 0136 BC010000 		.4byte	.LASF28
 296 013a 01       		.byte	0x1
 297 013b 14       		.byte	0x14
 298 013c CC000000 		.4byte	0xcc
 299 0140 05       		.uleb128 0x5
 300 0141 03       		.byte	0x3
 301 0142 00000000 		.4byte	SPIS_backup
ARM GAS  C:\Users\HARLOW~1\AppData\Local\Temp\ccIX5wfX.s 			page 9


 302 0146 0F       		.uleb128 0xf
 303 0147 9C000000 		.4byte	.LASF21
 304 014b 9C000000 		.4byte	.LASF21
 305 014f 03       		.byte	0x3
 306 0150 47       		.byte	0x47
 307 0151 0F       		.uleb128 0xf
 308 0152 7A000000 		.4byte	.LASF22
 309 0156 7A000000 		.4byte	.LASF22
 310 015a 03       		.byte	0x3
 311 015b 63       		.byte	0x63
 312 015c 0F       		.uleb128 0xf
 313 015d 02020000 		.4byte	.LASF23
 314 0161 02020000 		.4byte	.LASF23
 315 0165 03       		.byte	0x3
 316 0166 45       		.byte	0x45
 317 0167 00       		.byte	0
 318              		.section	.debug_abbrev,"",%progbits
 319              	.Ldebug_abbrev0:
 320 0000 01       		.uleb128 0x1
 321 0001 11       		.uleb128 0x11
 322 0002 01       		.byte	0x1
 323 0003 25       		.uleb128 0x25
 324 0004 0E       		.uleb128 0xe
 325 0005 13       		.uleb128 0x13
 326 0006 0B       		.uleb128 0xb
 327 0007 03       		.uleb128 0x3
 328 0008 0E       		.uleb128 0xe
 329 0009 1B       		.uleb128 0x1b
 330 000a 0E       		.uleb128 0xe
 331 000b 55       		.uleb128 0x55
 332 000c 17       		.uleb128 0x17
 333 000d 11       		.uleb128 0x11
 334 000e 01       		.uleb128 0x1
 335 000f 10       		.uleb128 0x10
 336 0010 17       		.uleb128 0x17
 337 0011 00       		.byte	0
 338 0012 00       		.byte	0
 339 0013 02       		.uleb128 0x2
 340 0014 24       		.uleb128 0x24
 341 0015 00       		.byte	0
 342 0016 0B       		.uleb128 0xb
 343 0017 0B       		.uleb128 0xb
 344 0018 3E       		.uleb128 0x3e
 345 0019 0B       		.uleb128 0xb
 346 001a 03       		.uleb128 0x3
 347 001b 0E       		.uleb128 0xe
 348 001c 00       		.byte	0
 349 001d 00       		.byte	0
 350 001e 03       		.uleb128 0x3
 351 001f 24       		.uleb128 0x24
 352 0020 00       		.byte	0
 353 0021 0B       		.uleb128 0xb
 354 0022 0B       		.uleb128 0xb
 355 0023 3E       		.uleb128 0x3e
 356 0024 0B       		.uleb128 0xb
 357 0025 03       		.uleb128 0x3
 358 0026 08       		.uleb128 0x8
ARM GAS  C:\Users\HARLOW~1\AppData\Local\Temp\ccIX5wfX.s 			page 10


 359 0027 00       		.byte	0
 360 0028 00       		.byte	0
 361 0029 04       		.uleb128 0x4
 362 002a 16       		.uleb128 0x16
 363 002b 00       		.byte	0
 364 002c 03       		.uleb128 0x3
 365 002d 0E       		.uleb128 0xe
 366 002e 3A       		.uleb128 0x3a
 367 002f 0B       		.uleb128 0xb
 368 0030 3B       		.uleb128 0x3b
 369 0031 05       		.uleb128 0x5
 370 0032 49       		.uleb128 0x49
 371 0033 13       		.uleb128 0x13
 372 0034 00       		.byte	0
 373 0035 00       		.byte	0
 374 0036 05       		.uleb128 0x5
 375 0037 35       		.uleb128 0x35
 376 0038 00       		.byte	0
 377 0039 49       		.uleb128 0x49
 378 003a 13       		.uleb128 0x13
 379 003b 00       		.byte	0
 380 003c 00       		.byte	0
 381 003d 06       		.uleb128 0x6
 382 003e 13       		.uleb128 0x13
 383 003f 01       		.byte	0x1
 384 0040 0B       		.uleb128 0xb
 385 0041 0B       		.uleb128 0xb
 386 0042 3A       		.uleb128 0x3a
 387 0043 0B       		.uleb128 0xb
 388 0044 3B       		.uleb128 0x3b
 389 0045 0B       		.uleb128 0xb
 390 0046 01       		.uleb128 0x1
 391 0047 13       		.uleb128 0x13
 392 0048 00       		.byte	0
 393 0049 00       		.byte	0
 394 004a 07       		.uleb128 0x7
 395 004b 0D       		.uleb128 0xd
 396 004c 00       		.byte	0
 397 004d 03       		.uleb128 0x3
 398 004e 0E       		.uleb128 0xe
 399 004f 3A       		.uleb128 0x3a
 400 0050 0B       		.uleb128 0xb
 401 0051 3B       		.uleb128 0x3b
 402 0052 0B       		.uleb128 0xb
 403 0053 49       		.uleb128 0x49
 404 0054 13       		.uleb128 0x13
 405 0055 38       		.uleb128 0x38
 406 0056 0B       		.uleb128 0xb
 407 0057 00       		.byte	0
 408 0058 00       		.byte	0
 409 0059 08       		.uleb128 0x8
 410 005a 16       		.uleb128 0x16
 411 005b 00       		.byte	0
 412 005c 03       		.uleb128 0x3
 413 005d 0E       		.uleb128 0xe
 414 005e 3A       		.uleb128 0x3a
 415 005f 0B       		.uleb128 0xb
ARM GAS  C:\Users\HARLOW~1\AppData\Local\Temp\ccIX5wfX.s 			page 11


 416 0060 3B       		.uleb128 0x3b
 417 0061 0B       		.uleb128 0xb
 418 0062 49       		.uleb128 0x49
 419 0063 13       		.uleb128 0x13
 420 0064 00       		.byte	0
 421 0065 00       		.byte	0
 422 0066 09       		.uleb128 0x9
 423 0067 2E       		.uleb128 0x2e
 424 0068 00       		.byte	0
 425 0069 3F       		.uleb128 0x3f
 426 006a 19       		.uleb128 0x19
 427 006b 03       		.uleb128 0x3
 428 006c 0E       		.uleb128 0xe
 429 006d 3A       		.uleb128 0x3a
 430 006e 0B       		.uleb128 0xb
 431 006f 3B       		.uleb128 0x3b
 432 0070 0B       		.uleb128 0xb
 433 0071 27       		.uleb128 0x27
 434 0072 19       		.uleb128 0x19
 435 0073 20       		.uleb128 0x20
 436 0074 0B       		.uleb128 0xb
 437 0075 00       		.byte	0
 438 0076 00       		.byte	0
 439 0077 0A       		.uleb128 0xa
 440 0078 2E       		.uleb128 0x2e
 441 0079 00       		.byte	0
 442 007a 31       		.uleb128 0x31
 443 007b 13       		.uleb128 0x13
 444 007c 11       		.uleb128 0x11
 445 007d 01       		.uleb128 0x1
 446 007e 12       		.uleb128 0x12
 447 007f 06       		.uleb128 0x6
 448 0080 40       		.uleb128 0x40
 449 0081 18       		.uleb128 0x18
 450 0082 9742     		.uleb128 0x2117
 451 0084 19       		.uleb128 0x19
 452 0085 00       		.byte	0
 453 0086 00       		.byte	0
 454 0087 0B       		.uleb128 0xb
 455 0088 2E       		.uleb128 0x2e
 456 0089 01       		.byte	0x1
 457 008a 3F       		.uleb128 0x3f
 458 008b 19       		.uleb128 0x19
 459 008c 03       		.uleb128 0x3
 460 008d 0E       		.uleb128 0xe
 461 008e 3A       		.uleb128 0x3a
 462 008f 0B       		.uleb128 0xb
 463 0090 3B       		.uleb128 0x3b
 464 0091 0B       		.uleb128 0xb
 465 0092 27       		.uleb128 0x27
 466 0093 19       		.uleb128 0x19
 467 0094 11       		.uleb128 0x11
 468 0095 01       		.uleb128 0x1
 469 0096 12       		.uleb128 0x12
 470 0097 06       		.uleb128 0x6
 471 0098 40       		.uleb128 0x40
 472 0099 18       		.uleb128 0x18
ARM GAS  C:\Users\HARLOW~1\AppData\Local\Temp\ccIX5wfX.s 			page 12


 473 009a 9742     		.uleb128 0x2117
 474 009c 19       		.uleb128 0x19
 475 009d 01       		.uleb128 0x1
 476 009e 13       		.uleb128 0x13
 477 009f 00       		.byte	0
 478 00a0 00       		.byte	0
 479 00a1 0C       		.uleb128 0xc
 480 00a2 898201   		.uleb128 0x4109
 481 00a5 00       		.byte	0
 482 00a6 11       		.uleb128 0x11
 483 00a7 01       		.uleb128 0x1
 484 00a8 9542     		.uleb128 0x2115
 485 00aa 19       		.uleb128 0x19
 486 00ab 31       		.uleb128 0x31
 487 00ac 13       		.uleb128 0x13
 488 00ad 00       		.byte	0
 489 00ae 00       		.byte	0
 490 00af 0D       		.uleb128 0xd
 491 00b0 898201   		.uleb128 0x4109
 492 00b3 00       		.byte	0
 493 00b4 11       		.uleb128 0x11
 494 00b5 01       		.uleb128 0x1
 495 00b6 31       		.uleb128 0x31
 496 00b7 13       		.uleb128 0x13
 497 00b8 00       		.byte	0
 498 00b9 00       		.byte	0
 499 00ba 0E       		.uleb128 0xe
 500 00bb 34       		.uleb128 0x34
 501 00bc 00       		.byte	0
 502 00bd 03       		.uleb128 0x3
 503 00be 0E       		.uleb128 0xe
 504 00bf 3A       		.uleb128 0x3a
 505 00c0 0B       		.uleb128 0xb
 506 00c1 3B       		.uleb128 0x3b
 507 00c2 0B       		.uleb128 0xb
 508 00c3 49       		.uleb128 0x49
 509 00c4 13       		.uleb128 0x13
 510 00c5 02       		.uleb128 0x2
 511 00c6 18       		.uleb128 0x18
 512 00c7 00       		.byte	0
 513 00c8 00       		.byte	0
 514 00c9 0F       		.uleb128 0xf
 515 00ca 2E       		.uleb128 0x2e
 516 00cb 00       		.byte	0
 517 00cc 3F       		.uleb128 0x3f
 518 00cd 19       		.uleb128 0x19
 519 00ce 3C       		.uleb128 0x3c
 520 00cf 19       		.uleb128 0x19
 521 00d0 6E       		.uleb128 0x6e
 522 00d1 0E       		.uleb128 0xe
 523 00d2 03       		.uleb128 0x3
 524 00d3 0E       		.uleb128 0xe
 525 00d4 3A       		.uleb128 0x3a
 526 00d5 0B       		.uleb128 0xb
 527 00d6 3B       		.uleb128 0x3b
 528 00d7 0B       		.uleb128 0xb
 529 00d8 00       		.byte	0
ARM GAS  C:\Users\HARLOW~1\AppData\Local\Temp\ccIX5wfX.s 			page 13


 530 00d9 00       		.byte	0
 531 00da 00       		.byte	0
 532              		.section	.debug_aranges,"",%progbits
 533 0000 2C000000 		.4byte	0x2c
 534 0004 0200     		.2byte	0x2
 535 0006 00000000 		.4byte	.Ldebug_info0
 536 000a 04       		.byte	0x4
 537 000b 00       		.byte	0
 538 000c 0000     		.2byte	0
 539 000e 0000     		.2byte	0
 540 0010 00000000 		.4byte	.LFB1
 541 0014 02000000 		.4byte	.LFE1-.LFB1
 542 0018 00000000 		.4byte	.LFB2
 543 001c 24000000 		.4byte	.LFE2-.LFB2
 544 0020 00000000 		.4byte	.LFB3
 545 0024 1C000000 		.4byte	.LFE3-.LFB3
 546 0028 00000000 		.4byte	0
 547 002c 00000000 		.4byte	0
 548              		.section	.debug_ranges,"",%progbits
 549              	.Ldebug_ranges0:
 550 0000 00000000 		.4byte	.LFB1
 551 0004 02000000 		.4byte	.LFE1
 552 0008 00000000 		.4byte	.LFB2
 553 000c 24000000 		.4byte	.LFE2
 554 0010 00000000 		.4byte	.LFB3
 555 0014 1C000000 		.4byte	.LFE3
 556 0018 00000000 		.4byte	0
 557 001c 00000000 		.4byte	0
 558              		.section	.debug_line,"",%progbits
 559              	.Ldebug_line0:
 560 0000 8D000000 		.section	.debug_str,"MS",%progbits,1
 560      02004E00 
 560      00000201 
 560      FB0E0D00 
 560      01010101 
 561              	.LASF6:
 562 0000 6C6F6E67 		.ascii	"long long int\000"
 562      206C6F6E 
 562      6720696E 
 562      7400
 563              	.LASF16:
 564 000e 656E6162 		.ascii	"enableState\000"
 564      6C655374 
 564      61746500 
 565              	.LASF8:
 566 001a 756E7369 		.ascii	"unsigned int\000"
 566      676E6564 
 566      20696E74 
 566      00
 567              	.LASF18:
 568 0027 53504953 		.ascii	"SPIS_BACKUP_STRUCT\000"
 568      5F424143 
 568      4B55505F 
 568      53545255 
 568      435400
 569              	.LASF19:
 570 003a 53504953 		.ascii	"SPIS_Sleep\000"
ARM GAS  C:\Users\HARLOW~1\AppData\Local\Temp\ccIX5wfX.s 			page 14


 570      5F536C65 
 570      657000
 571              	.LASF12:
 572 0045 75696E74 		.ascii	"uint8\000"
 572      3800
 573              	.LASF5:
 574 004b 6C6F6E67 		.ascii	"long unsigned int\000"
 574      20756E73 
 574      69676E65 
 574      6420696E 
 574      7400
 575              	.LASF7:
 576 005d 6C6F6E67 		.ascii	"long long unsigned int\000"
 576      206C6F6E 
 576      6720756E 
 576      7369676E 
 576      65642069 
 577              	.LASF9:
 578 0074 666C6F61 		.ascii	"float\000"
 578      7400
 579              	.LASF22:
 580 007a 53504953 		.ascii	"SPIS_ClearFIFO\000"
 580      5F436C65 
 580      61724649 
 580      464F00
 581              	.LASF11:
 582 0089 63686172 		.ascii	"char\000"
 582      00
 583              	.LASF1:
 584 008e 756E7369 		.ascii	"unsigned char\000"
 584      676E6564 
 584      20636861 
 584      7200
 585              	.LASF21:
 586 009c 53504953 		.ascii	"SPIS_Stop\000"
 586      5F53746F 
 586      7000
 587              	.LASF4:
 588 00a6 6C6F6E67 		.ascii	"long int\000"
 588      20696E74 
 588      00
 589              	.LASF17:
 590 00af 636E7472 		.ascii	"cntrPeriod\000"
 590      50657269 
 590      6F6400
 591              	.LASF20:
 592 00ba 53504953 		.ascii	"SPIS_Wakeup\000"
 592      5F57616B 
 592      65757000 
 593              	.LASF26:
 594 00c6 433A5C55 		.ascii	"C:\\Users\\harlow2016\\Documents\\PSOC_Designs\\Rpi"
 594      73657273 
 594      5C686172 
 594      6C6F7732 
 594      3031365C 
 595 00f4 4D49425C 		.ascii	"MIB\\Number3.cydsn\000"
 595      4E756D62 
ARM GAS  C:\Users\HARLOW~1\AppData\Local\Temp\ccIX5wfX.s 			page 15


 595      6572332E 
 595      63796473 
 595      6E00
 596              	.LASF10:
 597 0106 646F7562 		.ascii	"double\000"
 597      6C6500
 598              	.LASF25:
 599 010d 47656E65 		.ascii	"Generated_Source\\PSoC5\\SPIS_PM.c\000"
 599      72617465 
 599      645F536F 
 599      75726365 
 599      5C50536F 
 600              	.LASF24:
 601 012e 474E5520 		.ascii	"GNU C11 5.4.1 20160609 (release) [ARM/embedded-5-br"
 601      43313120 
 601      352E342E 
 601      31203230 
 601      31363036 
 602 0161 616E6368 		.ascii	"anch revision 237715] -mcpu=cortex-m3 -mthumb -g -O"
 602      20726576 
 602      6973696F 
 602      6E203233 
 602      37373135 
 603 0194 73202D66 		.ascii	"s -ffunction-sections -ffat-lto-objects\000"
 603      66756E63 
 603      74696F6E 
 603      2D736563 
 603      74696F6E 
 604              	.LASF28:
 605 01bc 53504953 		.ascii	"SPIS_backup\000"
 605      5F626163 
 605      6B757000 
 606              	.LASF3:
 607 01c8 73686F72 		.ascii	"short unsigned int\000"
 607      7420756E 
 607      7369676E 
 607      65642069 
 607      6E7400
 608              	.LASF0:
 609 01db 7369676E 		.ascii	"signed char\000"
 609      65642063 
 609      68617200 
 610              	.LASF14:
 611 01e7 6C6F6E67 		.ascii	"long double\000"
 611      20646F75 
 611      626C6500 
 612              	.LASF2:
 613 01f3 73686F72 		.ascii	"short int\000"
 613      7420696E 
 613      7400
 614              	.LASF13:
 615 01fd 72656738 		.ascii	"reg8\000"
 615      00
 616              	.LASF23:
 617 0202 53504953 		.ascii	"SPIS_Enable\000"
 617      5F456E61 
 617      626C6500 
ARM GAS  C:\Users\HARLOW~1\AppData\Local\Temp\ccIX5wfX.s 			page 16


 618              	.LASF15:
 619 020e 73697A65 		.ascii	"sizetype\000"
 619      74797065 
 619      00
 620              	.LASF27:
 621 0217 53504953 		.ascii	"SPIS_RestoreConfig\000"
 621      5F526573 
 621      746F7265 
 621      436F6E66 
 621      696700
 622              		.ident	"GCC: (GNU Tools for ARM Embedded Processors) 5.4.1 20160609 (release) [ARM/embedded-5-bran
