ARM GAS  C:\Users\HARLOW~1\AppData\Local\Temp\ccZ7OW3d.s 			page 1


   1              		.syntax unified
   2              		.cpu cortex-m3
   3              		.fpu softvfp
   4              		.eabi_attribute 20, 1
   5              		.eabi_attribute 21, 1
   6              		.eabi_attribute 23, 3
   7              		.eabi_attribute 24, 1
   8              		.eabi_attribute 25, 1
   9              		.eabi_attribute 26, 1
  10              		.eabi_attribute 30, 4
  11              		.eabi_attribute 34, 1
  12              		.eabi_attribute 18, 4
  13              		.thumb
  14              		.syntax unified
  15              		.file	"SPIM_SigGen_PM.c"
  16              		.text
  17              	.Ltext0:
  18              		.cfi_sections	.debug_frame
  19              		.section	.text.SPIM_SigGen_SaveConfig,"ax",%progbits
  20              		.align	1
  21              		.global	SPIM_SigGen_SaveConfig
  22              		.thumb
  23              		.thumb_func
  24              		.type	SPIM_SigGen_SaveConfig, %function
  25              	SPIM_SigGen_SaveConfig:
  26              	.LFB5:
  27              		.cfi_startproc
  28              		@ args = 0, pretend = 0, frame = 0
  29              		@ frame_needed = 0, uses_anonymous_args = 0
  30              		@ link register save eliminated.
  31 0000 7047     		bx	lr
  32              		.cfi_endproc
  33              	.LFE5:
  34              		.size	SPIM_SigGen_SaveConfig, .-SPIM_SigGen_SaveConfig
  35              		.section	.text.SPIM_SigGen_RestoreConfig,"ax",%progbits
  36              		.align	1
  37              		.global	SPIM_SigGen_RestoreConfig
  38              		.thumb
  39              		.thumb_func
  40              		.type	SPIM_SigGen_RestoreConfig, %function
  41              	SPIM_SigGen_RestoreConfig:
  42              	.LFB1:
  43              		.file 1 "Generated_Source\\PSoC5\\SPIM_SigGen_PM.c"
   1:Generated_Source\PSoC5/SPIM_SigGen_PM.c **** /*******************************************************************************
   2:Generated_Source\PSoC5/SPIM_SigGen_PM.c **** * File Name: SPIM_SigGen_PM.c
   3:Generated_Source\PSoC5/SPIM_SigGen_PM.c **** * Version 2.50
   4:Generated_Source\PSoC5/SPIM_SigGen_PM.c **** *
   5:Generated_Source\PSoC5/SPIM_SigGen_PM.c **** * Description:
   6:Generated_Source\PSoC5/SPIM_SigGen_PM.c **** *  This file contains the setup, control and status commands to support
   7:Generated_Source\PSoC5/SPIM_SigGen_PM.c **** *  component operations in low power mode.
   8:Generated_Source\PSoC5/SPIM_SigGen_PM.c **** *
   9:Generated_Source\PSoC5/SPIM_SigGen_PM.c **** * Note:
  10:Generated_Source\PSoC5/SPIM_SigGen_PM.c **** *
  11:Generated_Source\PSoC5/SPIM_SigGen_PM.c **** ********************************************************************************
  12:Generated_Source\PSoC5/SPIM_SigGen_PM.c **** * Copyright 2008-2015, Cypress Semiconductor Corporation.  All rights reserved.
  13:Generated_Source\PSoC5/SPIM_SigGen_PM.c **** * You may use this file only in accordance with the license, terms, conditions,
  14:Generated_Source\PSoC5/SPIM_SigGen_PM.c **** * disclaimers, and limitations in the end user license agreement accompanying
ARM GAS  C:\Users\HARLOW~1\AppData\Local\Temp\ccZ7OW3d.s 			page 2


  15:Generated_Source\PSoC5/SPIM_SigGen_PM.c **** * the software package with which this file was provided.
  16:Generated_Source\PSoC5/SPIM_SigGen_PM.c **** *******************************************************************************/
  17:Generated_Source\PSoC5/SPIM_SigGen_PM.c **** 
  18:Generated_Source\PSoC5/SPIM_SigGen_PM.c **** #include "SPIM_SigGen_PVT.h"
  19:Generated_Source\PSoC5/SPIM_SigGen_PM.c **** 
  20:Generated_Source\PSoC5/SPIM_SigGen_PM.c **** static SPIM_SigGen_BACKUP_STRUCT SPIM_SigGen_backup =
  21:Generated_Source\PSoC5/SPIM_SigGen_PM.c **** {
  22:Generated_Source\PSoC5/SPIM_SigGen_PM.c ****     SPIM_SigGen_DISABLED,
  23:Generated_Source\PSoC5/SPIM_SigGen_PM.c ****     SPIM_SigGen_BITCTR_INIT,
  24:Generated_Source\PSoC5/SPIM_SigGen_PM.c **** };
  25:Generated_Source\PSoC5/SPIM_SigGen_PM.c **** 
  26:Generated_Source\PSoC5/SPIM_SigGen_PM.c **** 
  27:Generated_Source\PSoC5/SPIM_SigGen_PM.c **** /*******************************************************************************
  28:Generated_Source\PSoC5/SPIM_SigGen_PM.c **** * Function Name: SPIM_SigGen_SaveConfig
  29:Generated_Source\PSoC5/SPIM_SigGen_PM.c **** ********************************************************************************
  30:Generated_Source\PSoC5/SPIM_SigGen_PM.c **** *
  31:Generated_Source\PSoC5/SPIM_SigGen_PM.c **** * Summary:
  32:Generated_Source\PSoC5/SPIM_SigGen_PM.c **** *  Empty function. Included for consistency with other components.
  33:Generated_Source\PSoC5/SPIM_SigGen_PM.c **** *
  34:Generated_Source\PSoC5/SPIM_SigGen_PM.c **** * Parameters:
  35:Generated_Source\PSoC5/SPIM_SigGen_PM.c **** *  None.
  36:Generated_Source\PSoC5/SPIM_SigGen_PM.c **** *
  37:Generated_Source\PSoC5/SPIM_SigGen_PM.c **** * Return:
  38:Generated_Source\PSoC5/SPIM_SigGen_PM.c **** *  None.
  39:Generated_Source\PSoC5/SPIM_SigGen_PM.c **** *
  40:Generated_Source\PSoC5/SPIM_SigGen_PM.c **** *******************************************************************************/
  41:Generated_Source\PSoC5/SPIM_SigGen_PM.c **** void SPIM_SigGen_SaveConfig(void) 
  42:Generated_Source\PSoC5/SPIM_SigGen_PM.c **** {
  43:Generated_Source\PSoC5/SPIM_SigGen_PM.c **** 
  44:Generated_Source\PSoC5/SPIM_SigGen_PM.c **** }
  45:Generated_Source\PSoC5/SPIM_SigGen_PM.c **** 
  46:Generated_Source\PSoC5/SPIM_SigGen_PM.c **** 
  47:Generated_Source\PSoC5/SPIM_SigGen_PM.c **** /*******************************************************************************
  48:Generated_Source\PSoC5/SPIM_SigGen_PM.c **** * Function Name: SPIM_SigGen_RestoreConfig
  49:Generated_Source\PSoC5/SPIM_SigGen_PM.c **** ********************************************************************************
  50:Generated_Source\PSoC5/SPIM_SigGen_PM.c **** *
  51:Generated_Source\PSoC5/SPIM_SigGen_PM.c **** * Summary:
  52:Generated_Source\PSoC5/SPIM_SigGen_PM.c **** *  Empty function. Included for consistency with other components.
  53:Generated_Source\PSoC5/SPIM_SigGen_PM.c **** *
  54:Generated_Source\PSoC5/SPIM_SigGen_PM.c **** * Parameters:
  55:Generated_Source\PSoC5/SPIM_SigGen_PM.c **** *  None.
  56:Generated_Source\PSoC5/SPIM_SigGen_PM.c **** *
  57:Generated_Source\PSoC5/SPIM_SigGen_PM.c **** * Return:
  58:Generated_Source\PSoC5/SPIM_SigGen_PM.c **** *  None.
  59:Generated_Source\PSoC5/SPIM_SigGen_PM.c **** *
  60:Generated_Source\PSoC5/SPIM_SigGen_PM.c **** *******************************************************************************/
  61:Generated_Source\PSoC5/SPIM_SigGen_PM.c **** void SPIM_SigGen_RestoreConfig(void) 
  62:Generated_Source\PSoC5/SPIM_SigGen_PM.c **** {
  44              		.loc 1 62 0
  45              		.cfi_startproc
  46              		@ args = 0, pretend = 0, frame = 0
  47              		@ frame_needed = 0, uses_anonymous_args = 0
  48              		@ link register save eliminated.
  49 0000 7047     		bx	lr
  50              		.cfi_endproc
  51              	.LFE1:
  52              		.size	SPIM_SigGen_RestoreConfig, .-SPIM_SigGen_RestoreConfig
ARM GAS  C:\Users\HARLOW~1\AppData\Local\Temp\ccZ7OW3d.s 			page 3


  53              		.section	.text.SPIM_SigGen_Sleep,"ax",%progbits
  54              		.align	1
  55              		.global	SPIM_SigGen_Sleep
  56              		.thumb
  57              		.thumb_func
  58              		.type	SPIM_SigGen_Sleep, %function
  59              	SPIM_SigGen_Sleep:
  60              	.LFB2:
  63:Generated_Source\PSoC5/SPIM_SigGen_PM.c **** 
  64:Generated_Source\PSoC5/SPIM_SigGen_PM.c **** }
  65:Generated_Source\PSoC5/SPIM_SigGen_PM.c **** 
  66:Generated_Source\PSoC5/SPIM_SigGen_PM.c **** 
  67:Generated_Source\PSoC5/SPIM_SigGen_PM.c **** /*******************************************************************************
  68:Generated_Source\PSoC5/SPIM_SigGen_PM.c **** * Function Name: SPIM_SigGen_Sleep
  69:Generated_Source\PSoC5/SPIM_SigGen_PM.c **** ********************************************************************************
  70:Generated_Source\PSoC5/SPIM_SigGen_PM.c **** *
  71:Generated_Source\PSoC5/SPIM_SigGen_PM.c **** * Summary:
  72:Generated_Source\PSoC5/SPIM_SigGen_PM.c **** *  Prepare SPIM Component goes to sleep.
  73:Generated_Source\PSoC5/SPIM_SigGen_PM.c **** *
  74:Generated_Source\PSoC5/SPIM_SigGen_PM.c **** * Parameters:
  75:Generated_Source\PSoC5/SPIM_SigGen_PM.c **** *  None.
  76:Generated_Source\PSoC5/SPIM_SigGen_PM.c **** *
  77:Generated_Source\PSoC5/SPIM_SigGen_PM.c **** * Return:
  78:Generated_Source\PSoC5/SPIM_SigGen_PM.c **** *  None.
  79:Generated_Source\PSoC5/SPIM_SigGen_PM.c **** *
  80:Generated_Source\PSoC5/SPIM_SigGen_PM.c **** * Global Variables:
  81:Generated_Source\PSoC5/SPIM_SigGen_PM.c **** *  SPIM_SigGen_backup - modified when non-retention registers are saved.
  82:Generated_Source\PSoC5/SPIM_SigGen_PM.c **** *
  83:Generated_Source\PSoC5/SPIM_SigGen_PM.c **** * Reentrant:
  84:Generated_Source\PSoC5/SPIM_SigGen_PM.c **** *  No.
  85:Generated_Source\PSoC5/SPIM_SigGen_PM.c **** *
  86:Generated_Source\PSoC5/SPIM_SigGen_PM.c **** *******************************************************************************/
  87:Generated_Source\PSoC5/SPIM_SigGen_PM.c **** void SPIM_SigGen_Sleep(void) 
  88:Generated_Source\PSoC5/SPIM_SigGen_PM.c **** {
  61              		.loc 1 88 0
  62              		.cfi_startproc
  63              		@ args = 0, pretend = 0, frame = 0
  64              		@ frame_needed = 0, uses_anonymous_args = 0
  65              		@ link register save eliminated.
  89:Generated_Source\PSoC5/SPIM_SigGen_PM.c ****     /* Save components enable state */
  90:Generated_Source\PSoC5/SPIM_SigGen_PM.c ****     SPIM_SigGen_backup.enableState = ((uint8) SPIM_SigGen_IS_ENABLED);
  66              		.loc 1 90 0
  67 0000 034B     		ldr	r3, .L4
  68 0002 044A     		ldr	r2, .L4+4
  69 0004 1B78     		ldrb	r3, [r3]	@ zero_extendqisi2
  70 0006 C3F30013 		ubfx	r3, r3, #4, #1
  71 000a 1370     		strb	r3, [r2]
  91:Generated_Source\PSoC5/SPIM_SigGen_PM.c **** 
  92:Generated_Source\PSoC5/SPIM_SigGen_PM.c ****     SPIM_SigGen_Stop();
  72              		.loc 1 92 0
  73 000c FFF7FEBF 		b	SPIM_SigGen_Stop
  74              	.LVL0:
  75              	.L5:
  76              		.align	2
  77              	.L4:
  78 0010 91640040 		.word	1073767569
  79 0014 00000000 		.word	.LANCHOR0
ARM GAS  C:\Users\HARLOW~1\AppData\Local\Temp\ccZ7OW3d.s 			page 4


  80              		.cfi_endproc
  81              	.LFE2:
  82              		.size	SPIM_SigGen_Sleep, .-SPIM_SigGen_Sleep
  83              		.section	.text.SPIM_SigGen_Wakeup,"ax",%progbits
  84              		.align	1
  85              		.global	SPIM_SigGen_Wakeup
  86              		.thumb
  87              		.thumb_func
  88              		.type	SPIM_SigGen_Wakeup, %function
  89              	SPIM_SigGen_Wakeup:
  90              	.LFB3:
  93:Generated_Source\PSoC5/SPIM_SigGen_PM.c **** }
  94:Generated_Source\PSoC5/SPIM_SigGen_PM.c **** 
  95:Generated_Source\PSoC5/SPIM_SigGen_PM.c **** 
  96:Generated_Source\PSoC5/SPIM_SigGen_PM.c **** /*******************************************************************************
  97:Generated_Source\PSoC5/SPIM_SigGen_PM.c **** * Function Name: SPIM_SigGen_Wakeup
  98:Generated_Source\PSoC5/SPIM_SigGen_PM.c **** ********************************************************************************
  99:Generated_Source\PSoC5/SPIM_SigGen_PM.c **** *
 100:Generated_Source\PSoC5/SPIM_SigGen_PM.c **** * Summary:
 101:Generated_Source\PSoC5/SPIM_SigGen_PM.c **** *  Prepare SPIM Component to wake up.
 102:Generated_Source\PSoC5/SPIM_SigGen_PM.c **** *
 103:Generated_Source\PSoC5/SPIM_SigGen_PM.c **** * Parameters:
 104:Generated_Source\PSoC5/SPIM_SigGen_PM.c **** *  None.
 105:Generated_Source\PSoC5/SPIM_SigGen_PM.c **** *
 106:Generated_Source\PSoC5/SPIM_SigGen_PM.c **** * Return:
 107:Generated_Source\PSoC5/SPIM_SigGen_PM.c **** *  None.
 108:Generated_Source\PSoC5/SPIM_SigGen_PM.c **** *
 109:Generated_Source\PSoC5/SPIM_SigGen_PM.c **** * Global Variables:
 110:Generated_Source\PSoC5/SPIM_SigGen_PM.c **** *  SPIM_SigGen_backup - used when non-retention registers are restored.
 111:Generated_Source\PSoC5/SPIM_SigGen_PM.c **** *  SPIM_SigGen_txBufferWrite - modified every function call - resets to
 112:Generated_Source\PSoC5/SPIM_SigGen_PM.c **** *  zero.
 113:Generated_Source\PSoC5/SPIM_SigGen_PM.c **** *  SPIM_SigGen_txBufferRead - modified every function call - resets to
 114:Generated_Source\PSoC5/SPIM_SigGen_PM.c **** *  zero.
 115:Generated_Source\PSoC5/SPIM_SigGen_PM.c **** *  SPIM_SigGen_rxBufferWrite - modified every function call - resets to
 116:Generated_Source\PSoC5/SPIM_SigGen_PM.c **** *  zero.
 117:Generated_Source\PSoC5/SPIM_SigGen_PM.c **** *  SPIM_SigGen_rxBufferRead - modified every function call - resets to
 118:Generated_Source\PSoC5/SPIM_SigGen_PM.c **** *  zero.
 119:Generated_Source\PSoC5/SPIM_SigGen_PM.c **** *
 120:Generated_Source\PSoC5/SPIM_SigGen_PM.c **** * Reentrant:
 121:Generated_Source\PSoC5/SPIM_SigGen_PM.c **** *  No.
 122:Generated_Source\PSoC5/SPIM_SigGen_PM.c **** *
 123:Generated_Source\PSoC5/SPIM_SigGen_PM.c **** *******************************************************************************/
 124:Generated_Source\PSoC5/SPIM_SigGen_PM.c **** void SPIM_SigGen_Wakeup(void) 
 125:Generated_Source\PSoC5/SPIM_SigGen_PM.c **** {
  91              		.loc 1 125 0
  92              		.cfi_startproc
  93              		@ args = 0, pretend = 0, frame = 0
  94              		@ frame_needed = 0, uses_anonymous_args = 0
  95 0000 08B5     		push	{r3, lr}
  96              		.cfi_def_cfa_offset 8
  97              		.cfi_offset 3, -8
  98              		.cfi_offset 14, -4
 126:Generated_Source\PSoC5/SPIM_SigGen_PM.c ****     #if(SPIM_SigGen_RX_SOFTWARE_BUF_ENABLED)
 127:Generated_Source\PSoC5/SPIM_SigGen_PM.c ****         SPIM_SigGen_rxBufferFull  = 0u;
 128:Generated_Source\PSoC5/SPIM_SigGen_PM.c ****         SPIM_SigGen_rxBufferRead  = 0u;
 129:Generated_Source\PSoC5/SPIM_SigGen_PM.c ****         SPIM_SigGen_rxBufferWrite = 0u;
 130:Generated_Source\PSoC5/SPIM_SigGen_PM.c ****     #endif /* (SPIM_SigGen_RX_SOFTWARE_BUF_ENABLED) */
ARM GAS  C:\Users\HARLOW~1\AppData\Local\Temp\ccZ7OW3d.s 			page 5


 131:Generated_Source\PSoC5/SPIM_SigGen_PM.c **** 
 132:Generated_Source\PSoC5/SPIM_SigGen_PM.c ****     #if(SPIM_SigGen_TX_SOFTWARE_BUF_ENABLED)
 133:Generated_Source\PSoC5/SPIM_SigGen_PM.c ****         SPIM_SigGen_txBufferFull  = 0u;
 134:Generated_Source\PSoC5/SPIM_SigGen_PM.c ****         SPIM_SigGen_txBufferRead  = 0u;
 135:Generated_Source\PSoC5/SPIM_SigGen_PM.c ****         SPIM_SigGen_txBufferWrite = 0u;
 136:Generated_Source\PSoC5/SPIM_SigGen_PM.c ****     #endif /* (SPIM_SigGen_TX_SOFTWARE_BUF_ENABLED) */
 137:Generated_Source\PSoC5/SPIM_SigGen_PM.c **** 
 138:Generated_Source\PSoC5/SPIM_SigGen_PM.c ****     /* Clear any data from the RX and TX FIFO */
 139:Generated_Source\PSoC5/SPIM_SigGen_PM.c ****     SPIM_SigGen_ClearFIFO();
  99              		.loc 1 139 0
 100 0002 FFF7FEFF 		bl	SPIM_SigGen_ClearFIFO
 101              	.LVL1:
 140:Generated_Source\PSoC5/SPIM_SigGen_PM.c **** 
 141:Generated_Source\PSoC5/SPIM_SigGen_PM.c ****     /* Restore components block enable state */
 142:Generated_Source\PSoC5/SPIM_SigGen_PM.c ****     if(0u != SPIM_SigGen_backup.enableState)
 102              		.loc 1 142 0
 103 0006 044B     		ldr	r3, .L9
 104 0008 1B78     		ldrb	r3, [r3]	@ zero_extendqisi2
 105 000a 1BB1     		cbz	r3, .L6
 143:Generated_Source\PSoC5/SPIM_SigGen_PM.c ****     {
 144:Generated_Source\PSoC5/SPIM_SigGen_PM.c ****         SPIM_SigGen_Enable();
 145:Generated_Source\PSoC5/SPIM_SigGen_PM.c ****     }
 146:Generated_Source\PSoC5/SPIM_SigGen_PM.c **** }
 106              		.loc 1 146 0
 107 000c BDE80840 		pop	{r3, lr}
 108              		.cfi_remember_state
 109              		.cfi_restore 14
 110              		.cfi_restore 3
 111              		.cfi_def_cfa_offset 0
 144:Generated_Source\PSoC5/SPIM_SigGen_PM.c ****     }
 112              		.loc 1 144 0
 113 0010 FFF7FEBF 		b	SPIM_SigGen_Enable
 114              	.LVL2:
 115              	.L6:
 116              		.cfi_restore_state
 117 0014 08BD     		pop	{r3, pc}
 118              	.L10:
 119 0016 00BF     		.align	2
 120              	.L9:
 121 0018 00000000 		.word	.LANCHOR0
 122              		.cfi_endproc
 123              	.LFE3:
 124              		.size	SPIM_SigGen_Wakeup, .-SPIM_SigGen_Wakeup
 125              		.data
 126              		.set	.LANCHOR0,. + 0
 127              		.type	SPIM_SigGen_backup, %object
 128              		.size	SPIM_SigGen_backup, 2
 129              	SPIM_SigGen_backup:
 130 0000 00       		.byte	0
 131 0001 1F       		.byte	31
 132              		.text
 133              	.Letext0:
 134              		.file 2 "Generated_Source\\PSoC5\\cytypes.h"
 135              		.file 3 "Generated_Source\\PSoC5\\SPIM_SigGen.h"
 136              		.section	.debug_info,"",%progbits
 137              	.Ldebug_info0:
 138 0000 64010000 		.4byte	0x164
ARM GAS  C:\Users\HARLOW~1\AppData\Local\Temp\ccZ7OW3d.s 			page 6


 139 0004 0400     		.2byte	0x4
 140 0006 00000000 		.4byte	.Ldebug_abbrev0
 141 000a 04       		.byte	0x4
 142 000b 01       		.uleb128 0x1
 143 000c 41010000 		.4byte	.LASF24
 144 0010 0C       		.byte	0xc
 145 0011 D7000000 		.4byte	.LASF25
 146 0015 84000000 		.4byte	.LASF26
 147 0019 00000000 		.4byte	.Ldebug_ranges0+0
 148 001d 00000000 		.4byte	0
 149 0021 00000000 		.4byte	.Ldebug_line0
 150 0025 02       		.uleb128 0x2
 151 0026 01       		.byte	0x1
 152 0027 06       		.byte	0x6
 153 0028 ED010000 		.4byte	.LASF0
 154 002c 02       		.uleb128 0x2
 155 002d 01       		.byte	0x1
 156 002e 08       		.byte	0x8
 157 002f C4000000 		.4byte	.LASF1
 158 0033 02       		.uleb128 0x2
 159 0034 02       		.byte	0x2
 160 0035 05       		.byte	0x5
 161 0036 3B020000 		.4byte	.LASF2
 162 003a 02       		.uleb128 0x2
 163 003b 02       		.byte	0x2
 164 003c 07       		.byte	0x7
 165 003d DA010000 		.4byte	.LASF3
 166 0041 02       		.uleb128 0x2
 167 0042 04       		.byte	0x4
 168 0043 05       		.byte	0x5
 169 0044 12010000 		.4byte	.LASF4
 170 0048 02       		.uleb128 0x2
 171 0049 04       		.byte	0x4
 172 004a 07       		.byte	0x7
 173 004b 55000000 		.4byte	.LASF5
 174 004f 02       		.uleb128 0x2
 175 0050 08       		.byte	0x8
 176 0051 05       		.byte	0x5
 177 0052 00000000 		.4byte	.LASF6
 178 0056 02       		.uleb128 0x2
 179 0057 08       		.byte	0x8
 180 0058 07       		.byte	0x7
 181 0059 67000000 		.4byte	.LASF7
 182 005d 03       		.uleb128 0x3
 183 005e 04       		.byte	0x4
 184 005f 05       		.byte	0x5
 185 0060 696E7400 		.ascii	"int\000"
 186 0064 02       		.uleb128 0x2
 187 0065 04       		.byte	0x4
 188 0066 07       		.byte	0x7
 189 0067 28000000 		.4byte	.LASF8
 190 006b 04       		.uleb128 0x4
 191 006c 4F000000 		.4byte	.LASF12
 192 0070 02       		.byte	0x2
 193 0071 E401     		.2byte	0x1e4
 194 0073 2C000000 		.4byte	0x2c
 195 0077 02       		.uleb128 0x2
ARM GAS  C:\Users\HARLOW~1\AppData\Local\Temp\ccZ7OW3d.s 			page 7


 196 0078 04       		.byte	0x4
 197 0079 04       		.byte	0x4
 198 007a 7E000000 		.4byte	.LASF9
 199 007e 02       		.uleb128 0x2
 200 007f 08       		.byte	0x8
 201 0080 04       		.byte	0x4
 202 0081 27010000 		.4byte	.LASF10
 203 0085 02       		.uleb128 0x2
 204 0086 01       		.byte	0x1
 205 0087 08       		.byte	0x8
 206 0088 D2000000 		.4byte	.LASF11
 207 008c 04       		.uleb128 0x4
 208 008d 45020000 		.4byte	.LASF13
 209 0091 02       		.byte	0x2
 210 0092 8E02     		.2byte	0x28e
 211 0094 98000000 		.4byte	0x98
 212 0098 05       		.uleb128 0x5
 213 0099 6B000000 		.4byte	0x6b
 214 009d 02       		.uleb128 0x2
 215 009e 08       		.byte	0x8
 216 009f 04       		.byte	0x4
 217 00a0 2F020000 		.4byte	.LASF14
 218 00a4 02       		.uleb128 0x2
 219 00a5 04       		.byte	0x4
 220 00a6 07       		.byte	0x7
 221 00a7 60020000 		.4byte	.LASF15
 222 00ab 06       		.uleb128 0x6
 223 00ac 02       		.byte	0x2
 224 00ad 03       		.byte	0x3
 225 00ae 40       		.byte	0x40
 226 00af CC000000 		.4byte	0xcc
 227 00b3 07       		.uleb128 0x7
 228 00b4 1B010000 		.4byte	.LASF16
 229 00b8 03       		.byte	0x3
 230 00b9 42       		.byte	0x42
 231 00ba 6B000000 		.4byte	0x6b
 232 00be 00       		.byte	0
 233 00bf 07       		.uleb128 0x7
 234 00c0 CF010000 		.4byte	.LASF17
 235 00c4 03       		.byte	0x3
 236 00c5 43       		.byte	0x43
 237 00c6 6B000000 		.4byte	0x6b
 238 00ca 01       		.byte	0x1
 239 00cb 00       		.byte	0
 240 00cc 08       		.uleb128 0x8
 241 00cd 35000000 		.4byte	.LASF18
 242 00d1 03       		.byte	0x3
 243 00d2 44       		.byte	0x44
 244 00d3 AB000000 		.4byte	0xab
 245 00d7 09       		.uleb128 0x9
 246 00d8 0E000000 		.4byte	.LASF27
 247 00dc 01       		.byte	0x1
 248 00dd 3D       		.byte	0x3d
 249 00de 01       		.byte	0x1
 250 00df 0A       		.uleb128 0xa
 251 00e0 D7000000 		.4byte	0xd7
 252 00e4 00000000 		.4byte	.LFB1
ARM GAS  C:\Users\HARLOW~1\AppData\Local\Temp\ccZ7OW3d.s 			page 8


 253 00e8 02000000 		.4byte	.LFE1-.LFB1
 254 00ec 01       		.uleb128 0x1
 255 00ed 9C       		.byte	0x9c
 256 00ee 0B       		.uleb128 0xb
 257 00ef 1D020000 		.4byte	.LASF19
 258 00f3 01       		.byte	0x1
 259 00f4 57       		.byte	0x57
 260 00f5 00000000 		.4byte	.LFB2
 261 00f9 18000000 		.4byte	.LFE2-.LFB2
 262 00fd 01       		.uleb128 0x1
 263 00fe 9C       		.byte	0x9c
 264 00ff 0D010000 		.4byte	0x10d
 265 0103 0C       		.uleb128 0xc
 266 0104 10000000 		.4byte	.LVL0
 267 0108 46010000 		.4byte	0x146
 268 010c 00       		.byte	0
 269 010d 0B       		.uleb128 0xb
 270 010e FF000000 		.4byte	.LASF20
 271 0112 01       		.byte	0x1
 272 0113 7C       		.byte	0x7c
 273 0114 00000000 		.4byte	.LFB3
 274 0118 1C000000 		.4byte	.LFE3-.LFB3
 275 011c 01       		.uleb128 0x1
 276 011d 9C       		.byte	0x9c
 277 011e 35010000 		.4byte	0x135
 278 0122 0D       		.uleb128 0xd
 279 0123 06000000 		.4byte	.LVL1
 280 0127 51010000 		.4byte	0x151
 281 012b 0C       		.uleb128 0xc
 282 012c 14000000 		.4byte	.LVL2
 283 0130 5C010000 		.4byte	0x15c
 284 0134 00       		.byte	0
 285 0135 0E       		.uleb128 0xe
 286 0136 2E010000 		.4byte	.LASF28
 287 013a 01       		.byte	0x1
 288 013b 14       		.byte	0x14
 289 013c CC000000 		.4byte	0xcc
 290 0140 05       		.uleb128 0x5
 291 0141 03       		.byte	0x3
 292 0142 00000000 		.4byte	SPIM_SigGen_backup
 293 0146 0F       		.uleb128 0xf
 294 0147 0C020000 		.4byte	.LASF21
 295 014b 0C020000 		.4byte	.LASF21
 296 014f 03       		.byte	0x3
 297 0150 4E       		.byte	0x4e
 298 0151 0F       		.uleb128 0xf
 299 0152 4A020000 		.4byte	.LASF22
 300 0156 4A020000 		.4byte	.LASF22
 301 015a 03       		.byte	0x3
 302 015b 66       		.byte	0x66
 303 015c 0F       		.uleb128 0xf
 304 015d F9010000 		.4byte	.LASF23
 305 0161 F9010000 		.4byte	.LASF23
 306 0165 03       		.byte	0x3
 307 0166 4C       		.byte	0x4c
 308 0167 00       		.byte	0
 309              		.section	.debug_abbrev,"",%progbits
ARM GAS  C:\Users\HARLOW~1\AppData\Local\Temp\ccZ7OW3d.s 			page 9


 310              	.Ldebug_abbrev0:
 311 0000 01       		.uleb128 0x1
 312 0001 11       		.uleb128 0x11
 313 0002 01       		.byte	0x1
 314 0003 25       		.uleb128 0x25
 315 0004 0E       		.uleb128 0xe
 316 0005 13       		.uleb128 0x13
 317 0006 0B       		.uleb128 0xb
 318 0007 03       		.uleb128 0x3
 319 0008 0E       		.uleb128 0xe
 320 0009 1B       		.uleb128 0x1b
 321 000a 0E       		.uleb128 0xe
 322 000b 55       		.uleb128 0x55
 323 000c 17       		.uleb128 0x17
 324 000d 11       		.uleb128 0x11
 325 000e 01       		.uleb128 0x1
 326 000f 10       		.uleb128 0x10
 327 0010 17       		.uleb128 0x17
 328 0011 00       		.byte	0
 329 0012 00       		.byte	0
 330 0013 02       		.uleb128 0x2
 331 0014 24       		.uleb128 0x24
 332 0015 00       		.byte	0
 333 0016 0B       		.uleb128 0xb
 334 0017 0B       		.uleb128 0xb
 335 0018 3E       		.uleb128 0x3e
 336 0019 0B       		.uleb128 0xb
 337 001a 03       		.uleb128 0x3
 338 001b 0E       		.uleb128 0xe
 339 001c 00       		.byte	0
 340 001d 00       		.byte	0
 341 001e 03       		.uleb128 0x3
 342 001f 24       		.uleb128 0x24
 343 0020 00       		.byte	0
 344 0021 0B       		.uleb128 0xb
 345 0022 0B       		.uleb128 0xb
 346 0023 3E       		.uleb128 0x3e
 347 0024 0B       		.uleb128 0xb
 348 0025 03       		.uleb128 0x3
 349 0026 08       		.uleb128 0x8
 350 0027 00       		.byte	0
 351 0028 00       		.byte	0
 352 0029 04       		.uleb128 0x4
 353 002a 16       		.uleb128 0x16
 354 002b 00       		.byte	0
 355 002c 03       		.uleb128 0x3
 356 002d 0E       		.uleb128 0xe
 357 002e 3A       		.uleb128 0x3a
 358 002f 0B       		.uleb128 0xb
 359 0030 3B       		.uleb128 0x3b
 360 0031 05       		.uleb128 0x5
 361 0032 49       		.uleb128 0x49
 362 0033 13       		.uleb128 0x13
 363 0034 00       		.byte	0
 364 0035 00       		.byte	0
 365 0036 05       		.uleb128 0x5
 366 0037 35       		.uleb128 0x35
ARM GAS  C:\Users\HARLOW~1\AppData\Local\Temp\ccZ7OW3d.s 			page 10


 367 0038 00       		.byte	0
 368 0039 49       		.uleb128 0x49
 369 003a 13       		.uleb128 0x13
 370 003b 00       		.byte	0
 371 003c 00       		.byte	0
 372 003d 06       		.uleb128 0x6
 373 003e 13       		.uleb128 0x13
 374 003f 01       		.byte	0x1
 375 0040 0B       		.uleb128 0xb
 376 0041 0B       		.uleb128 0xb
 377 0042 3A       		.uleb128 0x3a
 378 0043 0B       		.uleb128 0xb
 379 0044 3B       		.uleb128 0x3b
 380 0045 0B       		.uleb128 0xb
 381 0046 01       		.uleb128 0x1
 382 0047 13       		.uleb128 0x13
 383 0048 00       		.byte	0
 384 0049 00       		.byte	0
 385 004a 07       		.uleb128 0x7
 386 004b 0D       		.uleb128 0xd
 387 004c 00       		.byte	0
 388 004d 03       		.uleb128 0x3
 389 004e 0E       		.uleb128 0xe
 390 004f 3A       		.uleb128 0x3a
 391 0050 0B       		.uleb128 0xb
 392 0051 3B       		.uleb128 0x3b
 393 0052 0B       		.uleb128 0xb
 394 0053 49       		.uleb128 0x49
 395 0054 13       		.uleb128 0x13
 396 0055 38       		.uleb128 0x38
 397 0056 0B       		.uleb128 0xb
 398 0057 00       		.byte	0
 399 0058 00       		.byte	0
 400 0059 08       		.uleb128 0x8
 401 005a 16       		.uleb128 0x16
 402 005b 00       		.byte	0
 403 005c 03       		.uleb128 0x3
 404 005d 0E       		.uleb128 0xe
 405 005e 3A       		.uleb128 0x3a
 406 005f 0B       		.uleb128 0xb
 407 0060 3B       		.uleb128 0x3b
 408 0061 0B       		.uleb128 0xb
 409 0062 49       		.uleb128 0x49
 410 0063 13       		.uleb128 0x13
 411 0064 00       		.byte	0
 412 0065 00       		.byte	0
 413 0066 09       		.uleb128 0x9
 414 0067 2E       		.uleb128 0x2e
 415 0068 00       		.byte	0
 416 0069 3F       		.uleb128 0x3f
 417 006a 19       		.uleb128 0x19
 418 006b 03       		.uleb128 0x3
 419 006c 0E       		.uleb128 0xe
 420 006d 3A       		.uleb128 0x3a
 421 006e 0B       		.uleb128 0xb
 422 006f 3B       		.uleb128 0x3b
 423 0070 0B       		.uleb128 0xb
ARM GAS  C:\Users\HARLOW~1\AppData\Local\Temp\ccZ7OW3d.s 			page 11


 424 0071 27       		.uleb128 0x27
 425 0072 19       		.uleb128 0x19
 426 0073 20       		.uleb128 0x20
 427 0074 0B       		.uleb128 0xb
 428 0075 00       		.byte	0
 429 0076 00       		.byte	0
 430 0077 0A       		.uleb128 0xa
 431 0078 2E       		.uleb128 0x2e
 432 0079 00       		.byte	0
 433 007a 31       		.uleb128 0x31
 434 007b 13       		.uleb128 0x13
 435 007c 11       		.uleb128 0x11
 436 007d 01       		.uleb128 0x1
 437 007e 12       		.uleb128 0x12
 438 007f 06       		.uleb128 0x6
 439 0080 40       		.uleb128 0x40
 440 0081 18       		.uleb128 0x18
 441 0082 9742     		.uleb128 0x2117
 442 0084 19       		.uleb128 0x19
 443 0085 00       		.byte	0
 444 0086 00       		.byte	0
 445 0087 0B       		.uleb128 0xb
 446 0088 2E       		.uleb128 0x2e
 447 0089 01       		.byte	0x1
 448 008a 3F       		.uleb128 0x3f
 449 008b 19       		.uleb128 0x19
 450 008c 03       		.uleb128 0x3
 451 008d 0E       		.uleb128 0xe
 452 008e 3A       		.uleb128 0x3a
 453 008f 0B       		.uleb128 0xb
 454 0090 3B       		.uleb128 0x3b
 455 0091 0B       		.uleb128 0xb
 456 0092 27       		.uleb128 0x27
 457 0093 19       		.uleb128 0x19
 458 0094 11       		.uleb128 0x11
 459 0095 01       		.uleb128 0x1
 460 0096 12       		.uleb128 0x12
 461 0097 06       		.uleb128 0x6
 462 0098 40       		.uleb128 0x40
 463 0099 18       		.uleb128 0x18
 464 009a 9742     		.uleb128 0x2117
 465 009c 19       		.uleb128 0x19
 466 009d 01       		.uleb128 0x1
 467 009e 13       		.uleb128 0x13
 468 009f 00       		.byte	0
 469 00a0 00       		.byte	0
 470 00a1 0C       		.uleb128 0xc
 471 00a2 898201   		.uleb128 0x4109
 472 00a5 00       		.byte	0
 473 00a6 11       		.uleb128 0x11
 474 00a7 01       		.uleb128 0x1
 475 00a8 9542     		.uleb128 0x2115
 476 00aa 19       		.uleb128 0x19
 477 00ab 31       		.uleb128 0x31
 478 00ac 13       		.uleb128 0x13
 479 00ad 00       		.byte	0
 480 00ae 00       		.byte	0
ARM GAS  C:\Users\HARLOW~1\AppData\Local\Temp\ccZ7OW3d.s 			page 12


 481 00af 0D       		.uleb128 0xd
 482 00b0 898201   		.uleb128 0x4109
 483 00b3 00       		.byte	0
 484 00b4 11       		.uleb128 0x11
 485 00b5 01       		.uleb128 0x1
 486 00b6 31       		.uleb128 0x31
 487 00b7 13       		.uleb128 0x13
 488 00b8 00       		.byte	0
 489 00b9 00       		.byte	0
 490 00ba 0E       		.uleb128 0xe
 491 00bb 34       		.uleb128 0x34
 492 00bc 00       		.byte	0
 493 00bd 03       		.uleb128 0x3
 494 00be 0E       		.uleb128 0xe
 495 00bf 3A       		.uleb128 0x3a
 496 00c0 0B       		.uleb128 0xb
 497 00c1 3B       		.uleb128 0x3b
 498 00c2 0B       		.uleb128 0xb
 499 00c3 49       		.uleb128 0x49
 500 00c4 13       		.uleb128 0x13
 501 00c5 02       		.uleb128 0x2
 502 00c6 18       		.uleb128 0x18
 503 00c7 00       		.byte	0
 504 00c8 00       		.byte	0
 505 00c9 0F       		.uleb128 0xf
 506 00ca 2E       		.uleb128 0x2e
 507 00cb 00       		.byte	0
 508 00cc 3F       		.uleb128 0x3f
 509 00cd 19       		.uleb128 0x19
 510 00ce 3C       		.uleb128 0x3c
 511 00cf 19       		.uleb128 0x19
 512 00d0 6E       		.uleb128 0x6e
 513 00d1 0E       		.uleb128 0xe
 514 00d2 03       		.uleb128 0x3
 515 00d3 0E       		.uleb128 0xe
 516 00d4 3A       		.uleb128 0x3a
 517 00d5 0B       		.uleb128 0xb
 518 00d6 3B       		.uleb128 0x3b
 519 00d7 0B       		.uleb128 0xb
 520 00d8 00       		.byte	0
 521 00d9 00       		.byte	0
 522 00da 00       		.byte	0
 523              		.section	.debug_aranges,"",%progbits
 524 0000 2C000000 		.4byte	0x2c
 525 0004 0200     		.2byte	0x2
 526 0006 00000000 		.4byte	.Ldebug_info0
 527 000a 04       		.byte	0x4
 528 000b 00       		.byte	0
 529 000c 0000     		.2byte	0
 530 000e 0000     		.2byte	0
 531 0010 00000000 		.4byte	.LFB1
 532 0014 02000000 		.4byte	.LFE1-.LFB1
 533 0018 00000000 		.4byte	.LFB2
 534 001c 18000000 		.4byte	.LFE2-.LFB2
 535 0020 00000000 		.4byte	.LFB3
 536 0024 1C000000 		.4byte	.LFE3-.LFB3
 537 0028 00000000 		.4byte	0
ARM GAS  C:\Users\HARLOW~1\AppData\Local\Temp\ccZ7OW3d.s 			page 13


 538 002c 00000000 		.4byte	0
 539              		.section	.debug_ranges,"",%progbits
 540              	.Ldebug_ranges0:
 541 0000 00000000 		.4byte	.LFB1
 542 0004 02000000 		.4byte	.LFE1
 543 0008 00000000 		.4byte	.LFB2
 544 000c 18000000 		.4byte	.LFE2
 545 0010 00000000 		.4byte	.LFB3
 546 0014 1C000000 		.4byte	.LFE3
 547 0018 00000000 		.4byte	0
 548 001c 00000000 		.4byte	0
 549              		.section	.debug_line,"",%progbits
 550              	.Ldebug_line0:
 551 0000 99000000 		.section	.debug_str,"MS",%progbits,1
 551      02005C00 
 551      00000201 
 551      FB0E0D00 
 551      01010101 
 552              	.LASF6:
 553 0000 6C6F6E67 		.ascii	"long long int\000"
 553      206C6F6E 
 553      6720696E 
 553      7400
 554              	.LASF27:
 555 000e 5350494D 		.ascii	"SPIM_SigGen_RestoreConfig\000"
 555      5F536967 
 555      47656E5F 
 555      52657374 
 555      6F726543 
 556              	.LASF8:
 557 0028 756E7369 		.ascii	"unsigned int\000"
 557      676E6564 
 557      20696E74 
 557      00
 558              	.LASF18:
 559 0035 5350494D 		.ascii	"SPIM_SigGen_BACKUP_STRUCT\000"
 559      5F536967 
 559      47656E5F 
 559      4241434B 
 559      55505F53 
 560              	.LASF12:
 561 004f 75696E74 		.ascii	"uint8\000"
 561      3800
 562              	.LASF5:
 563 0055 6C6F6E67 		.ascii	"long unsigned int\000"
 563      20756E73 
 563      69676E65 
 563      6420696E 
 563      7400
 564              	.LASF7:
 565 0067 6C6F6E67 		.ascii	"long long unsigned int\000"
 565      206C6F6E 
 565      6720756E 
 565      7369676E 
 565      65642069 
 566              	.LASF9:
 567 007e 666C6F61 		.ascii	"float\000"
ARM GAS  C:\Users\HARLOW~1\AppData\Local\Temp\ccZ7OW3d.s 			page 14


 567      7400
 568              	.LASF26:
 569 0084 433A5C55 		.ascii	"C:\\Users\\harlow2016\\Documents\\PSOC_Designs\\Rpi"
 569      73657273 
 569      5C686172 
 569      6C6F7732 
 569      3031365C 
 570 00b2 4D49425C 		.ascii	"MIB\\Number3.cydsn\000"
 570      4E756D62 
 570      6572332E 
 570      63796473 
 570      6E00
 571              	.LASF1:
 572 00c4 756E7369 		.ascii	"unsigned char\000"
 572      676E6564 
 572      20636861 
 572      7200
 573              	.LASF11:
 574 00d2 63686172 		.ascii	"char\000"
 574      00
 575              	.LASF25:
 576 00d7 47656E65 		.ascii	"Generated_Source\\PSoC5\\SPIM_SigGen_PM.c\000"
 576      72617465 
 576      645F536F 
 576      75726365 
 576      5C50536F 
 577              	.LASF20:
 578 00ff 5350494D 		.ascii	"SPIM_SigGen_Wakeup\000"
 578      5F536967 
 578      47656E5F 
 578      57616B65 
 578      757000
 579              	.LASF4:
 580 0112 6C6F6E67 		.ascii	"long int\000"
 580      20696E74 
 580      00
 581              	.LASF16:
 582 011b 656E6162 		.ascii	"enableState\000"
 582      6C655374 
 582      61746500 
 583              	.LASF10:
 584 0127 646F7562 		.ascii	"double\000"
 584      6C6500
 585              	.LASF28:
 586 012e 5350494D 		.ascii	"SPIM_SigGen_backup\000"
 586      5F536967 
 586      47656E5F 
 586      6261636B 
 586      757000
 587              	.LASF24:
 588 0141 474E5520 		.ascii	"GNU C11 5.4.1 20160609 (release) [ARM/embedded-5-br"
 588      43313120 
 588      352E342E 
 588      31203230 
 588      31363036 
 589 0174 616E6368 		.ascii	"anch revision 237715] -mcpu=cortex-m3 -mthumb -g -O"
 589      20726576 
ARM GAS  C:\Users\HARLOW~1\AppData\Local\Temp\ccZ7OW3d.s 			page 15


 589      6973696F 
 589      6E203233 
 589      37373135 
 590 01a7 73202D66 		.ascii	"s -ffunction-sections -ffat-lto-objects\000"
 590      66756E63 
 590      74696F6E 
 590      2D736563 
 590      74696F6E 
 591              	.LASF17:
 592 01cf 636E7472 		.ascii	"cntrPeriod\000"
 592      50657269 
 592      6F6400
 593              	.LASF3:
 594 01da 73686F72 		.ascii	"short unsigned int\000"
 594      7420756E 
 594      7369676E 
 594      65642069 
 594      6E7400
 595              	.LASF0:
 596 01ed 7369676E 		.ascii	"signed char\000"
 596      65642063 
 596      68617200 
 597              	.LASF23:
 598 01f9 5350494D 		.ascii	"SPIM_SigGen_Enable\000"
 598      5F536967 
 598      47656E5F 
 598      456E6162 
 598      6C6500
 599              	.LASF21:
 600 020c 5350494D 		.ascii	"SPIM_SigGen_Stop\000"
 600      5F536967 
 600      47656E5F 
 600      53746F70 
 600      00
 601              	.LASF19:
 602 021d 5350494D 		.ascii	"SPIM_SigGen_Sleep\000"
 602      5F536967 
 602      47656E5F 
 602      536C6565 
 602      7000
 603              	.LASF14:
 604 022f 6C6F6E67 		.ascii	"long double\000"
 604      20646F75 
 604      626C6500 
 605              	.LASF2:
 606 023b 73686F72 		.ascii	"short int\000"
 606      7420696E 
 606      7400
 607              	.LASF13:
 608 0245 72656738 		.ascii	"reg8\000"
 608      00
 609              	.LASF22:
 610 024a 5350494D 		.ascii	"SPIM_SigGen_ClearFIFO\000"
 610      5F536967 
 610      47656E5F 
 610      436C6561 
 610      72464946 
ARM GAS  C:\Users\HARLOW~1\AppData\Local\Temp\ccZ7OW3d.s 			page 16


 611              	.LASF15:
 612 0260 73697A65 		.ascii	"sizetype\000"
 612      74797065 
 612      00
 613              		.ident	"GCC: (GNU Tools for ARM Embedded Processors) 5.4.1 20160609 (release) [ARM/embedded-5-bran
