ARM GAS  C:\Users\HARLOW~1\AppData\Local\Temp\cc4IkFq8.s 			page 1


   1              		.syntax unified
   2              		.cpu cortex-m3
   3              		.fpu softvfp
   4              		.eabi_attribute 20, 1
   5              		.eabi_attribute 21, 1
   6              		.eabi_attribute 23, 3
   7              		.eabi_attribute 24, 1
   8              		.eabi_attribute 25, 1
   9              		.eabi_attribute 26, 1
  10              		.eabi_attribute 30, 4
  11              		.eabi_attribute 34, 1
  12              		.eabi_attribute 18, 4
  13              		.thumb
  14              		.syntax unified
  15              		.file	"SPIS_INT.c"
  16              		.text
  17              	.Ltext0:
  18              		.cfi_sections	.debug_frame
  19              		.section	.text.SPIS_TX_ISR,"ax",%progbits
  20              		.align	1
  21              		.global	SPIS_TX_ISR
  22              		.thumb
  23              		.thumb_func
  24              		.type	SPIS_TX_ISR, %function
  25              	SPIS_TX_ISR:
  26              	.LFB3:
  27              		.cfi_startproc
  28              		@ args = 0, pretend = 0, frame = 0
  29              		@ frame_needed = 0, uses_anonymous_args = 0
  30              		@ link register save eliminated.
  31 0000 7047     		bx	lr
  32              		.cfi_endproc
  33              	.LFE3:
  34              		.size	SPIS_TX_ISR, .-SPIS_TX_ISR
  35              		.section	.text.SPIS_RX_ISR,"ax",%progbits
  36              		.align	1
  37              		.global	SPIS_RX_ISR
  38              		.thumb
  39              		.thumb_func
  40              		.type	SPIS_RX_ISR, %function
  41              	SPIS_RX_ISR:
  42              	.LFB1:
  43              		.file 1 "Generated_Source\\PSoC5\\SPIS_INT.c"
   1:Generated_Source\PSoC5/SPIS_INT.c **** /*******************************************************************************
   2:Generated_Source\PSoC5/SPIS_INT.c **** * File Name: SPIS_INT.c
   3:Generated_Source\PSoC5/SPIS_INT.c **** * Version 2.70
   4:Generated_Source\PSoC5/SPIS_INT.c **** *
   5:Generated_Source\PSoC5/SPIS_INT.c **** * Description:
   6:Generated_Source\PSoC5/SPIS_INT.c **** *  This file provides all Interrupt Service Routine (ISR) for the SPI Slave
   7:Generated_Source\PSoC5/SPIS_INT.c **** *  component.
   8:Generated_Source\PSoC5/SPIS_INT.c **** *
   9:Generated_Source\PSoC5/SPIS_INT.c **** * Note:
  10:Generated_Source\PSoC5/SPIS_INT.c **** *  None.
  11:Generated_Source\PSoC5/SPIS_INT.c **** *
  12:Generated_Source\PSoC5/SPIS_INT.c **** ********************************************************************************
  13:Generated_Source\PSoC5/SPIS_INT.c **** * Copyright 2008-2015, Cypress Semiconductor Corporation.  All rights reserved.
  14:Generated_Source\PSoC5/SPIS_INT.c **** * You may use this file only in accordance with the license, terms, conditions,
ARM GAS  C:\Users\HARLOW~1\AppData\Local\Temp\cc4IkFq8.s 			page 2


  15:Generated_Source\PSoC5/SPIS_INT.c **** * disclaimers, and limitations in the end user license agreement accompanying
  16:Generated_Source\PSoC5/SPIS_INT.c **** * the software package with which this file was provided.
  17:Generated_Source\PSoC5/SPIS_INT.c **** *******************************************************************************/
  18:Generated_Source\PSoC5/SPIS_INT.c **** 
  19:Generated_Source\PSoC5/SPIS_INT.c **** #include "SPIS_PVT.h"
  20:Generated_Source\PSoC5/SPIS_INT.c **** #include "cyapicallbacks.h"
  21:Generated_Source\PSoC5/SPIS_INT.c **** 
  22:Generated_Source\PSoC5/SPIS_INT.c **** /* User code required at start of ISR */
  23:Generated_Source\PSoC5/SPIS_INT.c **** /* `#START SPIS_ISR_START_DEF` */
  24:Generated_Source\PSoC5/SPIS_INT.c **** 
  25:Generated_Source\PSoC5/SPIS_INT.c **** /* `#END` */
  26:Generated_Source\PSoC5/SPIS_INT.c **** 
  27:Generated_Source\PSoC5/SPIS_INT.c **** 
  28:Generated_Source\PSoC5/SPIS_INT.c **** /*******************************************************************************
  29:Generated_Source\PSoC5/SPIS_INT.c **** * Function Name: SPIS_TX_ISR
  30:Generated_Source\PSoC5/SPIS_INT.c **** *
  31:Generated_Source\PSoC5/SPIS_INT.c **** * Summary:
  32:Generated_Source\PSoC5/SPIS_INT.c **** *  Interrupt Service Routine for TX portion of the SPI Slave.
  33:Generated_Source\PSoC5/SPIS_INT.c **** *
  34:Generated_Source\PSoC5/SPIS_INT.c **** * Parameters:
  35:Generated_Source\PSoC5/SPIS_INT.c **** *  None.
  36:Generated_Source\PSoC5/SPIS_INT.c **** *
  37:Generated_Source\PSoC5/SPIS_INT.c **** * Return:
  38:Generated_Source\PSoC5/SPIS_INT.c **** *  None.
  39:Generated_Source\PSoC5/SPIS_INT.c **** *
  40:Generated_Source\PSoC5/SPIS_INT.c **** * Global variables:
  41:Generated_Source\PSoC5/SPIS_INT.c **** *  SPIS_txBufferWrite - used for the account of the bytes which
  42:Generated_Source\PSoC5/SPIS_INT.c **** *  have been written down in the TX software buffer.
  43:Generated_Source\PSoC5/SPIS_INT.c **** *  SPIS_txBufferRead - used for the account of the bytes which
  44:Generated_Source\PSoC5/SPIS_INT.c **** *  have been read from the TX software buffer, modified when exist data to
  45:Generated_Source\PSoC5/SPIS_INT.c **** *  sending and FIFO Not Full.
  46:Generated_Source\PSoC5/SPIS_INT.c **** *  SPIS_txBuffer[SPIS_TX_BUFFER_SIZE] - used to store
  47:Generated_Source\PSoC5/SPIS_INT.c **** *  data to sending.
  48:Generated_Source\PSoC5/SPIS_INT.c **** *  All described above Global variables are used when Software Buffer is used.
  49:Generated_Source\PSoC5/SPIS_INT.c **** *
  50:Generated_Source\PSoC5/SPIS_INT.c **** *******************************************************************************/
  51:Generated_Source\PSoC5/SPIS_INT.c **** CY_ISR(SPIS_TX_ISR)
  52:Generated_Source\PSoC5/SPIS_INT.c **** {
  53:Generated_Source\PSoC5/SPIS_INT.c **** 
  54:Generated_Source\PSoC5/SPIS_INT.c ****     #if(SPIS_TX_SOFTWARE_BUF_ENABLED)
  55:Generated_Source\PSoC5/SPIS_INT.c ****         uint8 tmpStatus;
  56:Generated_Source\PSoC5/SPIS_INT.c ****     #endif /* (SPIS_TX_SOFTWARE_BUF_ENABLED) */
  57:Generated_Source\PSoC5/SPIS_INT.c **** 
  58:Generated_Source\PSoC5/SPIS_INT.c ****     #ifdef SPIS_TX_ISR_ENTRY_CALLBACK
  59:Generated_Source\PSoC5/SPIS_INT.c ****         SPIS_TX_ISR_EntryCallback();
  60:Generated_Source\PSoC5/SPIS_INT.c ****     #endif /* SPIS_TX_ISR_ENTRY_CALLBACK */
  61:Generated_Source\PSoC5/SPIS_INT.c **** 
  62:Generated_Source\PSoC5/SPIS_INT.c ****     /* User code required at start of ISR */
  63:Generated_Source\PSoC5/SPIS_INT.c ****     /* `#START SPIS_ISR_TX_START` */
  64:Generated_Source\PSoC5/SPIS_INT.c **** 
  65:Generated_Source\PSoC5/SPIS_INT.c ****     /* `#END` */
  66:Generated_Source\PSoC5/SPIS_INT.c **** 
  67:Generated_Source\PSoC5/SPIS_INT.c ****     #if(SPIS_TX_SOFTWARE_BUF_ENABLED)
  68:Generated_Source\PSoC5/SPIS_INT.c ****         /* Component interrupt service code */
  69:Generated_Source\PSoC5/SPIS_INT.c **** 
  70:Generated_Source\PSoC5/SPIS_INT.c ****         /* See if TX data buffer is not empty and there is space in TX FIFO */
  71:Generated_Source\PSoC5/SPIS_INT.c ****         while(SPIS_txBufferRead != SPIS_txBufferWrite)
ARM GAS  C:\Users\HARLOW~1\AppData\Local\Temp\cc4IkFq8.s 			page 3


  72:Generated_Source\PSoC5/SPIS_INT.c ****         {
  73:Generated_Source\PSoC5/SPIS_INT.c ****             tmpStatus = SPIS_GET_STATUS_TX(SPIS_swStatusTx);
  74:Generated_Source\PSoC5/SPIS_INT.c ****             SPIS_swStatusTx = tmpStatus;
  75:Generated_Source\PSoC5/SPIS_INT.c **** 
  76:Generated_Source\PSoC5/SPIS_INT.c ****             if ((SPIS_swStatusTx & SPIS_STS_TX_FIFO_NOT_FULL) != 0u)
  77:Generated_Source\PSoC5/SPIS_INT.c ****             {
  78:Generated_Source\PSoC5/SPIS_INT.c ****                 if(SPIS_txBufferFull == 0u)
  79:Generated_Source\PSoC5/SPIS_INT.c ****                 {
  80:Generated_Source\PSoC5/SPIS_INT.c ****                    SPIS_txBufferRead++;
  81:Generated_Source\PSoC5/SPIS_INT.c **** 
  82:Generated_Source\PSoC5/SPIS_INT.c ****                     if(SPIS_txBufferRead >= SPIS_TX_BUFFER_SIZE)
  83:Generated_Source\PSoC5/SPIS_INT.c ****                     {
  84:Generated_Source\PSoC5/SPIS_INT.c ****                         SPIS_txBufferRead = 0u;
  85:Generated_Source\PSoC5/SPIS_INT.c ****                     }
  86:Generated_Source\PSoC5/SPIS_INT.c ****                 }
  87:Generated_Source\PSoC5/SPIS_INT.c ****                 else
  88:Generated_Source\PSoC5/SPIS_INT.c ****                 {
  89:Generated_Source\PSoC5/SPIS_INT.c ****                     SPIS_txBufferFull = 0u;
  90:Generated_Source\PSoC5/SPIS_INT.c ****                 }
  91:Generated_Source\PSoC5/SPIS_INT.c **** 
  92:Generated_Source\PSoC5/SPIS_INT.c ****                 /* Put data element into the TX FIFO */
  93:Generated_Source\PSoC5/SPIS_INT.c ****                 CY_SET_REG16(SPIS_TXDATA_PTR, 
  94:Generated_Source\PSoC5/SPIS_INT.c ****                                              SPIS_txBuffer[SPIS_txBufferRead]);
  95:Generated_Source\PSoC5/SPIS_INT.c ****             }
  96:Generated_Source\PSoC5/SPIS_INT.c ****             else
  97:Generated_Source\PSoC5/SPIS_INT.c ****             {
  98:Generated_Source\PSoC5/SPIS_INT.c ****                 break;
  99:Generated_Source\PSoC5/SPIS_INT.c ****             }
 100:Generated_Source\PSoC5/SPIS_INT.c ****         }
 101:Generated_Source\PSoC5/SPIS_INT.c **** 
 102:Generated_Source\PSoC5/SPIS_INT.c ****         /* If Buffer is empty then disable TX FIFO status interrupt until there is data in the buff
 103:Generated_Source\PSoC5/SPIS_INT.c ****         if(SPIS_txBufferRead == SPIS_txBufferWrite)
 104:Generated_Source\PSoC5/SPIS_INT.c ****         {
 105:Generated_Source\PSoC5/SPIS_INT.c ****             SPIS_TX_STATUS_MASK_REG &= ((uint8)~SPIS_STS_TX_FIFO_NOT_FULL);
 106:Generated_Source\PSoC5/SPIS_INT.c ****         }
 107:Generated_Source\PSoC5/SPIS_INT.c **** 
 108:Generated_Source\PSoC5/SPIS_INT.c ****     #endif /* SPIS_TX_SOFTWARE_BUF_ENABLED */
 109:Generated_Source\PSoC5/SPIS_INT.c **** 
 110:Generated_Source\PSoC5/SPIS_INT.c ****     /* User code required at end of ISR (Optional) */
 111:Generated_Source\PSoC5/SPIS_INT.c ****     /* `#START SPIS_ISR_TX_END` */
 112:Generated_Source\PSoC5/SPIS_INT.c **** 
 113:Generated_Source\PSoC5/SPIS_INT.c ****     /* `#END` */
 114:Generated_Source\PSoC5/SPIS_INT.c ****     
 115:Generated_Source\PSoC5/SPIS_INT.c ****     #ifdef SPIS_TX_ISR_EXIT_CALLBACK
 116:Generated_Source\PSoC5/SPIS_INT.c ****         SPIS_TX_ISR_ExitCallback();
 117:Generated_Source\PSoC5/SPIS_INT.c ****     #endif /* SPIS_TX_ISR_EXIT_CALLBACK */
 118:Generated_Source\PSoC5/SPIS_INT.c ****    }
 119:Generated_Source\PSoC5/SPIS_INT.c **** 
 120:Generated_Source\PSoC5/SPIS_INT.c **** 
 121:Generated_Source\PSoC5/SPIS_INT.c **** /*******************************************************************************
 122:Generated_Source\PSoC5/SPIS_INT.c **** * Function Name: SPIS_RX_ISR
 123:Generated_Source\PSoC5/SPIS_INT.c **** *
 124:Generated_Source\PSoC5/SPIS_INT.c **** * Summary:
 125:Generated_Source\PSoC5/SPIS_INT.c **** *  Interrupt Service Routine for RX portion of the SPI Slave.
 126:Generated_Source\PSoC5/SPIS_INT.c **** *
 127:Generated_Source\PSoC5/SPIS_INT.c **** * Parameters:
 128:Generated_Source\PSoC5/SPIS_INT.c **** *  None.
ARM GAS  C:\Users\HARLOW~1\AppData\Local\Temp\cc4IkFq8.s 			page 4


 129:Generated_Source\PSoC5/SPIS_INT.c **** *
 130:Generated_Source\PSoC5/SPIS_INT.c **** * Return:
 131:Generated_Source\PSoC5/SPIS_INT.c **** *  None.
 132:Generated_Source\PSoC5/SPIS_INT.c **** *
 133:Generated_Source\PSoC5/SPIS_INT.c **** * Global variables:
 134:Generated_Source\PSoC5/SPIS_INT.c **** *  SPIS_rxBufferWrite - used for the account of the bytes which
 135:Generated_Source\PSoC5/SPIS_INT.c **** *  have been written down in the RX software buffer modified when FIFO contains
 136:Generated_Source\PSoC5/SPIS_INT.c **** *  new data.
 137:Generated_Source\PSoC5/SPIS_INT.c **** *  SPIS_rxBufferRead - used for the account of the bytes which
 138:Generated_Source\PSoC5/SPIS_INT.c **** *  have been read from the RX software buffer, modified when overflow occurred.
 139:Generated_Source\PSoC5/SPIS_INT.c **** *  SPIS_rxBuffer[SPIS_RX_BUFFER_SIZE] - used to store
 140:Generated_Source\PSoC5/SPIS_INT.c **** *  received data, modified when FIFO contains new data.
 141:Generated_Source\PSoC5/SPIS_INT.c **** *  All described above Global variables are used when Software Buffer is used.
 142:Generated_Source\PSoC5/SPIS_INT.c **** *
 143:Generated_Source\PSoC5/SPIS_INT.c **** *******************************************************************************/
 144:Generated_Source\PSoC5/SPIS_INT.c **** CY_ISR(SPIS_RX_ISR)
 145:Generated_Source\PSoC5/SPIS_INT.c **** {
  44              		.loc 1 145 0
  45              		.cfi_startproc
  46              		@ args = 0, pretend = 0, frame = 0
  47              		@ frame_needed = 0, uses_anonymous_args = 0
  48              		@ link register save eliminated.
  49 0000 7047     		bx	lr
  50              		.cfi_endproc
  51              	.LFE1:
  52              		.size	SPIS_RX_ISR, .-SPIS_RX_ISR
  53              		.text
  54              	.Letext0:
  55              		.section	.debug_info,"",%progbits
  56              	.Ldebug_info0:
  57 0000 A2000000 		.4byte	0xa2
  58 0004 0400     		.2byte	0x4
  59 0006 00000000 		.4byte	.Ldebug_abbrev0
  60 000a 04       		.byte	0x4
  61 000b 01       		.uleb128 0x1
  62 000c B9000000 		.4byte	.LASF14
  63 0010 0C       		.byte	0xc
  64 0011 66010000 		.4byte	.LASF15
  65 0015 72000000 		.4byte	.LASF16
  66 0019 00000000 		.4byte	.Ldebug_ranges0+0
  67 001d 00000000 		.4byte	0
  68 0021 00000000 		.4byte	.Ldebug_line0
  69 0025 02       		.uleb128 0x2
  70 0026 01       		.byte	0x1
  71 0027 06       		.byte	0x6
  72 0028 5A010000 		.4byte	.LASF0
  73 002c 02       		.uleb128 0x2
  74 002d 01       		.byte	0x1
  75 002e 08       		.byte	0x8
  76 002f 56000000 		.4byte	.LASF1
  77 0033 02       		.uleb128 0x2
  78 0034 02       		.byte	0x2
  79 0035 05       		.byte	0x5
  80 0036 94010000 		.4byte	.LASF2
  81 003a 02       		.uleb128 0x2
  82 003b 02       		.byte	0x2
  83 003c 07       		.byte	0x7
ARM GAS  C:\Users\HARLOW~1\AppData\Local\Temp\cc4IkFq8.s 			page 5


  84 003d 47010000 		.4byte	.LASF3
  85 0041 02       		.uleb128 0x2
  86 0042 04       		.byte	0x4
  87 0043 05       		.byte	0x5
  88 0044 69000000 		.4byte	.LASF4
  89 0048 02       		.uleb128 0x2
  90 0049 04       		.byte	0x4
  91 004a 07       		.byte	0x7
  92 004b 27000000 		.4byte	.LASF5
  93 004f 02       		.uleb128 0x2
  94 0050 08       		.byte	0x8
  95 0051 05       		.byte	0x5
  96 0052 00000000 		.4byte	.LASF6
  97 0056 02       		.uleb128 0x2
  98 0057 08       		.byte	0x8
  99 0058 07       		.byte	0x7
 100 0059 39000000 		.4byte	.LASF7
 101 005d 03       		.uleb128 0x3
 102 005e 04       		.byte	0x4
 103 005f 05       		.byte	0x5
 104 0060 696E7400 		.ascii	"int\000"
 105 0064 02       		.uleb128 0x2
 106 0065 04       		.byte	0x4
 107 0066 07       		.byte	0x7
 108 0067 1A000000 		.4byte	.LASF8
 109 006b 02       		.uleb128 0x2
 110 006c 04       		.byte	0x4
 111 006d 04       		.byte	0x4
 112 006e 50000000 		.4byte	.LASF9
 113 0072 02       		.uleb128 0x2
 114 0073 08       		.byte	0x8
 115 0074 04       		.byte	0x4
 116 0075 B2000000 		.4byte	.LASF10
 117 0079 02       		.uleb128 0x2
 118 007a 01       		.byte	0x1
 119 007b 08       		.byte	0x8
 120 007c 64000000 		.4byte	.LASF11
 121 0080 02       		.uleb128 0x2
 122 0081 08       		.byte	0x8
 123 0082 04       		.byte	0x4
 124 0083 88010000 		.4byte	.LASF12
 125 0087 02       		.uleb128 0x2
 126 0088 04       		.byte	0x4
 127 0089 07       		.byte	0x7
 128 008a 9E010000 		.4byte	.LASF13
 129 008e 04       		.uleb128 0x4
 130 008f 0E000000 		.4byte	.LASF17
 131 0093 01       		.byte	0x1
 132 0094 90       		.byte	0x90
 133 0095 01       		.byte	0x1
 134 0096 05       		.uleb128 0x5
 135 0097 8E000000 		.4byte	0x8e
 136 009b 00000000 		.4byte	.LFB1
 137 009f 02000000 		.4byte	.LFE1-.LFB1
 138 00a3 01       		.uleb128 0x1
 139 00a4 9C       		.byte	0x9c
 140 00a5 00       		.byte	0
ARM GAS  C:\Users\HARLOW~1\AppData\Local\Temp\cc4IkFq8.s 			page 6


 141              		.section	.debug_abbrev,"",%progbits
 142              	.Ldebug_abbrev0:
 143 0000 01       		.uleb128 0x1
 144 0001 11       		.uleb128 0x11
 145 0002 01       		.byte	0x1
 146 0003 25       		.uleb128 0x25
 147 0004 0E       		.uleb128 0xe
 148 0005 13       		.uleb128 0x13
 149 0006 0B       		.uleb128 0xb
 150 0007 03       		.uleb128 0x3
 151 0008 0E       		.uleb128 0xe
 152 0009 1B       		.uleb128 0x1b
 153 000a 0E       		.uleb128 0xe
 154 000b 55       		.uleb128 0x55
 155 000c 17       		.uleb128 0x17
 156 000d 11       		.uleb128 0x11
 157 000e 01       		.uleb128 0x1
 158 000f 10       		.uleb128 0x10
 159 0010 17       		.uleb128 0x17
 160 0011 00       		.byte	0
 161 0012 00       		.byte	0
 162 0013 02       		.uleb128 0x2
 163 0014 24       		.uleb128 0x24
 164 0015 00       		.byte	0
 165 0016 0B       		.uleb128 0xb
 166 0017 0B       		.uleb128 0xb
 167 0018 3E       		.uleb128 0x3e
 168 0019 0B       		.uleb128 0xb
 169 001a 03       		.uleb128 0x3
 170 001b 0E       		.uleb128 0xe
 171 001c 00       		.byte	0
 172 001d 00       		.byte	0
 173 001e 03       		.uleb128 0x3
 174 001f 24       		.uleb128 0x24
 175 0020 00       		.byte	0
 176 0021 0B       		.uleb128 0xb
 177 0022 0B       		.uleb128 0xb
 178 0023 3E       		.uleb128 0x3e
 179 0024 0B       		.uleb128 0xb
 180 0025 03       		.uleb128 0x3
 181 0026 08       		.uleb128 0x8
 182 0027 00       		.byte	0
 183 0028 00       		.byte	0
 184 0029 04       		.uleb128 0x4
 185 002a 2E       		.uleb128 0x2e
 186 002b 00       		.byte	0
 187 002c 3F       		.uleb128 0x3f
 188 002d 19       		.uleb128 0x19
 189 002e 03       		.uleb128 0x3
 190 002f 0E       		.uleb128 0xe
 191 0030 3A       		.uleb128 0x3a
 192 0031 0B       		.uleb128 0xb
 193 0032 3B       		.uleb128 0x3b
 194 0033 0B       		.uleb128 0xb
 195 0034 27       		.uleb128 0x27
 196 0035 19       		.uleb128 0x19
 197 0036 20       		.uleb128 0x20
ARM GAS  C:\Users\HARLOW~1\AppData\Local\Temp\cc4IkFq8.s 			page 7


 198 0037 0B       		.uleb128 0xb
 199 0038 00       		.byte	0
 200 0039 00       		.byte	0
 201 003a 05       		.uleb128 0x5
 202 003b 2E       		.uleb128 0x2e
 203 003c 00       		.byte	0
 204 003d 31       		.uleb128 0x31
 205 003e 13       		.uleb128 0x13
 206 003f 11       		.uleb128 0x11
 207 0040 01       		.uleb128 0x1
 208 0041 12       		.uleb128 0x12
 209 0042 06       		.uleb128 0x6
 210 0043 40       		.uleb128 0x40
 211 0044 18       		.uleb128 0x18
 212 0045 9742     		.uleb128 0x2117
 213 0047 19       		.uleb128 0x19
 214 0048 00       		.byte	0
 215 0049 00       		.byte	0
 216 004a 00       		.byte	0
 217              		.section	.debug_aranges,"",%progbits
 218 0000 1C000000 		.4byte	0x1c
 219 0004 0200     		.2byte	0x2
 220 0006 00000000 		.4byte	.Ldebug_info0
 221 000a 04       		.byte	0x4
 222 000b 00       		.byte	0
 223 000c 0000     		.2byte	0
 224 000e 0000     		.2byte	0
 225 0010 00000000 		.4byte	.LFB1
 226 0014 02000000 		.4byte	.LFE1-.LFB1
 227 0018 00000000 		.4byte	0
 228 001c 00000000 		.4byte	0
 229              		.section	.debug_ranges,"",%progbits
 230              	.Ldebug_ranges0:
 231 0000 00000000 		.4byte	.LFB1
 232 0004 02000000 		.4byte	.LFE1
 233 0008 00000000 		.4byte	0
 234 000c 00000000 		.4byte	0
 235              		.section	.debug_line,"",%progbits
 236              	.Ldebug_line0:
 237 0000 4E000000 		.section	.debug_str,"MS",%progbits,1
 237      02003800 
 237      00000201 
 237      FB0E0D00 
 237      01010101 
 238              	.LASF6:
 239 0000 6C6F6E67 		.ascii	"long long int\000"
 239      206C6F6E 
 239      6720696E 
 239      7400
 240              	.LASF17:
 241 000e 53504953 		.ascii	"SPIS_RX_ISR\000"
 241      5F52585F 
 241      49535200 
 242              	.LASF8:
 243 001a 756E7369 		.ascii	"unsigned int\000"
 243      676E6564 
 243      20696E74 
ARM GAS  C:\Users\HARLOW~1\AppData\Local\Temp\cc4IkFq8.s 			page 8


 243      00
 244              	.LASF5:
 245 0027 6C6F6E67 		.ascii	"long unsigned int\000"
 245      20756E73 
 245      69676E65 
 245      6420696E 
 245      7400
 246              	.LASF7:
 247 0039 6C6F6E67 		.ascii	"long long unsigned int\000"
 247      206C6F6E 
 247      6720756E 
 247      7369676E 
 247      65642069 
 248              	.LASF9:
 249 0050 666C6F61 		.ascii	"float\000"
 249      7400
 250              	.LASF1:
 251 0056 756E7369 		.ascii	"unsigned char\000"
 251      676E6564 
 251      20636861 
 251      7200
 252              	.LASF11:
 253 0064 63686172 		.ascii	"char\000"
 253      00
 254              	.LASF4:
 255 0069 6C6F6E67 		.ascii	"long int\000"
 255      20696E74 
 255      00
 256              	.LASF16:
 257 0072 433A5C55 		.ascii	"C:\\Users\\harlow2016\\Documents\\PSOC_Designs\\Rpi"
 257      73657273 
 257      5C686172 
 257      6C6F7732 
 257      3031365C 
 258 00a0 4D49425C 		.ascii	"MIB\\Number3.cydsn\000"
 258      4E756D62 
 258      6572332E 
 258      63796473 
 258      6E00
 259              	.LASF10:
 260 00b2 646F7562 		.ascii	"double\000"
 260      6C6500
 261              	.LASF14:
 262 00b9 474E5520 		.ascii	"GNU C11 5.4.1 20160609 (release) [ARM/embedded-5-br"
 262      43313120 
 262      352E342E 
 262      31203230 
 262      31363036 
 263 00ec 616E6368 		.ascii	"anch revision 237715] -mcpu=cortex-m3 -mthumb -g -O"
 263      20726576 
 263      6973696F 
 263      6E203233 
 263      37373135 
 264 011f 73202D66 		.ascii	"s -ffunction-sections -ffat-lto-objects\000"
 264      66756E63 
 264      74696F6E 
 264      2D736563 
ARM GAS  C:\Users\HARLOW~1\AppData\Local\Temp\cc4IkFq8.s 			page 9


 264      74696F6E 
 265              	.LASF3:
 266 0147 73686F72 		.ascii	"short unsigned int\000"
 266      7420756E 
 266      7369676E 
 266      65642069 
 266      6E7400
 267              	.LASF0:
 268 015a 7369676E 		.ascii	"signed char\000"
 268      65642063 
 268      68617200 
 269              	.LASF15:
 270 0166 47656E65 		.ascii	"Generated_Source\\PSoC5\\SPIS_INT.c\000"
 270      72617465 
 270      645F536F 
 270      75726365 
 270      5C50536F 
 271              	.LASF12:
 272 0188 6C6F6E67 		.ascii	"long double\000"
 272      20646F75 
 272      626C6500 
 273              	.LASF2:
 274 0194 73686F72 		.ascii	"short int\000"
 274      7420696E 
 274      7400
 275              	.LASF13:
 276 019e 73697A65 		.ascii	"sizetype\000"
 276      74797065 
 276      00
 277              		.ident	"GCC: (GNU Tools for ARM Embedded Processors) 5.4.1 20160609 (release) [ARM/embedded-5-bran
