ARM GAS  C:\Users\HARLOW~1\AppData\Local\Temp\ccYwMjnW.s 			page 1


   1              		.syntax unified
   2              		.cpu cortex-m3
   3              		.fpu softvfp
   4              		.eabi_attribute 20, 1
   5              		.eabi_attribute 21, 1
   6              		.eabi_attribute 23, 3
   7              		.eabi_attribute 24, 1
   8              		.eabi_attribute 25, 1
   9              		.eabi_attribute 26, 1
  10              		.eabi_attribute 30, 6
  11              		.eabi_attribute 34, 1
  12              		.eabi_attribute 18, 4
  13              		.thumb
  14              		.syntax unified
  15              		.file	"SPIS_PM.c"
  16              		.text
  17              	.Ltext0:
  18              		.cfi_sections	.debug_frame
  19              		.data
  20              		.align	2
  21              		.type	SPIS_backup, %object
  22              		.size	SPIS_backup, 2
  23              	SPIS_backup:
  24 0000 00       		.byte	0
  25 0001 0F       		.byte	15
  26              		.section	.text.SPIS_SaveConfig,"ax",%progbits
  27              		.align	2
  28              		.global	SPIS_SaveConfig
  29              		.thumb
  30              		.thumb_func
  31              		.type	SPIS_SaveConfig, %function
  32              	SPIS_SaveConfig:
  33              	.LFB0:
  34              		.file 1 "Generated_Source\\PSoC5\\SPIS_PM.c"
   1:Generated_Source\PSoC5/SPIS_PM.c **** /*******************************************************************************
   2:Generated_Source\PSoC5/SPIS_PM.c **** * File Name: SPIS_PM.c
   3:Generated_Source\PSoC5/SPIS_PM.c **** * Version 2.70
   4:Generated_Source\PSoC5/SPIS_PM.c **** *
   5:Generated_Source\PSoC5/SPIS_PM.c **** * Description:
   6:Generated_Source\PSoC5/SPIS_PM.c **** *  This file contains the setup, control and status commands to support
   7:Generated_Source\PSoC5/SPIS_PM.c **** *  component operations in low power mode.
   8:Generated_Source\PSoC5/SPIS_PM.c **** *
   9:Generated_Source\PSoC5/SPIS_PM.c **** * Note:
  10:Generated_Source\PSoC5/SPIS_PM.c **** *
  11:Generated_Source\PSoC5/SPIS_PM.c **** ********************************************************************************
  12:Generated_Source\PSoC5/SPIS_PM.c **** * Copyright 2008-2015, Cypress Semiconductor Corporation.  All rights reserved.
  13:Generated_Source\PSoC5/SPIS_PM.c **** * You may use this file only in accordance with the license, terms, conditions,
  14:Generated_Source\PSoC5/SPIS_PM.c **** * disclaimers, and limitations in the end user license agreement accompanying
  15:Generated_Source\PSoC5/SPIS_PM.c **** * the software package with which this file was provided.
  16:Generated_Source\PSoC5/SPIS_PM.c **** *******************************************************************************/
  17:Generated_Source\PSoC5/SPIS_PM.c **** 
  18:Generated_Source\PSoC5/SPIS_PM.c **** #include "SPIS_PVT.h"
  19:Generated_Source\PSoC5/SPIS_PM.c **** 
  20:Generated_Source\PSoC5/SPIS_PM.c **** static SPIS_BACKUP_STRUCT SPIS_backup = 
  21:Generated_Source\PSoC5/SPIS_PM.c **** {
  22:Generated_Source\PSoC5/SPIS_PM.c ****     SPIS_DISABLED,
  23:Generated_Source\PSoC5/SPIS_PM.c ****     SPIS_BITCTR_INIT,
ARM GAS  C:\Users\HARLOW~1\AppData\Local\Temp\ccYwMjnW.s 			page 2


  24:Generated_Source\PSoC5/SPIS_PM.c **** };
  25:Generated_Source\PSoC5/SPIS_PM.c **** 
  26:Generated_Source\PSoC5/SPIS_PM.c **** 
  27:Generated_Source\PSoC5/SPIS_PM.c **** /*******************************************************************************
  28:Generated_Source\PSoC5/SPIS_PM.c **** * Function Name: SPIS_SaveConfig
  29:Generated_Source\PSoC5/SPIS_PM.c **** ********************************************************************************
  30:Generated_Source\PSoC5/SPIS_PM.c **** *
  31:Generated_Source\PSoC5/SPIS_PM.c **** * Summary:
  32:Generated_Source\PSoC5/SPIS_PM.c **** *  Empty function. Included for consistency with other components.
  33:Generated_Source\PSoC5/SPIS_PM.c **** *
  34:Generated_Source\PSoC5/SPIS_PM.c **** * Parameters:
  35:Generated_Source\PSoC5/SPIS_PM.c **** *  None.
  36:Generated_Source\PSoC5/SPIS_PM.c **** *
  37:Generated_Source\PSoC5/SPIS_PM.c **** * Return:
  38:Generated_Source\PSoC5/SPIS_PM.c **** *  None.
  39:Generated_Source\PSoC5/SPIS_PM.c **** *
  40:Generated_Source\PSoC5/SPIS_PM.c **** *******************************************************************************/
  41:Generated_Source\PSoC5/SPIS_PM.c **** void SPIS_SaveConfig(void) 
  42:Generated_Source\PSoC5/SPIS_PM.c **** {
  35              		.loc 1 42 0
  36              		.cfi_startproc
  37              		@ args = 0, pretend = 0, frame = 0
  38              		@ frame_needed = 1, uses_anonymous_args = 0
  39              		@ link register save eliminated.
  40 0000 80B4     		push	{r7}
  41              		.cfi_def_cfa_offset 4
  42              		.cfi_offset 7, -4
  43 0002 00AF     		add	r7, sp, #0
  44              		.cfi_def_cfa_register 7
  43:Generated_Source\PSoC5/SPIS_PM.c **** 
  44:Generated_Source\PSoC5/SPIS_PM.c **** }
  45              		.loc 1 44 0
  46 0004 00BF     		nop
  47 0006 BD46     		mov	sp, r7
  48              		.cfi_def_cfa_register 13
  49              		@ sp needed
  50 0008 80BC     		pop	{r7}
  51              		.cfi_restore 7
  52              		.cfi_def_cfa_offset 0
  53 000a 7047     		bx	lr
  54              		.cfi_endproc
  55              	.LFE0:
  56              		.size	SPIS_SaveConfig, .-SPIS_SaveConfig
  57              		.section	.text.SPIS_RestoreConfig,"ax",%progbits
  58              		.align	2
  59              		.global	SPIS_RestoreConfig
  60              		.thumb
  61              		.thumb_func
  62              		.type	SPIS_RestoreConfig, %function
  63              	SPIS_RestoreConfig:
  64              	.LFB1:
  45:Generated_Source\PSoC5/SPIS_PM.c **** 
  46:Generated_Source\PSoC5/SPIS_PM.c **** 
  47:Generated_Source\PSoC5/SPIS_PM.c **** /*******************************************************************************
  48:Generated_Source\PSoC5/SPIS_PM.c **** * Function Name: SPIS_RestoreConfig
  49:Generated_Source\PSoC5/SPIS_PM.c **** ********************************************************************************
  50:Generated_Source\PSoC5/SPIS_PM.c **** *
ARM GAS  C:\Users\HARLOW~1\AppData\Local\Temp\ccYwMjnW.s 			page 3


  51:Generated_Source\PSoC5/SPIS_PM.c **** * Summary:
  52:Generated_Source\PSoC5/SPIS_PM.c **** *  Empty function. Included for consistency with other components.
  53:Generated_Source\PSoC5/SPIS_PM.c **** *
  54:Generated_Source\PSoC5/SPIS_PM.c **** * Parameters:
  55:Generated_Source\PSoC5/SPIS_PM.c **** *  None.
  56:Generated_Source\PSoC5/SPIS_PM.c **** *
  57:Generated_Source\PSoC5/SPIS_PM.c **** * Return:
  58:Generated_Source\PSoC5/SPIS_PM.c **** *  None.
  59:Generated_Source\PSoC5/SPIS_PM.c **** *
  60:Generated_Source\PSoC5/SPIS_PM.c **** *******************************************************************************/
  61:Generated_Source\PSoC5/SPIS_PM.c **** void SPIS_RestoreConfig(void) 
  62:Generated_Source\PSoC5/SPIS_PM.c **** {
  65              		.loc 1 62 0
  66              		.cfi_startproc
  67              		@ args = 0, pretend = 0, frame = 0
  68              		@ frame_needed = 1, uses_anonymous_args = 0
  69              		@ link register save eliminated.
  70 0000 80B4     		push	{r7}
  71              		.cfi_def_cfa_offset 4
  72              		.cfi_offset 7, -4
  73 0002 00AF     		add	r7, sp, #0
  74              		.cfi_def_cfa_register 7
  63:Generated_Source\PSoC5/SPIS_PM.c **** 
  64:Generated_Source\PSoC5/SPIS_PM.c **** }
  75              		.loc 1 64 0
  76 0004 00BF     		nop
  77 0006 BD46     		mov	sp, r7
  78              		.cfi_def_cfa_register 13
  79              		@ sp needed
  80 0008 80BC     		pop	{r7}
  81              		.cfi_restore 7
  82              		.cfi_def_cfa_offset 0
  83 000a 7047     		bx	lr
  84              		.cfi_endproc
  85              	.LFE1:
  86              		.size	SPIS_RestoreConfig, .-SPIS_RestoreConfig
  87              		.section	.text.SPIS_Sleep,"ax",%progbits
  88              		.align	2
  89              		.global	SPIS_Sleep
  90              		.thumb
  91              		.thumb_func
  92              		.type	SPIS_Sleep, %function
  93              	SPIS_Sleep:
  94              	.LFB2:
  65:Generated_Source\PSoC5/SPIS_PM.c **** 
  66:Generated_Source\PSoC5/SPIS_PM.c **** 
  67:Generated_Source\PSoC5/SPIS_PM.c **** /*******************************************************************************
  68:Generated_Source\PSoC5/SPIS_PM.c **** * Function Name: SPIS_Sleep
  69:Generated_Source\PSoC5/SPIS_PM.c **** ********************************************************************************
  70:Generated_Source\PSoC5/SPIS_PM.c **** *
  71:Generated_Source\PSoC5/SPIS_PM.c **** * Summary:
  72:Generated_Source\PSoC5/SPIS_PM.c **** *  Prepare SPI Slave Component goes to sleep.
  73:Generated_Source\PSoC5/SPIS_PM.c **** *
  74:Generated_Source\PSoC5/SPIS_PM.c **** * Parameters:
  75:Generated_Source\PSoC5/SPIS_PM.c **** *  None.
  76:Generated_Source\PSoC5/SPIS_PM.c **** *
  77:Generated_Source\PSoC5/SPIS_PM.c **** * Return:
ARM GAS  C:\Users\HARLOW~1\AppData\Local\Temp\ccYwMjnW.s 			page 4


  78:Generated_Source\PSoC5/SPIS_PM.c **** *  None.
  79:Generated_Source\PSoC5/SPIS_PM.c **** *
  80:Generated_Source\PSoC5/SPIS_PM.c **** * Global Variables:
  81:Generated_Source\PSoC5/SPIS_PM.c **** *  SPIS_backup - modified when non-retention registers are saved.
  82:Generated_Source\PSoC5/SPIS_PM.c **** *
  83:Generated_Source\PSoC5/SPIS_PM.c **** * Reentrant:
  84:Generated_Source\PSoC5/SPIS_PM.c **** *  No.
  85:Generated_Source\PSoC5/SPIS_PM.c **** *
  86:Generated_Source\PSoC5/SPIS_PM.c **** *******************************************************************************/
  87:Generated_Source\PSoC5/SPIS_PM.c **** void SPIS_Sleep(void) 
  88:Generated_Source\PSoC5/SPIS_PM.c **** {
  95              		.loc 1 88 0
  96              		.cfi_startproc
  97              		@ args = 0, pretend = 0, frame = 0
  98              		@ frame_needed = 1, uses_anonymous_args = 0
  99 0000 80B5     		push	{r7, lr}
 100              		.cfi_def_cfa_offset 8
 101              		.cfi_offset 7, -8
 102              		.cfi_offset 14, -4
 103 0002 00AF     		add	r7, sp, #0
 104              		.cfi_def_cfa_register 7
  89:Generated_Source\PSoC5/SPIS_PM.c ****     /* Save components enable state */
  90:Generated_Source\PSoC5/SPIS_PM.c ****     if ((SPIS_TX_STATUS_ACTL_REG & SPIS_INT_ENABLE) != 0u)
 105              		.loc 1 90 0
 106 0004 084B     		ldr	r3, .L6
 107 0006 1B78     		ldrb	r3, [r3]
 108 0008 DBB2     		uxtb	r3, r3
 109 000a 03F01003 		and	r3, r3, #16
 110 000e 002B     		cmp	r3, #0
 111 0010 03D0     		beq	.L4
  91:Generated_Source\PSoC5/SPIS_PM.c ****     {
  92:Generated_Source\PSoC5/SPIS_PM.c ****         SPIS_backup.enableState = 1u;
 112              		.loc 1 92 0
 113 0012 064B     		ldr	r3, .L6+4
 114 0014 0122     		movs	r2, #1
 115 0016 1A70     		strb	r2, [r3]
 116 0018 02E0     		b	.L5
 117              	.L4:
  93:Generated_Source\PSoC5/SPIS_PM.c ****     }
  94:Generated_Source\PSoC5/SPIS_PM.c ****     else /* Components block is disabled */
  95:Generated_Source\PSoC5/SPIS_PM.c ****     {
  96:Generated_Source\PSoC5/SPIS_PM.c ****         SPIS_backup.enableState = 0u;
 118              		.loc 1 96 0
 119 001a 044B     		ldr	r3, .L6+4
 120 001c 0022     		movs	r2, #0
 121 001e 1A70     		strb	r2, [r3]
 122              	.L5:
  97:Generated_Source\PSoC5/SPIS_PM.c ****     }
  98:Generated_Source\PSoC5/SPIS_PM.c **** 
  99:Generated_Source\PSoC5/SPIS_PM.c ****     SPIS_Stop();
 123              		.loc 1 99 0
 124 0020 FFF7FEFF 		bl	SPIS_Stop
 100:Generated_Source\PSoC5/SPIS_PM.c **** 
 101:Generated_Source\PSoC5/SPIS_PM.c **** }
 125              		.loc 1 101 0
 126 0024 00BF     		nop
 127 0026 80BD     		pop	{r7, pc}
ARM GAS  C:\Users\HARLOW~1\AppData\Local\Temp\ccYwMjnW.s 			page 5


 128              	.L7:
 129              		.align	2
 130              	.L6:
 131 0028 96640040 		.word	1073767574
 132 002c 00000000 		.word	SPIS_backup
 133              		.cfi_endproc
 134              	.LFE2:
 135              		.size	SPIS_Sleep, .-SPIS_Sleep
 136              		.section	.text.SPIS_Wakeup,"ax",%progbits
 137              		.align	2
 138              		.global	SPIS_Wakeup
 139              		.thumb
 140              		.thumb_func
 141              		.type	SPIS_Wakeup, %function
 142              	SPIS_Wakeup:
 143              	.LFB3:
 102:Generated_Source\PSoC5/SPIS_PM.c **** 
 103:Generated_Source\PSoC5/SPIS_PM.c **** 
 104:Generated_Source\PSoC5/SPIS_PM.c **** /*******************************************************************************
 105:Generated_Source\PSoC5/SPIS_PM.c **** * Function Name: SPIS_Wakeup
 106:Generated_Source\PSoC5/SPIS_PM.c **** ********************************************************************************
 107:Generated_Source\PSoC5/SPIS_PM.c **** *
 108:Generated_Source\PSoC5/SPIS_PM.c **** * Summary:
 109:Generated_Source\PSoC5/SPIS_PM.c **** *  Prepare SPIM Component to wake up.
 110:Generated_Source\PSoC5/SPIS_PM.c **** *
 111:Generated_Source\PSoC5/SPIS_PM.c **** * Parameters:
 112:Generated_Source\PSoC5/SPIS_PM.c **** *  None.
 113:Generated_Source\PSoC5/SPIS_PM.c **** *
 114:Generated_Source\PSoC5/SPIS_PM.c **** * Return:
 115:Generated_Source\PSoC5/SPIS_PM.c **** *  None.
 116:Generated_Source\PSoC5/SPIS_PM.c **** *
 117:Generated_Source\PSoC5/SPIS_PM.c **** * Global Variables:
 118:Generated_Source\PSoC5/SPIS_PM.c **** *  SPIS_backup - used when non-retention registers are restored.
 119:Generated_Source\PSoC5/SPIS_PM.c **** *  SPIS_txBufferWrite - modified every function call - resets to
 120:Generated_Source\PSoC5/SPIS_PM.c **** *  zero.
 121:Generated_Source\PSoC5/SPIS_PM.c **** *  SPIS_txBufferRead - modified every function call - resets to
 122:Generated_Source\PSoC5/SPIS_PM.c **** *  zero.
 123:Generated_Source\PSoC5/SPIS_PM.c **** *  SPIS_rxBufferWrite - modified every function call - resets to
 124:Generated_Source\PSoC5/SPIS_PM.c **** *  zero.
 125:Generated_Source\PSoC5/SPIS_PM.c **** *  SPIS_rxBufferRead - modified every function call - resets to
 126:Generated_Source\PSoC5/SPIS_PM.c **** *  zero.
 127:Generated_Source\PSoC5/SPIS_PM.c **** *
 128:Generated_Source\PSoC5/SPIS_PM.c **** * Reentrant:
 129:Generated_Source\PSoC5/SPIS_PM.c **** *  No.
 130:Generated_Source\PSoC5/SPIS_PM.c **** *
 131:Generated_Source\PSoC5/SPIS_PM.c **** *******************************************************************************/
 132:Generated_Source\PSoC5/SPIS_PM.c **** void SPIS_Wakeup(void) 
 133:Generated_Source\PSoC5/SPIS_PM.c **** {
 144              		.loc 1 133 0
 145              		.cfi_startproc
 146              		@ args = 0, pretend = 0, frame = 0
 147              		@ frame_needed = 1, uses_anonymous_args = 0
 148 0000 80B5     		push	{r7, lr}
 149              		.cfi_def_cfa_offset 8
 150              		.cfi_offset 7, -8
 151              		.cfi_offset 14, -4
 152 0002 00AF     		add	r7, sp, #0
ARM GAS  C:\Users\HARLOW~1\AppData\Local\Temp\ccYwMjnW.s 			page 6


 153              		.cfi_def_cfa_register 7
 134:Generated_Source\PSoC5/SPIS_PM.c ****     #if (SPIS_TX_SOFTWARE_BUF_ENABLED)
 135:Generated_Source\PSoC5/SPIS_PM.c ****         SPIS_txBufferFull = 0u;
 136:Generated_Source\PSoC5/SPIS_PM.c ****         SPIS_txBufferRead = 0u;
 137:Generated_Source\PSoC5/SPIS_PM.c ****         SPIS_txBufferWrite = 0u;
 138:Generated_Source\PSoC5/SPIS_PM.c ****     #endif /* SPIS_TX_SOFTWARE_BUF_ENABLED */
 139:Generated_Source\PSoC5/SPIS_PM.c **** 
 140:Generated_Source\PSoC5/SPIS_PM.c ****     #if (SPIS_RX_SOFTWARE_BUF_ENABLED)
 141:Generated_Source\PSoC5/SPIS_PM.c ****         SPIS_rxBufferFull = 0u;
 142:Generated_Source\PSoC5/SPIS_PM.c ****         SPIS_rxBufferRead = 0u;
 143:Generated_Source\PSoC5/SPIS_PM.c ****         SPIS_rxBufferWrite = 0u;
 144:Generated_Source\PSoC5/SPIS_PM.c ****     #endif /* SPIS_RX_SOFTWARE_BUF_ENABLED */
 145:Generated_Source\PSoC5/SPIS_PM.c **** 
 146:Generated_Source\PSoC5/SPIS_PM.c ****     SPIS_ClearFIFO();
 154              		.loc 1 146 0
 155 0004 FFF7FEFF 		bl	SPIS_ClearFIFO
 147:Generated_Source\PSoC5/SPIS_PM.c **** 
 148:Generated_Source\PSoC5/SPIS_PM.c ****     /* Restore components block enable state */
 149:Generated_Source\PSoC5/SPIS_PM.c ****     if (SPIS_backup.enableState != 0u)
 156              		.loc 1 149 0
 157 0008 034B     		ldr	r3, .L11
 158 000a 1B78     		ldrb	r3, [r3]	@ zero_extendqisi2
 159 000c 002B     		cmp	r3, #0
 160 000e 01D0     		beq	.L10
 150:Generated_Source\PSoC5/SPIS_PM.c ****     {
 151:Generated_Source\PSoC5/SPIS_PM.c ****          /* Components block was enabled */
 152:Generated_Source\PSoC5/SPIS_PM.c ****          SPIS_Enable();
 161              		.loc 1 152 0
 162 0010 FFF7FEFF 		bl	SPIS_Enable
 163              	.L10:
 153:Generated_Source\PSoC5/SPIS_PM.c ****     } /* Do nothing if components block was disabled */
 154:Generated_Source\PSoC5/SPIS_PM.c **** }
 164              		.loc 1 154 0
 165 0014 00BF     		nop
 166 0016 80BD     		pop	{r7, pc}
 167              	.L12:
 168              		.align	2
 169              	.L11:
 170 0018 00000000 		.word	SPIS_backup
 171              		.cfi_endproc
 172              	.LFE3:
 173              		.size	SPIS_Wakeup, .-SPIS_Wakeup
 174              		.text
 175              	.Letext0:
 176              		.file 2 "Generated_Source\\PSoC5\\cytypes.h"
 177              		.file 3 "Generated_Source\\PSoC5\\SPIS.h"
 178              		.section	.debug_info,"",%progbits
 179              	.Ldebug_info0:
 180 0000 29010000 		.4byte	0x129
 181 0004 0400     		.2byte	0x4
 182 0006 00000000 		.4byte	.Ldebug_abbrev0
 183 000a 04       		.byte	0x4
 184 000b 01       		.uleb128 0x1
 185 000c 7F000000 		.4byte	.LASF23
 186 0010 0C       		.byte	0xc
 187 0011 93010000 		.4byte	.LASF24
 188 0015 4C010000 		.4byte	.LASF25
ARM GAS  C:\Users\HARLOW~1\AppData\Local\Temp\ccYwMjnW.s 			page 7


 189 0019 00000000 		.4byte	.Ldebug_ranges0+0
 190 001d 00000000 		.4byte	0
 191 0021 00000000 		.4byte	.Ldebug_line0
 192 0025 02       		.uleb128 0x2
 193 0026 01       		.byte	0x1
 194 0027 06       		.byte	0x6
 195 0028 D2010000 		.4byte	.LASF0
 196 002c 02       		.uleb128 0x2
 197 002d 01       		.byte	0x1
 198 002e 08       		.byte	0x8
 199 002f 0D010000 		.4byte	.LASF1
 200 0033 02       		.uleb128 0x2
 201 0034 02       		.byte	0x2
 202 0035 05       		.byte	0x5
 203 0036 EA010000 		.4byte	.LASF2
 204 003a 02       		.uleb128 0x2
 205 003b 02       		.byte	0x2
 206 003c 07       		.byte	0x7
 207 003d BF010000 		.4byte	.LASF3
 208 0041 02       		.uleb128 0x2
 209 0042 04       		.byte	0x4
 210 0043 05       		.byte	0x5
 211 0044 27010000 		.4byte	.LASF4
 212 0048 02       		.uleb128 0x2
 213 0049 04       		.byte	0x4
 214 004a 07       		.byte	0x7
 215 004b 4B000000 		.4byte	.LASF5
 216 004f 02       		.uleb128 0x2
 217 0050 08       		.byte	0x8
 218 0051 05       		.byte	0x5
 219 0052 00000000 		.4byte	.LASF6
 220 0056 02       		.uleb128 0x2
 221 0057 08       		.byte	0x8
 222 0058 07       		.byte	0x7
 223 0059 5D000000 		.4byte	.LASF7
 224 005d 03       		.uleb128 0x3
 225 005e 04       		.byte	0x4
 226 005f 05       		.byte	0x5
 227 0060 696E7400 		.ascii	"int\000"
 228 0064 02       		.uleb128 0x2
 229 0065 04       		.byte	0x4
 230 0066 07       		.byte	0x7
 231 0067 1A000000 		.4byte	.LASF8
 232 006b 04       		.uleb128 0x4
 233 006c 45000000 		.4byte	.LASF12
 234 0070 02       		.byte	0x2
 235 0071 E401     		.2byte	0x1e4
 236 0073 2C000000 		.4byte	0x2c
 237 0077 02       		.uleb128 0x2
 238 0078 04       		.byte	0x4
 239 0079 04       		.byte	0x4
 240 007a 74000000 		.4byte	.LASF9
 241 007e 02       		.uleb128 0x2
 242 007f 08       		.byte	0x8
 243 0080 04       		.byte	0x4
 244 0081 8C010000 		.4byte	.LASF10
 245 0085 02       		.uleb128 0x2
ARM GAS  C:\Users\HARLOW~1\AppData\Local\Temp\ccYwMjnW.s 			page 8


 246 0086 01       		.byte	0x1
 247 0087 08       		.byte	0x8
 248 0088 7A000000 		.4byte	.LASF11
 249 008c 04       		.uleb128 0x4
 250 008d F4010000 		.4byte	.LASF13
 251 0091 02       		.byte	0x2
 252 0092 8E02     		.2byte	0x28e
 253 0094 98000000 		.4byte	0x98
 254 0098 05       		.uleb128 0x5
 255 0099 6B000000 		.4byte	0x6b
 256 009d 02       		.uleb128 0x2
 257 009e 08       		.byte	0x8
 258 009f 04       		.byte	0x4
 259 00a0 DE010000 		.4byte	.LASF14
 260 00a4 02       		.uleb128 0x2
 261 00a5 04       		.byte	0x4
 262 00a6 07       		.byte	0x7
 263 00a7 F9010000 		.4byte	.LASF15
 264 00ab 06       		.uleb128 0x6
 265 00ac 02       		.byte	0x2
 266 00ad 03       		.byte	0x3
 267 00ae 39       		.byte	0x39
 268 00af CC000000 		.4byte	0xcc
 269 00b3 07       		.uleb128 0x7
 270 00b4 0E000000 		.4byte	.LASF16
 271 00b8 03       		.byte	0x3
 272 00b9 3B       		.byte	0x3b
 273 00ba 6B000000 		.4byte	0x6b
 274 00be 00       		.byte	0
 275 00bf 07       		.uleb128 0x7
 276 00c0 B4010000 		.4byte	.LASF17
 277 00c4 03       		.byte	0x3
 278 00c5 3C       		.byte	0x3c
 279 00c6 6B000000 		.4byte	0x6b
 280 00ca 01       		.byte	0x1
 281 00cb 00       		.byte	0
 282 00cc 08       		.uleb128 0x8
 283 00cd 27000000 		.4byte	.LASF18
 284 00d1 03       		.byte	0x3
 285 00d2 3D       		.byte	0x3d
 286 00d3 AB000000 		.4byte	0xab
 287 00d7 09       		.uleb128 0x9
 288 00d8 30010000 		.4byte	.LASF19
 289 00dc 01       		.byte	0x1
 290 00dd 29       		.byte	0x29
 291 00de 00000000 		.4byte	.LFB0
 292 00e2 0C000000 		.4byte	.LFE0-.LFB0
 293 00e6 01       		.uleb128 0x1
 294 00e7 9C       		.byte	0x9c
 295 00e8 09       		.uleb128 0x9
 296 00e9 02020000 		.4byte	.LASF20
 297 00ed 01       		.byte	0x1
 298 00ee 3D       		.byte	0x3d
 299 00ef 00000000 		.4byte	.LFB1
 300 00f3 0C000000 		.4byte	.LFE1-.LFB1
 301 00f7 01       		.uleb128 0x1
 302 00f8 9C       		.byte	0x9c
ARM GAS  C:\Users\HARLOW~1\AppData\Local\Temp\ccYwMjnW.s 			page 9


 303 00f9 0A       		.uleb128 0xa
 304 00fa 3A000000 		.4byte	.LASF21
 305 00fe 01       		.byte	0x1
 306 00ff 57       		.byte	0x57
 307 0100 00000000 		.4byte	.LFB2
 308 0104 30000000 		.4byte	.LFE2-.LFB2
 309 0108 01       		.uleb128 0x1
 310 0109 9C       		.byte	0x9c
 311 010a 0A       		.uleb128 0xa
 312 010b 40010000 		.4byte	.LASF22
 313 010f 01       		.byte	0x1
 314 0110 84       		.byte	0x84
 315 0111 00000000 		.4byte	.LFB3
 316 0115 1C000000 		.4byte	.LFE3-.LFB3
 317 0119 01       		.uleb128 0x1
 318 011a 9C       		.byte	0x9c
 319 011b 0B       		.uleb128 0xb
 320 011c 1B010000 		.4byte	.LASF26
 321 0120 01       		.byte	0x1
 322 0121 14       		.byte	0x14
 323 0122 CC000000 		.4byte	0xcc
 324 0126 05       		.uleb128 0x5
 325 0127 03       		.byte	0x3
 326 0128 00000000 		.4byte	SPIS_backup
 327 012c 00       		.byte	0
 328              		.section	.debug_abbrev,"",%progbits
 329              	.Ldebug_abbrev0:
 330 0000 01       		.uleb128 0x1
 331 0001 11       		.uleb128 0x11
 332 0002 01       		.byte	0x1
 333 0003 25       		.uleb128 0x25
 334 0004 0E       		.uleb128 0xe
 335 0005 13       		.uleb128 0x13
 336 0006 0B       		.uleb128 0xb
 337 0007 03       		.uleb128 0x3
 338 0008 0E       		.uleb128 0xe
 339 0009 1B       		.uleb128 0x1b
 340 000a 0E       		.uleb128 0xe
 341 000b 55       		.uleb128 0x55
 342 000c 17       		.uleb128 0x17
 343 000d 11       		.uleb128 0x11
 344 000e 01       		.uleb128 0x1
 345 000f 10       		.uleb128 0x10
 346 0010 17       		.uleb128 0x17
 347 0011 00       		.byte	0
 348 0012 00       		.byte	0
 349 0013 02       		.uleb128 0x2
 350 0014 24       		.uleb128 0x24
 351 0015 00       		.byte	0
 352 0016 0B       		.uleb128 0xb
 353 0017 0B       		.uleb128 0xb
 354 0018 3E       		.uleb128 0x3e
 355 0019 0B       		.uleb128 0xb
 356 001a 03       		.uleb128 0x3
 357 001b 0E       		.uleb128 0xe
 358 001c 00       		.byte	0
 359 001d 00       		.byte	0
ARM GAS  C:\Users\HARLOW~1\AppData\Local\Temp\ccYwMjnW.s 			page 10


 360 001e 03       		.uleb128 0x3
 361 001f 24       		.uleb128 0x24
 362 0020 00       		.byte	0
 363 0021 0B       		.uleb128 0xb
 364 0022 0B       		.uleb128 0xb
 365 0023 3E       		.uleb128 0x3e
 366 0024 0B       		.uleb128 0xb
 367 0025 03       		.uleb128 0x3
 368 0026 08       		.uleb128 0x8
 369 0027 00       		.byte	0
 370 0028 00       		.byte	0
 371 0029 04       		.uleb128 0x4
 372 002a 16       		.uleb128 0x16
 373 002b 00       		.byte	0
 374 002c 03       		.uleb128 0x3
 375 002d 0E       		.uleb128 0xe
 376 002e 3A       		.uleb128 0x3a
 377 002f 0B       		.uleb128 0xb
 378 0030 3B       		.uleb128 0x3b
 379 0031 05       		.uleb128 0x5
 380 0032 49       		.uleb128 0x49
 381 0033 13       		.uleb128 0x13
 382 0034 00       		.byte	0
 383 0035 00       		.byte	0
 384 0036 05       		.uleb128 0x5
 385 0037 35       		.uleb128 0x35
 386 0038 00       		.byte	0
 387 0039 49       		.uleb128 0x49
 388 003a 13       		.uleb128 0x13
 389 003b 00       		.byte	0
 390 003c 00       		.byte	0
 391 003d 06       		.uleb128 0x6
 392 003e 13       		.uleb128 0x13
 393 003f 01       		.byte	0x1
 394 0040 0B       		.uleb128 0xb
 395 0041 0B       		.uleb128 0xb
 396 0042 3A       		.uleb128 0x3a
 397 0043 0B       		.uleb128 0xb
 398 0044 3B       		.uleb128 0x3b
 399 0045 0B       		.uleb128 0xb
 400 0046 01       		.uleb128 0x1
 401 0047 13       		.uleb128 0x13
 402 0048 00       		.byte	0
 403 0049 00       		.byte	0
 404 004a 07       		.uleb128 0x7
 405 004b 0D       		.uleb128 0xd
 406 004c 00       		.byte	0
 407 004d 03       		.uleb128 0x3
 408 004e 0E       		.uleb128 0xe
 409 004f 3A       		.uleb128 0x3a
 410 0050 0B       		.uleb128 0xb
 411 0051 3B       		.uleb128 0x3b
 412 0052 0B       		.uleb128 0xb
 413 0053 49       		.uleb128 0x49
 414 0054 13       		.uleb128 0x13
 415 0055 38       		.uleb128 0x38
 416 0056 0B       		.uleb128 0xb
ARM GAS  C:\Users\HARLOW~1\AppData\Local\Temp\ccYwMjnW.s 			page 11


 417 0057 00       		.byte	0
 418 0058 00       		.byte	0
 419 0059 08       		.uleb128 0x8
 420 005a 16       		.uleb128 0x16
 421 005b 00       		.byte	0
 422 005c 03       		.uleb128 0x3
 423 005d 0E       		.uleb128 0xe
 424 005e 3A       		.uleb128 0x3a
 425 005f 0B       		.uleb128 0xb
 426 0060 3B       		.uleb128 0x3b
 427 0061 0B       		.uleb128 0xb
 428 0062 49       		.uleb128 0x49
 429 0063 13       		.uleb128 0x13
 430 0064 00       		.byte	0
 431 0065 00       		.byte	0
 432 0066 09       		.uleb128 0x9
 433 0067 2E       		.uleb128 0x2e
 434 0068 00       		.byte	0
 435 0069 3F       		.uleb128 0x3f
 436 006a 19       		.uleb128 0x19
 437 006b 03       		.uleb128 0x3
 438 006c 0E       		.uleb128 0xe
 439 006d 3A       		.uleb128 0x3a
 440 006e 0B       		.uleb128 0xb
 441 006f 3B       		.uleb128 0x3b
 442 0070 0B       		.uleb128 0xb
 443 0071 27       		.uleb128 0x27
 444 0072 19       		.uleb128 0x19
 445 0073 11       		.uleb128 0x11
 446 0074 01       		.uleb128 0x1
 447 0075 12       		.uleb128 0x12
 448 0076 06       		.uleb128 0x6
 449 0077 40       		.uleb128 0x40
 450 0078 18       		.uleb128 0x18
 451 0079 9742     		.uleb128 0x2117
 452 007b 19       		.uleb128 0x19
 453 007c 00       		.byte	0
 454 007d 00       		.byte	0
 455 007e 0A       		.uleb128 0xa
 456 007f 2E       		.uleb128 0x2e
 457 0080 00       		.byte	0
 458 0081 3F       		.uleb128 0x3f
 459 0082 19       		.uleb128 0x19
 460 0083 03       		.uleb128 0x3
 461 0084 0E       		.uleb128 0xe
 462 0085 3A       		.uleb128 0x3a
 463 0086 0B       		.uleb128 0xb
 464 0087 3B       		.uleb128 0x3b
 465 0088 0B       		.uleb128 0xb
 466 0089 27       		.uleb128 0x27
 467 008a 19       		.uleb128 0x19
 468 008b 11       		.uleb128 0x11
 469 008c 01       		.uleb128 0x1
 470 008d 12       		.uleb128 0x12
 471 008e 06       		.uleb128 0x6
 472 008f 40       		.uleb128 0x40
 473 0090 18       		.uleb128 0x18
ARM GAS  C:\Users\HARLOW~1\AppData\Local\Temp\ccYwMjnW.s 			page 12


 474 0091 9642     		.uleb128 0x2116
 475 0093 19       		.uleb128 0x19
 476 0094 00       		.byte	0
 477 0095 00       		.byte	0
 478 0096 0B       		.uleb128 0xb
 479 0097 34       		.uleb128 0x34
 480 0098 00       		.byte	0
 481 0099 03       		.uleb128 0x3
 482 009a 0E       		.uleb128 0xe
 483 009b 3A       		.uleb128 0x3a
 484 009c 0B       		.uleb128 0xb
 485 009d 3B       		.uleb128 0x3b
 486 009e 0B       		.uleb128 0xb
 487 009f 49       		.uleb128 0x49
 488 00a0 13       		.uleb128 0x13
 489 00a1 02       		.uleb128 0x2
 490 00a2 18       		.uleb128 0x18
 491 00a3 00       		.byte	0
 492 00a4 00       		.byte	0
 493 00a5 00       		.byte	0
 494              		.section	.debug_aranges,"",%progbits
 495 0000 34000000 		.4byte	0x34
 496 0004 0200     		.2byte	0x2
 497 0006 00000000 		.4byte	.Ldebug_info0
 498 000a 04       		.byte	0x4
 499 000b 00       		.byte	0
 500 000c 0000     		.2byte	0
 501 000e 0000     		.2byte	0
 502 0010 00000000 		.4byte	.LFB0
 503 0014 0C000000 		.4byte	.LFE0-.LFB0
 504 0018 00000000 		.4byte	.LFB1
 505 001c 0C000000 		.4byte	.LFE1-.LFB1
 506 0020 00000000 		.4byte	.LFB2
 507 0024 30000000 		.4byte	.LFE2-.LFB2
 508 0028 00000000 		.4byte	.LFB3
 509 002c 1C000000 		.4byte	.LFE3-.LFB3
 510 0030 00000000 		.4byte	0
 511 0034 00000000 		.4byte	0
 512              		.section	.debug_ranges,"",%progbits
 513              	.Ldebug_ranges0:
 514 0000 00000000 		.4byte	.LFB0
 515 0004 0C000000 		.4byte	.LFE0
 516 0008 00000000 		.4byte	.LFB1
 517 000c 0C000000 		.4byte	.LFE1
 518 0010 00000000 		.4byte	.LFB2
 519 0014 30000000 		.4byte	.LFE2
 520 0018 00000000 		.4byte	.LFB3
 521 001c 1C000000 		.4byte	.LFE3
 522 0020 00000000 		.4byte	0
 523 0024 00000000 		.4byte	0
 524              		.section	.debug_line,"",%progbits
 525              	.Ldebug_line0:
 526 0000 9F000000 		.section	.debug_str,"MS",%progbits,1
 526      02004E00 
 526      00000201 
 526      FB0E0D00 
 526      01010101 
ARM GAS  C:\Users\HARLOW~1\AppData\Local\Temp\ccYwMjnW.s 			page 13


 527              	.LASF6:
 528 0000 6C6F6E67 		.ascii	"long long int\000"
 528      206C6F6E 
 528      6720696E 
 528      7400
 529              	.LASF16:
 530 000e 656E6162 		.ascii	"enableState\000"
 530      6C655374 
 530      61746500 
 531              	.LASF8:
 532 001a 756E7369 		.ascii	"unsigned int\000"
 532      676E6564 
 532      20696E74 
 532      00
 533              	.LASF18:
 534 0027 53504953 		.ascii	"SPIS_BACKUP_STRUCT\000"
 534      5F424143 
 534      4B55505F 
 534      53545255 
 534      435400
 535              	.LASF21:
 536 003a 53504953 		.ascii	"SPIS_Sleep\000"
 536      5F536C65 
 536      657000
 537              	.LASF12:
 538 0045 75696E74 		.ascii	"uint8\000"
 538      3800
 539              	.LASF5:
 540 004b 6C6F6E67 		.ascii	"long unsigned int\000"
 540      20756E73 
 540      69676E65 
 540      6420696E 
 540      7400
 541              	.LASF7:
 542 005d 6C6F6E67 		.ascii	"long long unsigned int\000"
 542      206C6F6E 
 542      6720756E 
 542      7369676E 
 542      65642069 
 543              	.LASF9:
 544 0074 666C6F61 		.ascii	"float\000"
 544      7400
 545              	.LASF11:
 546 007a 63686172 		.ascii	"char\000"
 546      00
 547              	.LASF23:
 548 007f 474E5520 		.ascii	"GNU C11 5.4.1 20160609 (release) [ARM/embedded-5-br"
 548      43313120 
 548      352E342E 
 548      31203230 
 548      31363036 
 549 00b2 616E6368 		.ascii	"anch revision 237715] -mcpu=cortex-m3 -mthumb -g -O"
 549      20726576 
 549      6973696F 
 549      6E203233 
 549      37373135 
 550 00e5 30202D66 		.ascii	"0 -ffunction-sections -ffat-lto-objects\000"
ARM GAS  C:\Users\HARLOW~1\AppData\Local\Temp\ccYwMjnW.s 			page 14


 550      66756E63 
 550      74696F6E 
 550      2D736563 
 550      74696F6E 
 551              	.LASF1:
 552 010d 756E7369 		.ascii	"unsigned char\000"
 552      676E6564 
 552      20636861 
 552      7200
 553              	.LASF26:
 554 011b 53504953 		.ascii	"SPIS_backup\000"
 554      5F626163 
 554      6B757000 
 555              	.LASF4:
 556 0127 6C6F6E67 		.ascii	"long int\000"
 556      20696E74 
 556      00
 557              	.LASF19:
 558 0130 53504953 		.ascii	"SPIS_SaveConfig\000"
 558      5F536176 
 558      65436F6E 
 558      66696700 
 559              	.LASF22:
 560 0140 53504953 		.ascii	"SPIS_Wakeup\000"
 560      5F57616B 
 560      65757000 
 561              	.LASF25:
 562 014c 433A5C55 		.ascii	"C:\\Users\\harlow2016\\Documents\\PSOC_Designs\\Rpi"
 562      73657273 
 562      5C686172 
 562      6C6F7732 
 562      3031365C 
 563 017a 4D49425C 		.ascii	"MIB\\Number3.cydsn\000"
 563      4E756D62 
 563      6572332E 
 563      63796473 
 563      6E00
 564              	.LASF10:
 565 018c 646F7562 		.ascii	"double\000"
 565      6C6500
 566              	.LASF24:
 567 0193 47656E65 		.ascii	"Generated_Source\\PSoC5\\SPIS_PM.c\000"
 567      72617465 
 567      645F536F 
 567      75726365 
 567      5C50536F 
 568              	.LASF17:
 569 01b4 636E7472 		.ascii	"cntrPeriod\000"
 569      50657269 
 569      6F6400
 570              	.LASF3:
 571 01bf 73686F72 		.ascii	"short unsigned int\000"
 571      7420756E 
 571      7369676E 
 571      65642069 
 571      6E7400
 572              	.LASF0:
ARM GAS  C:\Users\HARLOW~1\AppData\Local\Temp\ccYwMjnW.s 			page 15


 573 01d2 7369676E 		.ascii	"signed char\000"
 573      65642063 
 573      68617200 
 574              	.LASF14:
 575 01de 6C6F6E67 		.ascii	"long double\000"
 575      20646F75 
 575      626C6500 
 576              	.LASF2:
 577 01ea 73686F72 		.ascii	"short int\000"
 577      7420696E 
 577      7400
 578              	.LASF13:
 579 01f4 72656738 		.ascii	"reg8\000"
 579      00
 580              	.LASF15:
 581 01f9 73697A65 		.ascii	"sizetype\000"
 581      74797065 
 581      00
 582              	.LASF20:
 583 0202 53504953 		.ascii	"SPIS_RestoreConfig\000"
 583      5F526573 
 583      746F7265 
 583      436F6E66 
 583      696700
 584              		.ident	"GCC: (GNU Tools for ARM Embedded Processors) 5.4.1 20160609 (release) [ARM/embedded-5-bran
