#***************************************************************************

#sjplacer

#Version:            1.1

#Build Date:         Jul 19 2017 14:31:00

#File Generated:     Mar 22 2018 21:27:55

#Purpose:            

#Copyright (C) 2010-2011 by Softjin Technologies Pvt Ltd. All rights reserved.

#***************************************************************************

Executing : C:\Program Files (x86)\Cypress\PSoC Creator\4.1\PSoC Creator\bin/sjplacer.exe --proj-name Start1 --netlist-vh2 Start1_p.vh2 --arch p35_udb4x6 --arch-file C:\Program Files (x86)\Cypress\PSoC Creator\4.1\PSoC Creator\dev\arch/udbdsi_4x6_24.cydata --ip-file C:\Program Files (x86)\Cypress\PSoC Creator\4.1\PSoC Creator\dev\psoc5/psoc5lp/ip_blocks.cydata --rrg-file C:\Program Files (x86)\Cypress\PSoC Creator\4.1\PSoC Creator\dev\psoc5/psoc5lp/route_arch-rrg.cydata --irq-file C:\Program Files (x86)\Cypress\PSoC Creator\4.1\PSoC Creator\dev\psoc5/psoc5lp/irqconn.cydata --drq-file C:\Program Files (x86)\Cypress\PSoC Creator\4.1\PSoC Creator\dev\psoc5/psoc5lp/dmaconn.cydata --dsi-conn-file C:\Program Files (x86)\Cypress\PSoC Creator\4.1\PSoC Creator\dev\psoc5/psoc5lp/dsiconn.cydata --pins-file pins_68-QFN.xml --lib-file Start1_p.lib --sdc-file Start1.sdc --io-pcf Start1.pci --outdir .

		Softjin Techologies Placer, Version 1.1

Build Date : Jul 19 2017	14:29:55

D2004: Option and Settings Summary
=============================================================
Netlist vh2 file          - Start1_p.vh2
Architecture file         - C:\Program Files (x86)\Cypress\PSoC Creator\4.1\PSoC Creator\dev\arch/udbdsi_4x6_24.cydata
Package                   - 
Defparam file             - 
SDC file                  - Start1.sdc
Output directory          - .
Timing library            - Start1_p.lib
IO Placement file         - Start1.pci

D2050: Starting reading inputs for placer
=============================================================
D2065: Reading netlist file : "Start1_p.vh2"
D2065: Reading arch file : "C:\Program Files (x86)\Cypress\PSoC Creator\4.1\PSoC Creator\dev\arch/udbdsi_4x6_24.cydata"
D2051: Reading of inputs for placer completed successfully

D2053: Starting placement of the design
=============================================================

Phase 2
Phase 3

Design Statistics after Packing
    Number of Combinational MCs 	:	46
    Number of Sequential MCs    	:	67
    Number of DPs               	:	7
    Number of Controls          	:	12
    Number of Status            	:	10
    Number of SyncCells         	:	4
    Number of count7cells       	:	3

Device Utilization Summary after Packing
    Macrocells                  :	113/192
    UDBS                        :	21/24
    IOs                         :	41/72


D2088: Phase 3, elapsed time : 0.1 (sec)

Phase 4
D2088: Phase 4, elapsed time : 0.0 (sec)

Phase 5
D2088: Phase 5, elapsed time : 0.0 (sec)

Phase 6

######################################################################
Placement Timing Summary

The timing summary is based on estimated routing delays after
placement. For final timing report, please carry out the timing
analysis after routing.
======================================================================

######################################################################
                     Clock Summary 
======================================================================
Number of clocks: 22
Clock: ADC_DelSig_1_Ext_CP_Clk | Frequency: N/A       | Target:  24.0 MHz
Clock: ADC_DelSig_1_Ext_CP_Clk(routed) | Frequency: N/A       | Target:  24.0 MHz
Clock: ADC_DelSig_1_theACLK | Frequency: N/A       | Target:   2.7 MHz
Clock: ADC_DelSig_1_theACLK(fixed-function) | Frequency: N/A       | Target:   2.7 MHz
Clock: ADC_SAR_1_theACLK    | Frequency: N/A       | Target:   1.8 MHz
Clock: ADC_SAR_1_theACLK(routed) | Frequency: N/A       | Target:   1.8 MHz
Clock: Clock                | Frequency:  61.3 MHz | Target:   2.0 MHz
Clock: Clock_1              | Frequency:  54.1 MHz | Target:  12.0 MHz
Clock: Clock_2              | Frequency: N/A       | Target:  12.0 MHz
Clock: Clock_3              | Frequency: N/A       | Target:  12.0 MHz
Clock: Clock_3(fixed-function) | Frequency: N/A       | Target:  12.0 MHz
Clock: CyBUS_CLK            | Frequency:  59.5 MHz | Target:  24.0 MHz
Clock: CyBUS_CLK(fixed-function) | Frequency: N/A       | Target:  24.0 MHz
Clock: CyILO                | Frequency: N/A       | Target:   0.0 MHz
Clock: CyIMO                | Frequency: N/A       | Target:   3.0 MHz
Clock: CyMASTER_CLK         | Frequency: N/A       | Target:  24.0 MHz
Clock: CyPLL_OUT            | Frequency: N/A       | Target:  24.0 MHz
Clock: I2C_1_IntClock       | Frequency:  33.2 MHz | Target:   6.0 MHz
Clock: I2C_2_IntClock       | Frequency:  32.0 MHz | Target:   6.0 MHz
Clock: Rpi_sclk(0)_PAD      | Frequency:  45.2 MHz | Target:   0.1 MHz
Clock: SPIM_1_IntClock      | Frequency:  65.0 MHz | Target:   2.0 MHz
Clock: \ADC_DelSig_1:DSM\/dec_clock | Frequency: N/A       | Target:   0.1 MHz

======================================================================
                     End of Clock Summary
######################################################################

D2088: Phase 6, elapsed time : 0.3 (sec)

Phase 7
######################################################################
                     Clock Summary 
======================================================================
Number of clocks: 22
Clock: ADC_DelSig_1_Ext_CP_Clk | Frequency: N/A       | Target:  24.0 MHz
Clock: ADC_DelSig_1_Ext_CP_Clk(routed) | Frequency: N/A       | Target:  24.0 MHz
Clock: ADC_DelSig_1_theACLK | Frequency: N/A       | Target:   2.7 MHz
Clock: ADC_DelSig_1_theACLK(fixed-function) | Frequency: N/A       | Target:   2.7 MHz
Clock: ADC_SAR_1_theACLK    | Frequency: N/A       | Target:   1.8 MHz
Clock: ADC_SAR_1_theACLK(routed) | Frequency: N/A       | Target:   1.8 MHz
Clock: Clock                | Frequency:  60.3 MHz | Target:   2.0 MHz
Clock: Clock_1              | Frequency:  63.6 MHz | Target:  12.0 MHz
Clock: Clock_2              | Frequency: N/A       | Target:  12.0 MHz
Clock: Clock_3              | Frequency: N/A       | Target:  12.0 MHz
Clock: Clock_3(fixed-function) | Frequency: N/A       | Target:  12.0 MHz
Clock: CyBUS_CLK            | Frequency:  58.1 MHz | Target:  24.0 MHz
Clock: CyBUS_CLK(fixed-function) | Frequency: N/A       | Target:  24.0 MHz
Clock: CyILO                | Frequency: N/A       | Target:   0.0 MHz
Clock: CyIMO                | Frequency: N/A       | Target:   3.0 MHz
Clock: CyMASTER_CLK         | Frequency: N/A       | Target:  24.0 MHz
Clock: CyPLL_OUT            | Frequency: N/A       | Target:  24.0 MHz
Clock: I2C_1_IntClock       | Frequency:  31.1 MHz | Target:   6.0 MHz
Clock: I2C_2_IntClock       | Frequency:  34.5 MHz | Target:   6.0 MHz
Clock: Rpi_sclk(0)_PAD      | Frequency:  45.2 MHz | Target:   0.1 MHz
Clock: SPIM_1_IntClock      | Frequency:  65.0 MHz | Target:   2.0 MHz
Clock: \ADC_DelSig_1:DSM\/dec_clock | Frequency: N/A       | Target:   0.1 MHz

======================================================================
                     End of Clock Summary
######################################################################
D2088: Phase 7, elapsed time : 2.9 (sec)

Final Design Statistics
    Number of Combinational MCs 	:	46
    Number of Sequential MCs    	:	67
    Number of DPs               	:	7
    Number of Controls          	:	12
    Number of Status            	:	10
    Number of SyncCells         	:	4
    Number of count7cells       	:	3
    Number of IOs       	:	41

Device Utilization Summary
    Macrocells                  :	113/192
    IOs                         :	41/72



######################################################################
Placement Timing Summary

The timing summary is based on estimated routing delays after
placement. For final timing report, please carry out the timing
analysis after routing.
======================================================================


######################################################################
                     Clock Summary 
======================================================================
Number of clocks: 22
Clock: ADC_DelSig_1_Ext_CP_Clk | Frequency: N/A       | Target:  24.0 MHz
Clock: ADC_DelSig_1_Ext_CP_Clk(routed) | Frequency: N/A       | Target:  24.0 MHz
Clock: ADC_DelSig_1_theACLK | Frequency: N/A       | Target:   2.7 MHz
Clock: ADC_DelSig_1_theACLK(fixed-function) | Frequency: N/A       | Target:   2.7 MHz
Clock: ADC_SAR_1_theACLK    | Frequency: N/A       | Target:   1.8 MHz
Clock: ADC_SAR_1_theACLK(routed) | Frequency: N/A       | Target:   1.8 MHz
Clock: Clock                | Frequency:  60.3 MHz | Target:   2.2 MHz
Clock: Clock_1              | Frequency:  63.6 MHz | Target:  13.2 MHz
Clock: Clock_2              | Frequency: N/A       | Target:  12.0 MHz
Clock: Clock_3              | Frequency: N/A       | Target:  12.0 MHz
Clock: Clock_3(fixed-function) | Frequency: N/A       | Target:  12.0 MHz
Clock: CyBUS_CLK            | Frequency:   1.6 MHz | Target:  26.3 MHz
Clock: CyBUS_CLK(fixed-function) | Frequency: N/A       | Target:  24.0 MHz
Clock: CyILO                | Frequency: N/A       | Target:   0.0 MHz
Clock: CyIMO                | Frequency: N/A       | Target:   3.0 MHz
Clock: CyMASTER_CLK         | Frequency: N/A       | Target:  24.0 MHz
Clock: CyPLL_OUT            | Frequency: N/A       | Target:  24.0 MHz
Clock: I2C_1_IntClock       | Frequency:   1.6 MHz | Target:   6.6 MHz
Clock: I2C_2_IntClock       | Frequency:   1.6 MHz | Target:   6.6 MHz
Clock: Rpi_sclk(0)_PAD      | Frequency:  45.2 MHz | Target:   0.1 MHz
Clock: SPIM_1_IntClock      | Frequency:  65.0 MHz | Target:   2.2 MHz
Clock: \ADC_DelSig_1:DSM\/dec_clock | Frequency: N/A       | Target:   0.1 MHz

======================================================================
                     End of Clock Summary
######################################################################

Phase 6

######################################################################
Placement Timing Summary

The timing summary is based on estimated routing delays after
placement. For final timing report, please carry out the timing
analysis after routing.
======================================================================

######################################################################
                     Clock Summary 
======================================================================
Number of clocks: 22
Clock: ADC_DelSig_1_Ext_CP_Clk | Frequency: N/A       | Target:  24.0 MHz
Clock: ADC_DelSig_1_Ext_CP_Clk(routed) | Frequency: N/A       | Target:  24.0 MHz
Clock: ADC_DelSig_1_theACLK | Frequency: N/A       | Target:   2.7 MHz
Clock: ADC_DelSig_1_theACLK(fixed-function) | Frequency: N/A       | Target:   2.7 MHz
Clock: ADC_SAR_1_theACLK    | Frequency: N/A       | Target:   1.8 MHz
Clock: ADC_SAR_1_theACLK(routed) | Frequency: N/A       | Target:   1.8 MHz
Clock: Clock                | Frequency:  65.0 MHz | Target:   2.2 MHz
Clock: Clock_1              | Frequency:  63.6 MHz | Target:  13.2 MHz
Clock: Clock_2              | Frequency: N/A       | Target:  12.0 MHz
Clock: Clock_3              | Frequency: N/A       | Target:  12.0 MHz
Clock: Clock_3(fixed-function) | Frequency: N/A       | Target:  12.0 MHz
Clock: CyBUS_CLK            | Frequency:   1.5 MHz | Target:  26.3 MHz
Clock: CyBUS_CLK(fixed-function) | Frequency: N/A       | Target:  24.0 MHz
Clock: CyILO                | Frequency: N/A       | Target:   0.0 MHz
Clock: CyIMO                | Frequency: N/A       | Target:   3.0 MHz
Clock: CyMASTER_CLK         | Frequency: N/A       | Target:  24.0 MHz
Clock: CyPLL_OUT            | Frequency: N/A       | Target:  24.0 MHz
Clock: I2C_1_IntClock       | Frequency:   1.5 MHz | Target:   6.6 MHz
Clock: I2C_2_IntClock       | Frequency:   1.6 MHz | Target:   6.6 MHz
Clock: Rpi_sclk(0)_PAD      | Frequency:  45.2 MHz | Target:   0.1 MHz
Clock: SPIM_1_IntClock      | Frequency:  56.2 MHz | Target:   2.2 MHz
Clock: \ADC_DelSig_1:DSM\/dec_clock | Frequency: N/A       | Target:   0.1 MHz

======================================================================
                     End of Clock Summary
######################################################################

D2088: Phase 6, elapsed time : 0.3 (sec)

Phase 7
######################################################################
                     Clock Summary 
======================================================================
Number of clocks: 22
Clock: ADC_DelSig_1_Ext_CP_Clk | Frequency: N/A       | Target:  24.0 MHz
Clock: ADC_DelSig_1_Ext_CP_Clk(routed) | Frequency: N/A       | Target:  24.0 MHz
Clock: ADC_DelSig_1_theACLK | Frequency: N/A       | Target:   2.7 MHz
Clock: ADC_DelSig_1_theACLK(fixed-function) | Frequency: N/A       | Target:   2.7 MHz
Clock: ADC_SAR_1_theACLK    | Frequency: N/A       | Target:   1.8 MHz
Clock: ADC_SAR_1_theACLK(routed) | Frequency: N/A       | Target:   1.8 MHz
Clock: Clock                | Frequency:  64.5 MHz | Target:   2.2 MHz
Clock: Clock_1              | Frequency:  57.6 MHz | Target:  13.2 MHz
Clock: Clock_2              | Frequency: N/A       | Target:  12.0 MHz
Clock: Clock_3              | Frequency: N/A       | Target:  12.0 MHz
Clock: Clock_3(fixed-function) | Frequency: N/A       | Target:  12.0 MHz
Clock: CyBUS_CLK            | Frequency:   1.6 MHz | Target:  26.3 MHz
Clock: CyBUS_CLK(fixed-function) | Frequency: N/A       | Target:  24.0 MHz
Clock: CyILO                | Frequency: N/A       | Target:   0.0 MHz
Clock: CyIMO                | Frequency: N/A       | Target:   3.0 MHz
Clock: CyMASTER_CLK         | Frequency: N/A       | Target:  24.0 MHz
Clock: CyPLL_OUT            | Frequency: N/A       | Target:  24.0 MHz
Clock: I2C_1_IntClock       | Frequency:   1.6 MHz | Target:   6.6 MHz
Clock: I2C_2_IntClock       | Frequency:   1.6 MHz | Target:   6.6 MHz
Clock: Rpi_sclk(0)_PAD      | Frequency:  45.2 MHz | Target:   0.1 MHz
Clock: SPIM_1_IntClock      | Frequency:  55.4 MHz | Target:   2.2 MHz
Clock: \ADC_DelSig_1:DSM\/dec_clock | Frequency: N/A       | Target:   0.1 MHz

======================================================================
                     End of Clock Summary
######################################################################
D2088: Phase 7, elapsed time : 3.5 (sec)

Final Design Statistics
    Number of Combinational MCs 	:	46
    Number of Sequential MCs    	:	67
    Number of DPs               	:	7
    Number of Controls          	:	12
    Number of Status            	:	10
    Number of SyncCells         	:	4
    Number of count7cells       	:	3
    Number of IOs       	:	41

Device Utilization Summary
    Macrocells                  :	113/192
    IOs                         :	41/72



######################################################################
Placement Timing Summary

The timing summary is based on estimated routing delays after
placement. For final timing report, please carry out the timing
analysis after routing.
======================================================================


######################################################################
                     Clock Summary 
======================================================================
Number of clocks: 22
Clock: ADC_DelSig_1_Ext_CP_Clk | Frequency: N/A       | Target:  24.0 MHz
Clock: ADC_DelSig_1_Ext_CP_Clk(routed) | Frequency: N/A       | Target:  24.0 MHz
Clock: ADC_DelSig_1_theACLK | Frequency: N/A       | Target:   2.7 MHz
Clock: ADC_DelSig_1_theACLK(fixed-function) | Frequency: N/A       | Target:   2.7 MHz
Clock: ADC_SAR_1_theACLK    | Frequency: N/A       | Target:   1.8 MHz
Clock: ADC_SAR_1_theACLK(routed) | Frequency: N/A       | Target:   1.8 MHz
Clock: Clock                | Frequency:  64.7 MHz | Target:   2.2 MHz
Clock: Clock_1              | Frequency:  70.0 MHz | Target:  13.2 MHz
Clock: Clock_2              | Frequency: N/A       | Target:  12.0 MHz
Clock: Clock_3              | Frequency: N/A       | Target:  12.0 MHz
Clock: Clock_3(fixed-function) | Frequency: N/A       | Target:  12.0 MHz
Clock: CyBUS_CLK            | Frequency:   1.6 MHz | Target:  26.3 MHz
Clock: CyBUS_CLK(fixed-function) | Frequency: N/A       | Target:  24.0 MHz
Clock: CyILO                | Frequency: N/A       | Target:   0.0 MHz
Clock: CyIMO                | Frequency: N/A       | Target:   3.0 MHz
Clock: CyMASTER_CLK         | Frequency: N/A       | Target:  24.0 MHz
Clock: CyPLL_OUT            | Frequency: N/A       | Target:  24.0 MHz
Clock: I2C_1_IntClock       | Frequency:   1.6 MHz | Target:   6.6 MHz
Clock: I2C_2_IntClock       | Frequency:   1.6 MHz | Target:   6.6 MHz
Clock: Rpi_sclk(0)_PAD      | Frequency:  45.2 MHz | Target:   0.1 MHz
Clock: SPIM_1_IntClock      | Frequency:  59.4 MHz | Target:   2.2 MHz
Clock: \ADC_DelSig_1:DSM\/dec_clock | Frequency: N/A       | Target:   0.1 MHz

======================================================================
                     End of Clock Summary
######################################################################

Phase 8
D2088: Phase 8, elapsed time : 0.0 (sec)

D2054: Placement of the design completed successfully

I2076: Total run-time: 9.0 sec.

