ARM GAS  C:\Users\Joe\AppData\Local\Temp\ccDcR2Zj.s 			page 1


   1              		.syntax unified
   2              		.cpu cortex-m3
   3              		.fpu softvfp
   4              		.eabi_attribute 20, 1
   5              		.eabi_attribute 21, 1
   6              		.eabi_attribute 23, 3
   7              		.eabi_attribute 24, 1
   8              		.eabi_attribute 25, 1
   9              		.eabi_attribute 26, 1
  10              		.eabi_attribute 30, 6
  11              		.eabi_attribute 34, 1
  12              		.eabi_attribute 18, 4
  13              		.thumb
  14              		.syntax unified
  15              		.file	"I2C_1.c"
  16              		.text
  17              	.Ltext0:
  18              		.cfi_sections	.debug_frame
  19              		.global	I2C_1_initVar
  20              		.bss
  21              		.type	I2C_1_initVar, %object
  22              		.size	I2C_1_initVar, 1
  23              	I2C_1_initVar:
  24 0000 00       		.space	1
  25              		.comm	I2C_1_state,1,1
  26              		.section	.text.I2C_1_Init,"ax",%progbits
  27              		.align	2
  28              		.global	I2C_1_Init
  29              		.thumb
  30              		.thumb_func
  31              		.type	I2C_1_Init, %function
  32              	I2C_1_Init:
  33              	.LFB0:
  34              		.file 1 "Generated_Source\\PSoC5\\I2C_1.c"
   1:Generated_Source\PSoC5/I2C_1.c **** /*******************************************************************************
   2:Generated_Source\PSoC5/I2C_1.c **** * File Name: I2C_1.c
   3:Generated_Source\PSoC5/I2C_1.c **** * Version 3.50
   4:Generated_Source\PSoC5/I2C_1.c **** *
   5:Generated_Source\PSoC5/I2C_1.c **** * Description:
   6:Generated_Source\PSoC5/I2C_1.c **** *  This file provides the source code of APIs for the I2C component.
   7:Generated_Source\PSoC5/I2C_1.c **** *  The actual protocol and operation code resides in the interrupt service
   8:Generated_Source\PSoC5/I2C_1.c **** *  routine file.
   9:Generated_Source\PSoC5/I2C_1.c **** *
  10:Generated_Source\PSoC5/I2C_1.c **** *******************************************************************************
  11:Generated_Source\PSoC5/I2C_1.c **** * Copyright 2008-2015, Cypress Semiconductor Corporation. All rights reserved.
  12:Generated_Source\PSoC5/I2C_1.c **** * You may use this file only in accordance with the license, terms, conditions,
  13:Generated_Source\PSoC5/I2C_1.c **** * disclaimers, and limitations in the end user license agreement accompanying
  14:Generated_Source\PSoC5/I2C_1.c **** * the software package with which this file was provided.
  15:Generated_Source\PSoC5/I2C_1.c **** *******************************************************************************/
  16:Generated_Source\PSoC5/I2C_1.c **** 
  17:Generated_Source\PSoC5/I2C_1.c **** #include "I2C_1_PVT.h"
  18:Generated_Source\PSoC5/I2C_1.c **** 
  19:Generated_Source\PSoC5/I2C_1.c **** 
  20:Generated_Source\PSoC5/I2C_1.c **** /**********************************
  21:Generated_Source\PSoC5/I2C_1.c **** *      System variables
  22:Generated_Source\PSoC5/I2C_1.c **** **********************************/
  23:Generated_Source\PSoC5/I2C_1.c **** 
ARM GAS  C:\Users\Joe\AppData\Local\Temp\ccDcR2Zj.s 			page 2


  24:Generated_Source\PSoC5/I2C_1.c **** uint8 I2C_1_initVar = 0u; /* Defines if component was initialized */
  25:Generated_Source\PSoC5/I2C_1.c **** 
  26:Generated_Source\PSoC5/I2C_1.c **** volatile uint8 I2C_1_state;  /* Current state of I2C FSM */
  27:Generated_Source\PSoC5/I2C_1.c **** 
  28:Generated_Source\PSoC5/I2C_1.c **** 
  29:Generated_Source\PSoC5/I2C_1.c **** /*******************************************************************************
  30:Generated_Source\PSoC5/I2C_1.c **** * Function Name: I2C_1_Init
  31:Generated_Source\PSoC5/I2C_1.c **** ********************************************************************************
  32:Generated_Source\PSoC5/I2C_1.c **** *
  33:Generated_Source\PSoC5/I2C_1.c **** * Summary:
  34:Generated_Source\PSoC5/I2C_1.c **** *  Initializes I2C registers with initial values provided from customizer.
  35:Generated_Source\PSoC5/I2C_1.c **** *
  36:Generated_Source\PSoC5/I2C_1.c **** * Parameters:
  37:Generated_Source\PSoC5/I2C_1.c **** *  None.
  38:Generated_Source\PSoC5/I2C_1.c **** *
  39:Generated_Source\PSoC5/I2C_1.c **** * Return:
  40:Generated_Source\PSoC5/I2C_1.c **** *  None.
  41:Generated_Source\PSoC5/I2C_1.c **** *
  42:Generated_Source\PSoC5/I2C_1.c **** * Global variables:
  43:Generated_Source\PSoC5/I2C_1.c **** *  None.
  44:Generated_Source\PSoC5/I2C_1.c **** *
  45:Generated_Source\PSoC5/I2C_1.c **** * Reentrant:
  46:Generated_Source\PSoC5/I2C_1.c **** *  No.
  47:Generated_Source\PSoC5/I2C_1.c **** *
  48:Generated_Source\PSoC5/I2C_1.c **** *******************************************************************************/
  49:Generated_Source\PSoC5/I2C_1.c **** void I2C_1_Init(void) 
  50:Generated_Source\PSoC5/I2C_1.c **** {
  35              		.loc 1 50 0
  36              		.cfi_startproc
  37              		@ args = 0, pretend = 0, frame = 8
  38              		@ frame_needed = 1, uses_anonymous_args = 0
  39 0000 80B5     		push	{r7, lr}
  40              		.cfi_def_cfa_offset 8
  41              		.cfi_offset 7, -8
  42              		.cfi_offset 14, -4
  43 0002 82B0     		sub	sp, sp, #8
  44              		.cfi_def_cfa_offset 16
  45 0004 00AF     		add	r7, sp, #0
  46              		.cfi_def_cfa_register 7
  51:Generated_Source\PSoC5/I2C_1.c **** #if (I2C_1_FF_IMPLEMENTED)
  52:Generated_Source\PSoC5/I2C_1.c ****     /* Configure fixed function block */
  53:Generated_Source\PSoC5/I2C_1.c ****     I2C_1_CFG_REG  = I2C_1_DEFAULT_CFG;
  54:Generated_Source\PSoC5/I2C_1.c ****     I2C_1_XCFG_REG = I2C_1_DEFAULT_XCFG;
  55:Generated_Source\PSoC5/I2C_1.c ****     I2C_1_ADDR_REG = I2C_1_DEFAULT_ADDR;
  56:Generated_Source\PSoC5/I2C_1.c ****     I2C_1_CLKDIV1_REG = LO8(I2C_1_DEFAULT_DIVIDE_FACTOR);
  57:Generated_Source\PSoC5/I2C_1.c ****     I2C_1_CLKDIV2_REG = HI8(I2C_1_DEFAULT_DIVIDE_FACTOR);
  58:Generated_Source\PSoC5/I2C_1.c **** 
  59:Generated_Source\PSoC5/I2C_1.c **** #else
  60:Generated_Source\PSoC5/I2C_1.c ****     uint8 intState;
  61:Generated_Source\PSoC5/I2C_1.c **** 
  62:Generated_Source\PSoC5/I2C_1.c ****     /* Configure control and interrupt sources */
  63:Generated_Source\PSoC5/I2C_1.c ****     I2C_1_CFG_REG      = I2C_1_DEFAULT_CFG;
  47              		.loc 1 63 0
  48 0006 1B4B     		ldr	r3, .L2
  49 0008 0022     		movs	r2, #0
  50 000a 1A70     		strb	r2, [r3]
  64:Generated_Source\PSoC5/I2C_1.c ****     I2C_1_INT_MASK_REG = I2C_1_DEFAULT_INT_MASK;
ARM GAS  C:\Users\Joe\AppData\Local\Temp\ccDcR2Zj.s 			page 3


  51              		.loc 1 64 0
  52 000c 1A4B     		ldr	r3, .L2+4
  53 000e 0122     		movs	r2, #1
  54 0010 1A70     		strb	r2, [r3]
  65:Generated_Source\PSoC5/I2C_1.c **** 
  66:Generated_Source\PSoC5/I2C_1.c ****     /* Enable interrupt generation in status */
  67:Generated_Source\PSoC5/I2C_1.c ****     intState = CyEnterCriticalSection();
  55              		.loc 1 67 0
  56 0012 FFF7FEFF 		bl	CyEnterCriticalSection
  57 0016 0346     		mov	r3, r0
  58 0018 FB71     		strb	r3, [r7, #7]
  68:Generated_Source\PSoC5/I2C_1.c ****     I2C_1_INT_ENABLE_REG |= I2C_1_INTR_ENABLE;
  59              		.loc 1 68 0
  60 001a 184A     		ldr	r2, .L2+8
  61 001c 174B     		ldr	r3, .L2+8
  62 001e 1B78     		ldrb	r3, [r3]
  63 0020 DBB2     		uxtb	r3, r3
  64 0022 43F01003 		orr	r3, r3, #16
  65 0026 DBB2     		uxtb	r3, r3
  66 0028 1370     		strb	r3, [r2]
  69:Generated_Source\PSoC5/I2C_1.c ****     CyExitCriticalSection(intState);
  67              		.loc 1 69 0
  68 002a FB79     		ldrb	r3, [r7, #7]	@ zero_extendqisi2
  69 002c 1846     		mov	r0, r3
  70 002e FFF7FEFF 		bl	CyExitCriticalSection
  70:Generated_Source\PSoC5/I2C_1.c **** 
  71:Generated_Source\PSoC5/I2C_1.c ****     /* Configure bit counter */
  72:Generated_Source\PSoC5/I2C_1.c ****     #if (I2C_1_MODE_SLAVE_ENABLED)
  73:Generated_Source\PSoC5/I2C_1.c ****         I2C_1_PERIOD_REG = I2C_1_DEFAULT_PERIOD;
  74:Generated_Source\PSoC5/I2C_1.c ****     #endif  /* (I2C_1_MODE_SLAVE_ENABLED) */
  75:Generated_Source\PSoC5/I2C_1.c **** 
  76:Generated_Source\PSoC5/I2C_1.c ****     /* Configure clock generator */
  77:Generated_Source\PSoC5/I2C_1.c ****     #if (I2C_1_MODE_MASTER_ENABLED)
  78:Generated_Source\PSoC5/I2C_1.c ****         I2C_1_MCLK_PRD_REG = I2C_1_DEFAULT_MCLK_PRD;
  71              		.loc 1 78 0
  72 0032 134B     		ldr	r3, .L2+12
  73 0034 0F22     		movs	r2, #15
  74 0036 1A70     		strb	r2, [r3]
  79:Generated_Source\PSoC5/I2C_1.c ****         I2C_1_MCLK_CMP_REG = I2C_1_DEFAULT_MCLK_CMP;
  75              		.loc 1 79 0
  76 0038 124B     		ldr	r3, .L2+16
  77 003a 0822     		movs	r2, #8
  78 003c 1A70     		strb	r2, [r3]
  80:Generated_Source\PSoC5/I2C_1.c ****     #endif /* (I2C_1_MODE_MASTER_ENABLED) */
  81:Generated_Source\PSoC5/I2C_1.c **** #endif /* (I2C_1_FF_IMPLEMENTED) */
  82:Generated_Source\PSoC5/I2C_1.c **** 
  83:Generated_Source\PSoC5/I2C_1.c **** #if (I2C_1_TIMEOUT_ENABLED)
  84:Generated_Source\PSoC5/I2C_1.c ****     I2C_1_TimeoutInit();
  85:Generated_Source\PSoC5/I2C_1.c **** #endif /* (I2C_1_TIMEOUT_ENABLED) */
  86:Generated_Source\PSoC5/I2C_1.c **** 
  87:Generated_Source\PSoC5/I2C_1.c ****     /* Configure internal interrupt */
  88:Generated_Source\PSoC5/I2C_1.c ****     CyIntDisable    (I2C_1_ISR_NUMBER);
  79              		.loc 1 88 0
  80 003e 124B     		ldr	r3, .L2+20
  81 0040 0222     		movs	r2, #2
  82 0042 1A60     		str	r2, [r3]
  89:Generated_Source\PSoC5/I2C_1.c ****     CyIntSetPriority(I2C_1_ISR_NUMBER, I2C_1_ISR_PRIORITY);
ARM GAS  C:\Users\Joe\AppData\Local\Temp\ccDcR2Zj.s 			page 4


  83              		.loc 1 89 0
  84 0044 0721     		movs	r1, #7
  85 0046 0120     		movs	r0, #1
  86 0048 FFF7FEFF 		bl	CyIntSetPriority
  90:Generated_Source\PSoC5/I2C_1.c ****     #if (I2C_1_INTERN_I2C_INTR_HANDLER)
  91:Generated_Source\PSoC5/I2C_1.c ****         (void) CyIntSetVector(I2C_1_ISR_NUMBER, &I2C_1_ISR);
  87              		.loc 1 91 0
  88 004c 0F49     		ldr	r1, .L2+24
  89 004e 0120     		movs	r0, #1
  90 0050 FFF7FEFF 		bl	CyIntSetVector
  92:Generated_Source\PSoC5/I2C_1.c ****     #endif /* (I2C_1_INTERN_I2C_INTR_HANDLER) */
  93:Generated_Source\PSoC5/I2C_1.c **** 
  94:Generated_Source\PSoC5/I2C_1.c ****     /* Set FSM to default state */
  95:Generated_Source\PSoC5/I2C_1.c ****     I2C_1_state = I2C_1_SM_IDLE;
  91              		.loc 1 95 0
  92 0054 0E4B     		ldr	r3, .L2+28
  93 0056 1022     		movs	r2, #16
  94 0058 1A70     		strb	r2, [r3]
  96:Generated_Source\PSoC5/I2C_1.c **** 
  97:Generated_Source\PSoC5/I2C_1.c **** #if (I2C_1_MODE_SLAVE_ENABLED)
  98:Generated_Source\PSoC5/I2C_1.c ****     /* Clear status and buffers index */
  99:Generated_Source\PSoC5/I2C_1.c ****     I2C_1_slStatus = 0u;
 100:Generated_Source\PSoC5/I2C_1.c ****     I2C_1_slRdBufIndex = 0u;
 101:Generated_Source\PSoC5/I2C_1.c ****     I2C_1_slWrBufIndex = 0u;
 102:Generated_Source\PSoC5/I2C_1.c **** 
 103:Generated_Source\PSoC5/I2C_1.c ****     /* Configure matched address */
 104:Generated_Source\PSoC5/I2C_1.c ****     I2C_1_SlaveSetAddress(I2C_1_DEFAULT_ADDR);
 105:Generated_Source\PSoC5/I2C_1.c **** #endif /* (I2C_1_MODE_SLAVE_ENABLED) */
 106:Generated_Source\PSoC5/I2C_1.c **** 
 107:Generated_Source\PSoC5/I2C_1.c **** #if (I2C_1_MODE_MASTER_ENABLED)
 108:Generated_Source\PSoC5/I2C_1.c ****     /* Clear status and buffers index */
 109:Generated_Source\PSoC5/I2C_1.c ****     I2C_1_mstrStatus = 0u;
  95              		.loc 1 109 0
  96 005a 0E4B     		ldr	r3, .L2+32
  97 005c 0022     		movs	r2, #0
  98 005e 1A70     		strb	r2, [r3]
 110:Generated_Source\PSoC5/I2C_1.c ****     I2C_1_mstrRdBufIndex = 0u;
  99              		.loc 1 110 0
 100 0060 0D4B     		ldr	r3, .L2+36
 101 0062 0022     		movs	r2, #0
 102 0064 1A70     		strb	r2, [r3]
 111:Generated_Source\PSoC5/I2C_1.c ****     I2C_1_mstrWrBufIndex = 0u;
 103              		.loc 1 111 0
 104 0066 0D4B     		ldr	r3, .L2+40
 105 0068 0022     		movs	r2, #0
 106 006a 1A70     		strb	r2, [r3]
 112:Generated_Source\PSoC5/I2C_1.c **** #endif /* (I2C_1_MODE_MASTER_ENABLED) */
 113:Generated_Source\PSoC5/I2C_1.c **** }
 107              		.loc 1 113 0
 108 006c 00BF     		nop
 109 006e 0837     		adds	r7, r7, #8
 110              		.cfi_def_cfa_offset 8
 111 0070 BD46     		mov	sp, r7
 112              		.cfi_def_cfa_register 13
 113              		@ sp needed
 114 0072 80BD     		pop	{r7, pc}
 115              	.L3:
ARM GAS  C:\Users\Joe\AppData\Local\Temp\ccDcR2Zj.s 			page 5


 116              		.align	2
 117              	.L2:
 118 0074 76650040 		.word	1073767798
 119 0078 8B650040 		.word	1073767819
 120 007c 9B650040 		.word	1073767835
 121 0080 27640040 		.word	1073767463
 122 0084 37640040 		.word	1073767479
 123 0088 80E100E0 		.word	-536813184
 124 008c 00000000 		.word	I2C_1_ISR
 125 0090 00000000 		.word	I2C_1_state
 126 0094 00000000 		.word	I2C_1_mstrStatus
 127 0098 00000000 		.word	I2C_1_mstrRdBufIndex
 128 009c 00000000 		.word	I2C_1_mstrWrBufIndex
 129              		.cfi_endproc
 130              	.LFE0:
 131              		.size	I2C_1_Init, .-I2C_1_Init
 132              		.section	.text.I2C_1_Enable,"ax",%progbits
 133              		.align	2
 134              		.global	I2C_1_Enable
 135              		.thumb
 136              		.thumb_func
 137              		.type	I2C_1_Enable, %function
 138              	I2C_1_Enable:
 139              	.LFB1:
 114:Generated_Source\PSoC5/I2C_1.c **** 
 115:Generated_Source\PSoC5/I2C_1.c **** 
 116:Generated_Source\PSoC5/I2C_1.c **** /*******************************************************************************
 117:Generated_Source\PSoC5/I2C_1.c **** * Function Name: I2C_1_Enable
 118:Generated_Source\PSoC5/I2C_1.c **** ********************************************************************************
 119:Generated_Source\PSoC5/I2C_1.c **** *
 120:Generated_Source\PSoC5/I2C_1.c **** * Summary:
 121:Generated_Source\PSoC5/I2C_1.c **** *  Enables I2C operations.
 122:Generated_Source\PSoC5/I2C_1.c **** *
 123:Generated_Source\PSoC5/I2C_1.c **** * Parameters:
 124:Generated_Source\PSoC5/I2C_1.c **** *  None.
 125:Generated_Source\PSoC5/I2C_1.c **** *
 126:Generated_Source\PSoC5/I2C_1.c **** * Return:
 127:Generated_Source\PSoC5/I2C_1.c **** *  None.
 128:Generated_Source\PSoC5/I2C_1.c **** *
 129:Generated_Source\PSoC5/I2C_1.c **** * Global variables:
 130:Generated_Source\PSoC5/I2C_1.c **** *  None.
 131:Generated_Source\PSoC5/I2C_1.c **** *
 132:Generated_Source\PSoC5/I2C_1.c **** *******************************************************************************/
 133:Generated_Source\PSoC5/I2C_1.c **** void I2C_1_Enable(void) 
 134:Generated_Source\PSoC5/I2C_1.c **** {
 140              		.loc 1 134 0
 141              		.cfi_startproc
 142              		@ args = 0, pretend = 0, frame = 0
 143              		@ frame_needed = 1, uses_anonymous_args = 0
 144              		@ link register save eliminated.
 145 0000 80B4     		push	{r7}
 146              		.cfi_def_cfa_offset 4
 147              		.cfi_offset 7, -4
 148 0002 00AF     		add	r7, sp, #0
 149              		.cfi_def_cfa_register 7
 135:Generated_Source\PSoC5/I2C_1.c **** #if (I2C_1_FF_IMPLEMENTED)
 136:Generated_Source\PSoC5/I2C_1.c ****     uint8 intState;
ARM GAS  C:\Users\Joe\AppData\Local\Temp\ccDcR2Zj.s 			page 6


 137:Generated_Source\PSoC5/I2C_1.c **** 
 138:Generated_Source\PSoC5/I2C_1.c ****     /* Enable power to block */
 139:Generated_Source\PSoC5/I2C_1.c ****     intState = CyEnterCriticalSection();
 140:Generated_Source\PSoC5/I2C_1.c ****     I2C_1_ACT_PWRMGR_REG  |= I2C_1_ACT_PWR_EN;
 141:Generated_Source\PSoC5/I2C_1.c ****     I2C_1_STBY_PWRMGR_REG |= I2C_1_STBY_PWR_EN;
 142:Generated_Source\PSoC5/I2C_1.c ****     CyExitCriticalSection(intState);
 143:Generated_Source\PSoC5/I2C_1.c **** #else
 144:Generated_Source\PSoC5/I2C_1.c ****     #if (I2C_1_MODE_SLAVE_ENABLED)
 145:Generated_Source\PSoC5/I2C_1.c ****         /* Enable bit counter */
 146:Generated_Source\PSoC5/I2C_1.c ****         uint8 intState = CyEnterCriticalSection();
 147:Generated_Source\PSoC5/I2C_1.c ****         I2C_1_COUNTER_AUX_CTL_REG |= I2C_1_CNT7_ENABLE;
 148:Generated_Source\PSoC5/I2C_1.c ****         CyExitCriticalSection(intState);
 149:Generated_Source\PSoC5/I2C_1.c ****     #endif /* (I2C_1_MODE_SLAVE_ENABLED) */
 150:Generated_Source\PSoC5/I2C_1.c **** 
 151:Generated_Source\PSoC5/I2C_1.c ****     /* Enable slave or master bits */
 152:Generated_Source\PSoC5/I2C_1.c ****     I2C_1_CFG_REG |= I2C_1_ENABLE_MS;
 150              		.loc 1 152 0
 151 0004 054A     		ldr	r2, .L5
 152 0006 054B     		ldr	r3, .L5
 153 0008 1B78     		ldrb	r3, [r3]
 154 000a DBB2     		uxtb	r3, r3
 155 000c 43F00203 		orr	r3, r3, #2
 156 0010 DBB2     		uxtb	r3, r3
 157 0012 1370     		strb	r3, [r2]
 153:Generated_Source\PSoC5/I2C_1.c **** #endif /* (I2C_1_FF_IMPLEMENTED) */
 154:Generated_Source\PSoC5/I2C_1.c **** 
 155:Generated_Source\PSoC5/I2C_1.c **** #if (I2C_1_TIMEOUT_ENABLED)
 156:Generated_Source\PSoC5/I2C_1.c ****     I2C_1_TimeoutEnable();
 157:Generated_Source\PSoC5/I2C_1.c **** #endif /* (I2C_1_TIMEOUT_ENABLED) */
 158:Generated_Source\PSoC5/I2C_1.c **** }
 158              		.loc 1 158 0
 159 0014 00BF     		nop
 160 0016 BD46     		mov	sp, r7
 161              		.cfi_def_cfa_register 13
 162              		@ sp needed
 163 0018 80BC     		pop	{r7}
 164              		.cfi_restore 7
 165              		.cfi_def_cfa_offset 0
 166 001a 7047     		bx	lr
 167              	.L6:
 168              		.align	2
 169              	.L5:
 170 001c 76650040 		.word	1073767798
 171              		.cfi_endproc
 172              	.LFE1:
 173              		.size	I2C_1_Enable, .-I2C_1_Enable
 174              		.section	.text.I2C_1_Start,"ax",%progbits
 175              		.align	2
 176              		.global	I2C_1_Start
 177              		.thumb
 178              		.thumb_func
 179              		.type	I2C_1_Start, %function
 180              	I2C_1_Start:
 181              	.LFB2:
 159:Generated_Source\PSoC5/I2C_1.c **** 
 160:Generated_Source\PSoC5/I2C_1.c **** 
 161:Generated_Source\PSoC5/I2C_1.c **** /*******************************************************************************
ARM GAS  C:\Users\Joe\AppData\Local\Temp\ccDcR2Zj.s 			page 7


 162:Generated_Source\PSoC5/I2C_1.c **** * Function Name: I2C_1_Start
 163:Generated_Source\PSoC5/I2C_1.c **** ********************************************************************************
 164:Generated_Source\PSoC5/I2C_1.c **** *
 165:Generated_Source\PSoC5/I2C_1.c **** * Summary:
 166:Generated_Source\PSoC5/I2C_1.c **** *  Starts the I2C hardware. Enables Active mode power template bits or clock
 167:Generated_Source\PSoC5/I2C_1.c **** *  gating as appropriate. It is required to be executed before I2C bus
 168:Generated_Source\PSoC5/I2C_1.c **** *  operation.
 169:Generated_Source\PSoC5/I2C_1.c **** *
 170:Generated_Source\PSoC5/I2C_1.c **** * Parameters:
 171:Generated_Source\PSoC5/I2C_1.c **** *  None.
 172:Generated_Source\PSoC5/I2C_1.c **** *
 173:Generated_Source\PSoC5/I2C_1.c **** * Return:
 174:Generated_Source\PSoC5/I2C_1.c **** *  None.
 175:Generated_Source\PSoC5/I2C_1.c **** *
 176:Generated_Source\PSoC5/I2C_1.c **** * Side Effects:
 177:Generated_Source\PSoC5/I2C_1.c **** *  This component automatically enables its interrupt.  If I2C is enabled !
 178:Generated_Source\PSoC5/I2C_1.c **** *  without the interrupt enabled, it can lock up the I2C bus.
 179:Generated_Source\PSoC5/I2C_1.c **** *
 180:Generated_Source\PSoC5/I2C_1.c **** * Global variables:
 181:Generated_Source\PSoC5/I2C_1.c **** *  I2C_1_initVar - This variable is used to check the initial
 182:Generated_Source\PSoC5/I2C_1.c **** *                             configuration, modified on the first
 183:Generated_Source\PSoC5/I2C_1.c **** *                             function call.
 184:Generated_Source\PSoC5/I2C_1.c **** *
 185:Generated_Source\PSoC5/I2C_1.c **** * Reentrant:
 186:Generated_Source\PSoC5/I2C_1.c **** *  No.
 187:Generated_Source\PSoC5/I2C_1.c **** *
 188:Generated_Source\PSoC5/I2C_1.c **** *******************************************************************************/
 189:Generated_Source\PSoC5/I2C_1.c **** void I2C_1_Start(void) 
 190:Generated_Source\PSoC5/I2C_1.c **** {
 182              		.loc 1 190 0
 183              		.cfi_startproc
 184              		@ args = 0, pretend = 0, frame = 0
 185              		@ frame_needed = 1, uses_anonymous_args = 0
 186 0000 80B5     		push	{r7, lr}
 187              		.cfi_def_cfa_offset 8
 188              		.cfi_offset 7, -8
 189              		.cfi_offset 14, -4
 190 0002 00AF     		add	r7, sp, #0
 191              		.cfi_def_cfa_register 7
 191:Generated_Source\PSoC5/I2C_1.c ****     if (0u == I2C_1_initVar)
 192              		.loc 1 191 0
 193 0004 074B     		ldr	r3, .L9
 194 0006 1B78     		ldrb	r3, [r3]	@ zero_extendqisi2
 195 0008 002B     		cmp	r3, #0
 196 000a 04D1     		bne	.L8
 192:Generated_Source\PSoC5/I2C_1.c ****     {
 193:Generated_Source\PSoC5/I2C_1.c ****         I2C_1_Init();
 197              		.loc 1 193 0
 198 000c FFF7FEFF 		bl	I2C_1_Init
 194:Generated_Source\PSoC5/I2C_1.c ****         I2C_1_initVar = 1u; /* Component initialized */
 199              		.loc 1 194 0
 200 0010 044B     		ldr	r3, .L9
 201 0012 0122     		movs	r2, #1
 202 0014 1A70     		strb	r2, [r3]
 203              	.L8:
 195:Generated_Source\PSoC5/I2C_1.c ****     }
 196:Generated_Source\PSoC5/I2C_1.c **** 
ARM GAS  C:\Users\Joe\AppData\Local\Temp\ccDcR2Zj.s 			page 8


 197:Generated_Source\PSoC5/I2C_1.c ****     I2C_1_Enable();
 204              		.loc 1 197 0
 205 0016 FFF7FEFF 		bl	I2C_1_Enable
 198:Generated_Source\PSoC5/I2C_1.c ****     I2C_1_EnableInt();
 206              		.loc 1 198 0
 207 001a 034B     		ldr	r3, .L9+4
 208 001c 0222     		movs	r2, #2
 209 001e 1A60     		str	r2, [r3]
 199:Generated_Source\PSoC5/I2C_1.c **** }
 210              		.loc 1 199 0
 211 0020 00BF     		nop
 212 0022 80BD     		pop	{r7, pc}
 213              	.L10:
 214              		.align	2
 215              	.L9:
 216 0024 00000000 		.word	I2C_1_initVar
 217 0028 00E100E0 		.word	-536813312
 218              		.cfi_endproc
 219              	.LFE2:
 220              		.size	I2C_1_Start, .-I2C_1_Start
 221              		.section	.text.I2C_1_Stop,"ax",%progbits
 222              		.align	2
 223              		.global	I2C_1_Stop
 224              		.thumb
 225              		.thumb_func
 226              		.type	I2C_1_Stop, %function
 227              	I2C_1_Stop:
 228              	.LFB3:
 200:Generated_Source\PSoC5/I2C_1.c **** 
 201:Generated_Source\PSoC5/I2C_1.c **** 
 202:Generated_Source\PSoC5/I2C_1.c **** /*******************************************************************************
 203:Generated_Source\PSoC5/I2C_1.c **** * Function Name: I2C_1_Stop
 204:Generated_Source\PSoC5/I2C_1.c **** ********************************************************************************
 205:Generated_Source\PSoC5/I2C_1.c **** *
 206:Generated_Source\PSoC5/I2C_1.c **** * Summary:
 207:Generated_Source\PSoC5/I2C_1.c **** *  Disables I2C hardware and disables I2C interrupt. Disables Active mode power
 208:Generated_Source\PSoC5/I2C_1.c **** *  template bits or clock gating as appropriate.
 209:Generated_Source\PSoC5/I2C_1.c **** *
 210:Generated_Source\PSoC5/I2C_1.c **** * Parameters:
 211:Generated_Source\PSoC5/I2C_1.c **** *  None.
 212:Generated_Source\PSoC5/I2C_1.c **** *
 213:Generated_Source\PSoC5/I2C_1.c **** * Return:
 214:Generated_Source\PSoC5/I2C_1.c **** *  None.
 215:Generated_Source\PSoC5/I2C_1.c **** *
 216:Generated_Source\PSoC5/I2C_1.c **** *******************************************************************************/
 217:Generated_Source\PSoC5/I2C_1.c **** void I2C_1_Stop(void) 
 218:Generated_Source\PSoC5/I2C_1.c **** {
 229              		.loc 1 218 0
 230              		.cfi_startproc
 231              		@ args = 0, pretend = 0, frame = 0
 232              		@ frame_needed = 1, uses_anonymous_args = 0
 233              		@ link register save eliminated.
 234 0000 80B4     		push	{r7}
 235              		.cfi_def_cfa_offset 4
 236              		.cfi_offset 7, -4
 237 0002 00AF     		add	r7, sp, #0
 238              		.cfi_def_cfa_register 7
ARM GAS  C:\Users\Joe\AppData\Local\Temp\ccDcR2Zj.s 			page 9


 219:Generated_Source\PSoC5/I2C_1.c ****     I2C_1_DisableInt();
 239              		.loc 1 219 0
 240 0004 0F4B     		ldr	r3, .L12
 241 0006 0222     		movs	r2, #2
 242 0008 1A60     		str	r2, [r3]
 220:Generated_Source\PSoC5/I2C_1.c **** 
 221:Generated_Source\PSoC5/I2C_1.c **** #if (I2C_1_TIMEOUT_ENABLED)
 222:Generated_Source\PSoC5/I2C_1.c ****     I2C_1_TimeoutStop();
 223:Generated_Source\PSoC5/I2C_1.c **** #endif  /* End (I2C_1_TIMEOUT_ENABLED) */
 224:Generated_Source\PSoC5/I2C_1.c **** 
 225:Generated_Source\PSoC5/I2C_1.c **** #if (I2C_1_FF_IMPLEMENTED)
 226:Generated_Source\PSoC5/I2C_1.c ****     {
 227:Generated_Source\PSoC5/I2C_1.c ****         uint8 intState;
 228:Generated_Source\PSoC5/I2C_1.c ****         uint16 blockResetCycles;
 229:Generated_Source\PSoC5/I2C_1.c **** 
 230:Generated_Source\PSoC5/I2C_1.c ****         /* Store registers effected by block disable */
 231:Generated_Source\PSoC5/I2C_1.c ****         I2C_1_backup.addr    = I2C_1_ADDR_REG;
 232:Generated_Source\PSoC5/I2C_1.c ****         I2C_1_backup.clkDiv1 = I2C_1_CLKDIV1_REG;
 233:Generated_Source\PSoC5/I2C_1.c ****         I2C_1_backup.clkDiv2 = I2C_1_CLKDIV2_REG;
 234:Generated_Source\PSoC5/I2C_1.c **** 
 235:Generated_Source\PSoC5/I2C_1.c ****         /* Calculate number of cycles to reset block */
 236:Generated_Source\PSoC5/I2C_1.c ****         blockResetCycles = ((uint16) ((uint16) I2C_1_CLKDIV2_REG << 8u) | I2C_1_CLKDIV1_REG) + 1u;
 237:Generated_Source\PSoC5/I2C_1.c **** 
 238:Generated_Source\PSoC5/I2C_1.c ****         /* Disable block */
 239:Generated_Source\PSoC5/I2C_1.c ****         I2C_1_CFG_REG &= (uint8) ~I2C_1_CFG_EN_SLAVE;
 240:Generated_Source\PSoC5/I2C_1.c ****         /* Wait for block reset before disable power */
 241:Generated_Source\PSoC5/I2C_1.c ****         CyDelayCycles((uint32) blockResetCycles);
 242:Generated_Source\PSoC5/I2C_1.c **** 
 243:Generated_Source\PSoC5/I2C_1.c ****         /* Disable power to block */
 244:Generated_Source\PSoC5/I2C_1.c ****         intState = CyEnterCriticalSection();
 245:Generated_Source\PSoC5/I2C_1.c ****         I2C_1_ACT_PWRMGR_REG  &= (uint8) ~I2C_1_ACT_PWR_EN;
 246:Generated_Source\PSoC5/I2C_1.c ****         I2C_1_STBY_PWRMGR_REG &= (uint8) ~I2C_1_STBY_PWR_EN;
 247:Generated_Source\PSoC5/I2C_1.c ****         CyExitCriticalSection(intState);
 248:Generated_Source\PSoC5/I2C_1.c **** 
 249:Generated_Source\PSoC5/I2C_1.c ****         /* Enable block */
 250:Generated_Source\PSoC5/I2C_1.c ****         I2C_1_CFG_REG |= (uint8) I2C_1_ENABLE_MS;
 251:Generated_Source\PSoC5/I2C_1.c **** 
 252:Generated_Source\PSoC5/I2C_1.c ****         /* Restore registers effected by block disable. Ticket ID#198004 */
 253:Generated_Source\PSoC5/I2C_1.c ****         I2C_1_ADDR_REG    = I2C_1_backup.addr;
 254:Generated_Source\PSoC5/I2C_1.c ****         I2C_1_ADDR_REG    = I2C_1_backup.addr;
 255:Generated_Source\PSoC5/I2C_1.c ****         I2C_1_CLKDIV1_REG = I2C_1_backup.clkDiv1;
 256:Generated_Source\PSoC5/I2C_1.c ****         I2C_1_CLKDIV2_REG = I2C_1_backup.clkDiv2;
 257:Generated_Source\PSoC5/I2C_1.c ****     }
 258:Generated_Source\PSoC5/I2C_1.c **** #else
 259:Generated_Source\PSoC5/I2C_1.c **** 
 260:Generated_Source\PSoC5/I2C_1.c ****     /* Disable slave or master bits */
 261:Generated_Source\PSoC5/I2C_1.c ****     I2C_1_CFG_REG &= (uint8) ~I2C_1_ENABLE_MS;
 243              		.loc 1 261 0
 244 000a 0F4A     		ldr	r2, .L12+4
 245 000c 0E4B     		ldr	r3, .L12+4
 246 000e 1B78     		ldrb	r3, [r3]
 247 0010 DBB2     		uxtb	r3, r3
 248 0012 23F00203 		bic	r3, r3, #2
 249 0016 DBB2     		uxtb	r3, r3
 250 0018 1370     		strb	r3, [r2]
 262:Generated_Source\PSoC5/I2C_1.c **** 
 263:Generated_Source\PSoC5/I2C_1.c **** #if (I2C_1_MODE_SLAVE_ENABLED)
ARM GAS  C:\Users\Joe\AppData\Local\Temp\ccDcR2Zj.s 			page 10


 264:Generated_Source\PSoC5/I2C_1.c ****     {
 265:Generated_Source\PSoC5/I2C_1.c ****         /* Disable bit counter */
 266:Generated_Source\PSoC5/I2C_1.c ****         uint8 intState = CyEnterCriticalSection();
 267:Generated_Source\PSoC5/I2C_1.c ****         I2C_1_COUNTER_AUX_CTL_REG &= (uint8) ~I2C_1_CNT7_ENABLE;
 268:Generated_Source\PSoC5/I2C_1.c ****         CyExitCriticalSection(intState);
 269:Generated_Source\PSoC5/I2C_1.c ****     }
 270:Generated_Source\PSoC5/I2C_1.c **** #endif /* (I2C_1_MODE_SLAVE_ENABLED) */
 271:Generated_Source\PSoC5/I2C_1.c **** 
 272:Generated_Source\PSoC5/I2C_1.c ****     /* Clear interrupt source register */
 273:Generated_Source\PSoC5/I2C_1.c ****     (void) I2C_1_CSR_REG;
 251              		.loc 1 273 0
 252 001a 0C4B     		ldr	r3, .L12+8
 253 001c 1B78     		ldrb	r3, [r3]
 274:Generated_Source\PSoC5/I2C_1.c **** #endif /* (I2C_1_FF_IMPLEMENTED) */
 275:Generated_Source\PSoC5/I2C_1.c **** 
 276:Generated_Source\PSoC5/I2C_1.c ****     /* Disable interrupt on stop (enabled by write transaction) */
 277:Generated_Source\PSoC5/I2C_1.c ****     I2C_1_DISABLE_INT_ON_STOP;
 254              		.loc 1 277 0
 255 001e 0C4A     		ldr	r2, .L12+12
 256 0020 0B4B     		ldr	r3, .L12+12
 257 0022 1B78     		ldrb	r3, [r3]
 258 0024 DBB2     		uxtb	r3, r3
 259 0026 23F02003 		bic	r3, r3, #32
 260 002a DBB2     		uxtb	r3, r3
 261 002c 1370     		strb	r3, [r2]
 278:Generated_Source\PSoC5/I2C_1.c ****     I2C_1_ClearPendingInt();
 262              		.loc 1 278 0
 263 002e 094B     		ldr	r3, .L12+16
 264 0030 0222     		movs	r2, #2
 265 0032 1A60     		str	r2, [r3]
 279:Generated_Source\PSoC5/I2C_1.c **** 
 280:Generated_Source\PSoC5/I2C_1.c ****     /* Reset FSM to default state */
 281:Generated_Source\PSoC5/I2C_1.c ****     I2C_1_state = I2C_1_SM_IDLE;
 266              		.loc 1 281 0
 267 0034 084B     		ldr	r3, .L12+20
 268 0036 1022     		movs	r2, #16
 269 0038 1A70     		strb	r2, [r3]
 282:Generated_Source\PSoC5/I2C_1.c **** 
 283:Generated_Source\PSoC5/I2C_1.c ****     /* Clear busy statuses */
 284:Generated_Source\PSoC5/I2C_1.c **** #if (I2C_1_MODE_SLAVE_ENABLED)
 285:Generated_Source\PSoC5/I2C_1.c ****     I2C_1_slStatus &= (uint8) ~(I2C_1_SSTAT_RD_BUSY | I2C_1_SSTAT_WR_BUSY);
 286:Generated_Source\PSoC5/I2C_1.c **** #endif /* (I2C_1_MODE_SLAVE_ENABLED) */
 287:Generated_Source\PSoC5/I2C_1.c **** }
 270              		.loc 1 287 0
 271 003a 00BF     		nop
 272 003c BD46     		mov	sp, r7
 273              		.cfi_def_cfa_register 13
 274              		@ sp needed
 275 003e 80BC     		pop	{r7}
 276              		.cfi_restore 7
 277              		.cfi_def_cfa_offset 0
 278 0040 7047     		bx	lr
 279              	.L13:
 280 0042 00BF     		.align	2
 281              	.L12:
 282 0044 80E100E0 		.word	-536813184
 283 0048 76650040 		.word	1073767798
ARM GAS  C:\Users\Joe\AppData\Local\Temp\ccDcR2Zj.s 			page 11


 284 004c 6B650040 		.word	1073767787
 285 0050 8B650040 		.word	1073767819
 286 0054 80E200E0 		.word	-536812928
 287 0058 00000000 		.word	I2C_1_state
 288              		.cfi_endproc
 289              	.LFE3:
 290              		.size	I2C_1_Stop, .-I2C_1_Stop
 291              		.text
 292              	.Letext0:
 293              		.file 2 "Generated_Source\\PSoC5\\cytypes.h"
 294              		.file 3 "Generated_Source\\PSoC5\\I2C_1_PVT.h"
 295              		.section	.debug_info,"",%progbits
 296              	.Ldebug_info0:
 297 0000 5D010000 		.4byte	0x15d
 298 0004 0400     		.2byte	0x4
 299 0006 00000000 		.4byte	.Ldebug_abbrev0
 300 000a 04       		.byte	0x4
 301 000b 01       		.uleb128 0x1
 302 000c 06000000 		.4byte	.LASF26
 303 0010 0C       		.byte	0xc
 304 0011 01020000 		.4byte	.LASF27
 305 0015 B4010000 		.4byte	.LASF28
 306 0019 00000000 		.4byte	.Ldebug_ranges0+0
 307 001d 00000000 		.4byte	0
 308 0021 00000000 		.4byte	.Ldebug_line0
 309 0025 02       		.uleb128 0x2
 310 0026 01       		.byte	0x1
 311 0027 06       		.byte	0x6
 312 0028 20020000 		.4byte	.LASF0
 313 002c 02       		.uleb128 0x2
 314 002d 01       		.byte	0x1
 315 002e 08       		.byte	0x8
 316 002f CD000000 		.4byte	.LASF1
 317 0033 02       		.uleb128 0x2
 318 0034 02       		.byte	0x2
 319 0035 05       		.byte	0x5
 320 0036 AA010000 		.4byte	.LASF2
 321 003a 02       		.uleb128 0x2
 322 003b 02       		.byte	0x2
 323 003c 07       		.byte	0x7
 324 003d A9000000 		.4byte	.LASF3
 325 0041 02       		.uleb128 0x2
 326 0042 04       		.byte	0x4
 327 0043 05       		.byte	0x5
 328 0044 F8010000 		.4byte	.LASF4
 329 0048 02       		.uleb128 0x2
 330 0049 04       		.byte	0x4
 331 004a 07       		.byte	0x7
 332 004b E0000000 		.4byte	.LASF5
 333 004f 02       		.uleb128 0x2
 334 0050 08       		.byte	0x8
 335 0051 05       		.byte	0x5
 336 0052 7E010000 		.4byte	.LASF6
 337 0056 02       		.uleb128 0x2
 338 0057 08       		.byte	0x8
 339 0058 07       		.byte	0x7
 340 0059 41010000 		.4byte	.LASF7
ARM GAS  C:\Users\Joe\AppData\Local\Temp\ccDcR2Zj.s 			page 12


 341 005d 03       		.uleb128 0x3
 342 005e 04       		.byte	0x4
 343 005f 05       		.byte	0x5
 344 0060 696E7400 		.ascii	"int\000"
 345 0064 02       		.uleb128 0x2
 346 0065 04       		.byte	0x4
 347 0066 07       		.byte	0x7
 348 0067 34010000 		.4byte	.LASF8
 349 006b 04       		.uleb128 0x4
 350 006c F2000000 		.4byte	.LASF9
 351 0070 02       		.byte	0x2
 352 0071 A1       		.byte	0xa1
 353 0072 2C000000 		.4byte	0x2c
 354 0076 04       		.uleb128 0x4
 355 0077 18010000 		.4byte	.LASF10
 356 007b 02       		.byte	0x2
 357 007c A3       		.byte	0xa3
 358 007d 48000000 		.4byte	0x48
 359 0081 02       		.uleb128 0x2
 360 0082 04       		.byte	0x4
 361 0083 04       		.byte	0x4
 362 0084 C7000000 		.4byte	.LASF11
 363 0088 02       		.uleb128 0x2
 364 0089 08       		.byte	0x8
 365 008a 04       		.byte	0x4
 366 008b F8000000 		.4byte	.LASF12
 367 008f 02       		.uleb128 0x2
 368 0090 01       		.byte	0x1
 369 0091 08       		.byte	0x8
 370 0092 8C010000 		.4byte	.LASF13
 371 0096 05       		.uleb128 0x5
 372 0097 DB000000 		.4byte	.LASF14
 373 009b 02       		.byte	0x2
 374 009c 4B01     		.2byte	0x14b
 375 009e A2000000 		.4byte	0xa2
 376 00a2 06       		.uleb128 0x6
 377 00a3 6B000000 		.4byte	0x6b
 378 00a7 05       		.uleb128 0x5
 379 00a8 00000000 		.4byte	.LASF15
 380 00ac 02       		.byte	0x2
 381 00ad 4D01     		.2byte	0x14d
 382 00af B3000000 		.4byte	0xb3
 383 00b3 06       		.uleb128 0x6
 384 00b4 76000000 		.4byte	0x76
 385 00b8 02       		.uleb128 0x2
 386 00b9 08       		.byte	0x8
 387 00ba 04       		.byte	0x4
 388 00bb 69010000 		.4byte	.LASF16
 389 00bf 02       		.uleb128 0x2
 390 00c0 04       		.byte	0x4
 391 00c1 07       		.byte	0x7
 392 00c2 75010000 		.4byte	.LASF17
 393 00c6 07       		.uleb128 0x7
 394 00c7 BC000000 		.4byte	.LASF29
 395 00cb 01       		.byte	0x1
 396 00cc 31       		.byte	0x31
 397 00cd 00000000 		.4byte	.LFB0
ARM GAS  C:\Users\Joe\AppData\Local\Temp\ccDcR2Zj.s 			page 13


 398 00d1 A0000000 		.4byte	.LFE0-.LFB0
 399 00d5 01       		.uleb128 0x1
 400 00d6 9C       		.byte	0x9c
 401 00d7 EA000000 		.4byte	0xea
 402 00db 08       		.uleb128 0x8
 403 00dc 2B010000 		.4byte	.LASF30
 404 00e0 01       		.byte	0x1
 405 00e1 3C       		.byte	0x3c
 406 00e2 6B000000 		.4byte	0x6b
 407 00e6 02       		.uleb128 0x2
 408 00e7 91       		.byte	0x91
 409 00e8 77       		.sleb128 -9
 410 00e9 00       		.byte	0
 411 00ea 09       		.uleb128 0x9
 412 00eb 91010000 		.4byte	.LASF18
 413 00ef 01       		.byte	0x1
 414 00f0 85       		.byte	0x85
 415 00f1 00000000 		.4byte	.LFB1
 416 00f5 20000000 		.4byte	.LFE1-.LFB1
 417 00f9 01       		.uleb128 0x1
 418 00fa 9C       		.byte	0x9c
 419 00fb 0A       		.uleb128 0xa
 420 00fc 9E010000 		.4byte	.LASF19
 421 0100 01       		.byte	0x1
 422 0101 BD       		.byte	0xbd
 423 0102 00000000 		.4byte	.LFB2
 424 0106 2C000000 		.4byte	.LFE2-.LFB2
 425 010a 01       		.uleb128 0x1
 426 010b 9C       		.byte	0x9c
 427 010c 09       		.uleb128 0x9
 428 010d FF000000 		.4byte	.LASF20
 429 0111 01       		.byte	0x1
 430 0112 D9       		.byte	0xd9
 431 0113 00000000 		.4byte	.LFB3
 432 0117 5C000000 		.4byte	.LFE3-.LFB3
 433 011b 01       		.uleb128 0x1
 434 011c 9C       		.byte	0x9c
 435 011d 0B       		.uleb128 0xb
 436 011e 0A010000 		.4byte	.LASF21
 437 0122 01       		.byte	0x1
 438 0123 18       		.byte	0x18
 439 0124 6B000000 		.4byte	0x6b
 440 0128 05       		.uleb128 0x5
 441 0129 03       		.byte	0x3
 442 012a 00000000 		.4byte	I2C_1_initVar
 443 012e 0B       		.uleb128 0xb
 444 012f 1F010000 		.4byte	.LASF22
 445 0133 01       		.byte	0x1
 446 0134 1A       		.byte	0x1a
 447 0135 A2000000 		.4byte	0xa2
 448 0139 05       		.uleb128 0x5
 449 013a 03       		.byte	0x3
 450 013b 00000000 		.4byte	I2C_1_state
 451 013f 0C       		.uleb128 0xc
 452 0140 58010000 		.4byte	.LASF23
 453 0144 03       		.byte	0x3
 454 0145 27       		.byte	0x27
ARM GAS  C:\Users\Joe\AppData\Local\Temp\ccDcR2Zj.s 			page 14


 455 0146 A2000000 		.4byte	0xa2
 456 014a 0C       		.uleb128 0xc
 457 014b 94000000 		.4byte	.LASF24
 458 014f 03       		.byte	0x3
 459 0150 2D       		.byte	0x2d
 460 0151 A2000000 		.4byte	0xa2
 461 0155 0C       		.uleb128 0xc
 462 0156 E3010000 		.4byte	.LASF25
 463 015a 03       		.byte	0x3
 464 015b 32       		.byte	0x32
 465 015c A2000000 		.4byte	0xa2
 466 0160 00       		.byte	0
 467              		.section	.debug_abbrev,"",%progbits
 468              	.Ldebug_abbrev0:
 469 0000 01       		.uleb128 0x1
 470 0001 11       		.uleb128 0x11
 471 0002 01       		.byte	0x1
 472 0003 25       		.uleb128 0x25
 473 0004 0E       		.uleb128 0xe
 474 0005 13       		.uleb128 0x13
 475 0006 0B       		.uleb128 0xb
 476 0007 03       		.uleb128 0x3
 477 0008 0E       		.uleb128 0xe
 478 0009 1B       		.uleb128 0x1b
 479 000a 0E       		.uleb128 0xe
 480 000b 55       		.uleb128 0x55
 481 000c 17       		.uleb128 0x17
 482 000d 11       		.uleb128 0x11
 483 000e 01       		.uleb128 0x1
 484 000f 10       		.uleb128 0x10
 485 0010 17       		.uleb128 0x17
 486 0011 00       		.byte	0
 487 0012 00       		.byte	0
 488 0013 02       		.uleb128 0x2
 489 0014 24       		.uleb128 0x24
 490 0015 00       		.byte	0
 491 0016 0B       		.uleb128 0xb
 492 0017 0B       		.uleb128 0xb
 493 0018 3E       		.uleb128 0x3e
 494 0019 0B       		.uleb128 0xb
 495 001a 03       		.uleb128 0x3
 496 001b 0E       		.uleb128 0xe
 497 001c 00       		.byte	0
 498 001d 00       		.byte	0
 499 001e 03       		.uleb128 0x3
 500 001f 24       		.uleb128 0x24
 501 0020 00       		.byte	0
 502 0021 0B       		.uleb128 0xb
 503 0022 0B       		.uleb128 0xb
 504 0023 3E       		.uleb128 0x3e
 505 0024 0B       		.uleb128 0xb
 506 0025 03       		.uleb128 0x3
 507 0026 08       		.uleb128 0x8
 508 0027 00       		.byte	0
 509 0028 00       		.byte	0
 510 0029 04       		.uleb128 0x4
 511 002a 16       		.uleb128 0x16
ARM GAS  C:\Users\Joe\AppData\Local\Temp\ccDcR2Zj.s 			page 15


 512 002b 00       		.byte	0
 513 002c 03       		.uleb128 0x3
 514 002d 0E       		.uleb128 0xe
 515 002e 3A       		.uleb128 0x3a
 516 002f 0B       		.uleb128 0xb
 517 0030 3B       		.uleb128 0x3b
 518 0031 0B       		.uleb128 0xb
 519 0032 49       		.uleb128 0x49
 520 0033 13       		.uleb128 0x13
 521 0034 00       		.byte	0
 522 0035 00       		.byte	0
 523 0036 05       		.uleb128 0x5
 524 0037 16       		.uleb128 0x16
 525 0038 00       		.byte	0
 526 0039 03       		.uleb128 0x3
 527 003a 0E       		.uleb128 0xe
 528 003b 3A       		.uleb128 0x3a
 529 003c 0B       		.uleb128 0xb
 530 003d 3B       		.uleb128 0x3b
 531 003e 05       		.uleb128 0x5
 532 003f 49       		.uleb128 0x49
 533 0040 13       		.uleb128 0x13
 534 0041 00       		.byte	0
 535 0042 00       		.byte	0
 536 0043 06       		.uleb128 0x6
 537 0044 35       		.uleb128 0x35
 538 0045 00       		.byte	0
 539 0046 49       		.uleb128 0x49
 540 0047 13       		.uleb128 0x13
 541 0048 00       		.byte	0
 542 0049 00       		.byte	0
 543 004a 07       		.uleb128 0x7
 544 004b 2E       		.uleb128 0x2e
 545 004c 01       		.byte	0x1
 546 004d 3F       		.uleb128 0x3f
 547 004e 19       		.uleb128 0x19
 548 004f 03       		.uleb128 0x3
 549 0050 0E       		.uleb128 0xe
 550 0051 3A       		.uleb128 0x3a
 551 0052 0B       		.uleb128 0xb
 552 0053 3B       		.uleb128 0x3b
 553 0054 0B       		.uleb128 0xb
 554 0055 27       		.uleb128 0x27
 555 0056 19       		.uleb128 0x19
 556 0057 11       		.uleb128 0x11
 557 0058 01       		.uleb128 0x1
 558 0059 12       		.uleb128 0x12
 559 005a 06       		.uleb128 0x6
 560 005b 40       		.uleb128 0x40
 561 005c 18       		.uleb128 0x18
 562 005d 9642     		.uleb128 0x2116
 563 005f 19       		.uleb128 0x19
 564 0060 01       		.uleb128 0x1
 565 0061 13       		.uleb128 0x13
 566 0062 00       		.byte	0
 567 0063 00       		.byte	0
 568 0064 08       		.uleb128 0x8
ARM GAS  C:\Users\Joe\AppData\Local\Temp\ccDcR2Zj.s 			page 16


 569 0065 34       		.uleb128 0x34
 570 0066 00       		.byte	0
 571 0067 03       		.uleb128 0x3
 572 0068 0E       		.uleb128 0xe
 573 0069 3A       		.uleb128 0x3a
 574 006a 0B       		.uleb128 0xb
 575 006b 3B       		.uleb128 0x3b
 576 006c 0B       		.uleb128 0xb
 577 006d 49       		.uleb128 0x49
 578 006e 13       		.uleb128 0x13
 579 006f 02       		.uleb128 0x2
 580 0070 18       		.uleb128 0x18
 581 0071 00       		.byte	0
 582 0072 00       		.byte	0
 583 0073 09       		.uleb128 0x9
 584 0074 2E       		.uleb128 0x2e
 585 0075 00       		.byte	0
 586 0076 3F       		.uleb128 0x3f
 587 0077 19       		.uleb128 0x19
 588 0078 03       		.uleb128 0x3
 589 0079 0E       		.uleb128 0xe
 590 007a 3A       		.uleb128 0x3a
 591 007b 0B       		.uleb128 0xb
 592 007c 3B       		.uleb128 0x3b
 593 007d 0B       		.uleb128 0xb
 594 007e 27       		.uleb128 0x27
 595 007f 19       		.uleb128 0x19
 596 0080 11       		.uleb128 0x11
 597 0081 01       		.uleb128 0x1
 598 0082 12       		.uleb128 0x12
 599 0083 06       		.uleb128 0x6
 600 0084 40       		.uleb128 0x40
 601 0085 18       		.uleb128 0x18
 602 0086 9742     		.uleb128 0x2117
 603 0088 19       		.uleb128 0x19
 604 0089 00       		.byte	0
 605 008a 00       		.byte	0
 606 008b 0A       		.uleb128 0xa
 607 008c 2E       		.uleb128 0x2e
 608 008d 00       		.byte	0
 609 008e 3F       		.uleb128 0x3f
 610 008f 19       		.uleb128 0x19
 611 0090 03       		.uleb128 0x3
 612 0091 0E       		.uleb128 0xe
 613 0092 3A       		.uleb128 0x3a
 614 0093 0B       		.uleb128 0xb
 615 0094 3B       		.uleb128 0x3b
 616 0095 0B       		.uleb128 0xb
 617 0096 27       		.uleb128 0x27
 618 0097 19       		.uleb128 0x19
 619 0098 11       		.uleb128 0x11
 620 0099 01       		.uleb128 0x1
 621 009a 12       		.uleb128 0x12
 622 009b 06       		.uleb128 0x6
 623 009c 40       		.uleb128 0x40
 624 009d 18       		.uleb128 0x18
 625 009e 9642     		.uleb128 0x2116
ARM GAS  C:\Users\Joe\AppData\Local\Temp\ccDcR2Zj.s 			page 17


 626 00a0 19       		.uleb128 0x19
 627 00a1 00       		.byte	0
 628 00a2 00       		.byte	0
 629 00a3 0B       		.uleb128 0xb
 630 00a4 34       		.uleb128 0x34
 631 00a5 00       		.byte	0
 632 00a6 03       		.uleb128 0x3
 633 00a7 0E       		.uleb128 0xe
 634 00a8 3A       		.uleb128 0x3a
 635 00a9 0B       		.uleb128 0xb
 636 00aa 3B       		.uleb128 0x3b
 637 00ab 0B       		.uleb128 0xb
 638 00ac 49       		.uleb128 0x49
 639 00ad 13       		.uleb128 0x13
 640 00ae 3F       		.uleb128 0x3f
 641 00af 19       		.uleb128 0x19
 642 00b0 02       		.uleb128 0x2
 643 00b1 18       		.uleb128 0x18
 644 00b2 00       		.byte	0
 645 00b3 00       		.byte	0
 646 00b4 0C       		.uleb128 0xc
 647 00b5 34       		.uleb128 0x34
 648 00b6 00       		.byte	0
 649 00b7 03       		.uleb128 0x3
 650 00b8 0E       		.uleb128 0xe
 651 00b9 3A       		.uleb128 0x3a
 652 00ba 0B       		.uleb128 0xb
 653 00bb 3B       		.uleb128 0x3b
 654 00bc 0B       		.uleb128 0xb
 655 00bd 49       		.uleb128 0x49
 656 00be 13       		.uleb128 0x13
 657 00bf 3F       		.uleb128 0x3f
 658 00c0 19       		.uleb128 0x19
 659 00c1 3C       		.uleb128 0x3c
 660 00c2 19       		.uleb128 0x19
 661 00c3 00       		.byte	0
 662 00c4 00       		.byte	0
 663 00c5 00       		.byte	0
 664              		.section	.debug_aranges,"",%progbits
 665 0000 34000000 		.4byte	0x34
 666 0004 0200     		.2byte	0x2
 667 0006 00000000 		.4byte	.Ldebug_info0
 668 000a 04       		.byte	0x4
 669 000b 00       		.byte	0
 670 000c 0000     		.2byte	0
 671 000e 0000     		.2byte	0
 672 0010 00000000 		.4byte	.LFB0
 673 0014 A0000000 		.4byte	.LFE0-.LFB0
 674 0018 00000000 		.4byte	.LFB1
 675 001c 20000000 		.4byte	.LFE1-.LFB1
 676 0020 00000000 		.4byte	.LFB2
 677 0024 2C000000 		.4byte	.LFE2-.LFB2
 678 0028 00000000 		.4byte	.LFB3
 679 002c 5C000000 		.4byte	.LFE3-.LFB3
 680 0030 00000000 		.4byte	0
 681 0034 00000000 		.4byte	0
 682              		.section	.debug_ranges,"",%progbits
ARM GAS  C:\Users\Joe\AppData\Local\Temp\ccDcR2Zj.s 			page 18


 683              	.Ldebug_ranges0:
 684 0000 00000000 		.4byte	.LFB0
 685 0004 A0000000 		.4byte	.LFE0
 686 0008 00000000 		.4byte	.LFB1
 687 000c 20000000 		.4byte	.LFE1
 688 0010 00000000 		.4byte	.LFB2
 689 0014 2C000000 		.4byte	.LFE2
 690 0018 00000000 		.4byte	.LFB3
 691 001c 5C000000 		.4byte	.LFE3
 692 0020 00000000 		.4byte	0
 693 0024 00000000 		.4byte	0
 694              		.section	.debug_line,"",%progbits
 695              	.Ldebug_line0:
 696 0000 C1000000 		.section	.debug_str,"MS",%progbits,1
 696      02005100 
 696      00000201 
 696      FB0E0D00 
 696      01010101 
 697              	.LASF15:
 698 0000 72656733 		.ascii	"reg32\000"
 698      3200
 699              	.LASF26:
 700 0006 474E5520 		.ascii	"GNU C11 5.4.1 20160609 (release) [ARM/embedded-5-br"
 700      43313120 
 700      352E342E 
 700      31203230 
 700      31363036 
 701 0039 616E6368 		.ascii	"anch revision 237715] -mcpu=cortex-m3 -mthumb -g -O"
 701      20726576 
 701      6973696F 
 701      6E203233 
 701      37373135 
 702 006c 30202D66 		.ascii	"0 -ffunction-sections -ffat-lto-objects\000"
 702      66756E63 
 702      74696F6E 
 702      2D736563 
 702      74696F6E 
 703              	.LASF24:
 704 0094 4932435F 		.ascii	"I2C_1_mstrRdBufIndex\000"
 704      315F6D73 
 704      74725264 
 704      42756649 
 704      6E646578 
 705              	.LASF3:
 706 00a9 73686F72 		.ascii	"short unsigned int\000"
 706      7420756E 
 706      7369676E 
 706      65642069 
 706      6E7400
 707              	.LASF29:
 708 00bc 4932435F 		.ascii	"I2C_1_Init\000"
 708      315F496E 
 708      697400
 709              	.LASF11:
 710 00c7 666C6F61 		.ascii	"float\000"
 710      7400
 711              	.LASF1:
ARM GAS  C:\Users\Joe\AppData\Local\Temp\ccDcR2Zj.s 			page 19


 712 00cd 756E7369 		.ascii	"unsigned char\000"
 712      676E6564 
 712      20636861 
 712      7200
 713              	.LASF14:
 714 00db 72656738 		.ascii	"reg8\000"
 714      00
 715              	.LASF5:
 716 00e0 6C6F6E67 		.ascii	"long unsigned int\000"
 716      20756E73 
 716      69676E65 
 716      6420696E 
 716      7400
 717              	.LASF9:
 718 00f2 75696E74 		.ascii	"uint8\000"
 718      3800
 719              	.LASF12:
 720 00f8 646F7562 		.ascii	"double\000"
 720      6C6500
 721              	.LASF20:
 722 00ff 4932435F 		.ascii	"I2C_1_Stop\000"
 722      315F5374 
 722      6F7000
 723              	.LASF21:
 724 010a 4932435F 		.ascii	"I2C_1_initVar\000"
 724      315F696E 
 724      69745661 
 724      7200
 725              	.LASF10:
 726 0118 75696E74 		.ascii	"uint32\000"
 726      333200
 727              	.LASF22:
 728 011f 4932435F 		.ascii	"I2C_1_state\000"
 728      315F7374 
 728      61746500 
 729              	.LASF30:
 730 012b 696E7453 		.ascii	"intState\000"
 730      74617465 
 730      00
 731              	.LASF8:
 732 0134 756E7369 		.ascii	"unsigned int\000"
 732      676E6564 
 732      20696E74 
 732      00
 733              	.LASF7:
 734 0141 6C6F6E67 		.ascii	"long long unsigned int\000"
 734      206C6F6E 
 734      6720756E 
 734      7369676E 
 734      65642069 
 735              	.LASF23:
 736 0158 4932435F 		.ascii	"I2C_1_mstrStatus\000"
 736      315F6D73 
 736      74725374 
 736      61747573 
 736      00
 737              	.LASF16:
ARM GAS  C:\Users\Joe\AppData\Local\Temp\ccDcR2Zj.s 			page 20


 738 0169 6C6F6E67 		.ascii	"long double\000"
 738      20646F75 
 738      626C6500 
 739              	.LASF17:
 740 0175 73697A65 		.ascii	"sizetype\000"
 740      74797065 
 740      00
 741              	.LASF6:
 742 017e 6C6F6E67 		.ascii	"long long int\000"
 742      206C6F6E 
 742      6720696E 
 742      7400
 743              	.LASF13:
 744 018c 63686172 		.ascii	"char\000"
 744      00
 745              	.LASF18:
 746 0191 4932435F 		.ascii	"I2C_1_Enable\000"
 746      315F456E 
 746      61626C65 
 746      00
 747              	.LASF19:
 748 019e 4932435F 		.ascii	"I2C_1_Start\000"
 748      315F5374 
 748      61727400 
 749              	.LASF2:
 750 01aa 73686F72 		.ascii	"short int\000"
 750      7420696E 
 750      7400
 751              	.LASF28:
 752 01b4 443A5C44 		.ascii	"D:\\Documents\\DPEA_Projects\\RpiMIB\\Start1.cydsn\000"
 752      6F63756D 
 752      656E7473 
 752      5C445045 
 752      415F5072 
 753              	.LASF25:
 754 01e3 4932435F 		.ascii	"I2C_1_mstrWrBufIndex\000"
 754      315F6D73 
 754      74725772 
 754      42756649 
 754      6E646578 
 755              	.LASF4:
 756 01f8 6C6F6E67 		.ascii	"long int\000"
 756      20696E74 
 756      00
 757              	.LASF27:
 758 0201 47656E65 		.ascii	"Generated_Source\\PSoC5\\I2C_1.c\000"
 758      72617465 
 758      645F536F 
 758      75726365 
 758      5C50536F 
 759              	.LASF0:
 760 0220 7369676E 		.ascii	"signed char\000"
 760      65642063 
 760      68617200 
 761              		.ident	"GCC: (GNU Tools for ARM Embedded Processors) 5.4.1 20160609 (release) [ARM/embedded-5-bran
