ARM GAS  C:\Users\Joe\AppData\Local\Temp\ccX1wPyY.s 			page 1


   1              		.syntax unified
   2              		.cpu cortex-m3
   3              		.fpu softvfp
   4              		.eabi_attribute 20, 1
   5              		.eabi_attribute 21, 1
   6              		.eabi_attribute 23, 3
   7              		.eabi_attribute 24, 1
   8              		.eabi_attribute 25, 1
   9              		.eabi_attribute 26, 1
  10              		.eabi_attribute 30, 6
  11              		.eabi_attribute 34, 1
  12              		.eabi_attribute 18, 4
  13              		.thumb
  14              		.syntax unified
  15              		.file	"Rpi_ss.c"
  16              		.text
  17              	.Ltext0:
  18              		.cfi_sections	.debug_frame
  19              		.section	.text.Rpi_ss_Write,"ax",%progbits
  20              		.align	2
  21              		.global	Rpi_ss_Write
  22              		.thumb
  23              		.thumb_func
  24              		.type	Rpi_ss_Write, %function
  25              	Rpi_ss_Write:
  26              	.LFB0:
  27              		.file 1 "Generated_Source\\PSoC5\\Rpi_ss.c"
   1:Generated_Source\PSoC5/Rpi_ss.c **** /*******************************************************************************
   2:Generated_Source\PSoC5/Rpi_ss.c **** * File Name: Rpi_ss.c  
   3:Generated_Source\PSoC5/Rpi_ss.c **** * Version 2.20
   4:Generated_Source\PSoC5/Rpi_ss.c **** *
   5:Generated_Source\PSoC5/Rpi_ss.c **** * Description:
   6:Generated_Source\PSoC5/Rpi_ss.c **** *  This file contains API to enable firmware control of a Pins component.
   7:Generated_Source\PSoC5/Rpi_ss.c **** *
   8:Generated_Source\PSoC5/Rpi_ss.c **** * Note:
   9:Generated_Source\PSoC5/Rpi_ss.c **** *
  10:Generated_Source\PSoC5/Rpi_ss.c **** ********************************************************************************
  11:Generated_Source\PSoC5/Rpi_ss.c **** * Copyright 2008-2015, Cypress Semiconductor Corporation.  All rights reserved.
  12:Generated_Source\PSoC5/Rpi_ss.c **** * You may use this file only in accordance with the license, terms, conditions, 
  13:Generated_Source\PSoC5/Rpi_ss.c **** * disclaimers, and limitations in the end user license agreement accompanying 
  14:Generated_Source\PSoC5/Rpi_ss.c **** * the software package with which this file was provided.
  15:Generated_Source\PSoC5/Rpi_ss.c **** *******************************************************************************/
  16:Generated_Source\PSoC5/Rpi_ss.c **** 
  17:Generated_Source\PSoC5/Rpi_ss.c **** #include "cytypes.h"
  18:Generated_Source\PSoC5/Rpi_ss.c **** #include "Rpi_ss.h"
  19:Generated_Source\PSoC5/Rpi_ss.c **** 
  20:Generated_Source\PSoC5/Rpi_ss.c **** /* APIs are not generated for P15[7:6] on PSoC 5 */
  21:Generated_Source\PSoC5/Rpi_ss.c **** #if !(CY_PSOC5A &&\
  22:Generated_Source\PSoC5/Rpi_ss.c **** 	 Rpi_ss__PORT == 15 && ((Rpi_ss__MASK & 0xC0) != 0))
  23:Generated_Source\PSoC5/Rpi_ss.c **** 
  24:Generated_Source\PSoC5/Rpi_ss.c **** 
  25:Generated_Source\PSoC5/Rpi_ss.c **** /*******************************************************************************
  26:Generated_Source\PSoC5/Rpi_ss.c **** * Function Name: Rpi_ss_Write
  27:Generated_Source\PSoC5/Rpi_ss.c **** ****************************************************************************//**
  28:Generated_Source\PSoC5/Rpi_ss.c **** *
  29:Generated_Source\PSoC5/Rpi_ss.c **** * \brief Writes the value to the physical port (data output register), masking
  30:Generated_Source\PSoC5/Rpi_ss.c **** *  and shifting the bits appropriately. 
ARM GAS  C:\Users\Joe\AppData\Local\Temp\ccX1wPyY.s 			page 2


  31:Generated_Source\PSoC5/Rpi_ss.c **** *
  32:Generated_Source\PSoC5/Rpi_ss.c **** * The data output register controls the signal applied to the physical pin in 
  33:Generated_Source\PSoC5/Rpi_ss.c **** * conjunction with the drive mode parameter. This function avoids changing 
  34:Generated_Source\PSoC5/Rpi_ss.c **** * other bits in the port by using the appropriate method (read-modify-write or
  35:Generated_Source\PSoC5/Rpi_ss.c **** * bit banding).
  36:Generated_Source\PSoC5/Rpi_ss.c **** *
  37:Generated_Source\PSoC5/Rpi_ss.c **** * <b>Note</b> This function should not be used on a hardware digital output pin 
  38:Generated_Source\PSoC5/Rpi_ss.c **** * as it is driven by the hardware signal attached to it.
  39:Generated_Source\PSoC5/Rpi_ss.c **** *
  40:Generated_Source\PSoC5/Rpi_ss.c **** * \param value
  41:Generated_Source\PSoC5/Rpi_ss.c **** *  Value to write to the component instance.
  42:Generated_Source\PSoC5/Rpi_ss.c **** *
  43:Generated_Source\PSoC5/Rpi_ss.c **** * \return 
  44:Generated_Source\PSoC5/Rpi_ss.c **** *  None 
  45:Generated_Source\PSoC5/Rpi_ss.c **** *
  46:Generated_Source\PSoC5/Rpi_ss.c **** * \sideeffect
  47:Generated_Source\PSoC5/Rpi_ss.c **** *  If you use read-modify-write operations that are not atomic; the Interrupt 
  48:Generated_Source\PSoC5/Rpi_ss.c **** *  Service Routines (ISR) can cause corruption of this function. An ISR that 
  49:Generated_Source\PSoC5/Rpi_ss.c **** *  interrupts this function and performs writes to the Pins component data 
  50:Generated_Source\PSoC5/Rpi_ss.c **** *  register can cause corrupted port data. To avoid this issue, you should 
  51:Generated_Source\PSoC5/Rpi_ss.c **** *  either use the Per-Pin APIs (primary method) or disable interrupts around 
  52:Generated_Source\PSoC5/Rpi_ss.c **** *  this function.
  53:Generated_Source\PSoC5/Rpi_ss.c **** *
  54:Generated_Source\PSoC5/Rpi_ss.c **** * \funcusage
  55:Generated_Source\PSoC5/Rpi_ss.c **** *  \snippet Rpi_ss_SUT.c usage_Rpi_ss_Write
  56:Generated_Source\PSoC5/Rpi_ss.c **** *******************************************************************************/
  57:Generated_Source\PSoC5/Rpi_ss.c **** void Rpi_ss_Write(uint8 value)
  58:Generated_Source\PSoC5/Rpi_ss.c **** {
  28              		.loc 1 58 0
  29              		.cfi_startproc
  30              		@ args = 0, pretend = 0, frame = 16
  31              		@ frame_needed = 1, uses_anonymous_args = 0
  32              		@ link register save eliminated.
  33 0000 80B4     		push	{r7}
  34              		.cfi_def_cfa_offset 4
  35              		.cfi_offset 7, -4
  36 0002 85B0     		sub	sp, sp, #20
  37              		.cfi_def_cfa_offset 24
  38 0004 00AF     		add	r7, sp, #0
  39              		.cfi_def_cfa_register 7
  40 0006 0346     		mov	r3, r0
  41 0008 FB71     		strb	r3, [r7, #7]
  59:Generated_Source\PSoC5/Rpi_ss.c ****     uint8 staticBits = (Rpi_ss_DR & (uint8)(~Rpi_ss_MASK));
  42              		.loc 1 59 0
  43 000a 094B     		ldr	r3, .L2
  44 000c 1B78     		ldrb	r3, [r3]
  45 000e DBB2     		uxtb	r3, r3
  46 0010 03F07F03 		and	r3, r3, #127
  47 0014 FB73     		strb	r3, [r7, #15]
  60:Generated_Source\PSoC5/Rpi_ss.c ****     Rpi_ss_DR = staticBits | ((uint8)(value << Rpi_ss_SHIFT) & Rpi_ss_MASK);
  48              		.loc 1 60 0
  49 0016 0649     		ldr	r1, .L2
  50 0018 FB79     		ldrb	r3, [r7, #7]
  51 001a DB01     		lsls	r3, r3, #7
  52 001c DAB2     		uxtb	r2, r3
  53 001e FB7B     		ldrb	r3, [r7, #15]
  54 0020 1343     		orrs	r3, r3, r2
ARM GAS  C:\Users\Joe\AppData\Local\Temp\ccX1wPyY.s 			page 3


  55 0022 DBB2     		uxtb	r3, r3
  56 0024 0B70     		strb	r3, [r1]
  61:Generated_Source\PSoC5/Rpi_ss.c **** }
  57              		.loc 1 61 0
  58 0026 00BF     		nop
  59 0028 1437     		adds	r7, r7, #20
  60              		.cfi_def_cfa_offset 4
  61 002a BD46     		mov	sp, r7
  62              		.cfi_def_cfa_register 13
  63              		@ sp needed
  64 002c 80BC     		pop	{r7}
  65              		.cfi_restore 7
  66              		.cfi_def_cfa_offset 0
  67 002e 7047     		bx	lr
  68              	.L3:
  69              		.align	2
  70              	.L2:
  71 0030 C0510040 		.word	1073762752
  72              		.cfi_endproc
  73              	.LFE0:
  74              		.size	Rpi_ss_Write, .-Rpi_ss_Write
  75              		.section	.text.Rpi_ss_SetDriveMode,"ax",%progbits
  76              		.align	2
  77              		.global	Rpi_ss_SetDriveMode
  78              		.thumb
  79              		.thumb_func
  80              		.type	Rpi_ss_SetDriveMode, %function
  81              	Rpi_ss_SetDriveMode:
  82              	.LFB1:
  62:Generated_Source\PSoC5/Rpi_ss.c **** 
  63:Generated_Source\PSoC5/Rpi_ss.c **** 
  64:Generated_Source\PSoC5/Rpi_ss.c **** /*******************************************************************************
  65:Generated_Source\PSoC5/Rpi_ss.c **** * Function Name: Rpi_ss_SetDriveMode
  66:Generated_Source\PSoC5/Rpi_ss.c **** ****************************************************************************//**
  67:Generated_Source\PSoC5/Rpi_ss.c **** *
  68:Generated_Source\PSoC5/Rpi_ss.c **** * \brief Sets the drive mode for each of the Pins component's pins.
  69:Generated_Source\PSoC5/Rpi_ss.c **** * 
  70:Generated_Source\PSoC5/Rpi_ss.c **** * <b>Note</b> This affects all pins in the Pins component instance. Use the
  71:Generated_Source\PSoC5/Rpi_ss.c **** * Per-Pin APIs if you wish to control individual pin's drive modes.
  72:Generated_Source\PSoC5/Rpi_ss.c **** *
  73:Generated_Source\PSoC5/Rpi_ss.c **** * \param mode
  74:Generated_Source\PSoC5/Rpi_ss.c **** *  Mode for the selected signals. Valid options are documented in 
  75:Generated_Source\PSoC5/Rpi_ss.c **** *  \ref driveMode.
  76:Generated_Source\PSoC5/Rpi_ss.c **** *
  77:Generated_Source\PSoC5/Rpi_ss.c **** * \return
  78:Generated_Source\PSoC5/Rpi_ss.c **** *  None
  79:Generated_Source\PSoC5/Rpi_ss.c **** *
  80:Generated_Source\PSoC5/Rpi_ss.c **** * \sideeffect
  81:Generated_Source\PSoC5/Rpi_ss.c **** *  If you use read-modify-write operations that are not atomic, the ISR can
  82:Generated_Source\PSoC5/Rpi_ss.c **** *  cause corruption of this function. An ISR that interrupts this function 
  83:Generated_Source\PSoC5/Rpi_ss.c **** *  and performs writes to the Pins component Drive Mode registers can cause 
  84:Generated_Source\PSoC5/Rpi_ss.c **** *  corrupted port data. To avoid this issue, you should either use the Per-Pin
  85:Generated_Source\PSoC5/Rpi_ss.c **** *  APIs (primary method) or disable interrupts around this function.
  86:Generated_Source\PSoC5/Rpi_ss.c **** *
  87:Generated_Source\PSoC5/Rpi_ss.c **** * \funcusage
  88:Generated_Source\PSoC5/Rpi_ss.c **** *  \snippet Rpi_ss_SUT.c usage_Rpi_ss_SetDriveMode
  89:Generated_Source\PSoC5/Rpi_ss.c **** *******************************************************************************/
ARM GAS  C:\Users\Joe\AppData\Local\Temp\ccX1wPyY.s 			page 4


  90:Generated_Source\PSoC5/Rpi_ss.c **** void Rpi_ss_SetDriveMode(uint8 mode)
  91:Generated_Source\PSoC5/Rpi_ss.c **** {
  83              		.loc 1 91 0
  84              		.cfi_startproc
  85              		@ args = 0, pretend = 0, frame = 8
  86              		@ frame_needed = 1, uses_anonymous_args = 0
  87              		@ link register save eliminated.
  88 0000 80B4     		push	{r7}
  89              		.cfi_def_cfa_offset 4
  90              		.cfi_offset 7, -4
  91 0002 83B0     		sub	sp, sp, #12
  92              		.cfi_def_cfa_offset 16
  93 0004 00AF     		add	r7, sp, #0
  94              		.cfi_def_cfa_register 7
  95 0006 0346     		mov	r3, r0
  96 0008 FB71     		strb	r3, [r7, #7]
  92:Generated_Source\PSoC5/Rpi_ss.c **** 	CyPins_SetPinDriveMode(Rpi_ss_0, mode);
  97              		.loc 1 92 0
  98 000a 0B49     		ldr	r1, .L5
  99 000c 0A4B     		ldr	r3, .L5
 100 000e 1B78     		ldrb	r3, [r3]
 101 0010 DBB2     		uxtb	r3, r3
 102 0012 5BB2     		sxtb	r3, r3
 103 0014 23F00E03 		bic	r3, r3, #14
 104 0018 5AB2     		sxtb	r2, r3
 105 001a 97F90730 		ldrsb	r3, [r7, #7]
 106 001e 03F00E03 		and	r3, r3, #14
 107 0022 5BB2     		sxtb	r3, r3
 108 0024 1343     		orrs	r3, r3, r2
 109 0026 5BB2     		sxtb	r3, r3
 110 0028 DBB2     		uxtb	r3, r3
 111 002a 0B70     		strb	r3, [r1]
  93:Generated_Source\PSoC5/Rpi_ss.c **** }
 112              		.loc 1 93 0
 113 002c 00BF     		nop
 114 002e 0C37     		adds	r7, r7, #12
 115              		.cfi_def_cfa_offset 4
 116 0030 BD46     		mov	sp, r7
 117              		.cfi_def_cfa_register 13
 118              		@ sp needed
 119 0032 80BC     		pop	{r7}
 120              		.cfi_restore 7
 121              		.cfi_def_cfa_offset 0
 122 0034 7047     		bx	lr
 123              	.L6:
 124 0036 00BF     		.align	2
 125              	.L5:
 126 0038 67500040 		.word	1073762407
 127              		.cfi_endproc
 128              	.LFE1:
 129              		.size	Rpi_ss_SetDriveMode, .-Rpi_ss_SetDriveMode
 130              		.section	.text.Rpi_ss_Read,"ax",%progbits
 131              		.align	2
 132              		.global	Rpi_ss_Read
 133              		.thumb
 134              		.thumb_func
 135              		.type	Rpi_ss_Read, %function
ARM GAS  C:\Users\Joe\AppData\Local\Temp\ccX1wPyY.s 			page 5


 136              	Rpi_ss_Read:
 137              	.LFB2:
  94:Generated_Source\PSoC5/Rpi_ss.c **** 
  95:Generated_Source\PSoC5/Rpi_ss.c **** 
  96:Generated_Source\PSoC5/Rpi_ss.c **** /*******************************************************************************
  97:Generated_Source\PSoC5/Rpi_ss.c **** * Function Name: Rpi_ss_Read
  98:Generated_Source\PSoC5/Rpi_ss.c **** ****************************************************************************//**
  99:Generated_Source\PSoC5/Rpi_ss.c **** *
 100:Generated_Source\PSoC5/Rpi_ss.c **** * \brief Reads the associated physical port (pin status register) and masks 
 101:Generated_Source\PSoC5/Rpi_ss.c **** *  the required bits according to the width and bit position of the component
 102:Generated_Source\PSoC5/Rpi_ss.c **** *  instance. 
 103:Generated_Source\PSoC5/Rpi_ss.c **** *
 104:Generated_Source\PSoC5/Rpi_ss.c **** * The pin's status register returns the current logic level present on the 
 105:Generated_Source\PSoC5/Rpi_ss.c **** * physical pin.
 106:Generated_Source\PSoC5/Rpi_ss.c **** *
 107:Generated_Source\PSoC5/Rpi_ss.c **** * \return 
 108:Generated_Source\PSoC5/Rpi_ss.c **** *  The current value for the pins in the component as a right justified number.
 109:Generated_Source\PSoC5/Rpi_ss.c **** *
 110:Generated_Source\PSoC5/Rpi_ss.c **** * \funcusage
 111:Generated_Source\PSoC5/Rpi_ss.c **** *  \snippet Rpi_ss_SUT.c usage_Rpi_ss_Read  
 112:Generated_Source\PSoC5/Rpi_ss.c **** *******************************************************************************/
 113:Generated_Source\PSoC5/Rpi_ss.c **** uint8 Rpi_ss_Read(void)
 114:Generated_Source\PSoC5/Rpi_ss.c **** {
 138              		.loc 1 114 0
 139              		.cfi_startproc
 140              		@ args = 0, pretend = 0, frame = 0
 141              		@ frame_needed = 1, uses_anonymous_args = 0
 142              		@ link register save eliminated.
 143 0000 80B4     		push	{r7}
 144              		.cfi_def_cfa_offset 4
 145              		.cfi_offset 7, -4
 146 0002 00AF     		add	r7, sp, #0
 147              		.cfi_def_cfa_register 7
 115:Generated_Source\PSoC5/Rpi_ss.c ****     return (Rpi_ss_PS & Rpi_ss_MASK) >> Rpi_ss_SHIFT;
 148              		.loc 1 115 0
 149 0004 054B     		ldr	r3, .L9
 150 0006 1B78     		ldrb	r3, [r3]
 151 0008 DBB2     		uxtb	r3, r3
 152 000a 03F08003 		and	r3, r3, #128
 153 000e DB09     		lsrs	r3, r3, #7
 154 0010 DBB2     		uxtb	r3, r3
 116:Generated_Source\PSoC5/Rpi_ss.c **** }
 155              		.loc 1 116 0
 156 0012 1846     		mov	r0, r3
 157 0014 BD46     		mov	sp, r7
 158              		.cfi_def_cfa_register 13
 159              		@ sp needed
 160 0016 80BC     		pop	{r7}
 161              		.cfi_restore 7
 162              		.cfi_def_cfa_offset 0
 163 0018 7047     		bx	lr
 164              	.L10:
 165 001a 00BF     		.align	2
 166              	.L9:
 167 001c C1510040 		.word	1073762753
 168              		.cfi_endproc
 169              	.LFE2:
ARM GAS  C:\Users\Joe\AppData\Local\Temp\ccX1wPyY.s 			page 6


 170              		.size	Rpi_ss_Read, .-Rpi_ss_Read
 171              		.section	.text.Rpi_ss_ReadDataReg,"ax",%progbits
 172              		.align	2
 173              		.global	Rpi_ss_ReadDataReg
 174              		.thumb
 175              		.thumb_func
 176              		.type	Rpi_ss_ReadDataReg, %function
 177              	Rpi_ss_ReadDataReg:
 178              	.LFB3:
 117:Generated_Source\PSoC5/Rpi_ss.c **** 
 118:Generated_Source\PSoC5/Rpi_ss.c **** 
 119:Generated_Source\PSoC5/Rpi_ss.c **** /*******************************************************************************
 120:Generated_Source\PSoC5/Rpi_ss.c **** * Function Name: Rpi_ss_ReadDataReg
 121:Generated_Source\PSoC5/Rpi_ss.c **** ****************************************************************************//**
 122:Generated_Source\PSoC5/Rpi_ss.c **** *
 123:Generated_Source\PSoC5/Rpi_ss.c **** * \brief Reads the associated physical port's data output register and masks 
 124:Generated_Source\PSoC5/Rpi_ss.c **** *  the correct bits according to the width and bit position of the component 
 125:Generated_Source\PSoC5/Rpi_ss.c **** *  instance. 
 126:Generated_Source\PSoC5/Rpi_ss.c **** *
 127:Generated_Source\PSoC5/Rpi_ss.c **** * The data output register controls the signal applied to the physical pin in 
 128:Generated_Source\PSoC5/Rpi_ss.c **** * conjunction with the drive mode parameter. This is not the same as the 
 129:Generated_Source\PSoC5/Rpi_ss.c **** * preferred Rpi_ss_Read() API because the 
 130:Generated_Source\PSoC5/Rpi_ss.c **** * Rpi_ss_ReadDataReg() reads the data register instead of the status 
 131:Generated_Source\PSoC5/Rpi_ss.c **** * register. For output pins this is a useful function to determine the value 
 132:Generated_Source\PSoC5/Rpi_ss.c **** * just written to the pin.
 133:Generated_Source\PSoC5/Rpi_ss.c **** *
 134:Generated_Source\PSoC5/Rpi_ss.c **** * \return 
 135:Generated_Source\PSoC5/Rpi_ss.c **** *  The current value of the data register masked and shifted into a right 
 136:Generated_Source\PSoC5/Rpi_ss.c **** *  justified number for the component instance.
 137:Generated_Source\PSoC5/Rpi_ss.c **** *
 138:Generated_Source\PSoC5/Rpi_ss.c **** * \funcusage
 139:Generated_Source\PSoC5/Rpi_ss.c **** *  \snippet Rpi_ss_SUT.c usage_Rpi_ss_ReadDataReg 
 140:Generated_Source\PSoC5/Rpi_ss.c **** *******************************************************************************/
 141:Generated_Source\PSoC5/Rpi_ss.c **** uint8 Rpi_ss_ReadDataReg(void)
 142:Generated_Source\PSoC5/Rpi_ss.c **** {
 179              		.loc 1 142 0
 180              		.cfi_startproc
 181              		@ args = 0, pretend = 0, frame = 0
 182              		@ frame_needed = 1, uses_anonymous_args = 0
 183              		@ link register save eliminated.
 184 0000 80B4     		push	{r7}
 185              		.cfi_def_cfa_offset 4
 186              		.cfi_offset 7, -4
 187 0002 00AF     		add	r7, sp, #0
 188              		.cfi_def_cfa_register 7
 143:Generated_Source\PSoC5/Rpi_ss.c ****     return (Rpi_ss_DR & Rpi_ss_MASK) >> Rpi_ss_SHIFT;
 189              		.loc 1 143 0
 190 0004 054B     		ldr	r3, .L13
 191 0006 1B78     		ldrb	r3, [r3]
 192 0008 DBB2     		uxtb	r3, r3
 193 000a 03F08003 		and	r3, r3, #128
 194 000e DB09     		lsrs	r3, r3, #7
 195 0010 DBB2     		uxtb	r3, r3
 144:Generated_Source\PSoC5/Rpi_ss.c **** }
 196              		.loc 1 144 0
 197 0012 1846     		mov	r0, r3
 198 0014 BD46     		mov	sp, r7
ARM GAS  C:\Users\Joe\AppData\Local\Temp\ccX1wPyY.s 			page 7


 199              		.cfi_def_cfa_register 13
 200              		@ sp needed
 201 0016 80BC     		pop	{r7}
 202              		.cfi_restore 7
 203              		.cfi_def_cfa_offset 0
 204 0018 7047     		bx	lr
 205              	.L14:
 206 001a 00BF     		.align	2
 207              	.L13:
 208 001c C0510040 		.word	1073762752
 209              		.cfi_endproc
 210              	.LFE3:
 211              		.size	Rpi_ss_ReadDataReg, .-Rpi_ss_ReadDataReg
 212              		.text
 213              	.Letext0:
 214              		.file 2 "Generated_Source\\PSoC5\\cytypes.h"
 215              		.section	.debug_info,"",%progbits
 216              	.Ldebug_info0:
 217 0000 19010000 		.4byte	0x119
 218 0004 0400     		.2byte	0x4
 219 0006 00000000 		.4byte	.Ldebug_abbrev0
 220 000a 04       		.byte	0x4
 221 000b 01       		.uleb128 0x1
 222 000c 00000000 		.4byte	.LASF20
 223 0010 0C       		.byte	0xc
 224 0011 AB000000 		.4byte	.LASF21
 225 0015 90010000 		.4byte	.LASF22
 226 0019 00000000 		.4byte	.Ldebug_ranges0+0
 227 001d 00000000 		.4byte	0
 228 0021 00000000 		.4byte	.Ldebug_line0
 229 0025 02       		.uleb128 0x2
 230 0026 01       		.byte	0x1
 231 0027 06       		.byte	0x6
 232 0028 C8010000 		.4byte	.LASF0
 233 002c 02       		.uleb128 0x2
 234 002d 01       		.byte	0x1
 235 002e 08       		.byte	0x8
 236 002f D1000000 		.4byte	.LASF1
 237 0033 02       		.uleb128 0x2
 238 0034 02       		.byte	0x2
 239 0035 05       		.byte	0x5
 240 0036 80010000 		.4byte	.LASF2
 241 003a 02       		.uleb128 0x2
 242 003b 02       		.byte	0x2
 243 003c 07       		.byte	0x7
 244 003d F6000000 		.4byte	.LASF3
 245 0041 02       		.uleb128 0x2
 246 0042 04       		.byte	0x4
 247 0043 05       		.byte	0x5
 248 0044 BF010000 		.4byte	.LASF4
 249 0048 02       		.uleb128 0x2
 250 0049 04       		.byte	0x4
 251 004a 07       		.byte	0x7
 252 004b E4000000 		.4byte	.LASF5
 253 004f 02       		.uleb128 0x2
 254 0050 08       		.byte	0x8
 255 0051 05       		.byte	0x5
ARM GAS  C:\Users\Joe\AppData\Local\Temp\ccX1wPyY.s 			page 8


 256 0052 6D010000 		.4byte	.LASF6
 257 0056 02       		.uleb128 0x2
 258 0057 08       		.byte	0x8
 259 0058 07       		.byte	0x7
 260 0059 51010000 		.4byte	.LASF7
 261 005d 03       		.uleb128 0x3
 262 005e 04       		.byte	0x4
 263 005f 05       		.byte	0x5
 264 0060 696E7400 		.ascii	"int\000"
 265 0064 02       		.uleb128 0x2
 266 0065 04       		.byte	0x4
 267 0066 07       		.byte	0x7
 268 0067 44010000 		.4byte	.LASF8
 269 006b 04       		.uleb128 0x4
 270 006c 8A010000 		.4byte	.LASF12
 271 0070 02       		.byte	0x2
 272 0071 A1       		.byte	0xa1
 273 0072 2C000000 		.4byte	0x2c
 274 0076 02       		.uleb128 0x2
 275 0077 04       		.byte	0x4
 276 0078 04       		.byte	0x4
 277 0079 CB000000 		.4byte	.LASF9
 278 007d 02       		.uleb128 0x2
 279 007e 08       		.byte	0x8
 280 007f 04       		.byte	0x4
 281 0080 30010000 		.4byte	.LASF10
 282 0084 02       		.uleb128 0x2
 283 0085 01       		.byte	0x1
 284 0086 08       		.byte	0x8
 285 0087 7B010000 		.4byte	.LASF11
 286 008b 05       		.uleb128 0x5
 287 008c DF000000 		.4byte	.LASF13
 288 0090 02       		.byte	0x2
 289 0091 4B01     		.2byte	0x14b
 290 0093 97000000 		.4byte	0x97
 291 0097 06       		.uleb128 0x6
 292 0098 6B000000 		.4byte	0x6b
 293 009c 07       		.uleb128 0x7
 294 009d 37010000 		.4byte	.LASF14
 295 00a1 01       		.byte	0x1
 296 00a2 39       		.byte	0x39
 297 00a3 00000000 		.4byte	.LFB0
 298 00a7 34000000 		.4byte	.LFE0-.LFB0
 299 00ab 01       		.uleb128 0x1
 300 00ac 9C       		.byte	0x9c
 301 00ad CE000000 		.4byte	0xce
 302 00b1 08       		.uleb128 0x8
 303 00b2 8E000000 		.4byte	.LASF16
 304 00b6 01       		.byte	0x1
 305 00b7 39       		.byte	0x39
 306 00b8 6B000000 		.4byte	0x6b
 307 00bc 02       		.uleb128 0x2
 308 00bd 91       		.byte	0x91
 309 00be 6F       		.sleb128 -17
 310 00bf 09       		.uleb128 0x9
 311 00c0 94000000 		.4byte	.LASF23
 312 00c4 01       		.byte	0x1
ARM GAS  C:\Users\Joe\AppData\Local\Temp\ccX1wPyY.s 			page 9


 313 00c5 3B       		.byte	0x3b
 314 00c6 6B000000 		.4byte	0x6b
 315 00ca 02       		.uleb128 0x2
 316 00cb 91       		.byte	0x91
 317 00cc 77       		.sleb128 -9
 318 00cd 00       		.byte	0
 319 00ce 07       		.uleb128 0x7
 320 00cf 1C010000 		.4byte	.LASF15
 321 00d3 01       		.byte	0x1
 322 00d4 5A       		.byte	0x5a
 323 00d5 00000000 		.4byte	.LFB1
 324 00d9 3C000000 		.4byte	.LFE1-.LFB1
 325 00dd 01       		.uleb128 0x1
 326 00de 9C       		.byte	0x9c
 327 00df F2000000 		.4byte	0xf2
 328 00e3 08       		.uleb128 0x8
 329 00e4 68010000 		.4byte	.LASF17
 330 00e8 01       		.byte	0x1
 331 00e9 5A       		.byte	0x5a
 332 00ea 6B000000 		.4byte	0x6b
 333 00ee 02       		.uleb128 0x2
 334 00ef 91       		.byte	0x91
 335 00f0 77       		.sleb128 -9
 336 00f1 00       		.byte	0
 337 00f2 0A       		.uleb128 0xa
 338 00f3 9F000000 		.4byte	.LASF18
 339 00f7 01       		.byte	0x1
 340 00f8 71       		.byte	0x71
 341 00f9 6B000000 		.4byte	0x6b
 342 00fd 00000000 		.4byte	.LFB2
 343 0101 20000000 		.4byte	.LFE2-.LFB2
 344 0105 01       		.uleb128 0x1
 345 0106 9C       		.byte	0x9c
 346 0107 0A       		.uleb128 0xa
 347 0108 09010000 		.4byte	.LASF19
 348 010c 01       		.byte	0x1
 349 010d 8D       		.byte	0x8d
 350 010e 6B000000 		.4byte	0x6b
 351 0112 00000000 		.4byte	.LFB3
 352 0116 20000000 		.4byte	.LFE3-.LFB3
 353 011a 01       		.uleb128 0x1
 354 011b 9C       		.byte	0x9c
 355 011c 00       		.byte	0
 356              		.section	.debug_abbrev,"",%progbits
 357              	.Ldebug_abbrev0:
 358 0000 01       		.uleb128 0x1
 359 0001 11       		.uleb128 0x11
 360 0002 01       		.byte	0x1
 361 0003 25       		.uleb128 0x25
 362 0004 0E       		.uleb128 0xe
 363 0005 13       		.uleb128 0x13
 364 0006 0B       		.uleb128 0xb
 365 0007 03       		.uleb128 0x3
 366 0008 0E       		.uleb128 0xe
 367 0009 1B       		.uleb128 0x1b
 368 000a 0E       		.uleb128 0xe
 369 000b 55       		.uleb128 0x55
ARM GAS  C:\Users\Joe\AppData\Local\Temp\ccX1wPyY.s 			page 10


 370 000c 17       		.uleb128 0x17
 371 000d 11       		.uleb128 0x11
 372 000e 01       		.uleb128 0x1
 373 000f 10       		.uleb128 0x10
 374 0010 17       		.uleb128 0x17
 375 0011 00       		.byte	0
 376 0012 00       		.byte	0
 377 0013 02       		.uleb128 0x2
 378 0014 24       		.uleb128 0x24
 379 0015 00       		.byte	0
 380 0016 0B       		.uleb128 0xb
 381 0017 0B       		.uleb128 0xb
 382 0018 3E       		.uleb128 0x3e
 383 0019 0B       		.uleb128 0xb
 384 001a 03       		.uleb128 0x3
 385 001b 0E       		.uleb128 0xe
 386 001c 00       		.byte	0
 387 001d 00       		.byte	0
 388 001e 03       		.uleb128 0x3
 389 001f 24       		.uleb128 0x24
 390 0020 00       		.byte	0
 391 0021 0B       		.uleb128 0xb
 392 0022 0B       		.uleb128 0xb
 393 0023 3E       		.uleb128 0x3e
 394 0024 0B       		.uleb128 0xb
 395 0025 03       		.uleb128 0x3
 396 0026 08       		.uleb128 0x8
 397 0027 00       		.byte	0
 398 0028 00       		.byte	0
 399 0029 04       		.uleb128 0x4
 400 002a 16       		.uleb128 0x16
 401 002b 00       		.byte	0
 402 002c 03       		.uleb128 0x3
 403 002d 0E       		.uleb128 0xe
 404 002e 3A       		.uleb128 0x3a
 405 002f 0B       		.uleb128 0xb
 406 0030 3B       		.uleb128 0x3b
 407 0031 0B       		.uleb128 0xb
 408 0032 49       		.uleb128 0x49
 409 0033 13       		.uleb128 0x13
 410 0034 00       		.byte	0
 411 0035 00       		.byte	0
 412 0036 05       		.uleb128 0x5
 413 0037 16       		.uleb128 0x16
 414 0038 00       		.byte	0
 415 0039 03       		.uleb128 0x3
 416 003a 0E       		.uleb128 0xe
 417 003b 3A       		.uleb128 0x3a
 418 003c 0B       		.uleb128 0xb
 419 003d 3B       		.uleb128 0x3b
 420 003e 05       		.uleb128 0x5
 421 003f 49       		.uleb128 0x49
 422 0040 13       		.uleb128 0x13
 423 0041 00       		.byte	0
 424 0042 00       		.byte	0
 425 0043 06       		.uleb128 0x6
 426 0044 35       		.uleb128 0x35
ARM GAS  C:\Users\Joe\AppData\Local\Temp\ccX1wPyY.s 			page 11


 427 0045 00       		.byte	0
 428 0046 49       		.uleb128 0x49
 429 0047 13       		.uleb128 0x13
 430 0048 00       		.byte	0
 431 0049 00       		.byte	0
 432 004a 07       		.uleb128 0x7
 433 004b 2E       		.uleb128 0x2e
 434 004c 01       		.byte	0x1
 435 004d 3F       		.uleb128 0x3f
 436 004e 19       		.uleb128 0x19
 437 004f 03       		.uleb128 0x3
 438 0050 0E       		.uleb128 0xe
 439 0051 3A       		.uleb128 0x3a
 440 0052 0B       		.uleb128 0xb
 441 0053 3B       		.uleb128 0x3b
 442 0054 0B       		.uleb128 0xb
 443 0055 27       		.uleb128 0x27
 444 0056 19       		.uleb128 0x19
 445 0057 11       		.uleb128 0x11
 446 0058 01       		.uleb128 0x1
 447 0059 12       		.uleb128 0x12
 448 005a 06       		.uleb128 0x6
 449 005b 40       		.uleb128 0x40
 450 005c 18       		.uleb128 0x18
 451 005d 9742     		.uleb128 0x2117
 452 005f 19       		.uleb128 0x19
 453 0060 01       		.uleb128 0x1
 454 0061 13       		.uleb128 0x13
 455 0062 00       		.byte	0
 456 0063 00       		.byte	0
 457 0064 08       		.uleb128 0x8
 458 0065 05       		.uleb128 0x5
 459 0066 00       		.byte	0
 460 0067 03       		.uleb128 0x3
 461 0068 0E       		.uleb128 0xe
 462 0069 3A       		.uleb128 0x3a
 463 006a 0B       		.uleb128 0xb
 464 006b 3B       		.uleb128 0x3b
 465 006c 0B       		.uleb128 0xb
 466 006d 49       		.uleb128 0x49
 467 006e 13       		.uleb128 0x13
 468 006f 02       		.uleb128 0x2
 469 0070 18       		.uleb128 0x18
 470 0071 00       		.byte	0
 471 0072 00       		.byte	0
 472 0073 09       		.uleb128 0x9
 473 0074 34       		.uleb128 0x34
 474 0075 00       		.byte	0
 475 0076 03       		.uleb128 0x3
 476 0077 0E       		.uleb128 0xe
 477 0078 3A       		.uleb128 0x3a
 478 0079 0B       		.uleb128 0xb
 479 007a 3B       		.uleb128 0x3b
 480 007b 0B       		.uleb128 0xb
 481 007c 49       		.uleb128 0x49
 482 007d 13       		.uleb128 0x13
 483 007e 02       		.uleb128 0x2
ARM GAS  C:\Users\Joe\AppData\Local\Temp\ccX1wPyY.s 			page 12


 484 007f 18       		.uleb128 0x18
 485 0080 00       		.byte	0
 486 0081 00       		.byte	0
 487 0082 0A       		.uleb128 0xa
 488 0083 2E       		.uleb128 0x2e
 489 0084 00       		.byte	0
 490 0085 3F       		.uleb128 0x3f
 491 0086 19       		.uleb128 0x19
 492 0087 03       		.uleb128 0x3
 493 0088 0E       		.uleb128 0xe
 494 0089 3A       		.uleb128 0x3a
 495 008a 0B       		.uleb128 0xb
 496 008b 3B       		.uleb128 0x3b
 497 008c 0B       		.uleb128 0xb
 498 008d 27       		.uleb128 0x27
 499 008e 19       		.uleb128 0x19
 500 008f 49       		.uleb128 0x49
 501 0090 13       		.uleb128 0x13
 502 0091 11       		.uleb128 0x11
 503 0092 01       		.uleb128 0x1
 504 0093 12       		.uleb128 0x12
 505 0094 06       		.uleb128 0x6
 506 0095 40       		.uleb128 0x40
 507 0096 18       		.uleb128 0x18
 508 0097 9742     		.uleb128 0x2117
 509 0099 19       		.uleb128 0x19
 510 009a 00       		.byte	0
 511 009b 00       		.byte	0
 512 009c 00       		.byte	0
 513              		.section	.debug_aranges,"",%progbits
 514 0000 34000000 		.4byte	0x34
 515 0004 0200     		.2byte	0x2
 516 0006 00000000 		.4byte	.Ldebug_info0
 517 000a 04       		.byte	0x4
 518 000b 00       		.byte	0
 519 000c 0000     		.2byte	0
 520 000e 0000     		.2byte	0
 521 0010 00000000 		.4byte	.LFB0
 522 0014 34000000 		.4byte	.LFE0-.LFB0
 523 0018 00000000 		.4byte	.LFB1
 524 001c 3C000000 		.4byte	.LFE1-.LFB1
 525 0020 00000000 		.4byte	.LFB2
 526 0024 20000000 		.4byte	.LFE2-.LFB2
 527 0028 00000000 		.4byte	.LFB3
 528 002c 20000000 		.4byte	.LFE3-.LFB3
 529 0030 00000000 		.4byte	0
 530 0034 00000000 		.4byte	0
 531              		.section	.debug_ranges,"",%progbits
 532              	.Ldebug_ranges0:
 533 0000 00000000 		.4byte	.LFB0
 534 0004 34000000 		.4byte	.LFE0
 535 0008 00000000 		.4byte	.LFB1
 536 000c 3C000000 		.4byte	.LFE1
 537 0010 00000000 		.4byte	.LFB2
 538 0014 20000000 		.4byte	.LFE2
 539 0018 00000000 		.4byte	.LFB3
 540 001c 20000000 		.4byte	.LFE3
ARM GAS  C:\Users\Joe\AppData\Local\Temp\ccX1wPyY.s 			page 13


 541 0020 00000000 		.4byte	0
 542 0024 00000000 		.4byte	0
 543              		.section	.debug_line,"",%progbits
 544              	.Ldebug_line0:
 545 0000 92000000 		.section	.debug_str,"MS",%progbits,1
 545      02004300 
 545      00000201 
 545      FB0E0D00 
 545      01010101 
 546              	.LASF20:
 547 0000 474E5520 		.ascii	"GNU C11 5.4.1 20160609 (release) [ARM/embedded-5-br"
 547      43313120 
 547      352E342E 
 547      31203230 
 547      31363036 
 548 0033 616E6368 		.ascii	"anch revision 237715] -mcpu=cortex-m3 -mthumb -g -O"
 548      20726576 
 548      6973696F 
 548      6E203233 
 548      37373135 
 549 0066 30202D66 		.ascii	"0 -ffunction-sections -ffat-lto-objects\000"
 549      66756E63 
 549      74696F6E 
 549      2D736563 
 549      74696F6E 
 550              	.LASF16:
 551 008e 76616C75 		.ascii	"value\000"
 551      6500
 552              	.LASF23:
 553 0094 73746174 		.ascii	"staticBits\000"
 553      69634269 
 553      747300
 554              	.LASF18:
 555 009f 5270695F 		.ascii	"Rpi_ss_Read\000"
 555      73735F52 
 555      65616400 
 556              	.LASF21:
 557 00ab 47656E65 		.ascii	"Generated_Source\\PSoC5\\Rpi_ss.c\000"
 557      72617465 
 557      645F536F 
 557      75726365 
 557      5C50536F 
 558              	.LASF9:
 559 00cb 666C6F61 		.ascii	"float\000"
 559      7400
 560              	.LASF1:
 561 00d1 756E7369 		.ascii	"unsigned char\000"
 561      676E6564 
 561      20636861 
 561      7200
 562              	.LASF13:
 563 00df 72656738 		.ascii	"reg8\000"
 563      00
 564              	.LASF5:
 565 00e4 6C6F6E67 		.ascii	"long unsigned int\000"
 565      20756E73 
 565      69676E65 
ARM GAS  C:\Users\Joe\AppData\Local\Temp\ccX1wPyY.s 			page 14


 565      6420696E 
 565      7400
 566              	.LASF3:
 567 00f6 73686F72 		.ascii	"short unsigned int\000"
 567      7420756E 
 567      7369676E 
 567      65642069 
 567      6E7400
 568              	.LASF19:
 569 0109 5270695F 		.ascii	"Rpi_ss_ReadDataReg\000"
 569      73735F52 
 569      65616444 
 569      61746152 
 569      656700
 570              	.LASF15:
 571 011c 5270695F 		.ascii	"Rpi_ss_SetDriveMode\000"
 571      73735F53 
 571      65744472 
 571      6976654D 
 571      6F646500 
 572              	.LASF10:
 573 0130 646F7562 		.ascii	"double\000"
 573      6C6500
 574              	.LASF14:
 575 0137 5270695F 		.ascii	"Rpi_ss_Write\000"
 575      73735F57 
 575      72697465 
 575      00
 576              	.LASF8:
 577 0144 756E7369 		.ascii	"unsigned int\000"
 577      676E6564 
 577      20696E74 
 577      00
 578              	.LASF7:
 579 0151 6C6F6E67 		.ascii	"long long unsigned int\000"
 579      206C6F6E 
 579      6720756E 
 579      7369676E 
 579      65642069 
 580              	.LASF17:
 581 0168 6D6F6465 		.ascii	"mode\000"
 581      00
 582              	.LASF6:
 583 016d 6C6F6E67 		.ascii	"long long int\000"
 583      206C6F6E 
 583      6720696E 
 583      7400
 584              	.LASF11:
 585 017b 63686172 		.ascii	"char\000"
 585      00
 586              	.LASF2:
 587 0180 73686F72 		.ascii	"short int\000"
 587      7420696E 
 587      7400
 588              	.LASF12:
 589 018a 75696E74 		.ascii	"uint8\000"
 589      3800
ARM GAS  C:\Users\Joe\AppData\Local\Temp\ccX1wPyY.s 			page 15


 590              	.LASF22:
 591 0190 443A5C44 		.ascii	"D:\\Documents\\DPEA_Projects\\RpiMIB\\Start1.cydsn\000"
 591      6F63756D 
 591      656E7473 
 591      5C445045 
 591      415F5072 
 592              	.LASF4:
 593 01bf 6C6F6E67 		.ascii	"long int\000"
 593      20696E74 
 593      00
 594              	.LASF0:
 595 01c8 7369676E 		.ascii	"signed char\000"
 595      65642063 
 595      68617200 
 596              		.ident	"GCC: (GNU Tools for ARM Embedded Processors) 5.4.1 20160609 (release) [ARM/embedded-5-bran
