ARM GAS  C:\Users\Joe\AppData\Local\Temp\ccOVkrLa.s 			page 1


   1              		.syntax unified
   2              		.cpu cortex-m3
   3              		.fpu softvfp
   4              		.eabi_attribute 20, 1
   5              		.eabi_attribute 21, 1
   6              		.eabi_attribute 23, 3
   7              		.eabi_attribute 24, 1
   8              		.eabi_attribute 25, 1
   9              		.eabi_attribute 26, 1
  10              		.eabi_attribute 30, 6
  11              		.eabi_attribute 34, 1
  12              		.eabi_attribute 18, 4
  13              		.thumb
  14              		.syntax unified
  15              		.file	"Slush_I2C_interrupts.c"
  16              		.text
  17              	.Ltext0:
  18              		.cfi_sections	.debug_frame
  19              		.section	.text.Slush_I2C_interrupts_Read,"ax",%progbits
  20              		.align	2
  21              		.global	Slush_I2C_interrupts_Read
  22              		.thumb
  23              		.thumb_func
  24              		.type	Slush_I2C_interrupts_Read, %function
  25              	Slush_I2C_interrupts_Read:
  26              	.LFB0:
  27              		.file 1 "Generated_Source\\PSoC5\\Slush_I2C_interrupts.c"
   1:Generated_Source\PSoC5/Slush_I2C_interrupts.c **** /*******************************************************************************
   2:Generated_Source\PSoC5/Slush_I2C_interrupts.c **** * File Name: Slush_I2C_interrupts.c  
   3:Generated_Source\PSoC5/Slush_I2C_interrupts.c **** * Version 1.90
   4:Generated_Source\PSoC5/Slush_I2C_interrupts.c **** *
   5:Generated_Source\PSoC5/Slush_I2C_interrupts.c **** * Description:
   6:Generated_Source\PSoC5/Slush_I2C_interrupts.c **** *  This file contains API to enable firmware to read the value of a Status 
   7:Generated_Source\PSoC5/Slush_I2C_interrupts.c **** *  Register.
   8:Generated_Source\PSoC5/Slush_I2C_interrupts.c **** *
   9:Generated_Source\PSoC5/Slush_I2C_interrupts.c **** * Note:
  10:Generated_Source\PSoC5/Slush_I2C_interrupts.c **** *
  11:Generated_Source\PSoC5/Slush_I2C_interrupts.c **** ********************************************************************************
  12:Generated_Source\PSoC5/Slush_I2C_interrupts.c **** * Copyright 2008-2015, Cypress Semiconductor Corporation.  All rights reserved.
  13:Generated_Source\PSoC5/Slush_I2C_interrupts.c **** * You may use this file only in accordance with the license, terms, conditions, 
  14:Generated_Source\PSoC5/Slush_I2C_interrupts.c **** * disclaimers, and limitations in the end user license agreement accompanying 
  15:Generated_Source\PSoC5/Slush_I2C_interrupts.c **** * the software package with which this file was provided.
  16:Generated_Source\PSoC5/Slush_I2C_interrupts.c **** *******************************************************************************/
  17:Generated_Source\PSoC5/Slush_I2C_interrupts.c **** 
  18:Generated_Source\PSoC5/Slush_I2C_interrupts.c **** #include "Slush_I2C_interrupts.h"
  19:Generated_Source\PSoC5/Slush_I2C_interrupts.c **** 
  20:Generated_Source\PSoC5/Slush_I2C_interrupts.c **** #if !defined(Slush_I2C_interrupts_sts_intr_sts_reg__REMOVED) /* Check for removal by optimization *
  21:Generated_Source\PSoC5/Slush_I2C_interrupts.c **** 
  22:Generated_Source\PSoC5/Slush_I2C_interrupts.c **** 
  23:Generated_Source\PSoC5/Slush_I2C_interrupts.c **** /*******************************************************************************
  24:Generated_Source\PSoC5/Slush_I2C_interrupts.c **** * Function Name: Slush_I2C_interrupts_Read
  25:Generated_Source\PSoC5/Slush_I2C_interrupts.c **** ********************************************************************************
  26:Generated_Source\PSoC5/Slush_I2C_interrupts.c **** *
  27:Generated_Source\PSoC5/Slush_I2C_interrupts.c **** * Summary:
  28:Generated_Source\PSoC5/Slush_I2C_interrupts.c **** *  Reads the current value assigned to the Status Register.
  29:Generated_Source\PSoC5/Slush_I2C_interrupts.c **** *
  30:Generated_Source\PSoC5/Slush_I2C_interrupts.c **** * Parameters:
ARM GAS  C:\Users\Joe\AppData\Local\Temp\ccOVkrLa.s 			page 2


  31:Generated_Source\PSoC5/Slush_I2C_interrupts.c **** *  None.
  32:Generated_Source\PSoC5/Slush_I2C_interrupts.c **** *
  33:Generated_Source\PSoC5/Slush_I2C_interrupts.c **** * Return:
  34:Generated_Source\PSoC5/Slush_I2C_interrupts.c **** *  The current value in the Status Register.
  35:Generated_Source\PSoC5/Slush_I2C_interrupts.c **** *
  36:Generated_Source\PSoC5/Slush_I2C_interrupts.c **** *******************************************************************************/
  37:Generated_Source\PSoC5/Slush_I2C_interrupts.c **** uint8 Slush_I2C_interrupts_Read(void) 
  38:Generated_Source\PSoC5/Slush_I2C_interrupts.c **** { 
  28              		.loc 1 38 0
  29              		.cfi_startproc
  30              		@ args = 0, pretend = 0, frame = 0
  31              		@ frame_needed = 1, uses_anonymous_args = 0
  32              		@ link register save eliminated.
  33 0000 80B4     		push	{r7}
  34              		.cfi_def_cfa_offset 4
  35              		.cfi_offset 7, -4
  36 0002 00AF     		add	r7, sp, #0
  37              		.cfi_def_cfa_register 7
  39:Generated_Source\PSoC5/Slush_I2C_interrupts.c ****     return Slush_I2C_interrupts_Status;
  38              		.loc 1 39 0
  39 0004 034B     		ldr	r3, .L3
  40 0006 1B78     		ldrb	r3, [r3]
  41 0008 DBB2     		uxtb	r3, r3
  40:Generated_Source\PSoC5/Slush_I2C_interrupts.c **** }
  42              		.loc 1 40 0
  43 000a 1846     		mov	r0, r3
  44 000c BD46     		mov	sp, r7
  45              		.cfi_def_cfa_register 13
  46              		@ sp needed
  47 000e 80BC     		pop	{r7}
  48              		.cfi_restore 7
  49              		.cfi_def_cfa_offset 0
  50 0010 7047     		bx	lr
  51              	.L4:
  52 0012 00BF     		.align	2
  53              	.L3:
  54 0014 65650040 		.word	1073767781
  55              		.cfi_endproc
  56              	.LFE0:
  57              		.size	Slush_I2C_interrupts_Read, .-Slush_I2C_interrupts_Read
  58              		.section	.text.Slush_I2C_interrupts_InterruptEnable,"ax",%progbits
  59              		.align	2
  60              		.global	Slush_I2C_interrupts_InterruptEnable
  61              		.thumb
  62              		.thumb_func
  63              		.type	Slush_I2C_interrupts_InterruptEnable, %function
  64              	Slush_I2C_interrupts_InterruptEnable:
  65              	.LFB1:
  41:Generated_Source\PSoC5/Slush_I2C_interrupts.c **** 
  42:Generated_Source\PSoC5/Slush_I2C_interrupts.c **** 
  43:Generated_Source\PSoC5/Slush_I2C_interrupts.c **** /*******************************************************************************
  44:Generated_Source\PSoC5/Slush_I2C_interrupts.c **** * Function Name: Slush_I2C_interrupts_InterruptEnable
  45:Generated_Source\PSoC5/Slush_I2C_interrupts.c **** ********************************************************************************
  46:Generated_Source\PSoC5/Slush_I2C_interrupts.c **** *
  47:Generated_Source\PSoC5/Slush_I2C_interrupts.c **** * Summary:
  48:Generated_Source\PSoC5/Slush_I2C_interrupts.c **** *  Enables the Status Register interrupt.
  49:Generated_Source\PSoC5/Slush_I2C_interrupts.c **** *
ARM GAS  C:\Users\Joe\AppData\Local\Temp\ccOVkrLa.s 			page 3


  50:Generated_Source\PSoC5/Slush_I2C_interrupts.c **** * Parameters:
  51:Generated_Source\PSoC5/Slush_I2C_interrupts.c **** *  None.
  52:Generated_Source\PSoC5/Slush_I2C_interrupts.c **** *
  53:Generated_Source\PSoC5/Slush_I2C_interrupts.c **** * Return:
  54:Generated_Source\PSoC5/Slush_I2C_interrupts.c **** *  None.
  55:Generated_Source\PSoC5/Slush_I2C_interrupts.c **** *
  56:Generated_Source\PSoC5/Slush_I2C_interrupts.c **** *******************************************************************************/
  57:Generated_Source\PSoC5/Slush_I2C_interrupts.c **** void Slush_I2C_interrupts_InterruptEnable(void) 
  58:Generated_Source\PSoC5/Slush_I2C_interrupts.c **** {
  66              		.loc 1 58 0
  67              		.cfi_startproc
  68              		@ args = 0, pretend = 0, frame = 8
  69              		@ frame_needed = 1, uses_anonymous_args = 0
  70 0000 80B5     		push	{r7, lr}
  71              		.cfi_def_cfa_offset 8
  72              		.cfi_offset 7, -8
  73              		.cfi_offset 14, -4
  74 0002 82B0     		sub	sp, sp, #8
  75              		.cfi_def_cfa_offset 16
  76 0004 00AF     		add	r7, sp, #0
  77              		.cfi_def_cfa_register 7
  59:Generated_Source\PSoC5/Slush_I2C_interrupts.c ****     uint8 interruptState;
  60:Generated_Source\PSoC5/Slush_I2C_interrupts.c ****     interruptState = CyEnterCriticalSection();
  78              		.loc 1 60 0
  79 0006 FFF7FEFF 		bl	CyEnterCriticalSection
  80 000a 0346     		mov	r3, r0
  81 000c FB71     		strb	r3, [r7, #7]
  61:Generated_Source\PSoC5/Slush_I2C_interrupts.c ****     Slush_I2C_interrupts_Status_Aux_Ctrl |= Slush_I2C_interrupts_STATUS_INTR_ENBL;
  82              		.loc 1 61 0
  83 000e 084A     		ldr	r2, .L6
  84 0010 074B     		ldr	r3, .L6
  85 0012 1B78     		ldrb	r3, [r3]
  86 0014 DBB2     		uxtb	r3, r3
  87 0016 43F01003 		orr	r3, r3, #16
  88 001a DBB2     		uxtb	r3, r3
  89 001c 1370     		strb	r3, [r2]
  62:Generated_Source\PSoC5/Slush_I2C_interrupts.c ****     CyExitCriticalSection(interruptState);
  90              		.loc 1 62 0
  91 001e FB79     		ldrb	r3, [r7, #7]	@ zero_extendqisi2
  92 0020 1846     		mov	r0, r3
  93 0022 FFF7FEFF 		bl	CyExitCriticalSection
  63:Generated_Source\PSoC5/Slush_I2C_interrupts.c **** }
  94              		.loc 1 63 0
  95 0026 00BF     		nop
  96 0028 0837     		adds	r7, r7, #8
  97              		.cfi_def_cfa_offset 8
  98 002a BD46     		mov	sp, r7
  99              		.cfi_def_cfa_register 13
 100              		@ sp needed
 101 002c 80BD     		pop	{r7, pc}
 102              	.L7:
 103 002e 00BF     		.align	2
 104              	.L6:
 105 0030 95650040 		.word	1073767829
 106              		.cfi_endproc
 107              	.LFE1:
 108              		.size	Slush_I2C_interrupts_InterruptEnable, .-Slush_I2C_interrupts_InterruptEnable
ARM GAS  C:\Users\Joe\AppData\Local\Temp\ccOVkrLa.s 			page 4


 109              		.section	.text.Slush_I2C_interrupts_InterruptDisable,"ax",%progbits
 110              		.align	2
 111              		.global	Slush_I2C_interrupts_InterruptDisable
 112              		.thumb
 113              		.thumb_func
 114              		.type	Slush_I2C_interrupts_InterruptDisable, %function
 115              	Slush_I2C_interrupts_InterruptDisable:
 116              	.LFB2:
  64:Generated_Source\PSoC5/Slush_I2C_interrupts.c **** 
  65:Generated_Source\PSoC5/Slush_I2C_interrupts.c **** 
  66:Generated_Source\PSoC5/Slush_I2C_interrupts.c **** /*******************************************************************************
  67:Generated_Source\PSoC5/Slush_I2C_interrupts.c **** * Function Name: Slush_I2C_interrupts_InterruptDisable
  68:Generated_Source\PSoC5/Slush_I2C_interrupts.c **** ********************************************************************************
  69:Generated_Source\PSoC5/Slush_I2C_interrupts.c **** *
  70:Generated_Source\PSoC5/Slush_I2C_interrupts.c **** * Summary:
  71:Generated_Source\PSoC5/Slush_I2C_interrupts.c **** *  Disables the Status Register interrupt.
  72:Generated_Source\PSoC5/Slush_I2C_interrupts.c **** *
  73:Generated_Source\PSoC5/Slush_I2C_interrupts.c **** * Parameters:
  74:Generated_Source\PSoC5/Slush_I2C_interrupts.c **** *  None.
  75:Generated_Source\PSoC5/Slush_I2C_interrupts.c **** *
  76:Generated_Source\PSoC5/Slush_I2C_interrupts.c **** * Return:
  77:Generated_Source\PSoC5/Slush_I2C_interrupts.c **** *  None.
  78:Generated_Source\PSoC5/Slush_I2C_interrupts.c **** *
  79:Generated_Source\PSoC5/Slush_I2C_interrupts.c **** *******************************************************************************/
  80:Generated_Source\PSoC5/Slush_I2C_interrupts.c **** void Slush_I2C_interrupts_InterruptDisable(void) 
  81:Generated_Source\PSoC5/Slush_I2C_interrupts.c **** {
 117              		.loc 1 81 0
 118              		.cfi_startproc
 119              		@ args = 0, pretend = 0, frame = 8
 120              		@ frame_needed = 1, uses_anonymous_args = 0
 121 0000 80B5     		push	{r7, lr}
 122              		.cfi_def_cfa_offset 8
 123              		.cfi_offset 7, -8
 124              		.cfi_offset 14, -4
 125 0002 82B0     		sub	sp, sp, #8
 126              		.cfi_def_cfa_offset 16
 127 0004 00AF     		add	r7, sp, #0
 128              		.cfi_def_cfa_register 7
  82:Generated_Source\PSoC5/Slush_I2C_interrupts.c ****     uint8 interruptState;
  83:Generated_Source\PSoC5/Slush_I2C_interrupts.c ****     interruptState = CyEnterCriticalSection();
 129              		.loc 1 83 0
 130 0006 FFF7FEFF 		bl	CyEnterCriticalSection
 131 000a 0346     		mov	r3, r0
 132 000c FB71     		strb	r3, [r7, #7]
  84:Generated_Source\PSoC5/Slush_I2C_interrupts.c ****     Slush_I2C_interrupts_Status_Aux_Ctrl &= (uint8)(~Slush_I2C_interrupts_STATUS_INTR_ENBL);
 133              		.loc 1 84 0
 134 000e 084A     		ldr	r2, .L9
 135 0010 074B     		ldr	r3, .L9
 136 0012 1B78     		ldrb	r3, [r3]
 137 0014 DBB2     		uxtb	r3, r3
 138 0016 23F01003 		bic	r3, r3, #16
 139 001a DBB2     		uxtb	r3, r3
 140 001c 1370     		strb	r3, [r2]
  85:Generated_Source\PSoC5/Slush_I2C_interrupts.c ****     CyExitCriticalSection(interruptState);
 141              		.loc 1 85 0
 142 001e FB79     		ldrb	r3, [r7, #7]	@ zero_extendqisi2
 143 0020 1846     		mov	r0, r3
ARM GAS  C:\Users\Joe\AppData\Local\Temp\ccOVkrLa.s 			page 5


 144 0022 FFF7FEFF 		bl	CyExitCriticalSection
  86:Generated_Source\PSoC5/Slush_I2C_interrupts.c **** }
 145              		.loc 1 86 0
 146 0026 00BF     		nop
 147 0028 0837     		adds	r7, r7, #8
 148              		.cfi_def_cfa_offset 8
 149 002a BD46     		mov	sp, r7
 150              		.cfi_def_cfa_register 13
 151              		@ sp needed
 152 002c 80BD     		pop	{r7, pc}
 153              	.L10:
 154 002e 00BF     		.align	2
 155              	.L9:
 156 0030 95650040 		.word	1073767829
 157              		.cfi_endproc
 158              	.LFE2:
 159              		.size	Slush_I2C_interrupts_InterruptDisable, .-Slush_I2C_interrupts_InterruptDisable
 160              		.section	.text.Slush_I2C_interrupts_WriteMask,"ax",%progbits
 161              		.align	2
 162              		.global	Slush_I2C_interrupts_WriteMask
 163              		.thumb
 164              		.thumb_func
 165              		.type	Slush_I2C_interrupts_WriteMask, %function
 166              	Slush_I2C_interrupts_WriteMask:
 167              	.LFB3:
  87:Generated_Source\PSoC5/Slush_I2C_interrupts.c **** 
  88:Generated_Source\PSoC5/Slush_I2C_interrupts.c **** 
  89:Generated_Source\PSoC5/Slush_I2C_interrupts.c **** /*******************************************************************************
  90:Generated_Source\PSoC5/Slush_I2C_interrupts.c **** * Function Name: Slush_I2C_interrupts_WriteMask
  91:Generated_Source\PSoC5/Slush_I2C_interrupts.c **** ********************************************************************************
  92:Generated_Source\PSoC5/Slush_I2C_interrupts.c **** *
  93:Generated_Source\PSoC5/Slush_I2C_interrupts.c **** * Summary:
  94:Generated_Source\PSoC5/Slush_I2C_interrupts.c **** *  Writes the current mask value assigned to the Status Register.
  95:Generated_Source\PSoC5/Slush_I2C_interrupts.c **** *
  96:Generated_Source\PSoC5/Slush_I2C_interrupts.c **** * Parameters:
  97:Generated_Source\PSoC5/Slush_I2C_interrupts.c **** *  mask:  Value to write into the mask register.
  98:Generated_Source\PSoC5/Slush_I2C_interrupts.c **** *
  99:Generated_Source\PSoC5/Slush_I2C_interrupts.c **** * Return:
 100:Generated_Source\PSoC5/Slush_I2C_interrupts.c **** *  None.
 101:Generated_Source\PSoC5/Slush_I2C_interrupts.c **** *
 102:Generated_Source\PSoC5/Slush_I2C_interrupts.c **** *******************************************************************************/
 103:Generated_Source\PSoC5/Slush_I2C_interrupts.c **** void Slush_I2C_interrupts_WriteMask(uint8 mask) 
 104:Generated_Source\PSoC5/Slush_I2C_interrupts.c **** {
 168              		.loc 1 104 0
 169              		.cfi_startproc
 170              		@ args = 0, pretend = 0, frame = 8
 171              		@ frame_needed = 1, uses_anonymous_args = 0
 172              		@ link register save eliminated.
 173 0000 80B4     		push	{r7}
 174              		.cfi_def_cfa_offset 4
 175              		.cfi_offset 7, -4
 176 0002 83B0     		sub	sp, sp, #12
 177              		.cfi_def_cfa_offset 16
 178 0004 00AF     		add	r7, sp, #0
 179              		.cfi_def_cfa_register 7
 180 0006 0346     		mov	r3, r0
 181 0008 FB71     		strb	r3, [r7, #7]
ARM GAS  C:\Users\Joe\AppData\Local\Temp\ccOVkrLa.s 			page 6


 105:Generated_Source\PSoC5/Slush_I2C_interrupts.c ****     #if(Slush_I2C_interrupts_INPUTS < 8u)
 106:Generated_Source\PSoC5/Slush_I2C_interrupts.c ****     	mask &= ((uint8)(1u << Slush_I2C_interrupts_INPUTS) - 1u);
 182              		.loc 1 106 0
 183 000a FB79     		ldrb	r3, [r7, #7]
 184 000c 03F00303 		and	r3, r3, #3
 185 0010 FB71     		strb	r3, [r7, #7]
 107:Generated_Source\PSoC5/Slush_I2C_interrupts.c **** 	#endif /* End Slush_I2C_interrupts_INPUTS < 8u */
 108:Generated_Source\PSoC5/Slush_I2C_interrupts.c ****     Slush_I2C_interrupts_Status_Mask = mask;
 186              		.loc 1 108 0
 187 0012 044A     		ldr	r2, .L12
 188 0014 FB79     		ldrb	r3, [r7, #7]
 189 0016 1370     		strb	r3, [r2]
 109:Generated_Source\PSoC5/Slush_I2C_interrupts.c **** }
 190              		.loc 1 109 0
 191 0018 00BF     		nop
 192 001a 0C37     		adds	r7, r7, #12
 193              		.cfi_def_cfa_offset 4
 194 001c BD46     		mov	sp, r7
 195              		.cfi_def_cfa_register 13
 196              		@ sp needed
 197 001e 80BC     		pop	{r7}
 198              		.cfi_restore 7
 199              		.cfi_def_cfa_offset 0
 200 0020 7047     		bx	lr
 201              	.L13:
 202 0022 00BF     		.align	2
 203              	.L12:
 204 0024 85650040 		.word	1073767813
 205              		.cfi_endproc
 206              	.LFE3:
 207              		.size	Slush_I2C_interrupts_WriteMask, .-Slush_I2C_interrupts_WriteMask
 208              		.section	.text.Slush_I2C_interrupts_ReadMask,"ax",%progbits
 209              		.align	2
 210              		.global	Slush_I2C_interrupts_ReadMask
 211              		.thumb
 212              		.thumb_func
 213              		.type	Slush_I2C_interrupts_ReadMask, %function
 214              	Slush_I2C_interrupts_ReadMask:
 215              	.LFB4:
 110:Generated_Source\PSoC5/Slush_I2C_interrupts.c **** 
 111:Generated_Source\PSoC5/Slush_I2C_interrupts.c **** 
 112:Generated_Source\PSoC5/Slush_I2C_interrupts.c **** /*******************************************************************************
 113:Generated_Source\PSoC5/Slush_I2C_interrupts.c **** * Function Name: Slush_I2C_interrupts_ReadMask
 114:Generated_Source\PSoC5/Slush_I2C_interrupts.c **** ********************************************************************************
 115:Generated_Source\PSoC5/Slush_I2C_interrupts.c **** *
 116:Generated_Source\PSoC5/Slush_I2C_interrupts.c **** * Summary:
 117:Generated_Source\PSoC5/Slush_I2C_interrupts.c **** *  Reads the current interrupt mask assigned to the Status Register.
 118:Generated_Source\PSoC5/Slush_I2C_interrupts.c **** *
 119:Generated_Source\PSoC5/Slush_I2C_interrupts.c **** * Parameters:
 120:Generated_Source\PSoC5/Slush_I2C_interrupts.c **** *  None.
 121:Generated_Source\PSoC5/Slush_I2C_interrupts.c **** *
 122:Generated_Source\PSoC5/Slush_I2C_interrupts.c **** * Return:
 123:Generated_Source\PSoC5/Slush_I2C_interrupts.c **** *  The value of the interrupt mask of the Status Register.
 124:Generated_Source\PSoC5/Slush_I2C_interrupts.c **** *
 125:Generated_Source\PSoC5/Slush_I2C_interrupts.c **** *******************************************************************************/
 126:Generated_Source\PSoC5/Slush_I2C_interrupts.c **** uint8 Slush_I2C_interrupts_ReadMask(void) 
 127:Generated_Source\PSoC5/Slush_I2C_interrupts.c **** {
ARM GAS  C:\Users\Joe\AppData\Local\Temp\ccOVkrLa.s 			page 7


 216              		.loc 1 127 0
 217              		.cfi_startproc
 218              		@ args = 0, pretend = 0, frame = 0
 219              		@ frame_needed = 1, uses_anonymous_args = 0
 220              		@ link register save eliminated.
 221 0000 80B4     		push	{r7}
 222              		.cfi_def_cfa_offset 4
 223              		.cfi_offset 7, -4
 224 0002 00AF     		add	r7, sp, #0
 225              		.cfi_def_cfa_register 7
 128:Generated_Source\PSoC5/Slush_I2C_interrupts.c ****     return Slush_I2C_interrupts_Status_Mask;
 226              		.loc 1 128 0
 227 0004 034B     		ldr	r3, .L16
 228 0006 1B78     		ldrb	r3, [r3]
 229 0008 DBB2     		uxtb	r3, r3
 129:Generated_Source\PSoC5/Slush_I2C_interrupts.c **** }
 230              		.loc 1 129 0
 231 000a 1846     		mov	r0, r3
 232 000c BD46     		mov	sp, r7
 233              		.cfi_def_cfa_register 13
 234              		@ sp needed
 235 000e 80BC     		pop	{r7}
 236              		.cfi_restore 7
 237              		.cfi_def_cfa_offset 0
 238 0010 7047     		bx	lr
 239              	.L17:
 240 0012 00BF     		.align	2
 241              	.L16:
 242 0014 85650040 		.word	1073767813
 243              		.cfi_endproc
 244              	.LFE4:
 245              		.size	Slush_I2C_interrupts_ReadMask, .-Slush_I2C_interrupts_ReadMask
 246              		.text
 247              	.Letext0:
 248              		.file 2 "Generated_Source\\PSoC5\\cytypes.h"
 249              		.section	.debug_info,"",%progbits
 250              	.Ldebug_info0:
 251 0000 3D010000 		.4byte	0x13d
 252 0004 0400     		.2byte	0x4
 253 0006 00000000 		.4byte	.Ldebug_abbrev0
 254 000a 04       		.byte	0x4
 255 000b 01       		.uleb128 0x1
 256 000c A5000000 		.4byte	.LASF22
 257 0010 0C       		.byte	0xc
 258 0011 46010000 		.4byte	.LASF23
 259 0015 96010000 		.4byte	.LASF24
 260 0019 00000000 		.4byte	.Ldebug_ranges0+0
 261 001d 00000000 		.4byte	0
 262 0021 00000000 		.4byte	.Ldebug_line0
 263 0025 02       		.uleb128 0x2
 264 0026 01       		.byte	0x1
 265 0027 06       		.byte	0x6
 266 0028 D8010000 		.4byte	.LASF0
 267 002c 02       		.uleb128 0x2
 268 002d 01       		.byte	0x1
 269 002e 08       		.byte	0x8
 270 002f 33010000 		.4byte	.LASF1
ARM GAS  C:\Users\Joe\AppData\Local\Temp\ccOVkrLa.s 			page 8


 271 0033 02       		.uleb128 0x2
 272 0034 02       		.byte	0x2
 273 0035 05       		.byte	0x5
 274 0036 16020000 		.4byte	.LASF2
 275 003a 02       		.uleb128 0x2
 276 003b 02       		.byte	0x2
 277 003c 07       		.byte	0x7
 278 003d C5010000 		.4byte	.LASF3
 279 0041 02       		.uleb128 0x2
 280 0042 04       		.byte	0x4
 281 0043 05       		.byte	0x5
 282 0044 74010000 		.4byte	.LASF4
 283 0048 02       		.uleb128 0x2
 284 0049 04       		.byte	0x4
 285 004a 07       		.byte	0x7
 286 004b 7D010000 		.4byte	.LASF5
 287 004f 02       		.uleb128 0x2
 288 0050 08       		.byte	0x8
 289 0051 05       		.byte	0x5
 290 0052 00000000 		.4byte	.LASF6
 291 0056 02       		.uleb128 0x2
 292 0057 08       		.byte	0x8
 293 0058 07       		.byte	0x7
 294 0059 83000000 		.4byte	.LASF7
 295 005d 03       		.uleb128 0x3
 296 005e 04       		.byte	0x4
 297 005f 05       		.byte	0x5
 298 0060 696E7400 		.ascii	"int\000"
 299 0064 02       		.uleb128 0x2
 300 0065 04       		.byte	0x4
 301 0066 07       		.byte	0x7
 302 0067 2C000000 		.4byte	.LASF8
 303 006b 04       		.uleb128 0x4
 304 006c 58000000 		.4byte	.LASF12
 305 0070 02       		.byte	0x2
 306 0071 A1       		.byte	0xa1
 307 0072 2C000000 		.4byte	0x2c
 308 0076 02       		.uleb128 0x2
 309 0077 04       		.byte	0x4
 310 0078 04       		.byte	0x4
 311 0079 9A000000 		.4byte	.LASF9
 312 007d 02       		.uleb128 0x2
 313 007e 08       		.byte	0x8
 314 007f 04       		.byte	0x4
 315 0080 8F010000 		.4byte	.LASF10
 316 0084 02       		.uleb128 0x2
 317 0085 01       		.byte	0x1
 318 0086 08       		.byte	0x8
 319 0087 41010000 		.4byte	.LASF11
 320 008b 05       		.uleb128 0x5
 321 008c 20020000 		.4byte	.LASF13
 322 0090 02       		.byte	0x2
 323 0091 4B01     		.2byte	0x14b
 324 0093 97000000 		.4byte	0x97
 325 0097 06       		.uleb128 0x6
 326 0098 6B000000 		.4byte	0x6b
 327 009c 02       		.uleb128 0x2
ARM GAS  C:\Users\Joe\AppData\Local\Temp\ccOVkrLa.s 			page 9


 328 009d 08       		.byte	0x8
 329 009e 04       		.byte	0x4
 330 009f E4010000 		.4byte	.LASF14
 331 00a3 02       		.uleb128 0x2
 332 00a4 04       		.byte	0x4
 333 00a5 07       		.byte	0x7
 334 00a6 3F020000 		.4byte	.LASF15
 335 00aa 07       		.uleb128 0x7
 336 00ab 25020000 		.4byte	.LASF20
 337 00af 01       		.byte	0x1
 338 00b0 25       		.byte	0x25
 339 00b1 6B000000 		.4byte	0x6b
 340 00b5 00000000 		.4byte	.LFB0
 341 00b9 18000000 		.4byte	.LFE0-.LFB0
 342 00bd 01       		.uleb128 0x1
 343 00be 9C       		.byte	0x9c
 344 00bf 08       		.uleb128 0x8
 345 00c0 5E000000 		.4byte	.LASF16
 346 00c4 01       		.byte	0x1
 347 00c5 39       		.byte	0x39
 348 00c6 00000000 		.4byte	.LFB1
 349 00ca 34000000 		.4byte	.LFE1-.LFB1
 350 00ce 01       		.uleb128 0x1
 351 00cf 9C       		.byte	0x9c
 352 00d0 E3000000 		.4byte	0xe3
 353 00d4 09       		.uleb128 0x9
 354 00d5 48020000 		.4byte	.LASF18
 355 00d9 01       		.byte	0x1
 356 00da 3B       		.byte	0x3b
 357 00db 6B000000 		.4byte	0x6b
 358 00df 02       		.uleb128 0x2
 359 00e0 91       		.byte	0x91
 360 00e1 77       		.sleb128 -9
 361 00e2 00       		.byte	0
 362 00e3 08       		.uleb128 0x8
 363 00e4 F0010000 		.4byte	.LASF17
 364 00e8 01       		.byte	0x1
 365 00e9 50       		.byte	0x50
 366 00ea 00000000 		.4byte	.LFB2
 367 00ee 34000000 		.4byte	.LFE2-.LFB2
 368 00f2 01       		.uleb128 0x1
 369 00f3 9C       		.byte	0x9c
 370 00f4 07010000 		.4byte	0x107
 371 00f8 09       		.uleb128 0x9
 372 00f9 48020000 		.4byte	.LASF18
 373 00fd 01       		.byte	0x1
 374 00fe 52       		.byte	0x52
 375 00ff 6B000000 		.4byte	0x6b
 376 0103 02       		.uleb128 0x2
 377 0104 91       		.byte	0x91
 378 0105 77       		.sleb128 -9
 379 0106 00       		.byte	0
 380 0107 0A       		.uleb128 0xa
 381 0108 39000000 		.4byte	.LASF19
 382 010c 01       		.byte	0x1
 383 010d 67       		.byte	0x67
 384 010e 00000000 		.4byte	.LFB3
ARM GAS  C:\Users\Joe\AppData\Local\Temp\ccOVkrLa.s 			page 10


 385 0112 28000000 		.4byte	.LFE3-.LFB3
 386 0116 01       		.uleb128 0x1
 387 0117 9C       		.byte	0x9c
 388 0118 2B010000 		.4byte	0x12b
 389 011c 0B       		.uleb128 0xb
 390 011d A0000000 		.4byte	.LASF25
 391 0121 01       		.byte	0x1
 392 0122 67       		.byte	0x67
 393 0123 6B000000 		.4byte	0x6b
 394 0127 02       		.uleb128 0x2
 395 0128 91       		.byte	0x91
 396 0129 77       		.sleb128 -9
 397 012a 00       		.byte	0
 398 012b 07       		.uleb128 0x7
 399 012c 0E000000 		.4byte	.LASF21
 400 0130 01       		.byte	0x1
 401 0131 7E       		.byte	0x7e
 402 0132 6B000000 		.4byte	0x6b
 403 0136 00000000 		.4byte	.LFB4
 404 013a 18000000 		.4byte	.LFE4-.LFB4
 405 013e 01       		.uleb128 0x1
 406 013f 9C       		.byte	0x9c
 407 0140 00       		.byte	0
 408              		.section	.debug_abbrev,"",%progbits
 409              	.Ldebug_abbrev0:
 410 0000 01       		.uleb128 0x1
 411 0001 11       		.uleb128 0x11
 412 0002 01       		.byte	0x1
 413 0003 25       		.uleb128 0x25
 414 0004 0E       		.uleb128 0xe
 415 0005 13       		.uleb128 0x13
 416 0006 0B       		.uleb128 0xb
 417 0007 03       		.uleb128 0x3
 418 0008 0E       		.uleb128 0xe
 419 0009 1B       		.uleb128 0x1b
 420 000a 0E       		.uleb128 0xe
 421 000b 55       		.uleb128 0x55
 422 000c 17       		.uleb128 0x17
 423 000d 11       		.uleb128 0x11
 424 000e 01       		.uleb128 0x1
 425 000f 10       		.uleb128 0x10
 426 0010 17       		.uleb128 0x17
 427 0011 00       		.byte	0
 428 0012 00       		.byte	0
 429 0013 02       		.uleb128 0x2
 430 0014 24       		.uleb128 0x24
 431 0015 00       		.byte	0
 432 0016 0B       		.uleb128 0xb
 433 0017 0B       		.uleb128 0xb
 434 0018 3E       		.uleb128 0x3e
 435 0019 0B       		.uleb128 0xb
 436 001a 03       		.uleb128 0x3
 437 001b 0E       		.uleb128 0xe
 438 001c 00       		.byte	0
 439 001d 00       		.byte	0
 440 001e 03       		.uleb128 0x3
 441 001f 24       		.uleb128 0x24
ARM GAS  C:\Users\Joe\AppData\Local\Temp\ccOVkrLa.s 			page 11


 442 0020 00       		.byte	0
 443 0021 0B       		.uleb128 0xb
 444 0022 0B       		.uleb128 0xb
 445 0023 3E       		.uleb128 0x3e
 446 0024 0B       		.uleb128 0xb
 447 0025 03       		.uleb128 0x3
 448 0026 08       		.uleb128 0x8
 449 0027 00       		.byte	0
 450 0028 00       		.byte	0
 451 0029 04       		.uleb128 0x4
 452 002a 16       		.uleb128 0x16
 453 002b 00       		.byte	0
 454 002c 03       		.uleb128 0x3
 455 002d 0E       		.uleb128 0xe
 456 002e 3A       		.uleb128 0x3a
 457 002f 0B       		.uleb128 0xb
 458 0030 3B       		.uleb128 0x3b
 459 0031 0B       		.uleb128 0xb
 460 0032 49       		.uleb128 0x49
 461 0033 13       		.uleb128 0x13
 462 0034 00       		.byte	0
 463 0035 00       		.byte	0
 464 0036 05       		.uleb128 0x5
 465 0037 16       		.uleb128 0x16
 466 0038 00       		.byte	0
 467 0039 03       		.uleb128 0x3
 468 003a 0E       		.uleb128 0xe
 469 003b 3A       		.uleb128 0x3a
 470 003c 0B       		.uleb128 0xb
 471 003d 3B       		.uleb128 0x3b
 472 003e 05       		.uleb128 0x5
 473 003f 49       		.uleb128 0x49
 474 0040 13       		.uleb128 0x13
 475 0041 00       		.byte	0
 476 0042 00       		.byte	0
 477 0043 06       		.uleb128 0x6
 478 0044 35       		.uleb128 0x35
 479 0045 00       		.byte	0
 480 0046 49       		.uleb128 0x49
 481 0047 13       		.uleb128 0x13
 482 0048 00       		.byte	0
 483 0049 00       		.byte	0
 484 004a 07       		.uleb128 0x7
 485 004b 2E       		.uleb128 0x2e
 486 004c 00       		.byte	0
 487 004d 3F       		.uleb128 0x3f
 488 004e 19       		.uleb128 0x19
 489 004f 03       		.uleb128 0x3
 490 0050 0E       		.uleb128 0xe
 491 0051 3A       		.uleb128 0x3a
 492 0052 0B       		.uleb128 0xb
 493 0053 3B       		.uleb128 0x3b
 494 0054 0B       		.uleb128 0xb
 495 0055 27       		.uleb128 0x27
 496 0056 19       		.uleb128 0x19
 497 0057 49       		.uleb128 0x49
 498 0058 13       		.uleb128 0x13
ARM GAS  C:\Users\Joe\AppData\Local\Temp\ccOVkrLa.s 			page 12


 499 0059 11       		.uleb128 0x11
 500 005a 01       		.uleb128 0x1
 501 005b 12       		.uleb128 0x12
 502 005c 06       		.uleb128 0x6
 503 005d 40       		.uleb128 0x40
 504 005e 18       		.uleb128 0x18
 505 005f 9742     		.uleb128 0x2117
 506 0061 19       		.uleb128 0x19
 507 0062 00       		.byte	0
 508 0063 00       		.byte	0
 509 0064 08       		.uleb128 0x8
 510 0065 2E       		.uleb128 0x2e
 511 0066 01       		.byte	0x1
 512 0067 3F       		.uleb128 0x3f
 513 0068 19       		.uleb128 0x19
 514 0069 03       		.uleb128 0x3
 515 006a 0E       		.uleb128 0xe
 516 006b 3A       		.uleb128 0x3a
 517 006c 0B       		.uleb128 0xb
 518 006d 3B       		.uleb128 0x3b
 519 006e 0B       		.uleb128 0xb
 520 006f 27       		.uleb128 0x27
 521 0070 19       		.uleb128 0x19
 522 0071 11       		.uleb128 0x11
 523 0072 01       		.uleb128 0x1
 524 0073 12       		.uleb128 0x12
 525 0074 06       		.uleb128 0x6
 526 0075 40       		.uleb128 0x40
 527 0076 18       		.uleb128 0x18
 528 0077 9642     		.uleb128 0x2116
 529 0079 19       		.uleb128 0x19
 530 007a 01       		.uleb128 0x1
 531 007b 13       		.uleb128 0x13
 532 007c 00       		.byte	0
 533 007d 00       		.byte	0
 534 007e 09       		.uleb128 0x9
 535 007f 34       		.uleb128 0x34
 536 0080 00       		.byte	0
 537 0081 03       		.uleb128 0x3
 538 0082 0E       		.uleb128 0xe
 539 0083 3A       		.uleb128 0x3a
 540 0084 0B       		.uleb128 0xb
 541 0085 3B       		.uleb128 0x3b
 542 0086 0B       		.uleb128 0xb
 543 0087 49       		.uleb128 0x49
 544 0088 13       		.uleb128 0x13
 545 0089 02       		.uleb128 0x2
 546 008a 18       		.uleb128 0x18
 547 008b 00       		.byte	0
 548 008c 00       		.byte	0
 549 008d 0A       		.uleb128 0xa
 550 008e 2E       		.uleb128 0x2e
 551 008f 01       		.byte	0x1
 552 0090 3F       		.uleb128 0x3f
 553 0091 19       		.uleb128 0x19
 554 0092 03       		.uleb128 0x3
 555 0093 0E       		.uleb128 0xe
ARM GAS  C:\Users\Joe\AppData\Local\Temp\ccOVkrLa.s 			page 13


 556 0094 3A       		.uleb128 0x3a
 557 0095 0B       		.uleb128 0xb
 558 0096 3B       		.uleb128 0x3b
 559 0097 0B       		.uleb128 0xb
 560 0098 27       		.uleb128 0x27
 561 0099 19       		.uleb128 0x19
 562 009a 11       		.uleb128 0x11
 563 009b 01       		.uleb128 0x1
 564 009c 12       		.uleb128 0x12
 565 009d 06       		.uleb128 0x6
 566 009e 40       		.uleb128 0x40
 567 009f 18       		.uleb128 0x18
 568 00a0 9742     		.uleb128 0x2117
 569 00a2 19       		.uleb128 0x19
 570 00a3 01       		.uleb128 0x1
 571 00a4 13       		.uleb128 0x13
 572 00a5 00       		.byte	0
 573 00a6 00       		.byte	0
 574 00a7 0B       		.uleb128 0xb
 575 00a8 05       		.uleb128 0x5
 576 00a9 00       		.byte	0
 577 00aa 03       		.uleb128 0x3
 578 00ab 0E       		.uleb128 0xe
 579 00ac 3A       		.uleb128 0x3a
 580 00ad 0B       		.uleb128 0xb
 581 00ae 3B       		.uleb128 0x3b
 582 00af 0B       		.uleb128 0xb
 583 00b0 49       		.uleb128 0x49
 584 00b1 13       		.uleb128 0x13
 585 00b2 02       		.uleb128 0x2
 586 00b3 18       		.uleb128 0x18
 587 00b4 00       		.byte	0
 588 00b5 00       		.byte	0
 589 00b6 00       		.byte	0
 590              		.section	.debug_aranges,"",%progbits
 591 0000 3C000000 		.4byte	0x3c
 592 0004 0200     		.2byte	0x2
 593 0006 00000000 		.4byte	.Ldebug_info0
 594 000a 04       		.byte	0x4
 595 000b 00       		.byte	0
 596 000c 0000     		.2byte	0
 597 000e 0000     		.2byte	0
 598 0010 00000000 		.4byte	.LFB0
 599 0014 18000000 		.4byte	.LFE0-.LFB0
 600 0018 00000000 		.4byte	.LFB1
 601 001c 34000000 		.4byte	.LFE1-.LFB1
 602 0020 00000000 		.4byte	.LFB2
 603 0024 34000000 		.4byte	.LFE2-.LFB2
 604 0028 00000000 		.4byte	.LFB3
 605 002c 28000000 		.4byte	.LFE3-.LFB3
 606 0030 00000000 		.4byte	.LFB4
 607 0034 18000000 		.4byte	.LFE4-.LFB4
 608 0038 00000000 		.4byte	0
 609 003c 00000000 		.4byte	0
 610              		.section	.debug_ranges,"",%progbits
 611              	.Ldebug_ranges0:
 612 0000 00000000 		.4byte	.LFB0
ARM GAS  C:\Users\Joe\AppData\Local\Temp\ccOVkrLa.s 			page 14


 613 0004 18000000 		.4byte	.LFE0
 614 0008 00000000 		.4byte	.LFB1
 615 000c 34000000 		.4byte	.LFE1
 616 0010 00000000 		.4byte	.LFB2
 617 0014 34000000 		.4byte	.LFE2
 618 0018 00000000 		.4byte	.LFB3
 619 001c 28000000 		.4byte	.LFE3
 620 0020 00000000 		.4byte	.LFB4
 621 0024 18000000 		.4byte	.LFE4
 622 0028 00000000 		.4byte	0
 623 002c 00000000 		.4byte	0
 624              		.section	.debug_line,"",%progbits
 625              	.Ldebug_line0:
 626 0000 B4000000 		.section	.debug_str,"MS",%progbits,1
 626      02005100 
 626      00000201 
 626      FB0E0D00 
 626      01010101 
 627              	.LASF6:
 628 0000 6C6F6E67 		.ascii	"long long int\000"
 628      206C6F6E 
 628      6720696E 
 628      7400
 629              	.LASF21:
 630 000e 536C7573 		.ascii	"Slush_I2C_interrupts_ReadMask\000"
 630      685F4932 
 630      435F696E 
 630      74657272 
 630      75707473 
 631              	.LASF8:
 632 002c 756E7369 		.ascii	"unsigned int\000"
 632      676E6564 
 632      20696E74 
 632      00
 633              	.LASF19:
 634 0039 536C7573 		.ascii	"Slush_I2C_interrupts_WriteMask\000"
 634      685F4932 
 634      435F696E 
 634      74657272 
 634      75707473 
 635              	.LASF12:
 636 0058 75696E74 		.ascii	"uint8\000"
 636      3800
 637              	.LASF16:
 638 005e 536C7573 		.ascii	"Slush_I2C_interrupts_InterruptEnable\000"
 638      685F4932 
 638      435F696E 
 638      74657272 
 638      75707473 
 639              	.LASF7:
 640 0083 6C6F6E67 		.ascii	"long long unsigned int\000"
 640      206C6F6E 
 640      6720756E 
 640      7369676E 
 640      65642069 
 641              	.LASF9:
 642 009a 666C6F61 		.ascii	"float\000"
ARM GAS  C:\Users\Joe\AppData\Local\Temp\ccOVkrLa.s 			page 15


 642      7400
 643              	.LASF25:
 644 00a0 6D61736B 		.ascii	"mask\000"
 644      00
 645              	.LASF22:
 646 00a5 474E5520 		.ascii	"GNU C11 5.4.1 20160609 (release) [ARM/embedded-5-br"
 646      43313120 
 646      352E342E 
 646      31203230 
 646      31363036 
 647 00d8 616E6368 		.ascii	"anch revision 237715] -mcpu=cortex-m3 -mthumb -g -O"
 647      20726576 
 647      6973696F 
 647      6E203233 
 647      37373135 
 648 010b 30202D66 		.ascii	"0 -ffunction-sections -ffat-lto-objects\000"
 648      66756E63 
 648      74696F6E 
 648      2D736563 
 648      74696F6E 
 649              	.LASF1:
 650 0133 756E7369 		.ascii	"unsigned char\000"
 650      676E6564 
 650      20636861 
 650      7200
 651              	.LASF11:
 652 0141 63686172 		.ascii	"char\000"
 652      00
 653              	.LASF23:
 654 0146 47656E65 		.ascii	"Generated_Source\\PSoC5\\Slush_I2C_interrupts.c\000"
 654      72617465 
 654      645F536F 
 654      75726365 
 654      5C50536F 
 655              	.LASF4:
 656 0174 6C6F6E67 		.ascii	"long int\000"
 656      20696E74 
 656      00
 657              	.LASF5:
 658 017d 6C6F6E67 		.ascii	"long unsigned int\000"
 658      20756E73 
 658      69676E65 
 658      6420696E 
 658      7400
 659              	.LASF10:
 660 018f 646F7562 		.ascii	"double\000"
 660      6C6500
 661              	.LASF24:
 662 0196 443A5C44 		.ascii	"D:\\Documents\\DPEA_Projects\\RpiMIB\\Start1.cydsn\000"
 662      6F63756D 
 662      656E7473 
 662      5C445045 
 662      415F5072 
 663              	.LASF3:
 664 01c5 73686F72 		.ascii	"short unsigned int\000"
 664      7420756E 
 664      7369676E 
ARM GAS  C:\Users\Joe\AppData\Local\Temp\ccOVkrLa.s 			page 16


 664      65642069 
 664      6E7400
 665              	.LASF0:
 666 01d8 7369676E 		.ascii	"signed char\000"
 666      65642063 
 666      68617200 
 667              	.LASF14:
 668 01e4 6C6F6E67 		.ascii	"long double\000"
 668      20646F75 
 668      626C6500 
 669              	.LASF17:
 670 01f0 536C7573 		.ascii	"Slush_I2C_interrupts_InterruptDisable\000"
 670      685F4932 
 670      435F696E 
 670      74657272 
 670      75707473 
 671              	.LASF2:
 672 0216 73686F72 		.ascii	"short int\000"
 672      7420696E 
 672      7400
 673              	.LASF13:
 674 0220 72656738 		.ascii	"reg8\000"
 674      00
 675              	.LASF20:
 676 0225 536C7573 		.ascii	"Slush_I2C_interrupts_Read\000"
 676      685F4932 
 676      435F696E 
 676      74657272 
 676      75707473 
 677              	.LASF15:
 678 023f 73697A65 		.ascii	"sizetype\000"
 678      74797065 
 678      00
 679              	.LASF18:
 680 0248 696E7465 		.ascii	"interruptState\000"
 680      72727570 
 680      74537461 
 680      746500
 681              		.ident	"GCC: (GNU Tools for ARM Embedded Processors) 5.4.1 20160609 (release) [ARM/embedded-5-bran
