ARM GAS  C:\Users\Joe\AppData\Local\Temp\ccqsEhFj.s 			page 1


   1              		.syntax unified
   2              		.cpu cortex-m3
   3              		.fpu softvfp
   4              		.eabi_attribute 20, 1
   5              		.eabi_attribute 21, 1
   6              		.eabi_attribute 23, 3
   7              		.eabi_attribute 24, 1
   8              		.eabi_attribute 25, 1
   9              		.eabi_attribute 26, 1
  10              		.eabi_attribute 30, 6
  11              		.eabi_attribute 34, 1
  12              		.eabi_attribute 18, 4
  13              		.thumb
  14              		.syntax unified
  15              		.file	"Timer_1.c"
  16              		.text
  17              	.Ltext0:
  18              		.cfi_sections	.debug_frame
  19              		.global	Timer_1_initVar
  20              		.bss
  21              		.type	Timer_1_initVar, %object
  22              		.size	Timer_1_initVar, 1
  23              	Timer_1_initVar:
  24 0000 00       		.space	1
  25              		.section	.text.Timer_1_Init,"ax",%progbits
  26              		.align	2
  27              		.global	Timer_1_Init
  28              		.thumb
  29              		.thumb_func
  30              		.type	Timer_1_Init, %function
  31              	Timer_1_Init:
  32              	.LFB0:
  33              		.file 1 "Generated_Source\\PSoC5\\Timer_1.c"
   1:Generated_Source\PSoC5/Timer_1.c **** /*******************************************************************************
   2:Generated_Source\PSoC5/Timer_1.c **** * File Name: Timer_1.c
   3:Generated_Source\PSoC5/Timer_1.c **** * Version 2.70
   4:Generated_Source\PSoC5/Timer_1.c **** *
   5:Generated_Source\PSoC5/Timer_1.c **** * Description:
   6:Generated_Source\PSoC5/Timer_1.c **** *  The Timer component consists of a 8, 16, 24 or 32-bit timer with
   7:Generated_Source\PSoC5/Timer_1.c **** *  a selectable period between 2 and 2^Width - 1.  The timer may free run
   8:Generated_Source\PSoC5/Timer_1.c **** *  or be used as a capture timer as well.  The capture can be initiated
   9:Generated_Source\PSoC5/Timer_1.c **** *  by a positive or negative edge signal as well as via software.
  10:Generated_Source\PSoC5/Timer_1.c **** *  A trigger input can be programmed to enable the timer on rising edge
  11:Generated_Source\PSoC5/Timer_1.c **** *  falling edge, either edge or continous run.
  12:Generated_Source\PSoC5/Timer_1.c **** *  Interrupts may be generated due to a terminal count condition
  13:Generated_Source\PSoC5/Timer_1.c **** *  or a capture event.
  14:Generated_Source\PSoC5/Timer_1.c **** *
  15:Generated_Source\PSoC5/Timer_1.c **** * Note:
  16:Generated_Source\PSoC5/Timer_1.c **** *
  17:Generated_Source\PSoC5/Timer_1.c **** ********************************************************************************
  18:Generated_Source\PSoC5/Timer_1.c **** * Copyright 2008-2014, Cypress Semiconductor Corporation.  All rights reserved.
  19:Generated_Source\PSoC5/Timer_1.c **** * You may use this file only in accordance with the license, terms, conditions,
  20:Generated_Source\PSoC5/Timer_1.c **** * disclaimers, and limitations in the end user license agreement accompanying
  21:Generated_Source\PSoC5/Timer_1.c **** * the software package with which this file was provided.
  22:Generated_Source\PSoC5/Timer_1.c **** ********************************************************************************/
  23:Generated_Source\PSoC5/Timer_1.c **** 
  24:Generated_Source\PSoC5/Timer_1.c **** #include "Timer_1.h"
ARM GAS  C:\Users\Joe\AppData\Local\Temp\ccqsEhFj.s 			page 2


  25:Generated_Source\PSoC5/Timer_1.c **** 
  26:Generated_Source\PSoC5/Timer_1.c **** uint8 Timer_1_initVar = 0u;
  27:Generated_Source\PSoC5/Timer_1.c **** 
  28:Generated_Source\PSoC5/Timer_1.c **** 
  29:Generated_Source\PSoC5/Timer_1.c **** /*******************************************************************************
  30:Generated_Source\PSoC5/Timer_1.c **** * Function Name: Timer_1_Init
  31:Generated_Source\PSoC5/Timer_1.c **** ********************************************************************************
  32:Generated_Source\PSoC5/Timer_1.c **** *
  33:Generated_Source\PSoC5/Timer_1.c **** * Summary:
  34:Generated_Source\PSoC5/Timer_1.c **** *  Initialize to the schematic state
  35:Generated_Source\PSoC5/Timer_1.c **** *
  36:Generated_Source\PSoC5/Timer_1.c **** * Parameters:
  37:Generated_Source\PSoC5/Timer_1.c **** *  void
  38:Generated_Source\PSoC5/Timer_1.c **** *
  39:Generated_Source\PSoC5/Timer_1.c **** * Return:
  40:Generated_Source\PSoC5/Timer_1.c **** *  void
  41:Generated_Source\PSoC5/Timer_1.c **** *
  42:Generated_Source\PSoC5/Timer_1.c **** *******************************************************************************/
  43:Generated_Source\PSoC5/Timer_1.c **** void Timer_1_Init(void) 
  44:Generated_Source\PSoC5/Timer_1.c **** {
  34              		.loc 1 44 0
  35              		.cfi_startproc
  36              		@ args = 0, pretend = 0, frame = 0
  37              		@ frame_needed = 1, uses_anonymous_args = 0
  38 0000 80B5     		push	{r7, lr}
  39              		.cfi_def_cfa_offset 8
  40              		.cfi_offset 7, -8
  41              		.cfi_offset 14, -4
  42 0002 00AF     		add	r7, sp, #0
  43              		.cfi_def_cfa_register 7
  45:Generated_Source\PSoC5/Timer_1.c ****     #if(!Timer_1_UsingFixedFunction)
  46:Generated_Source\PSoC5/Timer_1.c ****             /* Interrupt State Backup for Critical Region*/
  47:Generated_Source\PSoC5/Timer_1.c ****             uint8 Timer_1_interruptState;
  48:Generated_Source\PSoC5/Timer_1.c ****     #endif /* Interrupt state back up for Fixed Function only */
  49:Generated_Source\PSoC5/Timer_1.c **** 
  50:Generated_Source\PSoC5/Timer_1.c ****     #if (Timer_1_UsingFixedFunction)
  51:Generated_Source\PSoC5/Timer_1.c ****         /* Clear all bits but the enable bit (if it's already set) for Timer operation */
  52:Generated_Source\PSoC5/Timer_1.c ****         Timer_1_CONTROL &= Timer_1_CTRL_ENABLE;
  44              		.loc 1 52 0
  45 0004 344A     		ldr	r2, .L2
  46 0006 344B     		ldr	r3, .L2
  47 0008 1B78     		ldrb	r3, [r3]
  48 000a DBB2     		uxtb	r3, r3
  49 000c 03F00103 		and	r3, r3, #1
  50 0010 DBB2     		uxtb	r3, r3
  51 0012 1370     		strb	r3, [r2]
  53:Generated_Source\PSoC5/Timer_1.c **** 
  54:Generated_Source\PSoC5/Timer_1.c ****         /* Clear the mode bits for continuous run mode */
  55:Generated_Source\PSoC5/Timer_1.c ****         #if (CY_PSOC5A)
  56:Generated_Source\PSoC5/Timer_1.c ****             Timer_1_CONTROL2 &= ((uint8)(~Timer_1_CTRL_MODE_MASK));
  57:Generated_Source\PSoC5/Timer_1.c ****         #endif /* Clear bits in CONTROL2 only in PSOC5A */
  58:Generated_Source\PSoC5/Timer_1.c **** 
  59:Generated_Source\PSoC5/Timer_1.c ****         #if (CY_PSOC3 || CY_PSOC5LP)
  60:Generated_Source\PSoC5/Timer_1.c ****             Timer_1_CONTROL3 &= ((uint8)(~Timer_1_CTRL_MODE_MASK));
  52              		.loc 1 60 0
  53 0014 314A     		ldr	r2, .L2+4
  54 0016 314B     		ldr	r3, .L2+4
ARM GAS  C:\Users\Joe\AppData\Local\Temp\ccqsEhFj.s 			page 3


  55 0018 1B78     		ldrb	r3, [r3]
  56 001a DBB2     		uxtb	r3, r3
  57 001c 23F00303 		bic	r3, r3, #3
  58 0020 DBB2     		uxtb	r3, r3
  59 0022 1370     		strb	r3, [r2]
  61:Generated_Source\PSoC5/Timer_1.c ****         #endif /* CONTROL3 register exists only in PSoC3 OR PSoC5LP */
  62:Generated_Source\PSoC5/Timer_1.c **** 
  63:Generated_Source\PSoC5/Timer_1.c ****         /* Check if One Shot mode is enabled i.e. RunMode !=0*/
  64:Generated_Source\PSoC5/Timer_1.c ****         #if (Timer_1_RunModeUsed != 0x0u)
  65:Generated_Source\PSoC5/Timer_1.c ****             /* Set 3rd bit of Control register to enable one shot mode */
  66:Generated_Source\PSoC5/Timer_1.c ****             Timer_1_CONTROL |= 0x04u;
  67:Generated_Source\PSoC5/Timer_1.c ****         #endif /* One Shot enabled only when RunModeUsed is not Continuous*/
  68:Generated_Source\PSoC5/Timer_1.c **** 
  69:Generated_Source\PSoC5/Timer_1.c ****         #if (Timer_1_RunModeUsed == 2)
  70:Generated_Source\PSoC5/Timer_1.c ****             #if (CY_PSOC5A)
  71:Generated_Source\PSoC5/Timer_1.c ****                 /* Set last 2 bits of control2 register if one shot(halt on
  72:Generated_Source\PSoC5/Timer_1.c ****                 interrupt) is enabled*/
  73:Generated_Source\PSoC5/Timer_1.c ****                 Timer_1_CONTROL2 |= 0x03u;
  74:Generated_Source\PSoC5/Timer_1.c ****             #endif /* Set One-Shot Halt on Interrupt bit in CONTROL2 for PSoC5A */
  75:Generated_Source\PSoC5/Timer_1.c **** 
  76:Generated_Source\PSoC5/Timer_1.c ****             #if (CY_PSOC3 || CY_PSOC5LP)
  77:Generated_Source\PSoC5/Timer_1.c ****                 /* Set last 2 bits of control3 register if one shot(halt on
  78:Generated_Source\PSoC5/Timer_1.c ****                 interrupt) is enabled*/
  79:Generated_Source\PSoC5/Timer_1.c ****                 Timer_1_CONTROL3 |= 0x03u;
  80:Generated_Source\PSoC5/Timer_1.c ****             #endif /* Set One-Shot Halt on Interrupt bit in CONTROL3 for PSoC3 or PSoC5LP */
  81:Generated_Source\PSoC5/Timer_1.c **** 
  82:Generated_Source\PSoC5/Timer_1.c ****         #endif /* Remove section if One Shot Halt on Interrupt is not enabled */
  83:Generated_Source\PSoC5/Timer_1.c **** 
  84:Generated_Source\PSoC5/Timer_1.c ****         #if (Timer_1_UsingHWEnable != 0)
  85:Generated_Source\PSoC5/Timer_1.c ****             #if (CY_PSOC5A)
  86:Generated_Source\PSoC5/Timer_1.c ****                 /* Set the default Run Mode of the Timer to Continuous */
  87:Generated_Source\PSoC5/Timer_1.c ****                 Timer_1_CONTROL2 |= Timer_1_CTRL_MODE_PULSEWIDTH;
  88:Generated_Source\PSoC5/Timer_1.c ****             #endif /* Set Continuous Run Mode in CONTROL2 for PSoC5A */
  89:Generated_Source\PSoC5/Timer_1.c **** 
  90:Generated_Source\PSoC5/Timer_1.c ****             #if (CY_PSOC3 || CY_PSOC5LP)
  91:Generated_Source\PSoC5/Timer_1.c ****                 /* Clear and Set ROD and COD bits of CFG2 register */
  92:Generated_Source\PSoC5/Timer_1.c ****                 Timer_1_CONTROL3 &= ((uint8)(~Timer_1_CTRL_RCOD_MASK));
  60              		.loc 1 92 0
  61 0024 2D4A     		ldr	r2, .L2+4
  62 0026 2D4B     		ldr	r3, .L2+4
  63 0028 1B78     		ldrb	r3, [r3]
  64 002a DBB2     		uxtb	r3, r3
  65 002c 23F00C03 		bic	r3, r3, #12
  66 0030 DBB2     		uxtb	r3, r3
  67 0032 1370     		strb	r3, [r2]
  93:Generated_Source\PSoC5/Timer_1.c ****                 Timer_1_CONTROL3 |= Timer_1_CTRL_RCOD;
  68              		.loc 1 93 0
  69 0034 294A     		ldr	r2, .L2+4
  70 0036 294B     		ldr	r3, .L2+4
  71 0038 1B78     		ldrb	r3, [r3]
  72 003a DBB2     		uxtb	r3, r3
  73 003c 43F00C03 		orr	r3, r3, #12
  74 0040 DBB2     		uxtb	r3, r3
  75 0042 1370     		strb	r3, [r2]
  94:Generated_Source\PSoC5/Timer_1.c **** 
  95:Generated_Source\PSoC5/Timer_1.c ****                 /* Clear and Enable the HW enable bit in CFG2 register */
  96:Generated_Source\PSoC5/Timer_1.c ****                 Timer_1_CONTROL3 &= ((uint8)(~Timer_1_CTRL_ENBL_MASK));
ARM GAS  C:\Users\Joe\AppData\Local\Temp\ccqsEhFj.s 			page 4


  76              		.loc 1 96 0
  77 0044 254A     		ldr	r2, .L2+4
  78 0046 254B     		ldr	r3, .L2+4
  79 0048 1B78     		ldrb	r3, [r3]
  80 004a DBB2     		uxtb	r3, r3
  81 004c 03F07F03 		and	r3, r3, #127
  82 0050 DBB2     		uxtb	r3, r3
  83 0052 1370     		strb	r3, [r2]
  97:Generated_Source\PSoC5/Timer_1.c ****                 Timer_1_CONTROL3 |= Timer_1_CTRL_ENBL;
  84              		.loc 1 97 0
  85 0054 214A     		ldr	r2, .L2+4
  86 0056 214B     		ldr	r3, .L2+4
  87 0058 1B78     		ldrb	r3, [r3]
  88 005a DBB2     		uxtb	r3, r3
  89 005c 63F07F03 		orn	r3, r3, #127
  90 0060 DBB2     		uxtb	r3, r3
  91 0062 1370     		strb	r3, [r2]
  98:Generated_Source\PSoC5/Timer_1.c **** 
  99:Generated_Source\PSoC5/Timer_1.c ****                 /* Set the default Run Mode of the Timer to Continuous */
 100:Generated_Source\PSoC5/Timer_1.c ****                 Timer_1_CONTROL3 |= Timer_1_CTRL_MODE_CONTINUOUS;
  92              		.loc 1 100 0
  93 0064 1D4B     		ldr	r3, .L2+4
  94 0066 1D4A     		ldr	r2, .L2+4
  95 0068 1278     		ldrb	r2, [r2]
  96 006a D2B2     		uxtb	r2, r2
  97 006c 1A70     		strb	r2, [r3]
 101:Generated_Source\PSoC5/Timer_1.c ****             #endif /* Set Continuous Run Mode in CONTROL3 for PSoC3ES3 or PSoC5A */
 102:Generated_Source\PSoC5/Timer_1.c **** 
 103:Generated_Source\PSoC5/Timer_1.c ****         #endif /* Configure Run Mode with hardware enable */
 104:Generated_Source\PSoC5/Timer_1.c **** 
 105:Generated_Source\PSoC5/Timer_1.c ****         /* Clear and Set SYNCTC and SYNCCMP bits of RT1 register */
 106:Generated_Source\PSoC5/Timer_1.c ****         Timer_1_RT1 &= ((uint8)(~Timer_1_RT1_MASK));
  98              		.loc 1 106 0
  99 006e 1C4A     		ldr	r2, .L2+8
 100 0070 1B4B     		ldr	r3, .L2+8
 101 0072 1B78     		ldrb	r3, [r3]
 102 0074 DBB2     		uxtb	r3, r3
 103 0076 23F03003 		bic	r3, r3, #48
 104 007a DBB2     		uxtb	r3, r3
 105 007c 1370     		strb	r3, [r2]
 107:Generated_Source\PSoC5/Timer_1.c ****         Timer_1_RT1 |= Timer_1_SYNC;
 106              		.loc 1 107 0
 107 007e 184A     		ldr	r2, .L2+8
 108 0080 174B     		ldr	r3, .L2+8
 109 0082 1B78     		ldrb	r3, [r3]
 110 0084 DBB2     		uxtb	r3, r3
 111 0086 43F03003 		orr	r3, r3, #48
 112 008a DBB2     		uxtb	r3, r3
 113 008c 1370     		strb	r3, [r2]
 108:Generated_Source\PSoC5/Timer_1.c **** 
 109:Generated_Source\PSoC5/Timer_1.c ****         /*Enable DSI Sync all all inputs of the Timer*/
 110:Generated_Source\PSoC5/Timer_1.c ****         Timer_1_RT1 &= ((uint8)(~Timer_1_SYNCDSI_MASK));
 114              		.loc 1 110 0
 115 008e 144A     		ldr	r2, .L2+8
 116 0090 134B     		ldr	r3, .L2+8
 117 0092 1B78     		ldrb	r3, [r3]
 118 0094 DBB2     		uxtb	r3, r3
ARM GAS  C:\Users\Joe\AppData\Local\Temp\ccqsEhFj.s 			page 5


 119 0096 23F00F03 		bic	r3, r3, #15
 120 009a DBB2     		uxtb	r3, r3
 121 009c 1370     		strb	r3, [r2]
 111:Generated_Source\PSoC5/Timer_1.c ****         Timer_1_RT1 |= Timer_1_SYNCDSI_EN;
 122              		.loc 1 111 0
 123 009e 104A     		ldr	r2, .L2+8
 124 00a0 0F4B     		ldr	r3, .L2+8
 125 00a2 1B78     		ldrb	r3, [r3]
 126 00a4 DBB2     		uxtb	r3, r3
 127 00a6 43F00F03 		orr	r3, r3, #15
 128 00aa DBB2     		uxtb	r3, r3
 129 00ac 1370     		strb	r3, [r2]
 112:Generated_Source\PSoC5/Timer_1.c **** 
 113:Generated_Source\PSoC5/Timer_1.c ****         /* Set the IRQ to use the status register interrupts */
 114:Generated_Source\PSoC5/Timer_1.c ****         Timer_1_CONTROL2 |= Timer_1_CTRL2_IRQ_SEL;
 130              		.loc 1 114 0
 131 00ae 0D4A     		ldr	r2, .L2+12
 132 00b0 0C4B     		ldr	r3, .L2+12
 133 00b2 1B78     		ldrb	r3, [r3]
 134 00b4 DBB2     		uxtb	r3, r3
 135 00b6 43F00103 		orr	r3, r3, #1
 136 00ba DBB2     		uxtb	r3, r3
 137 00bc 1370     		strb	r3, [r2]
 115:Generated_Source\PSoC5/Timer_1.c ****     #endif /* Configuring registers of fixed function implementation */
 116:Generated_Source\PSoC5/Timer_1.c **** 
 117:Generated_Source\PSoC5/Timer_1.c ****     /* Set Initial values from Configuration */
 118:Generated_Source\PSoC5/Timer_1.c ****     Timer_1_WritePeriod(Timer_1_INIT_PERIOD);
 138              		.loc 1 118 0
 139 00be 40F2E730 		movw	r0, #999
 140 00c2 FFF7FEFF 		bl	Timer_1_WritePeriod
 119:Generated_Source\PSoC5/Timer_1.c ****     Timer_1_WriteCounter(Timer_1_INIT_PERIOD);
 141              		.loc 1 119 0
 142 00c6 40F2E730 		movw	r0, #999
 143 00ca FFF7FEFF 		bl	Timer_1_WriteCounter
 120:Generated_Source\PSoC5/Timer_1.c **** 
 121:Generated_Source\PSoC5/Timer_1.c ****     #if (Timer_1_UsingHWCaptureCounter)/* Capture counter is enabled */
 122:Generated_Source\PSoC5/Timer_1.c ****         Timer_1_CAPTURE_COUNT_CTRL |= Timer_1_CNTR_ENABLE;
 123:Generated_Source\PSoC5/Timer_1.c ****         Timer_1_SetCaptureCount(Timer_1_INIT_CAPTURE_COUNT);
 124:Generated_Source\PSoC5/Timer_1.c ****     #endif /* Configure capture counter value */
 125:Generated_Source\PSoC5/Timer_1.c **** 
 126:Generated_Source\PSoC5/Timer_1.c ****     #if (!Timer_1_UsingFixedFunction)
 127:Generated_Source\PSoC5/Timer_1.c ****         #if (Timer_1_SoftwareCaptureMode)
 128:Generated_Source\PSoC5/Timer_1.c ****             Timer_1_SetCaptureMode(Timer_1_INIT_CAPTURE_MODE);
 129:Generated_Source\PSoC5/Timer_1.c ****         #endif /* Set Capture Mode for UDB implementation if capture mode is software controlled */
 130:Generated_Source\PSoC5/Timer_1.c **** 
 131:Generated_Source\PSoC5/Timer_1.c ****         #if (Timer_1_SoftwareTriggerMode)
 132:Generated_Source\PSoC5/Timer_1.c ****             #if (!Timer_1_UDB_CONTROL_REG_REMOVED)
 133:Generated_Source\PSoC5/Timer_1.c ****                 if (0u == (Timer_1_CONTROL & Timer_1__B_TIMER__TM_SOFTWARE))
 134:Generated_Source\PSoC5/Timer_1.c ****                 {
 135:Generated_Source\PSoC5/Timer_1.c ****                     Timer_1_SetTriggerMode(Timer_1_INIT_TRIGGER_MODE);
 136:Generated_Source\PSoC5/Timer_1.c ****                 }
 137:Generated_Source\PSoC5/Timer_1.c ****             #endif /* (!Timer_1_UDB_CONTROL_REG_REMOVED) */
 138:Generated_Source\PSoC5/Timer_1.c ****         #endif /* Set trigger mode for UDB Implementation if trigger mode is software controlled */
 139:Generated_Source\PSoC5/Timer_1.c **** 
 140:Generated_Source\PSoC5/Timer_1.c ****         /* CyEnterCriticalRegion and CyExitCriticalRegion are used to mark following region critica
 141:Generated_Source\PSoC5/Timer_1.c ****         /* Enter Critical Region*/
 142:Generated_Source\PSoC5/Timer_1.c ****         Timer_1_interruptState = CyEnterCriticalSection();
ARM GAS  C:\Users\Joe\AppData\Local\Temp\ccqsEhFj.s 			page 6


 143:Generated_Source\PSoC5/Timer_1.c **** 
 144:Generated_Source\PSoC5/Timer_1.c ****         /* Use the interrupt output of the status register for IRQ output */
 145:Generated_Source\PSoC5/Timer_1.c ****         Timer_1_STATUS_AUX_CTRL |= Timer_1_STATUS_ACTL_INT_EN_MASK;
 146:Generated_Source\PSoC5/Timer_1.c **** 
 147:Generated_Source\PSoC5/Timer_1.c ****         /* Exit Critical Region*/
 148:Generated_Source\PSoC5/Timer_1.c ****         CyExitCriticalSection(Timer_1_interruptState);
 149:Generated_Source\PSoC5/Timer_1.c **** 
 150:Generated_Source\PSoC5/Timer_1.c ****         #if (Timer_1_EnableTriggerMode)
 151:Generated_Source\PSoC5/Timer_1.c ****             Timer_1_EnableTrigger();
 152:Generated_Source\PSoC5/Timer_1.c ****         #endif /* Set Trigger enable bit for UDB implementation in the control register*/
 153:Generated_Source\PSoC5/Timer_1.c **** 		
 154:Generated_Source\PSoC5/Timer_1.c **** 		
 155:Generated_Source\PSoC5/Timer_1.c ****         #if (Timer_1_InterruptOnCaptureCount && !Timer_1_UDB_CONTROL_REG_REMOVED)
 156:Generated_Source\PSoC5/Timer_1.c ****             Timer_1_SetInterruptCount(Timer_1_INIT_INT_CAPTURE_COUNT);
 157:Generated_Source\PSoC5/Timer_1.c ****         #endif /* Set interrupt count in UDB implementation if interrupt count feature is checked.*
 158:Generated_Source\PSoC5/Timer_1.c **** 
 159:Generated_Source\PSoC5/Timer_1.c ****         Timer_1_ClearFIFO();
 160:Generated_Source\PSoC5/Timer_1.c ****     #endif /* Configure additional features of UDB implementation */
 161:Generated_Source\PSoC5/Timer_1.c **** 
 162:Generated_Source\PSoC5/Timer_1.c ****     Timer_1_SetInterruptMode(Timer_1_INIT_INTERRUPT_MODE);
 144              		.loc 1 162 0
 145 00ce 0820     		movs	r0, #8
 146 00d0 FFF7FEFF 		bl	Timer_1_SetInterruptMode
 163:Generated_Source\PSoC5/Timer_1.c **** }
 147              		.loc 1 163 0
 148 00d4 00BF     		nop
 149 00d6 80BD     		pop	{r7, pc}
 150              	.L3:
 151              		.align	2
 152              	.L2:
 153 00d8 004F0040 		.word	1073762048
 154 00dc 024F0040 		.word	1073762050
 155 00e0 0B4F0040 		.word	1073762059
 156 00e4 014F0040 		.word	1073762049
 157              		.cfi_endproc
 158              	.LFE0:
 159              		.size	Timer_1_Init, .-Timer_1_Init
 160              		.section	.text.Timer_1_Enable,"ax",%progbits
 161              		.align	2
 162              		.global	Timer_1_Enable
 163              		.thumb
 164              		.thumb_func
 165              		.type	Timer_1_Enable, %function
 166              	Timer_1_Enable:
 167              	.LFB1:
 164:Generated_Source\PSoC5/Timer_1.c **** 
 165:Generated_Source\PSoC5/Timer_1.c **** 
 166:Generated_Source\PSoC5/Timer_1.c **** /*******************************************************************************
 167:Generated_Source\PSoC5/Timer_1.c **** * Function Name: Timer_1_Enable
 168:Generated_Source\PSoC5/Timer_1.c **** ********************************************************************************
 169:Generated_Source\PSoC5/Timer_1.c **** *
 170:Generated_Source\PSoC5/Timer_1.c **** * Summary:
 171:Generated_Source\PSoC5/Timer_1.c **** *  Enable the Timer
 172:Generated_Source\PSoC5/Timer_1.c **** *
 173:Generated_Source\PSoC5/Timer_1.c **** * Parameters:
 174:Generated_Source\PSoC5/Timer_1.c **** *  void
 175:Generated_Source\PSoC5/Timer_1.c **** *
ARM GAS  C:\Users\Joe\AppData\Local\Temp\ccqsEhFj.s 			page 7


 176:Generated_Source\PSoC5/Timer_1.c **** * Return:
 177:Generated_Source\PSoC5/Timer_1.c **** *  void
 178:Generated_Source\PSoC5/Timer_1.c **** *
 179:Generated_Source\PSoC5/Timer_1.c **** *******************************************************************************/
 180:Generated_Source\PSoC5/Timer_1.c **** void Timer_1_Enable(void) 
 181:Generated_Source\PSoC5/Timer_1.c **** {
 168              		.loc 1 181 0
 169              		.cfi_startproc
 170              		@ args = 0, pretend = 0, frame = 0
 171              		@ frame_needed = 1, uses_anonymous_args = 0
 172              		@ link register save eliminated.
 173 0000 80B4     		push	{r7}
 174              		.cfi_def_cfa_offset 4
 175              		.cfi_offset 7, -4
 176 0002 00AF     		add	r7, sp, #0
 177              		.cfi_def_cfa_register 7
 182:Generated_Source\PSoC5/Timer_1.c ****     /* Globally Enable the Fixed Function Block chosen */
 183:Generated_Source\PSoC5/Timer_1.c ****     #if (Timer_1_UsingFixedFunction)
 184:Generated_Source\PSoC5/Timer_1.c ****         Timer_1_GLOBAL_ENABLE |= Timer_1_BLOCK_EN_MASK;
 178              		.loc 1 184 0
 179 0004 0D4A     		ldr	r2, .L5
 180 0006 0D4B     		ldr	r3, .L5
 181 0008 1B78     		ldrb	r3, [r3]
 182 000a DBB2     		uxtb	r3, r3
 183 000c 43F00103 		orr	r3, r3, #1
 184 0010 DBB2     		uxtb	r3, r3
 185 0012 1370     		strb	r3, [r2]
 185:Generated_Source\PSoC5/Timer_1.c ****         Timer_1_GLOBAL_STBY_ENABLE |= Timer_1_BLOCK_STBY_EN_MASK;
 186              		.loc 1 185 0
 187 0014 0A4A     		ldr	r2, .L5+4
 188 0016 0A4B     		ldr	r3, .L5+4
 189 0018 1B78     		ldrb	r3, [r3]
 190 001a DBB2     		uxtb	r3, r3
 191 001c 43F00103 		orr	r3, r3, #1
 192 0020 DBB2     		uxtb	r3, r3
 193 0022 1370     		strb	r3, [r2]
 186:Generated_Source\PSoC5/Timer_1.c ****     #endif /* Set Enable bit for enabling Fixed function timer*/
 187:Generated_Source\PSoC5/Timer_1.c **** 
 188:Generated_Source\PSoC5/Timer_1.c ****     /* Remove assignment if control register is removed */
 189:Generated_Source\PSoC5/Timer_1.c ****     #if (!Timer_1_UDB_CONTROL_REG_REMOVED || Timer_1_UsingFixedFunction)
 190:Generated_Source\PSoC5/Timer_1.c ****         Timer_1_CONTROL |= Timer_1_CTRL_ENABLE;
 194              		.loc 1 190 0
 195 0024 074A     		ldr	r2, .L5+8
 196 0026 074B     		ldr	r3, .L5+8
 197 0028 1B78     		ldrb	r3, [r3]
 198 002a DBB2     		uxtb	r3, r3
 199 002c 43F00103 		orr	r3, r3, #1
 200 0030 DBB2     		uxtb	r3, r3
 201 0032 1370     		strb	r3, [r2]
 191:Generated_Source\PSoC5/Timer_1.c ****     #endif /* Remove assignment if control register is removed */
 192:Generated_Source\PSoC5/Timer_1.c **** }
 202              		.loc 1 192 0
 203 0034 00BF     		nop
 204 0036 BD46     		mov	sp, r7
 205              		.cfi_def_cfa_register 13
 206              		@ sp needed
 207 0038 80BC     		pop	{r7}
ARM GAS  C:\Users\Joe\AppData\Local\Temp\ccqsEhFj.s 			page 8


 208              		.cfi_restore 7
 209              		.cfi_def_cfa_offset 0
 210 003a 7047     		bx	lr
 211              	.L6:
 212              		.align	2
 213              	.L5:
 214 003c A3430040 		.word	1073759139
 215 0040 B3430040 		.word	1073759155
 216 0044 004F0040 		.word	1073762048
 217              		.cfi_endproc
 218              	.LFE1:
 219              		.size	Timer_1_Enable, .-Timer_1_Enable
 220              		.section	.text.Timer_1_Start,"ax",%progbits
 221              		.align	2
 222              		.global	Timer_1_Start
 223              		.thumb
 224              		.thumb_func
 225              		.type	Timer_1_Start, %function
 226              	Timer_1_Start:
 227              	.LFB2:
 193:Generated_Source\PSoC5/Timer_1.c **** 
 194:Generated_Source\PSoC5/Timer_1.c **** 
 195:Generated_Source\PSoC5/Timer_1.c **** /*******************************************************************************
 196:Generated_Source\PSoC5/Timer_1.c **** * Function Name: Timer_1_Start
 197:Generated_Source\PSoC5/Timer_1.c **** ********************************************************************************
 198:Generated_Source\PSoC5/Timer_1.c **** *
 199:Generated_Source\PSoC5/Timer_1.c **** * Summary:
 200:Generated_Source\PSoC5/Timer_1.c **** *  The start function initializes the timer with the default values, the
 201:Generated_Source\PSoC5/Timer_1.c **** *  enables the timerto begin counting.  It does not enable interrupts,
 202:Generated_Source\PSoC5/Timer_1.c **** *  the EnableInt command should be called if interrupt generation is required.
 203:Generated_Source\PSoC5/Timer_1.c **** *
 204:Generated_Source\PSoC5/Timer_1.c **** * Parameters:
 205:Generated_Source\PSoC5/Timer_1.c **** *  void
 206:Generated_Source\PSoC5/Timer_1.c **** *
 207:Generated_Source\PSoC5/Timer_1.c **** * Return:
 208:Generated_Source\PSoC5/Timer_1.c **** *  void
 209:Generated_Source\PSoC5/Timer_1.c **** *
 210:Generated_Source\PSoC5/Timer_1.c **** * Global variables:
 211:Generated_Source\PSoC5/Timer_1.c **** *  Timer_1_initVar: Is modified when this function is called for the
 212:Generated_Source\PSoC5/Timer_1.c **** *   first time. Is used to ensure that initialization happens only once.
 213:Generated_Source\PSoC5/Timer_1.c **** *
 214:Generated_Source\PSoC5/Timer_1.c **** *******************************************************************************/
 215:Generated_Source\PSoC5/Timer_1.c **** void Timer_1_Start(void) 
 216:Generated_Source\PSoC5/Timer_1.c **** {
 228              		.loc 1 216 0
 229              		.cfi_startproc
 230              		@ args = 0, pretend = 0, frame = 0
 231              		@ frame_needed = 1, uses_anonymous_args = 0
 232 0000 80B5     		push	{r7, lr}
 233              		.cfi_def_cfa_offset 8
 234              		.cfi_offset 7, -8
 235              		.cfi_offset 14, -4
 236 0002 00AF     		add	r7, sp, #0
 237              		.cfi_def_cfa_register 7
 217:Generated_Source\PSoC5/Timer_1.c ****     if(Timer_1_initVar == 0u)
 238              		.loc 1 217 0
 239 0004 064B     		ldr	r3, .L9
ARM GAS  C:\Users\Joe\AppData\Local\Temp\ccqsEhFj.s 			page 9


 240 0006 1B78     		ldrb	r3, [r3]	@ zero_extendqisi2
 241 0008 002B     		cmp	r3, #0
 242 000a 04D1     		bne	.L8
 218:Generated_Source\PSoC5/Timer_1.c ****     {
 219:Generated_Source\PSoC5/Timer_1.c ****         Timer_1_Init();
 243              		.loc 1 219 0
 244 000c FFF7FEFF 		bl	Timer_1_Init
 220:Generated_Source\PSoC5/Timer_1.c **** 
 221:Generated_Source\PSoC5/Timer_1.c ****         Timer_1_initVar = 1u;   /* Clear this bit for Initialization */
 245              		.loc 1 221 0
 246 0010 034B     		ldr	r3, .L9
 247 0012 0122     		movs	r2, #1
 248 0014 1A70     		strb	r2, [r3]
 249              	.L8:
 222:Generated_Source\PSoC5/Timer_1.c ****     }
 223:Generated_Source\PSoC5/Timer_1.c **** 
 224:Generated_Source\PSoC5/Timer_1.c ****     /* Enable the Timer */
 225:Generated_Source\PSoC5/Timer_1.c ****     Timer_1_Enable();
 250              		.loc 1 225 0
 251 0016 FFF7FEFF 		bl	Timer_1_Enable
 226:Generated_Source\PSoC5/Timer_1.c **** }
 252              		.loc 1 226 0
 253 001a 00BF     		nop
 254 001c 80BD     		pop	{r7, pc}
 255              	.L10:
 256 001e 00BF     		.align	2
 257              	.L9:
 258 0020 00000000 		.word	Timer_1_initVar
 259              		.cfi_endproc
 260              	.LFE2:
 261              		.size	Timer_1_Start, .-Timer_1_Start
 262              		.section	.text.Timer_1_Stop,"ax",%progbits
 263              		.align	2
 264              		.global	Timer_1_Stop
 265              		.thumb
 266              		.thumb_func
 267              		.type	Timer_1_Stop, %function
 268              	Timer_1_Stop:
 269              	.LFB3:
 227:Generated_Source\PSoC5/Timer_1.c **** 
 228:Generated_Source\PSoC5/Timer_1.c **** 
 229:Generated_Source\PSoC5/Timer_1.c **** /*******************************************************************************
 230:Generated_Source\PSoC5/Timer_1.c **** * Function Name: Timer_1_Stop
 231:Generated_Source\PSoC5/Timer_1.c **** ********************************************************************************
 232:Generated_Source\PSoC5/Timer_1.c **** *
 233:Generated_Source\PSoC5/Timer_1.c **** * Summary:
 234:Generated_Source\PSoC5/Timer_1.c **** *  The stop function halts the timer, but does not change any modes or disable
 235:Generated_Source\PSoC5/Timer_1.c **** *  interrupts.
 236:Generated_Source\PSoC5/Timer_1.c **** *
 237:Generated_Source\PSoC5/Timer_1.c **** * Parameters:
 238:Generated_Source\PSoC5/Timer_1.c **** *  void
 239:Generated_Source\PSoC5/Timer_1.c **** *
 240:Generated_Source\PSoC5/Timer_1.c **** * Return:
 241:Generated_Source\PSoC5/Timer_1.c **** *  void
 242:Generated_Source\PSoC5/Timer_1.c **** *
 243:Generated_Source\PSoC5/Timer_1.c **** * Side Effects: If the Enable mode is set to Hardware only then this function
 244:Generated_Source\PSoC5/Timer_1.c **** *               has no effect on the operation of the timer.
ARM GAS  C:\Users\Joe\AppData\Local\Temp\ccqsEhFj.s 			page 10


 245:Generated_Source\PSoC5/Timer_1.c **** *
 246:Generated_Source\PSoC5/Timer_1.c **** *******************************************************************************/
 247:Generated_Source\PSoC5/Timer_1.c **** void Timer_1_Stop(void) 
 248:Generated_Source\PSoC5/Timer_1.c **** {
 270              		.loc 1 248 0
 271              		.cfi_startproc
 272              		@ args = 0, pretend = 0, frame = 0
 273              		@ frame_needed = 1, uses_anonymous_args = 0
 274              		@ link register save eliminated.
 275 0000 80B4     		push	{r7}
 276              		.cfi_def_cfa_offset 4
 277              		.cfi_offset 7, -4
 278 0002 00AF     		add	r7, sp, #0
 279              		.cfi_def_cfa_register 7
 249:Generated_Source\PSoC5/Timer_1.c ****     /* Disable Timer */
 250:Generated_Source\PSoC5/Timer_1.c ****     #if(!Timer_1_UDB_CONTROL_REG_REMOVED || Timer_1_UsingFixedFunction)
 251:Generated_Source\PSoC5/Timer_1.c ****         Timer_1_CONTROL &= ((uint8)(~Timer_1_CTRL_ENABLE));
 280              		.loc 1 251 0
 281 0004 0D4A     		ldr	r2, .L12
 282 0006 0D4B     		ldr	r3, .L12
 283 0008 1B78     		ldrb	r3, [r3]
 284 000a DBB2     		uxtb	r3, r3
 285 000c 23F00103 		bic	r3, r3, #1
 286 0010 DBB2     		uxtb	r3, r3
 287 0012 1370     		strb	r3, [r2]
 252:Generated_Source\PSoC5/Timer_1.c ****     #endif /* Remove assignment if control register is removed */
 253:Generated_Source\PSoC5/Timer_1.c **** 
 254:Generated_Source\PSoC5/Timer_1.c ****     /* Globally disable the Fixed Function Block chosen */
 255:Generated_Source\PSoC5/Timer_1.c ****     #if (Timer_1_UsingFixedFunction)
 256:Generated_Source\PSoC5/Timer_1.c ****         Timer_1_GLOBAL_ENABLE &= ((uint8)(~Timer_1_BLOCK_EN_MASK));
 288              		.loc 1 256 0
 289 0014 0A4A     		ldr	r2, .L12+4
 290 0016 0A4B     		ldr	r3, .L12+4
 291 0018 1B78     		ldrb	r3, [r3]
 292 001a DBB2     		uxtb	r3, r3
 293 001c 23F00103 		bic	r3, r3, #1
 294 0020 DBB2     		uxtb	r3, r3
 295 0022 1370     		strb	r3, [r2]
 257:Generated_Source\PSoC5/Timer_1.c ****         Timer_1_GLOBAL_STBY_ENABLE &= ((uint8)(~Timer_1_BLOCK_STBY_EN_MASK));
 296              		.loc 1 257 0
 297 0024 074A     		ldr	r2, .L12+8
 298 0026 074B     		ldr	r3, .L12+8
 299 0028 1B78     		ldrb	r3, [r3]
 300 002a DBB2     		uxtb	r3, r3
 301 002c 23F00103 		bic	r3, r3, #1
 302 0030 DBB2     		uxtb	r3, r3
 303 0032 1370     		strb	r3, [r2]
 258:Generated_Source\PSoC5/Timer_1.c ****     #endif /* Disable global enable for the Timer Fixed function block to stop the Timer*/
 259:Generated_Source\PSoC5/Timer_1.c **** }
 304              		.loc 1 259 0
 305 0034 00BF     		nop
 306 0036 BD46     		mov	sp, r7
 307              		.cfi_def_cfa_register 13
 308              		@ sp needed
 309 0038 80BC     		pop	{r7}
 310              		.cfi_restore 7
 311              		.cfi_def_cfa_offset 0
ARM GAS  C:\Users\Joe\AppData\Local\Temp\ccqsEhFj.s 			page 11


 312 003a 7047     		bx	lr
 313              	.L13:
 314              		.align	2
 315              	.L12:
 316 003c 004F0040 		.word	1073762048
 317 0040 A3430040 		.word	1073759139
 318 0044 B3430040 		.word	1073759155
 319              		.cfi_endproc
 320              	.LFE3:
 321              		.size	Timer_1_Stop, .-Timer_1_Stop
 322              		.section	.text.Timer_1_SetInterruptMode,"ax",%progbits
 323              		.align	2
 324              		.global	Timer_1_SetInterruptMode
 325              		.thumb
 326              		.thumb_func
 327              		.type	Timer_1_SetInterruptMode, %function
 328              	Timer_1_SetInterruptMode:
 329              	.LFB4:
 260:Generated_Source\PSoC5/Timer_1.c **** 
 261:Generated_Source\PSoC5/Timer_1.c **** 
 262:Generated_Source\PSoC5/Timer_1.c **** /*******************************************************************************
 263:Generated_Source\PSoC5/Timer_1.c **** * Function Name: Timer_1_SetInterruptMode
 264:Generated_Source\PSoC5/Timer_1.c **** ********************************************************************************
 265:Generated_Source\PSoC5/Timer_1.c **** *
 266:Generated_Source\PSoC5/Timer_1.c **** * Summary:
 267:Generated_Source\PSoC5/Timer_1.c **** *  This function selects which of the interrupt inputs may cause an interrupt.
 268:Generated_Source\PSoC5/Timer_1.c **** *  The twosources are caputure and terminal.  One, both or neither may
 269:Generated_Source\PSoC5/Timer_1.c **** *  be selected.
 270:Generated_Source\PSoC5/Timer_1.c **** *
 271:Generated_Source\PSoC5/Timer_1.c **** * Parameters:
 272:Generated_Source\PSoC5/Timer_1.c **** *  interruptMode:   This parameter is used to enable interrups on either/or
 273:Generated_Source\PSoC5/Timer_1.c **** *                   terminal count or capture.
 274:Generated_Source\PSoC5/Timer_1.c **** *
 275:Generated_Source\PSoC5/Timer_1.c **** * Return:
 276:Generated_Source\PSoC5/Timer_1.c **** *  void
 277:Generated_Source\PSoC5/Timer_1.c **** *
 278:Generated_Source\PSoC5/Timer_1.c **** *******************************************************************************/
 279:Generated_Source\PSoC5/Timer_1.c **** void Timer_1_SetInterruptMode(uint8 interruptMode) 
 280:Generated_Source\PSoC5/Timer_1.c **** {
 330              		.loc 1 280 0
 331              		.cfi_startproc
 332              		@ args = 0, pretend = 0, frame = 8
 333              		@ frame_needed = 1, uses_anonymous_args = 0
 334              		@ link register save eliminated.
 335 0000 80B4     		push	{r7}
 336              		.cfi_def_cfa_offset 4
 337              		.cfi_offset 7, -4
 338 0002 83B0     		sub	sp, sp, #12
 339              		.cfi_def_cfa_offset 16
 340 0004 00AF     		add	r7, sp, #0
 341              		.cfi_def_cfa_register 7
 342 0006 0346     		mov	r3, r0
 343 0008 FB71     		strb	r3, [r7, #7]
 281:Generated_Source\PSoC5/Timer_1.c ****     Timer_1_STATUS_MASK = interruptMode;
 344              		.loc 1 281 0
 345 000a 044A     		ldr	r2, .L15
 346 000c FB79     		ldrb	r3, [r7, #7]
ARM GAS  C:\Users\Joe\AppData\Local\Temp\ccqsEhFj.s 			page 12


 347 000e 1370     		strb	r3, [r2]
 282:Generated_Source\PSoC5/Timer_1.c **** }
 348              		.loc 1 282 0
 349 0010 00BF     		nop
 350 0012 0C37     		adds	r7, r7, #12
 351              		.cfi_def_cfa_offset 4
 352 0014 BD46     		mov	sp, r7
 353              		.cfi_def_cfa_register 13
 354              		@ sp needed
 355 0016 80BC     		pop	{r7}
 356              		.cfi_restore 7
 357              		.cfi_def_cfa_offset 0
 358 0018 7047     		bx	lr
 359              	.L16:
 360 001a 00BF     		.align	2
 361              	.L15:
 362 001c 034F0040 		.word	1073762051
 363              		.cfi_endproc
 364              	.LFE4:
 365              		.size	Timer_1_SetInterruptMode, .-Timer_1_SetInterruptMode
 366              		.section	.text.Timer_1_SoftwareCapture,"ax",%progbits
 367              		.align	2
 368              		.global	Timer_1_SoftwareCapture
 369              		.thumb
 370              		.thumb_func
 371              		.type	Timer_1_SoftwareCapture, %function
 372              	Timer_1_SoftwareCapture:
 373              	.LFB5:
 283:Generated_Source\PSoC5/Timer_1.c **** 
 284:Generated_Source\PSoC5/Timer_1.c **** 
 285:Generated_Source\PSoC5/Timer_1.c **** /*******************************************************************************
 286:Generated_Source\PSoC5/Timer_1.c **** * Function Name: Timer_1_SoftwareCapture
 287:Generated_Source\PSoC5/Timer_1.c **** ********************************************************************************
 288:Generated_Source\PSoC5/Timer_1.c **** *
 289:Generated_Source\PSoC5/Timer_1.c **** * Summary:
 290:Generated_Source\PSoC5/Timer_1.c **** *  This function forces a capture independent of the capture signal.
 291:Generated_Source\PSoC5/Timer_1.c **** *
 292:Generated_Source\PSoC5/Timer_1.c **** * Parameters:
 293:Generated_Source\PSoC5/Timer_1.c **** *  void
 294:Generated_Source\PSoC5/Timer_1.c **** *
 295:Generated_Source\PSoC5/Timer_1.c **** * Return:
 296:Generated_Source\PSoC5/Timer_1.c **** *  void
 297:Generated_Source\PSoC5/Timer_1.c **** *
 298:Generated_Source\PSoC5/Timer_1.c **** * Side Effects:
 299:Generated_Source\PSoC5/Timer_1.c **** *  An existing hardware capture could be overwritten.
 300:Generated_Source\PSoC5/Timer_1.c **** *
 301:Generated_Source\PSoC5/Timer_1.c **** *******************************************************************************/
 302:Generated_Source\PSoC5/Timer_1.c **** void Timer_1_SoftwareCapture(void) 
 303:Generated_Source\PSoC5/Timer_1.c **** {
 374              		.loc 1 303 0
 375              		.cfi_startproc
 376              		@ args = 0, pretend = 0, frame = 0
 377              		@ frame_needed = 1, uses_anonymous_args = 0
 378              		@ link register save eliminated.
 379 0000 80B4     		push	{r7}
 380              		.cfi_def_cfa_offset 4
 381              		.cfi_offset 7, -4
ARM GAS  C:\Users\Joe\AppData\Local\Temp\ccqsEhFj.s 			page 13


 382 0002 00AF     		add	r7, sp, #0
 383              		.cfi_def_cfa_register 7
 304:Generated_Source\PSoC5/Timer_1.c ****     /* Generate a software capture by reading the counter register */
 305:Generated_Source\PSoC5/Timer_1.c ****     #if(Timer_1_UsingFixedFunction)
 306:Generated_Source\PSoC5/Timer_1.c ****         (void)CY_GET_REG16(Timer_1_COUNTER_LSB_PTR);
 384              		.loc 1 306 0
 385 0004 024B     		ldr	r3, .L18
 386 0006 1B88     		ldrh	r3, [r3]	@ movhi
 307:Generated_Source\PSoC5/Timer_1.c ****     #else
 308:Generated_Source\PSoC5/Timer_1.c ****         (void)CY_GET_REG8(Timer_1_COUNTER_LSB_PTR_8BIT);
 309:Generated_Source\PSoC5/Timer_1.c ****     #endif/* (Timer_1_UsingFixedFunction) */
 310:Generated_Source\PSoC5/Timer_1.c ****     /* Capture Data is now in the FIFO */
 311:Generated_Source\PSoC5/Timer_1.c **** }
 387              		.loc 1 311 0
 388 0008 00BF     		nop
 389 000a BD46     		mov	sp, r7
 390              		.cfi_def_cfa_register 13
 391              		@ sp needed
 392 000c 80BC     		pop	{r7}
 393              		.cfi_restore 7
 394              		.cfi_def_cfa_offset 0
 395 000e 7047     		bx	lr
 396              	.L19:
 397              		.align	2
 398              	.L18:
 399 0010 064F0040 		.word	1073762054
 400              		.cfi_endproc
 401              	.LFE5:
 402              		.size	Timer_1_SoftwareCapture, .-Timer_1_SoftwareCapture
 403              		.section	.text.Timer_1_ReadStatusRegister,"ax",%progbits
 404              		.align	2
 405              		.global	Timer_1_ReadStatusRegister
 406              		.thumb
 407              		.thumb_func
 408              		.type	Timer_1_ReadStatusRegister, %function
 409              	Timer_1_ReadStatusRegister:
 410              	.LFB6:
 312:Generated_Source\PSoC5/Timer_1.c **** 
 313:Generated_Source\PSoC5/Timer_1.c **** 
 314:Generated_Source\PSoC5/Timer_1.c **** /*******************************************************************************
 315:Generated_Source\PSoC5/Timer_1.c **** * Function Name: Timer_1_ReadStatusRegister
 316:Generated_Source\PSoC5/Timer_1.c **** ********************************************************************************
 317:Generated_Source\PSoC5/Timer_1.c **** *
 318:Generated_Source\PSoC5/Timer_1.c **** * Summary:
 319:Generated_Source\PSoC5/Timer_1.c **** *  Reads the status register and returns it's state. This function should use
 320:Generated_Source\PSoC5/Timer_1.c **** *  defined types for the bit-field information as the bits in this register may
 321:Generated_Source\PSoC5/Timer_1.c **** *  be permuteable.
 322:Generated_Source\PSoC5/Timer_1.c **** *
 323:Generated_Source\PSoC5/Timer_1.c **** * Parameters:
 324:Generated_Source\PSoC5/Timer_1.c **** *  void
 325:Generated_Source\PSoC5/Timer_1.c **** *
 326:Generated_Source\PSoC5/Timer_1.c **** * Return:
 327:Generated_Source\PSoC5/Timer_1.c **** *  The contents of the status register
 328:Generated_Source\PSoC5/Timer_1.c **** *
 329:Generated_Source\PSoC5/Timer_1.c **** * Side Effects:
 330:Generated_Source\PSoC5/Timer_1.c **** *  Status register bits may be clear on read.
 331:Generated_Source\PSoC5/Timer_1.c **** *
ARM GAS  C:\Users\Joe\AppData\Local\Temp\ccqsEhFj.s 			page 14


 332:Generated_Source\PSoC5/Timer_1.c **** *******************************************************************************/
 333:Generated_Source\PSoC5/Timer_1.c **** uint8   Timer_1_ReadStatusRegister(void) 
 334:Generated_Source\PSoC5/Timer_1.c **** {
 411              		.loc 1 334 0
 412              		.cfi_startproc
 413              		@ args = 0, pretend = 0, frame = 0
 414              		@ frame_needed = 1, uses_anonymous_args = 0
 415              		@ link register save eliminated.
 416 0000 80B4     		push	{r7}
 417              		.cfi_def_cfa_offset 4
 418              		.cfi_offset 7, -4
 419 0002 00AF     		add	r7, sp, #0
 420              		.cfi_def_cfa_register 7
 335:Generated_Source\PSoC5/Timer_1.c ****     return (Timer_1_STATUS);
 421              		.loc 1 335 0
 422 0004 034B     		ldr	r3, .L22
 423 0006 1B78     		ldrb	r3, [r3]
 424 0008 DBB2     		uxtb	r3, r3
 336:Generated_Source\PSoC5/Timer_1.c **** }
 425              		.loc 1 336 0
 426 000a 1846     		mov	r0, r3
 427 000c BD46     		mov	sp, r7
 428              		.cfi_def_cfa_register 13
 429              		@ sp needed
 430 000e 80BC     		pop	{r7}
 431              		.cfi_restore 7
 432              		.cfi_def_cfa_offset 0
 433 0010 7047     		bx	lr
 434              	.L23:
 435 0012 00BF     		.align	2
 436              	.L22:
 437 0014 034F0040 		.word	1073762051
 438              		.cfi_endproc
 439              	.LFE6:
 440              		.size	Timer_1_ReadStatusRegister, .-Timer_1_ReadStatusRegister
 441              		.section	.text.Timer_1_ReadControlRegister,"ax",%progbits
 442              		.align	2
 443              		.global	Timer_1_ReadControlRegister
 444              		.thumb
 445              		.thumb_func
 446              		.type	Timer_1_ReadControlRegister, %function
 447              	Timer_1_ReadControlRegister:
 448              	.LFB7:
 337:Generated_Source\PSoC5/Timer_1.c **** 
 338:Generated_Source\PSoC5/Timer_1.c **** 
 339:Generated_Source\PSoC5/Timer_1.c **** #if (!Timer_1_UDB_CONTROL_REG_REMOVED) /* Remove API if control register is unused */
 340:Generated_Source\PSoC5/Timer_1.c **** 
 341:Generated_Source\PSoC5/Timer_1.c **** 
 342:Generated_Source\PSoC5/Timer_1.c **** /*******************************************************************************
 343:Generated_Source\PSoC5/Timer_1.c **** * Function Name: Timer_1_ReadControlRegister
 344:Generated_Source\PSoC5/Timer_1.c **** ********************************************************************************
 345:Generated_Source\PSoC5/Timer_1.c **** *
 346:Generated_Source\PSoC5/Timer_1.c **** * Summary:
 347:Generated_Source\PSoC5/Timer_1.c **** *  Reads the control register and returns it's value.
 348:Generated_Source\PSoC5/Timer_1.c **** *
 349:Generated_Source\PSoC5/Timer_1.c **** * Parameters:
 350:Generated_Source\PSoC5/Timer_1.c **** *  void
ARM GAS  C:\Users\Joe\AppData\Local\Temp\ccqsEhFj.s 			page 15


 351:Generated_Source\PSoC5/Timer_1.c **** *
 352:Generated_Source\PSoC5/Timer_1.c **** * Return:
 353:Generated_Source\PSoC5/Timer_1.c **** *  The contents of the control register
 354:Generated_Source\PSoC5/Timer_1.c **** *
 355:Generated_Source\PSoC5/Timer_1.c **** *******************************************************************************/
 356:Generated_Source\PSoC5/Timer_1.c **** uint8 Timer_1_ReadControlRegister(void) 
 357:Generated_Source\PSoC5/Timer_1.c **** {
 449              		.loc 1 357 0
 450              		.cfi_startproc
 451              		@ args = 0, pretend = 0, frame = 0
 452              		@ frame_needed = 1, uses_anonymous_args = 0
 453              		@ link register save eliminated.
 454 0000 80B4     		push	{r7}
 455              		.cfi_def_cfa_offset 4
 456              		.cfi_offset 7, -4
 457 0002 00AF     		add	r7, sp, #0
 458              		.cfi_def_cfa_register 7
 358:Generated_Source\PSoC5/Timer_1.c ****     #if (!Timer_1_UDB_CONTROL_REG_REMOVED) 
 359:Generated_Source\PSoC5/Timer_1.c ****         return ((uint8)Timer_1_CONTROL);
 459              		.loc 1 359 0
 460 0004 034B     		ldr	r3, .L26
 461 0006 1B78     		ldrb	r3, [r3]
 462 0008 DBB2     		uxtb	r3, r3
 360:Generated_Source\PSoC5/Timer_1.c ****     #else
 361:Generated_Source\PSoC5/Timer_1.c ****         return (0);
 362:Generated_Source\PSoC5/Timer_1.c ****     #endif /* (!Timer_1_UDB_CONTROL_REG_REMOVED) */
 363:Generated_Source\PSoC5/Timer_1.c **** }
 463              		.loc 1 363 0
 464 000a 1846     		mov	r0, r3
 465 000c BD46     		mov	sp, r7
 466              		.cfi_def_cfa_register 13
 467              		@ sp needed
 468 000e 80BC     		pop	{r7}
 469              		.cfi_restore 7
 470              		.cfi_def_cfa_offset 0
 471 0010 7047     		bx	lr
 472              	.L27:
 473 0012 00BF     		.align	2
 474              	.L26:
 475 0014 004F0040 		.word	1073762048
 476              		.cfi_endproc
 477              	.LFE7:
 478              		.size	Timer_1_ReadControlRegister, .-Timer_1_ReadControlRegister
 479              		.section	.text.Timer_1_WriteControlRegister,"ax",%progbits
 480              		.align	2
 481              		.global	Timer_1_WriteControlRegister
 482              		.thumb
 483              		.thumb_func
 484              		.type	Timer_1_WriteControlRegister, %function
 485              	Timer_1_WriteControlRegister:
 486              	.LFB8:
 364:Generated_Source\PSoC5/Timer_1.c **** 
 365:Generated_Source\PSoC5/Timer_1.c **** 
 366:Generated_Source\PSoC5/Timer_1.c **** /*******************************************************************************
 367:Generated_Source\PSoC5/Timer_1.c **** * Function Name: Timer_1_WriteControlRegister
 368:Generated_Source\PSoC5/Timer_1.c **** ********************************************************************************
 369:Generated_Source\PSoC5/Timer_1.c **** *
ARM GAS  C:\Users\Joe\AppData\Local\Temp\ccqsEhFj.s 			page 16


 370:Generated_Source\PSoC5/Timer_1.c **** * Summary:
 371:Generated_Source\PSoC5/Timer_1.c **** *  Sets the bit-field of the control register.
 372:Generated_Source\PSoC5/Timer_1.c **** *
 373:Generated_Source\PSoC5/Timer_1.c **** * Parameters:
 374:Generated_Source\PSoC5/Timer_1.c **** *  control: The contents of the control register
 375:Generated_Source\PSoC5/Timer_1.c **** *
 376:Generated_Source\PSoC5/Timer_1.c **** * Return:
 377:Generated_Source\PSoC5/Timer_1.c **** *
 378:Generated_Source\PSoC5/Timer_1.c **** *******************************************************************************/
 379:Generated_Source\PSoC5/Timer_1.c **** void Timer_1_WriteControlRegister(uint8 control) 
 380:Generated_Source\PSoC5/Timer_1.c **** {
 487              		.loc 1 380 0
 488              		.cfi_startproc
 489              		@ args = 0, pretend = 0, frame = 8
 490              		@ frame_needed = 1, uses_anonymous_args = 0
 491              		@ link register save eliminated.
 492 0000 80B4     		push	{r7}
 493              		.cfi_def_cfa_offset 4
 494              		.cfi_offset 7, -4
 495 0002 83B0     		sub	sp, sp, #12
 496              		.cfi_def_cfa_offset 16
 497 0004 00AF     		add	r7, sp, #0
 498              		.cfi_def_cfa_register 7
 499 0006 0346     		mov	r3, r0
 500 0008 FB71     		strb	r3, [r7, #7]
 381:Generated_Source\PSoC5/Timer_1.c ****     #if (!Timer_1_UDB_CONTROL_REG_REMOVED) 
 382:Generated_Source\PSoC5/Timer_1.c ****         Timer_1_CONTROL = control;
 501              		.loc 1 382 0
 502 000a 044A     		ldr	r2, .L29
 503 000c FB79     		ldrb	r3, [r7, #7]
 504 000e 1370     		strb	r3, [r2]
 383:Generated_Source\PSoC5/Timer_1.c ****     #else
 384:Generated_Source\PSoC5/Timer_1.c ****         control = 0u;
 385:Generated_Source\PSoC5/Timer_1.c ****     #endif /* (!Timer_1_UDB_CONTROL_REG_REMOVED) */
 386:Generated_Source\PSoC5/Timer_1.c **** }
 505              		.loc 1 386 0
 506 0010 00BF     		nop
 507 0012 0C37     		adds	r7, r7, #12
 508              		.cfi_def_cfa_offset 4
 509 0014 BD46     		mov	sp, r7
 510              		.cfi_def_cfa_register 13
 511              		@ sp needed
 512 0016 80BC     		pop	{r7}
 513              		.cfi_restore 7
 514              		.cfi_def_cfa_offset 0
 515 0018 7047     		bx	lr
 516              	.L30:
 517 001a 00BF     		.align	2
 518              	.L29:
 519 001c 004F0040 		.word	1073762048
 520              		.cfi_endproc
 521              	.LFE8:
 522              		.size	Timer_1_WriteControlRegister, .-Timer_1_WriteControlRegister
 523              		.section	.text.Timer_1_ReadPeriod,"ax",%progbits
 524              		.align	2
 525              		.global	Timer_1_ReadPeriod
 526              		.thumb
ARM GAS  C:\Users\Joe\AppData\Local\Temp\ccqsEhFj.s 			page 17


 527              		.thumb_func
 528              		.type	Timer_1_ReadPeriod, %function
 529              	Timer_1_ReadPeriod:
 530              	.LFB9:
 387:Generated_Source\PSoC5/Timer_1.c **** 
 388:Generated_Source\PSoC5/Timer_1.c **** #endif /* Remove API if control register is unused */
 389:Generated_Source\PSoC5/Timer_1.c **** 
 390:Generated_Source\PSoC5/Timer_1.c **** 
 391:Generated_Source\PSoC5/Timer_1.c **** /*******************************************************************************
 392:Generated_Source\PSoC5/Timer_1.c **** * Function Name: Timer_1_ReadPeriod
 393:Generated_Source\PSoC5/Timer_1.c **** ********************************************************************************
 394:Generated_Source\PSoC5/Timer_1.c **** *
 395:Generated_Source\PSoC5/Timer_1.c **** * Summary:
 396:Generated_Source\PSoC5/Timer_1.c **** *  This function returns the current value of the Period.
 397:Generated_Source\PSoC5/Timer_1.c **** *
 398:Generated_Source\PSoC5/Timer_1.c **** * Parameters:
 399:Generated_Source\PSoC5/Timer_1.c **** *  void
 400:Generated_Source\PSoC5/Timer_1.c **** *
 401:Generated_Source\PSoC5/Timer_1.c **** * Return:
 402:Generated_Source\PSoC5/Timer_1.c **** *  The present value of the counter.
 403:Generated_Source\PSoC5/Timer_1.c **** *
 404:Generated_Source\PSoC5/Timer_1.c **** *******************************************************************************/
 405:Generated_Source\PSoC5/Timer_1.c **** uint16 Timer_1_ReadPeriod(void) 
 406:Generated_Source\PSoC5/Timer_1.c **** {
 531              		.loc 1 406 0
 532              		.cfi_startproc
 533              		@ args = 0, pretend = 0, frame = 0
 534              		@ frame_needed = 1, uses_anonymous_args = 0
 535              		@ link register save eliminated.
 536 0000 80B4     		push	{r7}
 537              		.cfi_def_cfa_offset 4
 538              		.cfi_offset 7, -4
 539 0002 00AF     		add	r7, sp, #0
 540              		.cfi_def_cfa_register 7
 407:Generated_Source\PSoC5/Timer_1.c ****    #if(Timer_1_UsingFixedFunction)
 408:Generated_Source\PSoC5/Timer_1.c ****        return ((uint16)CY_GET_REG16(Timer_1_PERIOD_LSB_PTR));
 541              		.loc 1 408 0
 542 0004 034B     		ldr	r3, .L33
 543 0006 1B88     		ldrh	r3, [r3]	@ movhi
 544 0008 9BB2     		uxth	r3, r3
 409:Generated_Source\PSoC5/Timer_1.c ****    #else
 410:Generated_Source\PSoC5/Timer_1.c ****        return (CY_GET_REG16(Timer_1_PERIOD_LSB_PTR));
 411:Generated_Source\PSoC5/Timer_1.c ****    #endif /* (Timer_1_UsingFixedFunction) */
 412:Generated_Source\PSoC5/Timer_1.c **** }
 545              		.loc 1 412 0
 546 000a 1846     		mov	r0, r3
 547 000c BD46     		mov	sp, r7
 548              		.cfi_def_cfa_register 13
 549              		@ sp needed
 550 000e 80BC     		pop	{r7}
 551              		.cfi_restore 7
 552              		.cfi_def_cfa_offset 0
 553 0010 7047     		bx	lr
 554              	.L34:
 555 0012 00BF     		.align	2
 556              	.L33:
 557 0014 044F0040 		.word	1073762052
ARM GAS  C:\Users\Joe\AppData\Local\Temp\ccqsEhFj.s 			page 18


 558              		.cfi_endproc
 559              	.LFE9:
 560              		.size	Timer_1_ReadPeriod, .-Timer_1_ReadPeriod
 561              		.section	.text.Timer_1_WritePeriod,"ax",%progbits
 562              		.align	2
 563              		.global	Timer_1_WritePeriod
 564              		.thumb
 565              		.thumb_func
 566              		.type	Timer_1_WritePeriod, %function
 567              	Timer_1_WritePeriod:
 568              	.LFB10:
 413:Generated_Source\PSoC5/Timer_1.c **** 
 414:Generated_Source\PSoC5/Timer_1.c **** 
 415:Generated_Source\PSoC5/Timer_1.c **** /*******************************************************************************
 416:Generated_Source\PSoC5/Timer_1.c **** * Function Name: Timer_1_WritePeriod
 417:Generated_Source\PSoC5/Timer_1.c **** ********************************************************************************
 418:Generated_Source\PSoC5/Timer_1.c **** *
 419:Generated_Source\PSoC5/Timer_1.c **** * Summary:
 420:Generated_Source\PSoC5/Timer_1.c **** *  This function is used to change the period of the counter.  The new period
 421:Generated_Source\PSoC5/Timer_1.c **** *  will be loaded the next time terminal count is detected.
 422:Generated_Source\PSoC5/Timer_1.c **** *
 423:Generated_Source\PSoC5/Timer_1.c **** * Parameters:
 424:Generated_Source\PSoC5/Timer_1.c **** *  period: This value may be between 1 and (2^Resolution)-1.  A value of 0 will
 425:Generated_Source\PSoC5/Timer_1.c **** *          result in the counter remaining at zero.
 426:Generated_Source\PSoC5/Timer_1.c **** *
 427:Generated_Source\PSoC5/Timer_1.c **** * Return:
 428:Generated_Source\PSoC5/Timer_1.c **** *  void
 429:Generated_Source\PSoC5/Timer_1.c **** *
 430:Generated_Source\PSoC5/Timer_1.c **** *******************************************************************************/
 431:Generated_Source\PSoC5/Timer_1.c **** void Timer_1_WritePeriod(uint16 period) 
 432:Generated_Source\PSoC5/Timer_1.c **** {
 569              		.loc 1 432 0
 570              		.cfi_startproc
 571              		@ args = 0, pretend = 0, frame = 16
 572              		@ frame_needed = 1, uses_anonymous_args = 0
 573              		@ link register save eliminated.
 574 0000 80B4     		push	{r7}
 575              		.cfi_def_cfa_offset 4
 576              		.cfi_offset 7, -4
 577 0002 85B0     		sub	sp, sp, #20
 578              		.cfi_def_cfa_offset 24
 579 0004 00AF     		add	r7, sp, #0
 580              		.cfi_def_cfa_register 7
 581 0006 0346     		mov	r3, r0
 582 0008 FB80     		strh	r3, [r7, #6]	@ movhi
 433:Generated_Source\PSoC5/Timer_1.c ****     #if(Timer_1_UsingFixedFunction)
 434:Generated_Source\PSoC5/Timer_1.c ****         uint16 period_temp = (uint16)period;
 583              		.loc 1 434 0
 584 000a FB88     		ldrh	r3, [r7, #6]	@ movhi
 585 000c FB81     		strh	r3, [r7, #14]	@ movhi
 435:Generated_Source\PSoC5/Timer_1.c ****         CY_SET_REG16(Timer_1_PERIOD_LSB_PTR, period_temp);
 586              		.loc 1 435 0
 587 000e 044A     		ldr	r2, .L36
 588 0010 FB89     		ldrh	r3, [r7, #14]	@ movhi
 589 0012 1380     		strh	r3, [r2]	@ movhi
 436:Generated_Source\PSoC5/Timer_1.c ****     #else
 437:Generated_Source\PSoC5/Timer_1.c ****         CY_SET_REG16(Timer_1_PERIOD_LSB_PTR, period);
ARM GAS  C:\Users\Joe\AppData\Local\Temp\ccqsEhFj.s 			page 19


 438:Generated_Source\PSoC5/Timer_1.c ****     #endif /*Write Period value with appropriate resolution suffix depending on UDB or fixed functi
 439:Generated_Source\PSoC5/Timer_1.c **** }
 590              		.loc 1 439 0
 591 0014 00BF     		nop
 592 0016 1437     		adds	r7, r7, #20
 593              		.cfi_def_cfa_offset 4
 594 0018 BD46     		mov	sp, r7
 595              		.cfi_def_cfa_register 13
 596              		@ sp needed
 597 001a 80BC     		pop	{r7}
 598              		.cfi_restore 7
 599              		.cfi_def_cfa_offset 0
 600 001c 7047     		bx	lr
 601              	.L37:
 602 001e 00BF     		.align	2
 603              	.L36:
 604 0020 044F0040 		.word	1073762052
 605              		.cfi_endproc
 606              	.LFE10:
 607              		.size	Timer_1_WritePeriod, .-Timer_1_WritePeriod
 608              		.section	.text.Timer_1_ReadCapture,"ax",%progbits
 609              		.align	2
 610              		.global	Timer_1_ReadCapture
 611              		.thumb
 612              		.thumb_func
 613              		.type	Timer_1_ReadCapture, %function
 614              	Timer_1_ReadCapture:
 615              	.LFB11:
 440:Generated_Source\PSoC5/Timer_1.c **** 
 441:Generated_Source\PSoC5/Timer_1.c **** 
 442:Generated_Source\PSoC5/Timer_1.c **** /*******************************************************************************
 443:Generated_Source\PSoC5/Timer_1.c **** * Function Name: Timer_1_ReadCapture
 444:Generated_Source\PSoC5/Timer_1.c **** ********************************************************************************
 445:Generated_Source\PSoC5/Timer_1.c **** *
 446:Generated_Source\PSoC5/Timer_1.c **** * Summary:
 447:Generated_Source\PSoC5/Timer_1.c **** *  This function returns the last value captured.
 448:Generated_Source\PSoC5/Timer_1.c **** *
 449:Generated_Source\PSoC5/Timer_1.c **** * Parameters:
 450:Generated_Source\PSoC5/Timer_1.c **** *  void
 451:Generated_Source\PSoC5/Timer_1.c **** *
 452:Generated_Source\PSoC5/Timer_1.c **** * Return:
 453:Generated_Source\PSoC5/Timer_1.c **** *  Present Capture value.
 454:Generated_Source\PSoC5/Timer_1.c **** *
 455:Generated_Source\PSoC5/Timer_1.c **** *******************************************************************************/
 456:Generated_Source\PSoC5/Timer_1.c **** uint16 Timer_1_ReadCapture(void) 
 457:Generated_Source\PSoC5/Timer_1.c **** {
 616              		.loc 1 457 0
 617              		.cfi_startproc
 618              		@ args = 0, pretend = 0, frame = 0
 619              		@ frame_needed = 1, uses_anonymous_args = 0
 620              		@ link register save eliminated.
 621 0000 80B4     		push	{r7}
 622              		.cfi_def_cfa_offset 4
 623              		.cfi_offset 7, -4
 624 0002 00AF     		add	r7, sp, #0
 625              		.cfi_def_cfa_register 7
 458:Generated_Source\PSoC5/Timer_1.c ****    #if(Timer_1_UsingFixedFunction)
ARM GAS  C:\Users\Joe\AppData\Local\Temp\ccqsEhFj.s 			page 20


 459:Generated_Source\PSoC5/Timer_1.c ****        return ((uint16)CY_GET_REG16(Timer_1_CAPTURE_LSB_PTR));
 626              		.loc 1 459 0
 627 0004 034B     		ldr	r3, .L40
 628 0006 1B88     		ldrh	r3, [r3]	@ movhi
 629 0008 9BB2     		uxth	r3, r3
 460:Generated_Source\PSoC5/Timer_1.c ****    #else
 461:Generated_Source\PSoC5/Timer_1.c ****        return (CY_GET_REG16(Timer_1_CAPTURE_LSB_PTR));
 462:Generated_Source\PSoC5/Timer_1.c ****    #endif /* (Timer_1_UsingFixedFunction) */
 463:Generated_Source\PSoC5/Timer_1.c **** }
 630              		.loc 1 463 0
 631 000a 1846     		mov	r0, r3
 632 000c BD46     		mov	sp, r7
 633              		.cfi_def_cfa_register 13
 634              		@ sp needed
 635 000e 80BC     		pop	{r7}
 636              		.cfi_restore 7
 637              		.cfi_def_cfa_offset 0
 638 0010 7047     		bx	lr
 639              	.L41:
 640 0012 00BF     		.align	2
 641              	.L40:
 642 0014 084F0040 		.word	1073762056
 643              		.cfi_endproc
 644              	.LFE11:
 645              		.size	Timer_1_ReadCapture, .-Timer_1_ReadCapture
 646              		.section	.text.Timer_1_WriteCounter,"ax",%progbits
 647              		.align	2
 648              		.global	Timer_1_WriteCounter
 649              		.thumb
 650              		.thumb_func
 651              		.type	Timer_1_WriteCounter, %function
 652              	Timer_1_WriteCounter:
 653              	.LFB12:
 464:Generated_Source\PSoC5/Timer_1.c **** 
 465:Generated_Source\PSoC5/Timer_1.c **** 
 466:Generated_Source\PSoC5/Timer_1.c **** /*******************************************************************************
 467:Generated_Source\PSoC5/Timer_1.c **** * Function Name: Timer_1_WriteCounter
 468:Generated_Source\PSoC5/Timer_1.c **** ********************************************************************************
 469:Generated_Source\PSoC5/Timer_1.c **** *
 470:Generated_Source\PSoC5/Timer_1.c **** * Summary:
 471:Generated_Source\PSoC5/Timer_1.c **** *  This funtion is used to set the counter to a specific value
 472:Generated_Source\PSoC5/Timer_1.c **** *
 473:Generated_Source\PSoC5/Timer_1.c **** * Parameters:
 474:Generated_Source\PSoC5/Timer_1.c **** *  counter:  New counter value.
 475:Generated_Source\PSoC5/Timer_1.c **** *
 476:Generated_Source\PSoC5/Timer_1.c **** * Return:
 477:Generated_Source\PSoC5/Timer_1.c **** *  void
 478:Generated_Source\PSoC5/Timer_1.c **** *
 479:Generated_Source\PSoC5/Timer_1.c **** *******************************************************************************/
 480:Generated_Source\PSoC5/Timer_1.c **** void Timer_1_WriteCounter(uint16 counter) 
 481:Generated_Source\PSoC5/Timer_1.c **** {
 654              		.loc 1 481 0
 655              		.cfi_startproc
 656              		@ args = 0, pretend = 0, frame = 8
 657              		@ frame_needed = 1, uses_anonymous_args = 0
 658              		@ link register save eliminated.
 659 0000 80B4     		push	{r7}
ARM GAS  C:\Users\Joe\AppData\Local\Temp\ccqsEhFj.s 			page 21


 660              		.cfi_def_cfa_offset 4
 661              		.cfi_offset 7, -4
 662 0002 83B0     		sub	sp, sp, #12
 663              		.cfi_def_cfa_offset 16
 664 0004 00AF     		add	r7, sp, #0
 665              		.cfi_def_cfa_register 7
 666 0006 0346     		mov	r3, r0
 667 0008 FB80     		strh	r3, [r7, #6]	@ movhi
 482:Generated_Source\PSoC5/Timer_1.c ****    #if(Timer_1_UsingFixedFunction)
 483:Generated_Source\PSoC5/Timer_1.c ****         /* This functionality is removed until a FixedFunction HW update to
 484:Generated_Source\PSoC5/Timer_1.c ****          * allow this register to be written
 485:Generated_Source\PSoC5/Timer_1.c ****          */
 486:Generated_Source\PSoC5/Timer_1.c ****         CY_SET_REG16(Timer_1_COUNTER_LSB_PTR, (uint16)counter);
 668              		.loc 1 486 0
 669 000a 044A     		ldr	r2, .L43
 670 000c FB88     		ldrh	r3, [r7, #6]	@ movhi
 671 000e 1380     		strh	r3, [r2]	@ movhi
 487:Generated_Source\PSoC5/Timer_1.c ****         
 488:Generated_Source\PSoC5/Timer_1.c ****     #else
 489:Generated_Source\PSoC5/Timer_1.c ****         CY_SET_REG16(Timer_1_COUNTER_LSB_PTR, counter);
 490:Generated_Source\PSoC5/Timer_1.c ****     #endif /* Set Write Counter only for the UDB implementation (Write Counter not available in fix
 491:Generated_Source\PSoC5/Timer_1.c **** }
 672              		.loc 1 491 0
 673 0010 00BF     		nop
 674 0012 0C37     		adds	r7, r7, #12
 675              		.cfi_def_cfa_offset 4
 676 0014 BD46     		mov	sp, r7
 677              		.cfi_def_cfa_register 13
 678              		@ sp needed
 679 0016 80BC     		pop	{r7}
 680              		.cfi_restore 7
 681              		.cfi_def_cfa_offset 0
 682 0018 7047     		bx	lr
 683              	.L44:
 684 001a 00BF     		.align	2
 685              	.L43:
 686 001c 064F0040 		.word	1073762054
 687              		.cfi_endproc
 688              	.LFE12:
 689              		.size	Timer_1_WriteCounter, .-Timer_1_WriteCounter
 690              		.section	.text.Timer_1_ReadCounter,"ax",%progbits
 691              		.align	2
 692              		.global	Timer_1_ReadCounter
 693              		.thumb
 694              		.thumb_func
 695              		.type	Timer_1_ReadCounter, %function
 696              	Timer_1_ReadCounter:
 697              	.LFB13:
 492:Generated_Source\PSoC5/Timer_1.c **** 
 493:Generated_Source\PSoC5/Timer_1.c **** 
 494:Generated_Source\PSoC5/Timer_1.c **** /*******************************************************************************
 495:Generated_Source\PSoC5/Timer_1.c **** * Function Name: Timer_1_ReadCounter
 496:Generated_Source\PSoC5/Timer_1.c **** ********************************************************************************
 497:Generated_Source\PSoC5/Timer_1.c **** *
 498:Generated_Source\PSoC5/Timer_1.c **** * Summary:
 499:Generated_Source\PSoC5/Timer_1.c **** *  This function returns the current counter value.
 500:Generated_Source\PSoC5/Timer_1.c **** *
ARM GAS  C:\Users\Joe\AppData\Local\Temp\ccqsEhFj.s 			page 22


 501:Generated_Source\PSoC5/Timer_1.c **** * Parameters:
 502:Generated_Source\PSoC5/Timer_1.c **** *  void
 503:Generated_Source\PSoC5/Timer_1.c **** *
 504:Generated_Source\PSoC5/Timer_1.c **** * Return:
 505:Generated_Source\PSoC5/Timer_1.c **** *  Present compare value.
 506:Generated_Source\PSoC5/Timer_1.c **** *
 507:Generated_Source\PSoC5/Timer_1.c **** *******************************************************************************/
 508:Generated_Source\PSoC5/Timer_1.c **** uint16 Timer_1_ReadCounter(void) 
 509:Generated_Source\PSoC5/Timer_1.c **** {
 698              		.loc 1 509 0
 699              		.cfi_startproc
 700              		@ args = 0, pretend = 0, frame = 0
 701              		@ frame_needed = 1, uses_anonymous_args = 0
 702              		@ link register save eliminated.
 703 0000 80B4     		push	{r7}
 704              		.cfi_def_cfa_offset 4
 705              		.cfi_offset 7, -4
 706 0002 00AF     		add	r7, sp, #0
 707              		.cfi_def_cfa_register 7
 510:Generated_Source\PSoC5/Timer_1.c ****     /* Force capture by reading Accumulator */
 511:Generated_Source\PSoC5/Timer_1.c ****     /* Must first do a software capture to be able to read the counter */
 512:Generated_Source\PSoC5/Timer_1.c ****     /* It is up to the user code to make sure there isn't already captured data in the FIFO */
 513:Generated_Source\PSoC5/Timer_1.c ****     #if(Timer_1_UsingFixedFunction)
 514:Generated_Source\PSoC5/Timer_1.c ****         (void)CY_GET_REG16(Timer_1_COUNTER_LSB_PTR);
 708              		.loc 1 514 0
 709 0004 044B     		ldr	r3, .L47
 710 0006 1B88     		ldrh	r3, [r3]	@ movhi
 515:Generated_Source\PSoC5/Timer_1.c ****     #else
 516:Generated_Source\PSoC5/Timer_1.c ****         (void)CY_GET_REG8(Timer_1_COUNTER_LSB_PTR_8BIT);
 517:Generated_Source\PSoC5/Timer_1.c ****     #endif/* (Timer_1_UsingFixedFunction) */
 518:Generated_Source\PSoC5/Timer_1.c **** 
 519:Generated_Source\PSoC5/Timer_1.c ****     /* Read the data from the FIFO (or capture register for Fixed Function)*/
 520:Generated_Source\PSoC5/Timer_1.c ****     #if(Timer_1_UsingFixedFunction)
 521:Generated_Source\PSoC5/Timer_1.c ****         return ((uint16)CY_GET_REG16(Timer_1_CAPTURE_LSB_PTR));
 711              		.loc 1 521 0
 712 0008 044B     		ldr	r3, .L47+4
 713 000a 1B88     		ldrh	r3, [r3]	@ movhi
 714 000c 9BB2     		uxth	r3, r3
 522:Generated_Source\PSoC5/Timer_1.c ****     #else
 523:Generated_Source\PSoC5/Timer_1.c ****         return (CY_GET_REG16(Timer_1_CAPTURE_LSB_PTR));
 524:Generated_Source\PSoC5/Timer_1.c ****     #endif /* (Timer_1_UsingFixedFunction) */
 525:Generated_Source\PSoC5/Timer_1.c **** }
 715              		.loc 1 525 0
 716 000e 1846     		mov	r0, r3
 717 0010 BD46     		mov	sp, r7
 718              		.cfi_def_cfa_register 13
 719              		@ sp needed
 720 0012 80BC     		pop	{r7}
 721              		.cfi_restore 7
 722              		.cfi_def_cfa_offset 0
 723 0014 7047     		bx	lr
 724              	.L48:
 725 0016 00BF     		.align	2
 726              	.L47:
 727 0018 064F0040 		.word	1073762054
 728 001c 084F0040 		.word	1073762056
 729              		.cfi_endproc
ARM GAS  C:\Users\Joe\AppData\Local\Temp\ccqsEhFj.s 			page 23


 730              	.LFE13:
 731              		.size	Timer_1_ReadCounter, .-Timer_1_ReadCounter
 732              		.text
 733              	.Letext0:
 734              		.file 2 "Generated_Source\\PSoC5\\cytypes.h"
 735              		.section	.debug_info,"",%progbits
 736              	.Ldebug_info0:
 737 0000 41020000 		.4byte	0x241
 738 0004 0400     		.2byte	0x4
 739 0006 00000000 		.4byte	.Ldebug_abbrev0
 740 000a 04       		.byte	0x4
 741 000b 01       		.uleb128 0x1
 742 000c 06000000 		.4byte	.LASF36
 743 0010 0C       		.byte	0xc
 744 0011 DA000000 		.4byte	.LASF37
 745 0015 BA020000 		.4byte	.LASF38
 746 0019 00000000 		.4byte	.Ldebug_ranges0+0
 747 001d 00000000 		.4byte	0
 748 0021 00000000 		.4byte	.Ldebug_line0
 749 0025 02       		.uleb128 0x2
 750 0026 01       		.byte	0x1
 751 0027 06       		.byte	0x6
 752 0028 EA020000 		.4byte	.LASF0
 753 002c 02       		.uleb128 0x2
 754 002d 01       		.byte	0x1
 755 002e 08       		.byte	0x8
 756 002f 5E010000 		.4byte	.LASF1
 757 0033 02       		.uleb128 0x2
 758 0034 02       		.byte	0x2
 759 0035 05       		.byte	0x5
 760 0036 7B020000 		.4byte	.LASF2
 761 003a 02       		.uleb128 0x2
 762 003b 02       		.byte	0x2
 763 003c 07       		.byte	0x7
 764 003d C7000000 		.4byte	.LASF3
 765 0041 02       		.uleb128 0x2
 766 0042 04       		.byte	0x4
 767 0043 05       		.byte	0x5
 768 0044 A0020000 		.4byte	.LASF4
 769 0048 02       		.uleb128 0x2
 770 0049 04       		.byte	0x4
 771 004a 07       		.byte	0x7
 772 004b 3E010000 		.4byte	.LASF5
 773 004f 02       		.uleb128 0x2
 774 0050 08       		.byte	0x8
 775 0051 05       		.byte	0x5
 776 0052 4B020000 		.4byte	.LASF6
 777 0056 02       		.uleb128 0x2
 778 0057 08       		.byte	0x8
 779 0058 07       		.byte	0x7
 780 0059 F6010000 		.4byte	.LASF7
 781 005d 03       		.uleb128 0x3
 782 005e 04       		.byte	0x4
 783 005f 05       		.byte	0x5
 784 0060 696E7400 		.ascii	"int\000"
 785 0064 02       		.uleb128 0x2
 786 0065 04       		.byte	0x4
ARM GAS  C:\Users\Joe\AppData\Local\Temp\ccqsEhFj.s 			page 24


 787 0066 07       		.byte	0x7
 788 0067 FB000000 		.4byte	.LASF8
 789 006b 04       		.uleb128 0x4
 790 006c 50010000 		.4byte	.LASF9
 791 0070 02       		.byte	0x2
 792 0071 9201     		.2byte	0x192
 793 0073 2C000000 		.4byte	0x2c
 794 0077 04       		.uleb128 0x4
 795 0078 9B010000 		.4byte	.LASF10
 796 007c 02       		.byte	0x2
 797 007d 9301     		.2byte	0x193
 798 007f 3A000000 		.4byte	0x3a
 799 0083 02       		.uleb128 0x2
 800 0084 04       		.byte	0x4
 801 0085 04       		.byte	0x4
 802 0086 08010000 		.4byte	.LASF11
 803 008a 02       		.uleb128 0x2
 804 008b 08       		.byte	0x8
 805 008c 04       		.byte	0x4
 806 008d 7B010000 		.4byte	.LASF12
 807 0091 02       		.uleb128 0x2
 808 0092 01       		.byte	0x1
 809 0093 08       		.byte	0x8
 810 0094 A9020000 		.4byte	.LASF13
 811 0098 04       		.uleb128 0x4
 812 0099 26010000 		.4byte	.LASF14
 813 009d 02       		.byte	0x2
 814 009e 3C02     		.2byte	0x23c
 815 00a0 A4000000 		.4byte	0xa4
 816 00a4 05       		.uleb128 0x5
 817 00a5 6B000000 		.4byte	0x6b
 818 00a9 04       		.uleb128 0x4
 819 00aa 00000000 		.4byte	.LASF15
 820 00ae 02       		.byte	0x2
 821 00af 3D02     		.2byte	0x23d
 822 00b1 B5000000 		.4byte	0xb5
 823 00b5 05       		.uleb128 0x5
 824 00b6 77000000 		.4byte	0x77
 825 00ba 02       		.uleb128 0x2
 826 00bb 08       		.byte	0x8
 827 00bc 04       		.byte	0x4
 828 00bd AE020000 		.4byte	.LASF16
 829 00c1 02       		.uleb128 0x2
 830 00c2 04       		.byte	0x4
 831 00c3 07       		.byte	0x7
 832 00c4 42020000 		.4byte	.LASF17
 833 00c8 06       		.uleb128 0x6
 834 00c9 E9010000 		.4byte	.LASF18
 835 00cd 01       		.byte	0x1
 836 00ce 2B       		.byte	0x2b
 837 00cf 00000000 		.4byte	.LFB0
 838 00d3 E8000000 		.4byte	.LFE0-.LFB0
 839 00d7 01       		.uleb128 0x1
 840 00d8 9C       		.byte	0x9c
 841 00d9 07       		.uleb128 0x7
 842 00da 6C010000 		.4byte	.LASF19
 843 00de 01       		.byte	0x1
ARM GAS  C:\Users\Joe\AppData\Local\Temp\ccqsEhFj.s 			page 25


 844 00df B4       		.byte	0xb4
 845 00e0 00000000 		.4byte	.LFB1
 846 00e4 48000000 		.4byte	.LFE1-.LFB1
 847 00e8 01       		.uleb128 0x1
 848 00e9 9C       		.byte	0x9c
 849 00ea 06       		.uleb128 0x6
 850 00eb DB010000 		.4byte	.LASF20
 851 00ef 01       		.byte	0x1
 852 00f0 D7       		.byte	0xd7
 853 00f1 00000000 		.4byte	.LFB2
 854 00f5 24000000 		.4byte	.LFE2-.LFB2
 855 00f9 01       		.uleb128 0x1
 856 00fa 9C       		.byte	0x9c
 857 00fb 07       		.uleb128 0x7
 858 00fc F6020000 		.4byte	.LASF21
 859 0100 01       		.byte	0x1
 860 0101 F7       		.byte	0xf7
 861 0102 00000000 		.4byte	.LFB3
 862 0106 48000000 		.4byte	.LFE3-.LFB3
 863 010a 01       		.uleb128 0x1
 864 010b 9C       		.byte	0x9c
 865 010c 08       		.uleb128 0x8
 866 010d 82010000 		.4byte	.LASF25
 867 0111 01       		.byte	0x1
 868 0112 1701     		.2byte	0x117
 869 0114 00000000 		.4byte	.LFB4
 870 0118 20000000 		.4byte	.LFE4-.LFB4
 871 011c 01       		.uleb128 0x1
 872 011d 9C       		.byte	0x9c
 873 011e 32010000 		.4byte	0x132
 874 0122 09       		.uleb128 0x9
 875 0123 59020000 		.4byte	.LASF27
 876 0127 01       		.byte	0x1
 877 0128 1701     		.2byte	0x117
 878 012a 6B000000 		.4byte	0x6b
 879 012e 02       		.uleb128 0x2
 880 012f 91       		.byte	0x91
 881 0130 77       		.sleb128 -9
 882 0131 00       		.byte	0
 883 0132 0A       		.uleb128 0xa
 884 0133 94000000 		.4byte	.LASF22
 885 0137 01       		.byte	0x1
 886 0138 2E01     		.2byte	0x12e
 887 013a 00000000 		.4byte	.LFB5
 888 013e 14000000 		.4byte	.LFE5-.LFB5
 889 0142 01       		.uleb128 0x1
 890 0143 9C       		.byte	0x9c
 891 0144 0B       		.uleb128 0xb
 892 0145 85020000 		.4byte	.LASF23
 893 0149 01       		.byte	0x1
 894 014a 4D01     		.2byte	0x14d
 895 014c 6B000000 		.4byte	0x6b
 896 0150 00000000 		.4byte	.LFB6
 897 0154 18000000 		.4byte	.LFE6-.LFB6
 898 0158 01       		.uleb128 0x1
 899 0159 9C       		.byte	0x9c
 900 015a 0B       		.uleb128 0xb
ARM GAS  C:\Users\Joe\AppData\Local\Temp\ccqsEhFj.s 			page 26


 901 015b BF010000 		.4byte	.LASF24
 902 015f 01       		.byte	0x1
 903 0160 6401     		.2byte	0x164
 904 0162 6B000000 		.4byte	0x6b
 905 0166 00000000 		.4byte	.LFB7
 906 016a 18000000 		.4byte	.LFE7-.LFB7
 907 016e 01       		.uleb128 0x1
 908 016f 9C       		.byte	0x9c
 909 0170 08       		.uleb128 0x8
 910 0171 A2010000 		.4byte	.LASF26
 911 0175 01       		.byte	0x1
 912 0176 7B01     		.2byte	0x17b
 913 0178 00000000 		.4byte	.LFB8
 914 017c 20000000 		.4byte	.LFE8-.LFB8
 915 0180 01       		.uleb128 0x1
 916 0181 9C       		.byte	0x9c
 917 0182 96010000 		.4byte	0x196
 918 0186 09       		.uleb128 0x9
 919 0187 56010000 		.4byte	.LASF28
 920 018b 01       		.byte	0x1
 921 018c 7B01     		.2byte	0x17b
 922 018e 6B000000 		.4byte	0x6b
 923 0192 02       		.uleb128 0x2
 924 0193 91       		.byte	0x91
 925 0194 77       		.sleb128 -9
 926 0195 00       		.byte	0
 927 0196 0B       		.uleb128 0xb
 928 0197 2B010000 		.4byte	.LASF29
 929 019b 01       		.byte	0x1
 930 019c 9501     		.2byte	0x195
 931 019e 77000000 		.4byte	0x77
 932 01a2 00000000 		.4byte	.LFB9
 933 01a6 18000000 		.4byte	.LFE9-.LFB9
 934 01aa 01       		.uleb128 0x1
 935 01ab 9C       		.byte	0x9c
 936 01ac 08       		.uleb128 0x8
 937 01ad AC000000 		.4byte	.LASF30
 938 01b1 01       		.byte	0x1
 939 01b2 AF01     		.2byte	0x1af
 940 01b4 00000000 		.4byte	.LFB10
 941 01b8 24000000 		.4byte	.LFE10-.LFB10
 942 01bc 01       		.uleb128 0x1
 943 01bd 9C       		.byte	0x9c
 944 01be E1010000 		.4byte	0x1e1
 945 01c2 09       		.uleb128 0x9
 946 01c3 C0000000 		.4byte	.LASF31
 947 01c7 01       		.byte	0x1
 948 01c8 AF01     		.2byte	0x1af
 949 01ca 77000000 		.4byte	0x77
 950 01ce 02       		.uleb128 0x2
 951 01cf 91       		.byte	0x91
 952 01d0 6E       		.sleb128 -18
 953 01d1 0C       		.uleb128 0xc
 954 01d2 36020000 		.4byte	.LASF39
 955 01d6 01       		.byte	0x1
 956 01d7 B201     		.2byte	0x1b2
 957 01d9 77000000 		.4byte	0x77
ARM GAS  C:\Users\Joe\AppData\Local\Temp\ccqsEhFj.s 			page 27


 958 01dd 02       		.uleb128 0x2
 959 01de 91       		.byte	0x91
 960 01df 76       		.sleb128 -10
 961 01e0 00       		.byte	0
 962 01e1 0B       		.uleb128 0xb
 963 01e2 22020000 		.4byte	.LASF32
 964 01e6 01       		.byte	0x1
 965 01e7 C801     		.2byte	0x1c8
 966 01e9 77000000 		.4byte	0x77
 967 01ed 00000000 		.4byte	.LFB11
 968 01f1 18000000 		.4byte	.LFE11-.LFB11
 969 01f5 01       		.uleb128 0x1
 970 01f6 9C       		.byte	0x9c
 971 01f7 08       		.uleb128 0x8
 972 01f8 0D020000 		.4byte	.LASF33
 973 01fc 01       		.byte	0x1
 974 01fd E001     		.2byte	0x1e0
 975 01ff 00000000 		.4byte	.LFB12
 976 0203 20000000 		.4byte	.LFE12-.LFB12
 977 0207 01       		.uleb128 0x1
 978 0208 9C       		.byte	0x9c
 979 0209 1D020000 		.4byte	0x21d
 980 020d 09       		.uleb128 0x9
 981 020e 0E010000 		.4byte	.LASF34
 982 0212 01       		.byte	0x1
 983 0213 E001     		.2byte	0x1e0
 984 0215 77000000 		.4byte	0x77
 985 0219 02       		.uleb128 0x2
 986 021a 91       		.byte	0x91
 987 021b 76       		.sleb128 -10
 988 021c 00       		.byte	0
 989 021d 0B       		.uleb128 0xb
 990 021e 67020000 		.4byte	.LASF35
 991 0222 01       		.byte	0x1
 992 0223 FC01     		.2byte	0x1fc
 993 0225 77000000 		.4byte	0x77
 994 0229 00000000 		.4byte	.LFB13
 995 022d 20000000 		.4byte	.LFE13-.LFB13
 996 0231 01       		.uleb128 0x1
 997 0232 9C       		.byte	0x9c
 998 0233 0D       		.uleb128 0xd
 999 0234 16010000 		.4byte	.LASF40
 1000 0238 01       		.byte	0x1
 1001 0239 1A       		.byte	0x1a
 1002 023a 6B000000 		.4byte	0x6b
 1003 023e 05       		.uleb128 0x5
 1004 023f 03       		.byte	0x3
 1005 0240 00000000 		.4byte	Timer_1_initVar
 1006 0244 00       		.byte	0
 1007              		.section	.debug_abbrev,"",%progbits
 1008              	.Ldebug_abbrev0:
 1009 0000 01       		.uleb128 0x1
 1010 0001 11       		.uleb128 0x11
 1011 0002 01       		.byte	0x1
 1012 0003 25       		.uleb128 0x25
 1013 0004 0E       		.uleb128 0xe
 1014 0005 13       		.uleb128 0x13
ARM GAS  C:\Users\Joe\AppData\Local\Temp\ccqsEhFj.s 			page 28


 1015 0006 0B       		.uleb128 0xb
 1016 0007 03       		.uleb128 0x3
 1017 0008 0E       		.uleb128 0xe
 1018 0009 1B       		.uleb128 0x1b
 1019 000a 0E       		.uleb128 0xe
 1020 000b 55       		.uleb128 0x55
 1021 000c 17       		.uleb128 0x17
 1022 000d 11       		.uleb128 0x11
 1023 000e 01       		.uleb128 0x1
 1024 000f 10       		.uleb128 0x10
 1025 0010 17       		.uleb128 0x17
 1026 0011 00       		.byte	0
 1027 0012 00       		.byte	0
 1028 0013 02       		.uleb128 0x2
 1029 0014 24       		.uleb128 0x24
 1030 0015 00       		.byte	0
 1031 0016 0B       		.uleb128 0xb
 1032 0017 0B       		.uleb128 0xb
 1033 0018 3E       		.uleb128 0x3e
 1034 0019 0B       		.uleb128 0xb
 1035 001a 03       		.uleb128 0x3
 1036 001b 0E       		.uleb128 0xe
 1037 001c 00       		.byte	0
 1038 001d 00       		.byte	0
 1039 001e 03       		.uleb128 0x3
 1040 001f 24       		.uleb128 0x24
 1041 0020 00       		.byte	0
 1042 0021 0B       		.uleb128 0xb
 1043 0022 0B       		.uleb128 0xb
 1044 0023 3E       		.uleb128 0x3e
 1045 0024 0B       		.uleb128 0xb
 1046 0025 03       		.uleb128 0x3
 1047 0026 08       		.uleb128 0x8
 1048 0027 00       		.byte	0
 1049 0028 00       		.byte	0
 1050 0029 04       		.uleb128 0x4
 1051 002a 16       		.uleb128 0x16
 1052 002b 00       		.byte	0
 1053 002c 03       		.uleb128 0x3
 1054 002d 0E       		.uleb128 0xe
 1055 002e 3A       		.uleb128 0x3a
 1056 002f 0B       		.uleb128 0xb
 1057 0030 3B       		.uleb128 0x3b
 1058 0031 05       		.uleb128 0x5
 1059 0032 49       		.uleb128 0x49
 1060 0033 13       		.uleb128 0x13
 1061 0034 00       		.byte	0
 1062 0035 00       		.byte	0
 1063 0036 05       		.uleb128 0x5
 1064 0037 35       		.uleb128 0x35
 1065 0038 00       		.byte	0
 1066 0039 49       		.uleb128 0x49
 1067 003a 13       		.uleb128 0x13
 1068 003b 00       		.byte	0
 1069 003c 00       		.byte	0
 1070 003d 06       		.uleb128 0x6
 1071 003e 2E       		.uleb128 0x2e
ARM GAS  C:\Users\Joe\AppData\Local\Temp\ccqsEhFj.s 			page 29


 1072 003f 00       		.byte	0
 1073 0040 3F       		.uleb128 0x3f
 1074 0041 19       		.uleb128 0x19
 1075 0042 03       		.uleb128 0x3
 1076 0043 0E       		.uleb128 0xe
 1077 0044 3A       		.uleb128 0x3a
 1078 0045 0B       		.uleb128 0xb
 1079 0046 3B       		.uleb128 0x3b
 1080 0047 0B       		.uleb128 0xb
 1081 0048 27       		.uleb128 0x27
 1082 0049 19       		.uleb128 0x19
 1083 004a 11       		.uleb128 0x11
 1084 004b 01       		.uleb128 0x1
 1085 004c 12       		.uleb128 0x12
 1086 004d 06       		.uleb128 0x6
 1087 004e 40       		.uleb128 0x40
 1088 004f 18       		.uleb128 0x18
 1089 0050 9642     		.uleb128 0x2116
 1090 0052 19       		.uleb128 0x19
 1091 0053 00       		.byte	0
 1092 0054 00       		.byte	0
 1093 0055 07       		.uleb128 0x7
 1094 0056 2E       		.uleb128 0x2e
 1095 0057 00       		.byte	0
 1096 0058 3F       		.uleb128 0x3f
 1097 0059 19       		.uleb128 0x19
 1098 005a 03       		.uleb128 0x3
 1099 005b 0E       		.uleb128 0xe
 1100 005c 3A       		.uleb128 0x3a
 1101 005d 0B       		.uleb128 0xb
 1102 005e 3B       		.uleb128 0x3b
 1103 005f 0B       		.uleb128 0xb
 1104 0060 27       		.uleb128 0x27
 1105 0061 19       		.uleb128 0x19
 1106 0062 11       		.uleb128 0x11
 1107 0063 01       		.uleb128 0x1
 1108 0064 12       		.uleb128 0x12
 1109 0065 06       		.uleb128 0x6
 1110 0066 40       		.uleb128 0x40
 1111 0067 18       		.uleb128 0x18
 1112 0068 9742     		.uleb128 0x2117
 1113 006a 19       		.uleb128 0x19
 1114 006b 00       		.byte	0
 1115 006c 00       		.byte	0
 1116 006d 08       		.uleb128 0x8
 1117 006e 2E       		.uleb128 0x2e
 1118 006f 01       		.byte	0x1
 1119 0070 3F       		.uleb128 0x3f
 1120 0071 19       		.uleb128 0x19
 1121 0072 03       		.uleb128 0x3
 1122 0073 0E       		.uleb128 0xe
 1123 0074 3A       		.uleb128 0x3a
 1124 0075 0B       		.uleb128 0xb
 1125 0076 3B       		.uleb128 0x3b
 1126 0077 05       		.uleb128 0x5
 1127 0078 27       		.uleb128 0x27
 1128 0079 19       		.uleb128 0x19
ARM GAS  C:\Users\Joe\AppData\Local\Temp\ccqsEhFj.s 			page 30


 1129 007a 11       		.uleb128 0x11
 1130 007b 01       		.uleb128 0x1
 1131 007c 12       		.uleb128 0x12
 1132 007d 06       		.uleb128 0x6
 1133 007e 40       		.uleb128 0x40
 1134 007f 18       		.uleb128 0x18
 1135 0080 9742     		.uleb128 0x2117
 1136 0082 19       		.uleb128 0x19
 1137 0083 01       		.uleb128 0x1
 1138 0084 13       		.uleb128 0x13
 1139 0085 00       		.byte	0
 1140 0086 00       		.byte	0
 1141 0087 09       		.uleb128 0x9
 1142 0088 05       		.uleb128 0x5
 1143 0089 00       		.byte	0
 1144 008a 03       		.uleb128 0x3
 1145 008b 0E       		.uleb128 0xe
 1146 008c 3A       		.uleb128 0x3a
 1147 008d 0B       		.uleb128 0xb
 1148 008e 3B       		.uleb128 0x3b
 1149 008f 05       		.uleb128 0x5
 1150 0090 49       		.uleb128 0x49
 1151 0091 13       		.uleb128 0x13
 1152 0092 02       		.uleb128 0x2
 1153 0093 18       		.uleb128 0x18
 1154 0094 00       		.byte	0
 1155 0095 00       		.byte	0
 1156 0096 0A       		.uleb128 0xa
 1157 0097 2E       		.uleb128 0x2e
 1158 0098 00       		.byte	0
 1159 0099 3F       		.uleb128 0x3f
 1160 009a 19       		.uleb128 0x19
 1161 009b 03       		.uleb128 0x3
 1162 009c 0E       		.uleb128 0xe
 1163 009d 3A       		.uleb128 0x3a
 1164 009e 0B       		.uleb128 0xb
 1165 009f 3B       		.uleb128 0x3b
 1166 00a0 05       		.uleb128 0x5
 1167 00a1 27       		.uleb128 0x27
 1168 00a2 19       		.uleb128 0x19
 1169 00a3 11       		.uleb128 0x11
 1170 00a4 01       		.uleb128 0x1
 1171 00a5 12       		.uleb128 0x12
 1172 00a6 06       		.uleb128 0x6
 1173 00a7 40       		.uleb128 0x40
 1174 00a8 18       		.uleb128 0x18
 1175 00a9 9742     		.uleb128 0x2117
 1176 00ab 19       		.uleb128 0x19
 1177 00ac 00       		.byte	0
 1178 00ad 00       		.byte	0
 1179 00ae 0B       		.uleb128 0xb
 1180 00af 2E       		.uleb128 0x2e
 1181 00b0 00       		.byte	0
 1182 00b1 3F       		.uleb128 0x3f
 1183 00b2 19       		.uleb128 0x19
 1184 00b3 03       		.uleb128 0x3
 1185 00b4 0E       		.uleb128 0xe
ARM GAS  C:\Users\Joe\AppData\Local\Temp\ccqsEhFj.s 			page 31


 1186 00b5 3A       		.uleb128 0x3a
 1187 00b6 0B       		.uleb128 0xb
 1188 00b7 3B       		.uleb128 0x3b
 1189 00b8 05       		.uleb128 0x5
 1190 00b9 27       		.uleb128 0x27
 1191 00ba 19       		.uleb128 0x19
 1192 00bb 49       		.uleb128 0x49
 1193 00bc 13       		.uleb128 0x13
 1194 00bd 11       		.uleb128 0x11
 1195 00be 01       		.uleb128 0x1
 1196 00bf 12       		.uleb128 0x12
 1197 00c0 06       		.uleb128 0x6
 1198 00c1 40       		.uleb128 0x40
 1199 00c2 18       		.uleb128 0x18
 1200 00c3 9742     		.uleb128 0x2117
 1201 00c5 19       		.uleb128 0x19
 1202 00c6 00       		.byte	0
 1203 00c7 00       		.byte	0
 1204 00c8 0C       		.uleb128 0xc
 1205 00c9 34       		.uleb128 0x34
 1206 00ca 00       		.byte	0
 1207 00cb 03       		.uleb128 0x3
 1208 00cc 0E       		.uleb128 0xe
 1209 00cd 3A       		.uleb128 0x3a
 1210 00ce 0B       		.uleb128 0xb
 1211 00cf 3B       		.uleb128 0x3b
 1212 00d0 05       		.uleb128 0x5
 1213 00d1 49       		.uleb128 0x49
 1214 00d2 13       		.uleb128 0x13
 1215 00d3 02       		.uleb128 0x2
 1216 00d4 18       		.uleb128 0x18
 1217 00d5 00       		.byte	0
 1218 00d6 00       		.byte	0
 1219 00d7 0D       		.uleb128 0xd
 1220 00d8 34       		.uleb128 0x34
 1221 00d9 00       		.byte	0
 1222 00da 03       		.uleb128 0x3
 1223 00db 0E       		.uleb128 0xe
 1224 00dc 3A       		.uleb128 0x3a
 1225 00dd 0B       		.uleb128 0xb
 1226 00de 3B       		.uleb128 0x3b
 1227 00df 0B       		.uleb128 0xb
 1228 00e0 49       		.uleb128 0x49
 1229 00e1 13       		.uleb128 0x13
 1230 00e2 3F       		.uleb128 0x3f
 1231 00e3 19       		.uleb128 0x19
 1232 00e4 02       		.uleb128 0x2
 1233 00e5 18       		.uleb128 0x18
 1234 00e6 00       		.byte	0
 1235 00e7 00       		.byte	0
 1236 00e8 00       		.byte	0
 1237              		.section	.debug_aranges,"",%progbits
 1238 0000 84000000 		.4byte	0x84
 1239 0004 0200     		.2byte	0x2
 1240 0006 00000000 		.4byte	.Ldebug_info0
 1241 000a 04       		.byte	0x4
 1242 000b 00       		.byte	0
ARM GAS  C:\Users\Joe\AppData\Local\Temp\ccqsEhFj.s 			page 32


 1243 000c 0000     		.2byte	0
 1244 000e 0000     		.2byte	0
 1245 0010 00000000 		.4byte	.LFB0
 1246 0014 E8000000 		.4byte	.LFE0-.LFB0
 1247 0018 00000000 		.4byte	.LFB1
 1248 001c 48000000 		.4byte	.LFE1-.LFB1
 1249 0020 00000000 		.4byte	.LFB2
 1250 0024 24000000 		.4byte	.LFE2-.LFB2
 1251 0028 00000000 		.4byte	.LFB3
 1252 002c 48000000 		.4byte	.LFE3-.LFB3
 1253 0030 00000000 		.4byte	.LFB4
 1254 0034 20000000 		.4byte	.LFE4-.LFB4
 1255 0038 00000000 		.4byte	.LFB5
 1256 003c 14000000 		.4byte	.LFE5-.LFB5
 1257 0040 00000000 		.4byte	.LFB6
 1258 0044 18000000 		.4byte	.LFE6-.LFB6
 1259 0048 00000000 		.4byte	.LFB7
 1260 004c 18000000 		.4byte	.LFE7-.LFB7
 1261 0050 00000000 		.4byte	.LFB8
 1262 0054 20000000 		.4byte	.LFE8-.LFB8
 1263 0058 00000000 		.4byte	.LFB9
 1264 005c 18000000 		.4byte	.LFE9-.LFB9
 1265 0060 00000000 		.4byte	.LFB10
 1266 0064 24000000 		.4byte	.LFE10-.LFB10
 1267 0068 00000000 		.4byte	.LFB11
 1268 006c 18000000 		.4byte	.LFE11-.LFB11
 1269 0070 00000000 		.4byte	.LFB12
 1270 0074 20000000 		.4byte	.LFE12-.LFB12
 1271 0078 00000000 		.4byte	.LFB13
 1272 007c 20000000 		.4byte	.LFE13-.LFB13
 1273 0080 00000000 		.4byte	0
 1274 0084 00000000 		.4byte	0
 1275              		.section	.debug_ranges,"",%progbits
 1276              	.Ldebug_ranges0:
 1277 0000 00000000 		.4byte	.LFB0
 1278 0004 E8000000 		.4byte	.LFE0
 1279 0008 00000000 		.4byte	.LFB1
 1280 000c 48000000 		.4byte	.LFE1
 1281 0010 00000000 		.4byte	.LFB2
 1282 0014 24000000 		.4byte	.LFE2
 1283 0018 00000000 		.4byte	.LFB3
 1284 001c 48000000 		.4byte	.LFE3
 1285 0020 00000000 		.4byte	.LFB4
 1286 0024 20000000 		.4byte	.LFE4
 1287 0028 00000000 		.4byte	.LFB5
 1288 002c 14000000 		.4byte	.LFE5
 1289 0030 00000000 		.4byte	.LFB6
 1290 0034 18000000 		.4byte	.LFE6
 1291 0038 00000000 		.4byte	.LFB7
 1292 003c 18000000 		.4byte	.LFE7
 1293 0040 00000000 		.4byte	.LFB8
 1294 0044 20000000 		.4byte	.LFE8
 1295 0048 00000000 		.4byte	.LFB9
 1296 004c 18000000 		.4byte	.LFE9
 1297 0050 00000000 		.4byte	.LFB10
 1298 0054 24000000 		.4byte	.LFE10
 1299 0058 00000000 		.4byte	.LFB11
ARM GAS  C:\Users\Joe\AppData\Local\Temp\ccqsEhFj.s 			page 33


 1300 005c 18000000 		.4byte	.LFE11
 1301 0060 00000000 		.4byte	.LFB12
 1302 0064 20000000 		.4byte	.LFE12
 1303 0068 00000000 		.4byte	.LFB13
 1304 006c 20000000 		.4byte	.LFE13
 1305 0070 00000000 		.4byte	0
 1306 0074 00000000 		.4byte	0
 1307              		.section	.debug_line,"",%progbits
 1308              	.Ldebug_line0:
 1309 0000 60010000 		.section	.debug_str,"MS",%progbits,1
 1309      02004400 
 1309      00000201 
 1309      FB0E0D00 
 1309      01010101 
 1310              	.LASF15:
 1311 0000 72656731 		.ascii	"reg16\000"
 1311      3600
 1312              	.LASF36:
 1313 0006 474E5520 		.ascii	"GNU C11 5.4.1 20160609 (release) [ARM/embedded-5-br"
 1313      43313120 
 1313      352E342E 
 1313      31203230 
 1313      31363036 
 1314 0039 616E6368 		.ascii	"anch revision 237715] -mcpu=cortex-m3 -mthumb -g -O"
 1314      20726576 
 1314      6973696F 
 1314      6E203233 
 1314      37373135 
 1315 006c 30202D66 		.ascii	"0 -ffunction-sections -ffat-lto-objects\000"
 1315      66756E63 
 1315      74696F6E 
 1315      2D736563 
 1315      74696F6E 
 1316              	.LASF22:
 1317 0094 54696D65 		.ascii	"Timer_1_SoftwareCapture\000"
 1317      725F315F 
 1317      536F6674 
 1317      77617265 
 1317      43617074 
 1318              	.LASF30:
 1319 00ac 54696D65 		.ascii	"Timer_1_WritePeriod\000"
 1319      725F315F 
 1319      57726974 
 1319      65506572 
 1319      696F6400 
 1320              	.LASF31:
 1321 00c0 70657269 		.ascii	"period\000"
 1321      6F6400
 1322              	.LASF3:
 1323 00c7 73686F72 		.ascii	"short unsigned int\000"
 1323      7420756E 
 1323      7369676E 
 1323      65642069 
 1323      6E7400
 1324              	.LASF37:
 1325 00da 47656E65 		.ascii	"Generated_Source\\PSoC5\\Timer_1.c\000"
 1325      72617465 
ARM GAS  C:\Users\Joe\AppData\Local\Temp\ccqsEhFj.s 			page 34


 1325      645F536F 
 1325      75726365 
 1325      5C50536F 
 1326              	.LASF8:
 1327 00fb 756E7369 		.ascii	"unsigned int\000"
 1327      676E6564 
 1327      20696E74 
 1327      00
 1328              	.LASF11:
 1329 0108 666C6F61 		.ascii	"float\000"
 1329      7400
 1330              	.LASF34:
 1331 010e 636F756E 		.ascii	"counter\000"
 1331      74657200 
 1332              	.LASF40:
 1333 0116 54696D65 		.ascii	"Timer_1_initVar\000"
 1333      725F315F 
 1333      696E6974 
 1333      56617200 
 1334              	.LASF14:
 1335 0126 72656738 		.ascii	"reg8\000"
 1335      00
 1336              	.LASF29:
 1337 012b 54696D65 		.ascii	"Timer_1_ReadPeriod\000"
 1337      725F315F 
 1337      52656164 
 1337      50657269 
 1337      6F6400
 1338              	.LASF5:
 1339 013e 6C6F6E67 		.ascii	"long unsigned int\000"
 1339      20756E73 
 1339      69676E65 
 1339      6420696E 
 1339      7400
 1340              	.LASF9:
 1341 0150 75696E74 		.ascii	"uint8\000"
 1341      3800
 1342              	.LASF28:
 1343 0156 636F6E74 		.ascii	"control\000"
 1343      726F6C00 
 1344              	.LASF1:
 1345 015e 756E7369 		.ascii	"unsigned char\000"
 1345      676E6564 
 1345      20636861 
 1345      7200
 1346              	.LASF19:
 1347 016c 54696D65 		.ascii	"Timer_1_Enable\000"
 1347      725F315F 
 1347      456E6162 
 1347      6C6500
 1348              	.LASF12:
 1349 017b 646F7562 		.ascii	"double\000"
 1349      6C6500
 1350              	.LASF25:
 1351 0182 54696D65 		.ascii	"Timer_1_SetInterruptMode\000"
 1351      725F315F 
 1351      53657449 
ARM GAS  C:\Users\Joe\AppData\Local\Temp\ccqsEhFj.s 			page 35


 1351      6E746572 
 1351      72757074 
 1352              	.LASF10:
 1353 019b 75696E74 		.ascii	"uint16\000"
 1353      313600
 1354              	.LASF26:
 1355 01a2 54696D65 		.ascii	"Timer_1_WriteControlRegister\000"
 1355      725F315F 
 1355      57726974 
 1355      65436F6E 
 1355      74726F6C 
 1356              	.LASF24:
 1357 01bf 54696D65 		.ascii	"Timer_1_ReadControlRegister\000"
 1357      725F315F 
 1357      52656164 
 1357      436F6E74 
 1357      726F6C52 
 1358              	.LASF20:
 1359 01db 54696D65 		.ascii	"Timer_1_Start\000"
 1359      725F315F 
 1359      53746172 
 1359      7400
 1360              	.LASF18:
 1361 01e9 54696D65 		.ascii	"Timer_1_Init\000"
 1361      725F315F 
 1361      496E6974 
 1361      00
 1362              	.LASF7:
 1363 01f6 6C6F6E67 		.ascii	"long long unsigned int\000"
 1363      206C6F6E 
 1363      6720756E 
 1363      7369676E 
 1363      65642069 
 1364              	.LASF33:
 1365 020d 54696D65 		.ascii	"Timer_1_WriteCounter\000"
 1365      725F315F 
 1365      57726974 
 1365      65436F75 
 1365      6E746572 
 1366              	.LASF32:
 1367 0222 54696D65 		.ascii	"Timer_1_ReadCapture\000"
 1367      725F315F 
 1367      52656164 
 1367      43617074 
 1367      75726500 
 1368              	.LASF39:
 1369 0236 70657269 		.ascii	"period_temp\000"
 1369      6F645F74 
 1369      656D7000 
 1370              	.LASF17:
 1371 0242 73697A65 		.ascii	"sizetype\000"
 1371      74797065 
 1371      00
 1372              	.LASF6:
 1373 024b 6C6F6E67 		.ascii	"long long int\000"
 1373      206C6F6E 
 1373      6720696E 
ARM GAS  C:\Users\Joe\AppData\Local\Temp\ccqsEhFj.s 			page 36


 1373      7400
 1374              	.LASF27:
 1375 0259 696E7465 		.ascii	"interruptMode\000"
 1375      72727570 
 1375      744D6F64 
 1375      6500
 1376              	.LASF35:
 1377 0267 54696D65 		.ascii	"Timer_1_ReadCounter\000"
 1377      725F315F 
 1377      52656164 
 1377      436F756E 
 1377      74657200 
 1378              	.LASF2:
 1379 027b 73686F72 		.ascii	"short int\000"
 1379      7420696E 
 1379      7400
 1380              	.LASF23:
 1381 0285 54696D65 		.ascii	"Timer_1_ReadStatusRegister\000"
 1381      725F315F 
 1381      52656164 
 1381      53746174 
 1381      75735265 
 1382              	.LASF4:
 1383 02a0 6C6F6E67 		.ascii	"long int\000"
 1383      20696E74 
 1383      00
 1384              	.LASF13:
 1385 02a9 63686172 		.ascii	"char\000"
 1385      00
 1386              	.LASF16:
 1387 02ae 6C6F6E67 		.ascii	"long double\000"
 1387      20646F75 
 1387      626C6500 
 1388              	.LASF38:
 1389 02ba 443A5C44 		.ascii	"D:\\Documents\\DPEA_Projects\\RpiMIB\\Number2.cydsn"
 1389      6F63756D 
 1389      656E7473 
 1389      5C445045 
 1389      415F5072 
 1390 02e9 00       		.ascii	"\000"
 1391              	.LASF0:
 1392 02ea 7369676E 		.ascii	"signed char\000"
 1392      65642063 
 1392      68617200 
 1393              	.LASF21:
 1394 02f6 54696D65 		.ascii	"Timer_1_Stop\000"
 1394      725F315F 
 1394      53746F70 
 1394      00
 1395              		.ident	"GCC: (GNU Tools for ARM Embedded Processors) 5.4.1 20160609 (release) [ARM/embedded-5-bran
