ARM GAS  C:\Users\Joe\AppData\Local\Temp\ccN5lRyF.s 			page 1


   1              		.syntax unified
   2              		.cpu cortex-m3
   3              		.fpu softvfp
   4              		.eabi_attribute 20, 1
   5              		.eabi_attribute 21, 1
   6              		.eabi_attribute 23, 3
   7              		.eabi_attribute 24, 1
   8              		.eabi_attribute 25, 1
   9              		.eabi_attribute 26, 1
  10              		.eabi_attribute 30, 4
  11              		.eabi_attribute 34, 1
  12              		.eabi_attribute 18, 4
  13              		.thumb
  14              		.syntax unified
  15              		.file	"main.c"
  16              		.text
  17              	.Ltext0:
  18              		.cfi_sections	.debug_frame
  19              		.section	.text.Timer_Interrupt_Handler,"ax",%progbits
  20              		.align	1
  21              		.global	Timer_Interrupt_Handler
  22              		.thumb
  23              		.thumb_func
  24              		.type	Timer_Interrupt_Handler, %function
  25              	Timer_Interrupt_Handler:
  26              	.LFB63:
  27              		.file 1 "main.c"
   1:main.c        **** /******************************************************************************
   2:main.c        **** * File Name: main.c
   3:main.c        **** *
   4:main.c        **** * Version: 1.10
   5:main.c        **** *
   6:main.c        **** * Description: This is the source code for the Blinking LED code example.
   7:main.c        **** *
   8:main.c        **** * Related Document: CE195352_PSoC_5LP_Blinking_LED.pdf
   9:main.c        **** *
  10:main.c        **** * Hardware Dependency: See CE195352_PSoC_5LP_Blinking_LED.pdf
  11:main.c        **** *
  12:main.c        **** *******************************************************************************
  13:main.c        **** * Copyright (2018), Cypress Semiconductor Corporation. All rights reserved.
  14:main.c        **** *******************************************************************************
  15:main.c        **** * This software, including source code, documentation and related materials
  16:main.c        **** * (“Software”), is owned by Cypress Semiconductor Corporation or one of its
  17:main.c        **** * subsidiaries (“Cypress”) and is protected by and subject to worldwide patent
  18:main.c        **** * protection (United States and foreign), United States copyright laws and
  19:main.c        **** * international treaty provisions. Therefore, you may use this Software only
  20:main.c        **** * as provided in the license agreement accompanying the software package from
  21:main.c        **** * which you obtained this Software (“EULA”).
  22:main.c        **** *
  23:main.c        **** * If no EULA applies, Cypress hereby grants you a personal, nonexclusive,
  24:main.c        **** * non-transferable license to copy, modify, and compile the Software source
  25:main.c        **** * code solely for use in connection with Cypress’s integrated circuit products.
  26:main.c        **** * Any reproduction, modification, translation, compilation, or representation
  27:main.c        **** * of this Software except as specified above is prohibited without the express
  28:main.c        **** * written permission of Cypress.
  29:main.c        **** *
  30:main.c        **** * Disclaimer: THIS SOFTWARE IS PROVIDED AS-IS, WITH NO WARRANTY OF ANY KIND, 
ARM GAS  C:\Users\Joe\AppData\Local\Temp\ccN5lRyF.s 			page 2


  31:main.c        **** * EXPRESS OR IMPLIED, INCLUDING, BUT NOT LIMITED TO, NONINFRINGEMENT, IMPLIED 
  32:main.c        **** * WARRANTIES OF MERCHANTABILITY AND FITNESS FOR A PARTICULAR PURPOSE. Cypress 
  33:main.c        **** * reserves the right to make changes to the Software without notice. Cypress 
  34:main.c        **** * does not assume any liability arising out of the application or use of the 
  35:main.c        **** * Software or any product or circuit described in the Software. Cypress does 
  36:main.c        **** * not authorize its products for use in any products where a malfunction or 
  37:main.c        **** * failure of the Cypress product may reasonably be expected to result in 
  38:main.c        **** * significant property damage, injury or death (“High Risk Product”). By 
  39:main.c        **** * including Cypress’s product in a High Risk Product, the manufacturer of such 
  40:main.c        **** * system or application assumes all risk of such use and in doing so agrees to 
  41:main.c        **** * indemnify Cypress against all liability.
  42:main.c        **** *******************************************************************************/
  43:main.c        **** 
  44:main.c        **** #include <project.h>
  45:main.c        **** 
  46:main.c        **** 
  47:main.c        **** CY_ISR(Timer_Interrupt_Handler){
  28              		.loc 1 47 0
  29              		.cfi_startproc
  30              		@ args = 0, pretend = 0, frame = 0
  31              		@ frame_needed = 0, uses_anonymous_args = 0
  32 0000 08B5     		push	{r3, lr}
  33              		.cfi_def_cfa_offset 8
  34              		.cfi_offset 3, -8
  35              		.cfi_offset 14, -4
  48:main.c        ****     Timer_ReadStatusRegister();
  36              		.loc 1 48 0
  37 0002 FFF7FEFF 		bl	Timer_ReadStatusRegister
  38              	.LVL0:
  49:main.c        ****     
  50:main.c        ****     
  51:main.c        ****     PWM_Out_Write( ~PWM_Out_Read());
  39              		.loc 1 51 0
  40 0006 FFF7FEFF 		bl	PWM_Out_Read
  41              	.LVL1:
  42 000a C043     		mvns	r0, r0
  43 000c C0B2     		uxtb	r0, r0
  44 000e FFF7FEFF 		bl	PWM_Out_Write
  45              	.LVL2:
  52:main.c        ****     
  53:main.c        ****     isr_1_ClearPending();
  54:main.c        **** }
  46              		.loc 1 54 0
  47 0012 BDE80840 		pop	{r3, lr}
  48              		.cfi_restore 14
  49              		.cfi_restore 3
  50              		.cfi_def_cfa_offset 0
  53:main.c        **** }
  51              		.loc 1 53 0
  52 0016 FFF7FEBF 		b	isr_1_ClearPending
  53              	.LVL3:
  54              		.cfi_endproc
  55              	.LFE63:
  56              		.size	Timer_Interrupt_Handler, .-Timer_Interrupt_Handler
  57              		.section	.text.startup.main,"ax",%progbits
  58              		.align	1
  59              		.global	main
ARM GAS  C:\Users\Joe\AppData\Local\Temp\ccN5lRyF.s 			page 3


  60              		.thumb
  61              		.thumb_func
  62              		.type	main, %function
  63              	main:
  64              	.LFB64:
  55:main.c        **** 
  56:main.c        **** 
  57:main.c        **** /*******************************************************************************
  58:main.c        **** * Function Name: main
  59:main.c        **** ********************************************************************************
  60:main.c        **** *
  61:main.c        **** * Summary:
  62:main.c        **** *  The PWM is configured and started in the PWM_1_Start() function.
  63:main.c        **** *  The firmware then enters an idle loop, leaving control of the project
  64:main.c        **** *  to the fixed function PWM peripheral.
  65:main.c        **** *
  66:main.c        **** * Parameters:
  67:main.c        **** *  None.
  68:main.c        **** *
  69:main.c        **** * Return:
  70:main.c        **** *  None.
  71:main.c        **** *
  72:main.c        **** *******************************************************************************/
  73:main.c        **** int main()
  74:main.c        **** {
  65              		.loc 1 74 0
  66              		.cfi_startproc
  67              		@ Volatile: function does not return.
  68              		@ args = 0, pretend = 0, frame = 0
  69              		@ frame_needed = 0, uses_anonymous_args = 0
  70 0000 08B5     		push	{r3, lr}
  71              		.cfi_def_cfa_offset 8
  72              		.cfi_offset 3, -8
  73              		.cfi_offset 14, -4
  75:main.c        ****     CyGlobalIntEnable;
  74              		.loc 1 75 0
  75              		.syntax unified
  76              	@ 75 "main.c" 1
  77 0002 62B6     		CPSIE   i
  78              	@ 0 "" 2
  76:main.c        ****     isr_1_StartEx( Timer_Interrupt_Handler );
  79              		.loc 1 76 0
  80              		.thumb
  81              		.syntax unified
  82 0004 0248     		ldr	r0, .L5
  83 0006 FFF7FEFF 		bl	isr_1_StartEx
  84              	.LVL4:
  77:main.c        ****    
  78:main.c        ****     /* Prepare components */
  79:main.c        ****     Timer_Start();
  85              		.loc 1 79 0
  86 000a FFF7FEFF 		bl	Timer_Start
  87              	.LVL5:
  88              	.L3:
  89 000e FEE7     		b	.L3
  90              	.L6:
  91              		.align	2
ARM GAS  C:\Users\Joe\AppData\Local\Temp\ccN5lRyF.s 			page 4


  92              	.L5:
  93 0010 00000000 		.word	Timer_Interrupt_Handler
  94              		.cfi_endproc
  95              	.LFE64:
  96              		.size	main, .-main
  97              		.text
  98              	.Letext0:
  99              		.file 2 "c:\\program files (x86)\\cypress\\psoc creator\\4.2\\psoc creator\\import\\gnu\\arm\\5.4.
 100              		.file 3 "c:\\program files (x86)\\cypress\\psoc creator\\4.2\\psoc creator\\import\\gnu\\arm\\5.4.
 101              		.file 4 "Generated_Source\\PSoC5/Timer.h"
 102              		.file 5 "Generated_Source\\PSoC5/PWM_Out.h"
 103              		.file 6 "Generated_Source\\PSoC5/isr_1.h"
 104              		.file 7 "Generated_Source\\PSoC5/core_cm3.h"
 105              		.section	.debug_info,"",%progbits
 106              	.Ldebug_info0:
 107 0000 68010000 		.4byte	0x168
 108 0004 0400     		.2byte	0x4
 109 0006 00000000 		.4byte	.Ldebug_abbrev0
 110 000a 04       		.byte	0x4
 111 000b 01       		.uleb128 0x1
 112 000c 73010000 		.4byte	.LASF22
 113 0010 0C       		.byte	0xc
 114 0011 3A000000 		.4byte	.LASF23
 115 0015 46000000 		.4byte	.LASF24
 116 0019 00000000 		.4byte	.Ldebug_ranges0+0
 117 001d 00000000 		.4byte	0
 118 0021 00000000 		.4byte	.Ldebug_line0
 119 0025 02       		.uleb128 0x2
 120 0026 01       		.byte	0x1
 121 0027 06       		.byte	0x6
 122 0028 0E020000 		.4byte	.LASF0
 123 002c 02       		.uleb128 0x2
 124 002d 01       		.byte	0x1
 125 002e 08       		.byte	0x8
 126 002f 22010000 		.4byte	.LASF1
 127 0033 02       		.uleb128 0x2
 128 0034 02       		.byte	0x2
 129 0035 05       		.byte	0x5
 130 0036 36020000 		.4byte	.LASF2
 131 003a 02       		.uleb128 0x2
 132 003b 02       		.byte	0x2
 133 003c 07       		.byte	0x7
 134 003d 0E000000 		.4byte	.LASF3
 135 0041 03       		.uleb128 0x3
 136 0042 26020000 		.4byte	.LASF9
 137 0046 02       		.byte	0x2
 138 0047 3F       		.byte	0x3f
 139 0048 4C000000 		.4byte	0x4c
 140 004c 02       		.uleb128 0x2
 141 004d 04       		.byte	0x4
 142 004e 05       		.byte	0x5
 143 004f 6A010000 		.4byte	.LASF4
 144 0053 02       		.uleb128 0x2
 145 0054 04       		.byte	0x4
 146 0055 07       		.byte	0x7
 147 0056 51010000 		.4byte	.LASF5
 148 005a 02       		.uleb128 0x2
ARM GAS  C:\Users\Joe\AppData\Local\Temp\ccN5lRyF.s 			page 5


 149 005b 08       		.byte	0x8
 150 005c 05       		.byte	0x5
 151 005d 00000000 		.4byte	.LASF6
 152 0061 02       		.uleb128 0x2
 153 0062 08       		.byte	0x8
 154 0063 07       		.byte	0x7
 155 0064 D3000000 		.4byte	.LASF7
 156 0068 04       		.uleb128 0x4
 157 0069 04       		.byte	0x4
 158 006a 05       		.byte	0x5
 159 006b 696E7400 		.ascii	"int\000"
 160 006f 02       		.uleb128 0x2
 161 0070 04       		.byte	0x4
 162 0071 07       		.byte	0x7
 163 0072 2D000000 		.4byte	.LASF8
 164 0076 03       		.uleb128 0x3
 165 0077 40020000 		.4byte	.LASF10
 166 007b 03       		.byte	0x3
 167 007c 2C       		.byte	0x2c
 168 007d 41000000 		.4byte	0x41
 169 0081 02       		.uleb128 0x2
 170 0082 04       		.byte	0x4
 171 0083 04       		.byte	0x4
 172 0084 30020000 		.4byte	.LASF11
 173 0088 02       		.uleb128 0x2
 174 0089 08       		.byte	0x8
 175 008a 04       		.byte	0x4
 176 008b 63010000 		.4byte	.LASF12
 177 008f 02       		.uleb128 0x2
 178 0090 01       		.byte	0x1
 179 0091 08       		.byte	0x8
 180 0092 30010000 		.4byte	.LASF13
 181 0096 02       		.uleb128 0x2
 182 0097 08       		.byte	0x8
 183 0098 04       		.byte	0x4
 184 0099 1A020000 		.4byte	.LASF14
 185 009d 02       		.uleb128 0x2
 186 009e 04       		.byte	0x4
 187 009f 07       		.byte	0x7
 188 00a0 48020000 		.4byte	.LASF15
 189 00a4 05       		.uleb128 0x5
 190 00a5 EA000000 		.4byte	.LASF25
 191 00a9 01       		.byte	0x1
 192 00aa 2F       		.byte	0x2f
 193 00ab 00000000 		.4byte	.LFB63
 194 00af 1A000000 		.4byte	.LFE63-.LFB63
 195 00b3 01       		.uleb128 0x1
 196 00b4 9C       		.byte	0x9c
 197 00b5 DE000000 		.4byte	0xde
 198 00b9 06       		.uleb128 0x6
 199 00ba 06000000 		.4byte	.LVL0
 200 00be 29010000 		.4byte	0x129
 201 00c2 06       		.uleb128 0x6
 202 00c3 0A000000 		.4byte	.LVL1
 203 00c7 34010000 		.4byte	0x134
 204 00cb 06       		.uleb128 0x6
 205 00cc 12000000 		.4byte	.LVL2
ARM GAS  C:\Users\Joe\AppData\Local\Temp\ccN5lRyF.s 			page 6


 206 00d0 3F010000 		.4byte	0x13f
 207 00d4 07       		.uleb128 0x7
 208 00d5 1A000000 		.4byte	.LVL3
 209 00d9 4A010000 		.4byte	0x14a
 210 00dd 00       		.byte	0
 211 00de 08       		.uleb128 0x8
 212 00df 41000000 		.4byte	.LASF26
 213 00e3 01       		.byte	0x1
 214 00e4 49       		.byte	0x49
 215 00e5 68000000 		.4byte	0x68
 216 00e9 00000000 		.4byte	.LFB64
 217 00ed 14000000 		.4byte	.LFE64-.LFB64
 218 00f1 01       		.uleb128 0x1
 219 00f2 9C       		.byte	0x9c
 220 00f3 18010000 		.4byte	0x118
 221 00f7 09       		.uleb128 0x9
 222 00f8 0A000000 		.4byte	.LVL4
 223 00fc 55010000 		.4byte	0x155
 224 0100 0E010000 		.4byte	0x10e
 225 0104 0A       		.uleb128 0xa
 226 0105 01       		.uleb128 0x1
 227 0106 50       		.byte	0x50
 228 0107 05       		.uleb128 0x5
 229 0108 03       		.byte	0x3
 230 0109 00000000 		.4byte	Timer_Interrupt_Handler
 231 010d 00       		.byte	0
 232 010e 06       		.uleb128 0x6
 233 010f 0E000000 		.4byte	.LVL5
 234 0113 60010000 		.4byte	0x160
 235 0117 00       		.byte	0
 236 0118 0B       		.uleb128 0xb
 237 0119 01020000 		.4byte	.LASF27
 238 011d 07       		.byte	0x7
 239 011e 1207     		.2byte	0x712
 240 0120 24010000 		.4byte	0x124
 241 0124 0C       		.uleb128 0xc
 242 0125 76000000 		.4byte	0x76
 243 0129 0D       		.uleb128 0xd
 244 012a BA000000 		.4byte	.LASF16
 245 012e BA000000 		.4byte	.LASF16
 246 0132 04       		.byte	0x4
 247 0133 5E       		.byte	0x5e
 248 0134 0D       		.uleb128 0xd
 249 0135 02010000 		.4byte	.LASF17
 250 0139 02010000 		.4byte	.LASF17
 251 013d 05       		.byte	0x5
 252 013e 29       		.byte	0x29
 253 013f 0D       		.uleb128 0xd
 254 0140 43010000 		.4byte	.LASF18
 255 0144 43010000 		.4byte	.LASF18
 256 0148 05       		.byte	0x5
 257 0149 26       		.byte	0x26
 258 014a 0D       		.uleb128 0xd
 259 014b 0F010000 		.4byte	.LASF19
 260 014f 0F010000 		.4byte	.LASF19
 261 0153 06       		.byte	0x6
 262 0154 28       		.byte	0x28
ARM GAS  C:\Users\Joe\AppData\Local\Temp\ccN5lRyF.s 			page 7


 263 0155 0D       		.uleb128 0xd
 264 0156 35010000 		.4byte	.LASF20
 265 015a 35010000 		.4byte	.LASF20
 266 015e 06       		.byte	0x6
 267 015f 18       		.byte	0x18
 268 0160 0D       		.uleb128 0xd
 269 0161 21000000 		.4byte	.LASF21
 270 0165 21000000 		.4byte	.LASF21
 271 0169 04       		.byte	0x4
 272 016a 5A       		.byte	0x5a
 273 016b 00       		.byte	0
 274              		.section	.debug_abbrev,"",%progbits
 275              	.Ldebug_abbrev0:
 276 0000 01       		.uleb128 0x1
 277 0001 11       		.uleb128 0x11
 278 0002 01       		.byte	0x1
 279 0003 25       		.uleb128 0x25
 280 0004 0E       		.uleb128 0xe
 281 0005 13       		.uleb128 0x13
 282 0006 0B       		.uleb128 0xb
 283 0007 03       		.uleb128 0x3
 284 0008 0E       		.uleb128 0xe
 285 0009 1B       		.uleb128 0x1b
 286 000a 0E       		.uleb128 0xe
 287 000b 55       		.uleb128 0x55
 288 000c 17       		.uleb128 0x17
 289 000d 11       		.uleb128 0x11
 290 000e 01       		.uleb128 0x1
 291 000f 10       		.uleb128 0x10
 292 0010 17       		.uleb128 0x17
 293 0011 00       		.byte	0
 294 0012 00       		.byte	0
 295 0013 02       		.uleb128 0x2
 296 0014 24       		.uleb128 0x24
 297 0015 00       		.byte	0
 298 0016 0B       		.uleb128 0xb
 299 0017 0B       		.uleb128 0xb
 300 0018 3E       		.uleb128 0x3e
 301 0019 0B       		.uleb128 0xb
 302 001a 03       		.uleb128 0x3
 303 001b 0E       		.uleb128 0xe
 304 001c 00       		.byte	0
 305 001d 00       		.byte	0
 306 001e 03       		.uleb128 0x3
 307 001f 16       		.uleb128 0x16
 308 0020 00       		.byte	0
 309 0021 03       		.uleb128 0x3
 310 0022 0E       		.uleb128 0xe
 311 0023 3A       		.uleb128 0x3a
 312 0024 0B       		.uleb128 0xb
 313 0025 3B       		.uleb128 0x3b
 314 0026 0B       		.uleb128 0xb
 315 0027 49       		.uleb128 0x49
 316 0028 13       		.uleb128 0x13
 317 0029 00       		.byte	0
 318 002a 00       		.byte	0
 319 002b 04       		.uleb128 0x4
ARM GAS  C:\Users\Joe\AppData\Local\Temp\ccN5lRyF.s 			page 8


 320 002c 24       		.uleb128 0x24
 321 002d 00       		.byte	0
 322 002e 0B       		.uleb128 0xb
 323 002f 0B       		.uleb128 0xb
 324 0030 3E       		.uleb128 0x3e
 325 0031 0B       		.uleb128 0xb
 326 0032 03       		.uleb128 0x3
 327 0033 08       		.uleb128 0x8
 328 0034 00       		.byte	0
 329 0035 00       		.byte	0
 330 0036 05       		.uleb128 0x5
 331 0037 2E       		.uleb128 0x2e
 332 0038 01       		.byte	0x1
 333 0039 3F       		.uleb128 0x3f
 334 003a 19       		.uleb128 0x19
 335 003b 03       		.uleb128 0x3
 336 003c 0E       		.uleb128 0xe
 337 003d 3A       		.uleb128 0x3a
 338 003e 0B       		.uleb128 0xb
 339 003f 3B       		.uleb128 0x3b
 340 0040 0B       		.uleb128 0xb
 341 0041 27       		.uleb128 0x27
 342 0042 19       		.uleb128 0x19
 343 0043 11       		.uleb128 0x11
 344 0044 01       		.uleb128 0x1
 345 0045 12       		.uleb128 0x12
 346 0046 06       		.uleb128 0x6
 347 0047 40       		.uleb128 0x40
 348 0048 18       		.uleb128 0x18
 349 0049 9742     		.uleb128 0x2117
 350 004b 19       		.uleb128 0x19
 351 004c 01       		.uleb128 0x1
 352 004d 13       		.uleb128 0x13
 353 004e 00       		.byte	0
 354 004f 00       		.byte	0
 355 0050 06       		.uleb128 0x6
 356 0051 898201   		.uleb128 0x4109
 357 0054 00       		.byte	0
 358 0055 11       		.uleb128 0x11
 359 0056 01       		.uleb128 0x1
 360 0057 31       		.uleb128 0x31
 361 0058 13       		.uleb128 0x13
 362 0059 00       		.byte	0
 363 005a 00       		.byte	0
 364 005b 07       		.uleb128 0x7
 365 005c 898201   		.uleb128 0x4109
 366 005f 00       		.byte	0
 367 0060 11       		.uleb128 0x11
 368 0061 01       		.uleb128 0x1
 369 0062 9542     		.uleb128 0x2115
 370 0064 19       		.uleb128 0x19
 371 0065 31       		.uleb128 0x31
 372 0066 13       		.uleb128 0x13
 373 0067 00       		.byte	0
 374 0068 00       		.byte	0
 375 0069 08       		.uleb128 0x8
 376 006a 2E       		.uleb128 0x2e
ARM GAS  C:\Users\Joe\AppData\Local\Temp\ccN5lRyF.s 			page 9


 377 006b 01       		.byte	0x1
 378 006c 3F       		.uleb128 0x3f
 379 006d 19       		.uleb128 0x19
 380 006e 03       		.uleb128 0x3
 381 006f 0E       		.uleb128 0xe
 382 0070 3A       		.uleb128 0x3a
 383 0071 0B       		.uleb128 0xb
 384 0072 3B       		.uleb128 0x3b
 385 0073 0B       		.uleb128 0xb
 386 0074 49       		.uleb128 0x49
 387 0075 13       		.uleb128 0x13
 388 0076 8701     		.uleb128 0x87
 389 0078 19       		.uleb128 0x19
 390 0079 11       		.uleb128 0x11
 391 007a 01       		.uleb128 0x1
 392 007b 12       		.uleb128 0x12
 393 007c 06       		.uleb128 0x6
 394 007d 40       		.uleb128 0x40
 395 007e 18       		.uleb128 0x18
 396 007f 9742     		.uleb128 0x2117
 397 0081 19       		.uleb128 0x19
 398 0082 01       		.uleb128 0x1
 399 0083 13       		.uleb128 0x13
 400 0084 00       		.byte	0
 401 0085 00       		.byte	0
 402 0086 09       		.uleb128 0x9
 403 0087 898201   		.uleb128 0x4109
 404 008a 01       		.byte	0x1
 405 008b 11       		.uleb128 0x11
 406 008c 01       		.uleb128 0x1
 407 008d 31       		.uleb128 0x31
 408 008e 13       		.uleb128 0x13
 409 008f 01       		.uleb128 0x1
 410 0090 13       		.uleb128 0x13
 411 0091 00       		.byte	0
 412 0092 00       		.byte	0
 413 0093 0A       		.uleb128 0xa
 414 0094 8A8201   		.uleb128 0x410a
 415 0097 00       		.byte	0
 416 0098 02       		.uleb128 0x2
 417 0099 18       		.uleb128 0x18
 418 009a 9142     		.uleb128 0x2111
 419 009c 18       		.uleb128 0x18
 420 009d 00       		.byte	0
 421 009e 00       		.byte	0
 422 009f 0B       		.uleb128 0xb
 423 00a0 34       		.uleb128 0x34
 424 00a1 00       		.byte	0
 425 00a2 03       		.uleb128 0x3
 426 00a3 0E       		.uleb128 0xe
 427 00a4 3A       		.uleb128 0x3a
 428 00a5 0B       		.uleb128 0xb
 429 00a6 3B       		.uleb128 0x3b
 430 00a7 05       		.uleb128 0x5
 431 00a8 49       		.uleb128 0x49
 432 00a9 13       		.uleb128 0x13
 433 00aa 3F       		.uleb128 0x3f
ARM GAS  C:\Users\Joe\AppData\Local\Temp\ccN5lRyF.s 			page 10


 434 00ab 19       		.uleb128 0x19
 435 00ac 3C       		.uleb128 0x3c
 436 00ad 19       		.uleb128 0x19
 437 00ae 00       		.byte	0
 438 00af 00       		.byte	0
 439 00b0 0C       		.uleb128 0xc
 440 00b1 35       		.uleb128 0x35
 441 00b2 00       		.byte	0
 442 00b3 49       		.uleb128 0x49
 443 00b4 13       		.uleb128 0x13
 444 00b5 00       		.byte	0
 445 00b6 00       		.byte	0
 446 00b7 0D       		.uleb128 0xd
 447 00b8 2E       		.uleb128 0x2e
 448 00b9 00       		.byte	0
 449 00ba 3F       		.uleb128 0x3f
 450 00bb 19       		.uleb128 0x19
 451 00bc 3C       		.uleb128 0x3c
 452 00bd 19       		.uleb128 0x19
 453 00be 6E       		.uleb128 0x6e
 454 00bf 0E       		.uleb128 0xe
 455 00c0 03       		.uleb128 0x3
 456 00c1 0E       		.uleb128 0xe
 457 00c2 3A       		.uleb128 0x3a
 458 00c3 0B       		.uleb128 0xb
 459 00c4 3B       		.uleb128 0x3b
 460 00c5 0B       		.uleb128 0xb
 461 00c6 00       		.byte	0
 462 00c7 00       		.byte	0
 463 00c8 00       		.byte	0
 464              		.section	.debug_aranges,"",%progbits
 465 0000 24000000 		.4byte	0x24
 466 0004 0200     		.2byte	0x2
 467 0006 00000000 		.4byte	.Ldebug_info0
 468 000a 04       		.byte	0x4
 469 000b 00       		.byte	0
 470 000c 0000     		.2byte	0
 471 000e 0000     		.2byte	0
 472 0010 00000000 		.4byte	.LFB63
 473 0014 1A000000 		.4byte	.LFE63-.LFB63
 474 0018 00000000 		.4byte	.LFB64
 475 001c 14000000 		.4byte	.LFE64-.LFB64
 476 0020 00000000 		.4byte	0
 477 0024 00000000 		.4byte	0
 478              		.section	.debug_ranges,"",%progbits
 479              	.Ldebug_ranges0:
 480 0000 00000000 		.4byte	.LFB63
 481 0004 1A000000 		.4byte	.LFE63
 482 0008 00000000 		.4byte	.LFB64
 483 000c 14000000 		.4byte	.LFE64
 484 0010 00000000 		.4byte	0
 485 0014 00000000 		.4byte	0
 486              		.section	.debug_line,"",%progbits
 487              	.Ldebug_line0:
 488 0000 8E010000 		.section	.debug_str,"MS",%progbits,1
 488      02006201 
 488      00000201 
ARM GAS  C:\Users\Joe\AppData\Local\Temp\ccN5lRyF.s 			page 11


 488      FB0E0D00 
 488      01010101 
 489              	.LASF6:
 490 0000 6C6F6E67 		.ascii	"long long int\000"
 490      206C6F6E 
 490      6720696E 
 490      7400
 491              	.LASF3:
 492 000e 73686F72 		.ascii	"short unsigned int\000"
 492      7420756E 
 492      7369676E 
 492      65642069 
 492      6E7400
 493              	.LASF21:
 494 0021 54696D65 		.ascii	"Timer_Start\000"
 494      725F5374 
 494      61727400 
 495              	.LASF8:
 496 002d 756E7369 		.ascii	"unsigned int\000"
 496      676E6564 
 496      20696E74 
 496      00
 497              	.LASF23:
 498 003a 6D61696E 		.ascii	"main.c\000"
 498      2E6300
 499              	.LASF26:
 500 0041 6D61696E 		.ascii	"main\000"
 500      00
 501              	.LASF24:
 502 0046 443A5C44 		.ascii	"D:\\Documents\\DPEA_Projects\\RpiMIB\\InteruptTimer"
 502      6F63756D 
 502      656E7473 
 502      5C445045 
 502      415F5072 
 503 0075 5C434531 		.ascii	"\\CE195352_PSoC_5LP_Blinking_LED\\CE195352_PSoC_5LP"
 503      39353335 
 503      325F5053 
 503      6F435F35 
 503      4C505F42 
 504 00a6 5F426C69 		.ascii	"_Blinking_LED.cydsn\000"
 504      6E6B696E 
 504      675F4C45 
 504      442E6379 
 504      64736E00 
 505              	.LASF16:
 506 00ba 54696D65 		.ascii	"Timer_ReadStatusRegister\000"
 506      725F5265 
 506      61645374 
 506      61747573 
 506      52656769 
 507              	.LASF7:
 508 00d3 6C6F6E67 		.ascii	"long long unsigned int\000"
 508      206C6F6E 
 508      6720756E 
 508      7369676E 
 508      65642069 
 509              	.LASF25:
ARM GAS  C:\Users\Joe\AppData\Local\Temp\ccN5lRyF.s 			page 12


 510 00ea 54696D65 		.ascii	"Timer_Interrupt_Handler\000"
 510      725F496E 
 510      74657272 
 510      7570745F 
 510      48616E64 
 511              	.LASF17:
 512 0102 50574D5F 		.ascii	"PWM_Out_Read\000"
 512      4F75745F 
 512      52656164 
 512      00
 513              	.LASF19:
 514 010f 6973725F 		.ascii	"isr_1_ClearPending\000"
 514      315F436C 
 514      65617250 
 514      656E6469 
 514      6E6700
 515              	.LASF1:
 516 0122 756E7369 		.ascii	"unsigned char\000"
 516      676E6564 
 516      20636861 
 516      7200
 517              	.LASF13:
 518 0130 63686172 		.ascii	"char\000"
 518      00
 519              	.LASF20:
 520 0135 6973725F 		.ascii	"isr_1_StartEx\000"
 520      315F5374 
 520      61727445 
 520      7800
 521              	.LASF18:
 522 0143 50574D5F 		.ascii	"PWM_Out_Write\000"
 522      4F75745F 
 522      57726974 
 522      6500
 523              	.LASF5:
 524 0151 6C6F6E67 		.ascii	"long unsigned int\000"
 524      20756E73 
 524      69676E65 
 524      6420696E 
 524      7400
 525              	.LASF12:
 526 0163 646F7562 		.ascii	"double\000"
 526      6C6500
 527              	.LASF4:
 528 016a 6C6F6E67 		.ascii	"long int\000"
 528      20696E74 
 528      00
 529              	.LASF22:
 530 0173 474E5520 		.ascii	"GNU C11 5.4.1 20160609 (release) [ARM/embedded-5-br"
 530      43313120 
 530      352E342E 
 530      31203230 
 530      31363036 
 531 01a6 616E6368 		.ascii	"anch revision 237715] -mcpu=cortex-m3 -mthumb -g -O"
 531      20726576 
 531      6973696F 
 531      6E203233 
ARM GAS  C:\Users\Joe\AppData\Local\Temp\ccN5lRyF.s 			page 13


 531      37373135 
 532 01d9 73202D66 		.ascii	"s -ffunction-sections -ffat-lto-objects\000"
 532      66756E63 
 532      74696F6E 
 532      2D736563 
 532      74696F6E 
 533              	.LASF27:
 534 0201 49544D5F 		.ascii	"ITM_RxBuffer\000"
 534      52784275 
 534      66666572 
 534      00
 535              	.LASF0:
 536 020e 7369676E 		.ascii	"signed char\000"
 536      65642063 
 536      68617200 
 537              	.LASF14:
 538 021a 6C6F6E67 		.ascii	"long double\000"
 538      20646F75 
 538      626C6500 
 539              	.LASF9:
 540 0226 5F5F696E 		.ascii	"__int32_t\000"
 540      7433325F 
 540      7400
 541              	.LASF11:
 542 0230 666C6F61 		.ascii	"float\000"
 542      7400
 543              	.LASF2:
 544 0236 73686F72 		.ascii	"short int\000"
 544      7420696E 
 544      7400
 545              	.LASF10:
 546 0240 696E7433 		.ascii	"int32_t\000"
 546      325F7400 
 547              	.LASF15:
 548 0248 73697A65 		.ascii	"sizetype\000"
 548      74797065 
 548      00
 549              		.ident	"GCC: (GNU Tools for ARM Embedded Processors) 5.4.1 20160609 (release) [ARM/embedded-5-bran
