--------------- Build Started: 09/07/2018 12:39:24 Project: Number3, Configuration: ARM GCC 5.4-2016-q2-update Release ---------------
The code generation step is up to date.
arm-none-eabi-gcc.exe -mcpu=cortex-m3 -mthumb -I. -IGenerated_Source\PSoC5 -Wa,-alh=.\CortexM3\ARM_GCC_541\Release/main.lst -g -D NDEBUG -Wall -ffunction-sections -ffat-lto-objects -Os -c main.c -o .\CortexM3\ARM_GCC_541\Release\main.o
arm-none-eabi-gcc.exe -mcpu=cortex-m3 -mthumb -I. -IGenerated_Source\PSoC5 -Wa,-alh=.\CortexM3\ARM_GCC_541\Release/cyfitter_cfg.lst -g -D NDEBUG -Wall -ffunction-sections -ffat-lto-objects -Os -c Generated_Source\PSoC5\cyfitter_cfg.c -o .\CortexM3\ARM_GCC_541\Release\cyfitter_cfg.o
arm-none-eabi-gcc.exe -mcpu=cortex-m3 -mthumb -I. -IGenerated_Source\PSoC5 -Wa,-alh=.\CortexM3\ARM_GCC_541\Release/cymetadata.lst -g -D NDEBUG -Wall -ffunction-sections -ffat-lto-objects -Os -c Generated_Source\PSoC5\cymetadata.c -o .\CortexM3\ARM_GCC_541\Release\cymetadata.o
arm-none-eabi-gcc.exe -mcpu=cortex-m3 -mthumb -I. -IGenerated_Source\PSoC5 -Wa,-alh=.\CortexM3\ARM_GCC_541\Release/Cm3Start.lst -g -D NDEBUG -Wall -ffunction-sections -ffat-lto-objects -Os -c Generated_Source\PSoC5\Cm3Start.c -o .\CortexM3\ARM_GCC_541\Release\Cm3Start.o
arm-none-eabi-gcc.exe -mcpu=cortex-m3 -mthumb -I. -IGenerated_Source\PSoC5 -Wa,-alh=.\CortexM3\ARM_GCC_541\Release/CyDmac.lst -g -D NDEBUG -Wall -ffunction-sections -ffat-lto-objects -Os -c Generated_Source\PSoC5\CyDmac.c -o .\CortexM3\ARM_GCC_541\Release\CyDmac.o
arm-none-eabi-gcc.exe -mcpu=cortex-m3 -mthumb -I. -IGenerated_Source\PSoC5 -Wa,-alh=.\CortexM3\ARM_GCC_541\Release/CyFlash.lst -g -D NDEBUG -Wall -ffunction-sections -ffat-lto-objects -Os -c Generated_Source\PSoC5\CyFlash.c -o .\CortexM3\ARM_GCC_541\Release\CyFlash.o
arm-none-eabi-gcc.exe -mcpu=cortex-m3 -mthumb -I. -IGenerated_Source\PSoC5 -Wa,-alh=.\CortexM3\ARM_GCC_541\Release/CyLib.lst -g -D NDEBUG -Wall -ffunction-sections -ffat-lto-objects -Os -c Generated_Source\PSoC5\CyLib.c -o .\CortexM3\ARM_GCC_541\Release\CyLib.o
arm-none-eabi-gcc.exe -mcpu=cortex-m3 -mthumb -I. -IGenerated_Source\PSoC5 -Wa,-alh=.\CortexM3\ARM_GCC_541\Release/cyPm.lst -g -D NDEBUG -Wall -ffunction-sections -ffat-lto-objects -Os -c Generated_Source\PSoC5\cyPm.c -o .\CortexM3\ARM_GCC_541\Release\cyPm.o
arm-none-eabi-gcc.exe -mcpu=cortex-m3 -mthumb -I. -IGenerated_Source\PSoC5 -Wa,-alh=.\CortexM3\ARM_GCC_541\Release/CySpc.lst -g -D NDEBUG -Wall -ffunction-sections -ffat-lto-objects -Os -c Generated_Source\PSoC5\CySpc.c -o .\CortexM3\ARM_GCC_541\Release\CySpc.o
arm-none-eabi-gcc.exe -mcpu=cortex-m3 -mthumb -I. -IGenerated_Source\PSoC5 -Wa,-alh=.\CortexM3\ARM_GCC_541\Release/cyutils.lst -g -D NDEBUG -Wall -ffunction-sections -ffat-lto-objects -Os -c Generated_Source\PSoC5\cyutils.c -o .\CortexM3\ARM_GCC_541\Release\cyutils.o
arm-none-eabi-gcc.exe -mcpu=cortex-m3 -mthumb -I. -IGenerated_Source\PSoC5 -Wa,-alh=.\CortexM3\ARM_GCC_541\Release/Pin_1.lst -g -D NDEBUG -Wall -ffunction-sections -ffat-lto-objects -Os -c Generated_Source\PSoC5\Pin_1.c -o .\CortexM3\ARM_GCC_541\Release\Pin_1.o
arm-none-eabi-gcc.exe -mcpu=cortex-m3 -mthumb -I. -IGenerated_Source\PSoC5 -Wa,-alh=.\CortexM3\ARM_GCC_541\Release/SDA_2.lst -g -D NDEBUG -Wall -ffunction-sections -ffat-lto-objects -Os -c Generated_Source\PSoC5\SDA_2.c -o .\CortexM3\ARM_GCC_541\Release\SDA_2.o
arm-none-eabi-gcc.exe -mcpu=cortex-m3 -mthumb -I. -IGenerated_Source\PSoC5 -Wa,-alh=.\CortexM3\ARM_GCC_541\Release/Rpi_mosi.lst -g -D NDEBUG -Wall -ffunction-sections -ffat-lto-objects -Os -c Generated_Source\PSoC5\Rpi_mosi.c -o .\CortexM3\ARM_GCC_541\Release\Rpi_mosi.o
arm-none-eabi-gcc.exe -mcpu=cortex-m3 -mthumb -I. -IGenerated_Source\PSoC5 -Wa,-alh=.\CortexM3\ARM_GCC_541\Release/Rpi_sclk.lst -g -D NDEBUG -Wall -ffunction-sections -ffat-lto-objects -Os -c Generated_Source\PSoC5\Rpi_sclk.c -o .\CortexM3\ARM_GCC_541\Release\Rpi_sclk.o
arm-none-eabi-gcc.exe -mcpu=cortex-m3 -mthumb -I. -IGenerated_Source\PSoC5 -Wa,-alh=.\CortexM3\ARM_GCC_541\Release/Rpi_ss.lst -g -D NDEBUG -Wall -ffunction-sections -ffat-lto-objects -Os -c Generated_Source\PSoC5\Rpi_ss.c -o .\CortexM3\ARM_GCC_541\Release\Rpi_ss.o
arm-none-eabi-gcc.exe -mcpu=cortex-m3 -mthumb -I. -IGenerated_Source\PSoC5 -Wa,-alh=.\CortexM3\ARM_GCC_541\Release/Clock_1.lst -g -D NDEBUG -Wall -ffunction-sections -ffat-lto-objects -Os -c Generated_Source\PSoC5\Clock_1.c -o .\CortexM3\ARM_GCC_541\Release\Clock_1.o
arm-none-eabi-gcc.exe -mcpu=cortex-m3 -mthumb -I. -IGenerated_Source\PSoC5 -Wa,-alh=.\CortexM3\ARM_GCC_541\Release/SCL_2.lst -g -D NDEBUG -Wall -ffunction-sections -ffat-lto-objects -Os -c Generated_Source\PSoC5\SCL_2.c -o .\CortexM3\ARM_GCC_541\Release\SCL_2.o
arm-none-eabi-gcc.exe -mcpu=cortex-m3 -mthumb -I. -IGenerated_Source\PSoC5 -Wa,-alh=.\CortexM3\ARM_GCC_541\Release/I2C_1.lst -g -D NDEBUG -Wall -ffunction-sections -ffat-lto-objects -Os -c Generated_Source\PSoC5\I2C_1.c -o .\CortexM3\ARM_GCC_541\Release\I2C_1.o
arm-none-eabi-gcc.exe -mcpu=cortex-m3 -mthumb -I. -IGenerated_Source\PSoC5 -Wa,-alh=.\CortexM3\ARM_GCC_541\Release/I2C_1_BOOT.lst -g -D NDEBUG -Wall -ffunction-sections -ffat-lto-objects -Os -c Generated_Source\PSoC5\I2C_1_BOOT.c -o .\CortexM3\ARM_GCC_541\Release\I2C_1_BOOT.o
arm-none-eabi-gcc.exe -mcpu=cortex-m3 -mthumb -I. -IGenerated_Source\PSoC5 -Wa,-alh=.\CortexM3\ARM_GCC_541\Release/I2C_1_INT.lst -g -D NDEBUG -Wall -ffunction-sections -ffat-lto-objects -Os -c Generated_Source\PSoC5\I2C_1_INT.c -o .\CortexM3\ARM_GCC_541\Release\I2C_1_INT.o
arm-none-eabi-gcc.exe -mcpu=cortex-m3 -mthumb -I. -IGenerated_Source\PSoC5 -Wa,-alh=.\CortexM3\ARM_GCC_541\Release/I2C_1_PM.lst -g -D NDEBUG -Wall -ffunction-sections -ffat-lto-objects -Os -c Generated_Source\PSoC5\I2C_1_PM.c -o .\CortexM3\ARM_GCC_541\Release\I2C_1_PM.o
arm-none-eabi-gcc.exe -mcpu=cortex-m3 -mthumb -I. -IGenerated_Source\PSoC5 -Wa,-alh=.\CortexM3\ARM_GCC_541\Release/I2C_1_SLAVE.lst -g -D NDEBUG -Wall -ffunction-sections -ffat-lto-objects -Os -c Generated_Source\PSoC5\I2C_1_SLAVE.c -o .\CortexM3\ARM_GCC_541\Release\I2C_1_SLAVE.o
arm-none-eabi-gcc.exe -mcpu=cortex-m3 -mthumb -I. -IGenerated_Source\PSoC5 -Wa,-alh=.\CortexM3\ARM_GCC_541\Release/I2C_1_MASTER.lst -g -D NDEBUG -Wall -ffunction-sections -ffat-lto-objects -Os -c Generated_Source\PSoC5\I2C_1_MASTER.c -o .\CortexM3\ARM_GCC_541\Release\I2C_1_MASTER.o
arm-none-eabi-gcc.exe -mcpu=cortex-m3 -mthumb -I. -IGenerated_Source\PSoC5 -Wa,-alh=.\CortexM3\ARM_GCC_541\Release/I2C_1_IntClock.lst -g -D NDEBUG -Wall -ffunction-sections -ffat-lto-objects -Os -c Generated_Source\PSoC5\I2C_1_IntClock.c -o .\CortexM3\ARM_GCC_541\Release\I2C_1_IntClock.o
arm-none-eabi-gcc.exe -mcpu=cortex-m3 -mthumb -I. -IGenerated_Source\PSoC5 -Wa,-alh=.\CortexM3\ARM_GCC_541\Release/MISO_1.lst -g -D NDEBUG -Wall -ffunction-sections -ffat-lto-objects -Os -c Generated_Source\PSoC5\MISO_1.c -o .\CortexM3\ARM_GCC_541\Release\MISO_1.o
arm-none-eabi-gcc.exe -mcpu=cortex-m3 -mthumb -I. -IGenerated_Source\PSoC5 -Wa,-alh=.\CortexM3\ARM_GCC_541\Release/SCLK_1.lst -g -D NDEBUG -Wall -ffunction-sections -ffat-lto-objects -Os -c Generated_Source\PSoC5\SCLK_1.c -o .\CortexM3\ARM_GCC_541\Release\SCLK_1.o
arm-none-eabi-gcc.exe -mcpu=cortex-m3 -mthumb -I. -IGenerated_Source\PSoC5 -Wa,-alh=.\CortexM3\ARM_GCC_541\Release/MOSI_1.lst -g -D NDEBUG -Wall -ffunction-sections -ffat-lto-objects -Os -c Generated_Source\PSoC5\MOSI_1.c -o .\CortexM3\ARM_GCC_541\Release\MOSI_1.o
arm-none-eabi-gcc.exe -mcpu=cortex-m3 -mthumb -I. -IGenerated_Source\PSoC5 -Wa,-alh=.\CortexM3\ARM_GCC_541\Release/SPIM_1.lst -g -D NDEBUG -Wall -ffunction-sections -ffat-lto-objects -Os -c Generated_Source\PSoC5\SPIM_1.c -o .\CortexM3\ARM_GCC_541\Release\SPIM_1.o
arm-none-eabi-gcc.exe -mcpu=cortex-m3 -mthumb -I. -IGenerated_Source\PSoC5 -Wa,-alh=.\CortexM3\ARM_GCC_541\Release/SPIM_1_PM.lst -g -D NDEBUG -Wall -ffunction-sections -ffat-lto-objects -Os -c Generated_Source\PSoC5\SPIM_1_PM.c -o .\CortexM3\ARM_GCC_541\Release\SPIM_1_PM.o
arm-none-eabi-gcc.exe -mcpu=cortex-m3 -mthumb -I. -IGenerated_Source\PSoC5 -Wa,-alh=.\CortexM3\ARM_GCC_541\Release/SPIM_1_INT.lst -g -D NDEBUG -Wall -ffunction-sections -ffat-lto-objects -Os -c Generated_Source\PSoC5\SPIM_1_INT.c -o .\CortexM3\ARM_GCC_541\Release\SPIM_1_INT.o
arm-none-eabi-gcc.exe -mcpu=cortex-m3 -mthumb -I. -IGenerated_Source\PSoC5 -Wa,-alh=.\CortexM3\ARM_GCC_541\Release/SPIM_1_IntClock.lst -g -D NDEBUG -Wall -ffunction-sections -ffat-lto-objects -Os -c Generated_Source\PSoC5\SPIM_1_IntClock.c -o .\CortexM3\ARM_GCC_541\Release\SPIM_1_IntClock.o
arm-none-eabi-gcc.exe -mcpu=cortex-m3 -mthumb -I. -IGenerated_Source\PSoC5 -Wa,-alh=.\CortexM3\ARM_GCC_541\Release/Status_Reg_1.lst -g -D NDEBUG -Wall -ffunction-sections -ffat-lto-objects -Os -c Generated_Source\PSoC5\Status_Reg_1.c -o .\CortexM3\ARM_GCC_541\Release\Status_Reg_1.o
arm-none-eabi-gcc.exe -mcpu=cortex-m3 -mthumb -I. -IGenerated_Source\PSoC5 -Wa,-alh=.\CortexM3\ARM_GCC_541\Release/EnableBattery.lst -g -D NDEBUG -Wall -ffunction-sections -ffat-lto-objects -Os -c Generated_Source\PSoC5\EnableBattery.c -o .\CortexM3\ARM_GCC_541\Release\EnableBattery.o
arm-none-eabi-gcc.exe -mcpu=cortex-m3 -mthumb -I. -IGenerated_Source\PSoC5 -Wa,-alh=.\CortexM3\ARM_GCC_541\Release/EnableBattery_PM.lst -g -D NDEBUG -Wall -ffunction-sections -ffat-lto-objects -Os -c Generated_Source\PSoC5\EnableBattery_PM.c -o .\CortexM3\ARM_GCC_541\Release\EnableBattery_PM.o
arm-none-eabi-gcc.exe -mcpu=cortex-m3 -mthumb -I. -IGenerated_Source\PSoC5 -Wa,-alh=.\CortexM3\ARM_GCC_541\Release/Comp_1.lst -g -D NDEBUG -Wall -ffunction-sections -ffat-lto-objects -Os -c Generated_Source\PSoC5\Comp_1.c -o .\CortexM3\ARM_GCC_541\Release\Comp_1.o
arm-none-eabi-gcc.exe -mcpu=cortex-m3 -mthumb -I. -IGenerated_Source\PSoC5 -Wa,-alh=.\CortexM3\ARM_GCC_541\Release/Comp_1_PM.lst -g -D NDEBUG -Wall -ffunction-sections -ffat-lto-objects -Os -c Generated_Source\PSoC5\Comp_1_PM.c -o .\CortexM3\ARM_GCC_541\Release\Comp_1_PM.o
arm-none-eabi-gcc.exe -mcpu=cortex-m3 -mthumb -I. -IGenerated_Source\PSoC5 -Wa,-alh=.\CortexM3\ARM_GCC_541\Release/Supply_monitor.lst -g -D NDEBUG -Wall -ffunction-sections -ffat-lto-objects -Os -c Generated_Source\PSoC5\Supply_monitor.c -o .\CortexM3\ARM_GCC_541\Release\Supply_monitor.o
arm-none-eabi-gcc.exe -mcpu=cortex-m3 -mthumb -I. -IGenerated_Source\PSoC5 -Wa,-alh=.\CortexM3\ARM_GCC_541\Release/cs_1c.lst -g -D NDEBUG -Wall -ffunction-sections -ffat-lto-objects -Os -c Generated_Source\PSoC5\cs_1c.c -o .\CortexM3\ARM_GCC_541\Release\cs_1c.o
arm-none-eabi-gcc.exe -mcpu=cortex-m3 -mthumb -I. -IGenerated_Source\PSoC5 -Wa,-alh=.\CortexM3\ARM_GCC_541\Release/cs_1b.lst -g -D NDEBUG -Wall -ffunction-sections -ffat-lto-objects -Os -c Generated_Source\PSoC5\cs_1b.c -o .\CortexM3\ARM_GCC_541\Release\cs_1b.o
arm-none-eabi-gcc.exe -mcpu=cortex-m3 -mthumb -I. -IGenerated_Source\PSoC5 -Wa,-alh=.\CortexM3\ARM_GCC_541\Release/cs_1a.lst -g -D NDEBUG -Wall -ffunction-sections -ffat-lto-objects -Os -c Generated_Source\PSoC5\cs_1a.c -o .\CortexM3\ARM_GCC_541\Release\cs_1a.o
arm-none-eabi-gcc.exe -mcpu=cortex-m3 -mthumb -I. -IGenerated_Source\PSoC5 -Wa,-alh=.\CortexM3\ARM_GCC_541\Release/Rpi_miso.lst -g -D NDEBUG -Wall -ffunction-sections -ffat-lto-objects -Os -c Generated_Source\PSoC5\Rpi_miso.c -o .\CortexM3\ARM_GCC_541\Release\Rpi_miso.o
arm-none-eabi-gcc.exe -mcpu=cortex-m3 -mthumb -I. -IGenerated_Source\PSoC5 -Wa,-alh=.\CortexM3\ARM_GCC_541\Release/rpi_inta.lst -g -D NDEBUG -Wall -ffunction-sections -ffat-lto-objects -Os -c Generated_Source\PSoC5\rpi_inta.c -o .\CortexM3\ARM_GCC_541\Release\rpi_inta.o
arm-none-eabi-gcc.exe -mcpu=cortex-m3 -mthumb -I. -IGenerated_Source\PSoC5 -Wa,-alh=.\CortexM3\ARM_GCC_541\Release/rpi_intb.lst -g -D NDEBUG -Wall -ffunction-sections -ffat-lto-objects -Os -c Generated_Source\PSoC5\rpi_intb.c -o .\CortexM3\ARM_GCC_541\Release\rpi_intb.o
arm-none-eabi-gcc.exe -mcpu=cortex-m3 -mthumb -I. -IGenerated_Source\PSoC5 -Wa,-alh=.\CortexM3\ARM_GCC_541\Release/enable_battery.lst -g -D NDEBUG -Wall -ffunction-sections -ffat-lto-objects -Os -c Generated_Source\PSoC5\enable_battery.c -o .\CortexM3\ARM_GCC_541\Release\enable_battery.o
arm-none-eabi-gcc.exe -mcpu=cortex-m3 -mthumb -I. -IGenerated_Source\PSoC5 -Wa,-alh=.\CortexM3\ARM_GCC_541\Release/en_level_shift.lst -g -D NDEBUG -Wall -ffunction-sections -ffat-lto-objects -Os -c Generated_Source\PSoC5\en_level_shift.c -o .\CortexM3\ARM_GCC_541\Release\en_level_shift.o
arm-none-eabi-gcc.exe -mcpu=cortex-m3 -mthumb -I. -IGenerated_Source\PSoC5 -Wa,-alh=.\CortexM3\ARM_GCC_541\Release/PWM_1.lst -g -D NDEBUG -Wall -ffunction-sections -ffat-lto-objects -Os -c Generated_Source\PSoC5\PWM_1.c -o .\CortexM3\ARM_GCC_541\Release\PWM_1.o
arm-none-eabi-gcc.exe -mcpu=cortex-m3 -mthumb -I. -IGenerated_Source\PSoC5 -Wa,-alh=.\CortexM3\ARM_GCC_541\Release/PWM_1_PM.lst -g -D NDEBUG -Wall -ffunction-sections -ffat-lto-objects -Os -c Generated_Source\PSoC5\PWM_1_PM.c -o .\CortexM3\ARM_GCC_541\Release\PWM_1_PM.o
arm-none-eabi-gcc.exe -mcpu=cortex-m3 -mthumb -I. -IGenerated_Source\PSoC5 -Wa,-alh=.\CortexM3\ARM_GCC_541\Release/pwm_a.lst -g -D NDEBUG -Wall -ffunction-sections -ffat-lto-objects -Os -c Generated_Source\PSoC5\pwm_a.c -o .\CortexM3\ARM_GCC_541\Release\pwm_a.o
arm-none-eabi-gcc.exe -mcpu=cortex-m3 -mthumb -I. -IGenerated_Source\PSoC5 -Wa,-alh=.\CortexM3\ARM_GCC_541\Release/pwm_b.lst -g -D NDEBUG -Wall -ffunction-sections -ffat-lto-objects -Os -c Generated_Source\PSoC5\pwm_b.c -o .\CortexM3\ARM_GCC_541\Release\pwm_b.o
arm-none-eabi-gcc.exe -mcpu=cortex-m3 -mthumb -I. -IGenerated_Source\PSoC5 -Wa,-alh=.\CortexM3\ARM_GCC_541\Release/PWM_2.lst -g -D NDEBUG -Wall -ffunction-sections -ffat-lto-objects -Os -c Generated_Source\PSoC5\PWM_2.c -o .\CortexM3\ARM_GCC_541\Release\PWM_2.o
arm-none-eabi-gcc.exe -mcpu=cortex-m3 -mthumb -I. -IGenerated_Source\PSoC5 -Wa,-alh=.\CortexM3\ARM_GCC_541\Release/PWM_2_PM.lst -g -D NDEBUG -Wall -ffunction-sections -ffat-lto-objects -Os -c Generated_Source\PSoC5\PWM_2_PM.c -o .\CortexM3\ARM_GCC_541\Release\PWM_2_PM.o
arm-none-eabi-gcc.exe -mcpu=cortex-m3 -mthumb -I. -IGenerated_Source\PSoC5 -Wa,-alh=.\CortexM3\ARM_GCC_541\Release/RpiInterrupts.lst -g -D NDEBUG -Wall -ffunction-sections -ffat-lto-objects -Os -c Generated_Source\PSoC5\RpiInterrupts.c -o .\CortexM3\ARM_GCC_541\Release\RpiInterrupts.o
arm-none-eabi-gcc.exe -mcpu=cortex-m3 -mthumb -I. -IGenerated_Source\PSoC5 -Wa,-alh=.\CortexM3\ARM_GCC_541\Release/RpiInterrupts_PM.lst -g -D NDEBUG -Wall -ffunction-sections -ffat-lto-objects -Os -c Generated_Source\PSoC5\RpiInterrupts_PM.c -o .\CortexM3\ARM_GCC_541\Release\RpiInterrupts_PM.o
arm-none-eabi-gcc.exe -mcpu=cortex-m3 -mthumb -I. -IGenerated_Source\PSoC5 -Wa,-alh=.\CortexM3\ARM_GCC_541\Release/Control_Reg_SS.lst -g -D NDEBUG -Wall -ffunction-sections -ffat-lto-objects -Os -c Generated_Source\PSoC5\Control_Reg_SS.c -o .\CortexM3\ARM_GCC_541\Release\Control_Reg_SS.o
arm-none-eabi-gcc.exe -mcpu=cortex-m3 -mthumb -I. -IGenerated_Source\PSoC5 -Wa,-alh=.\CortexM3\ARM_GCC_541\Release/Control_Reg_SS_PM.lst -g -D NDEBUG -Wall -ffunction-sections -ffat-lto-objects -Os -c Generated_Source\PSoC5\Control_Reg_SS_PM.c -o .\CortexM3\ARM_GCC_541\Release\Control_Reg_SS_PM.o
arm-none-eabi-gcc.exe -mcpu=cortex-m3 -mthumb -I. -IGenerated_Source\PSoC5 -Wa,-alh=.\CortexM3\ARM_GCC_541\Release/SPIS.lst -g -D NDEBUG -Wall -ffunction-sections -ffat-lto-objects -Os -c Generated_Source\PSoC5\SPIS.c -o .\CortexM3\ARM_GCC_541\Release\SPIS.o
arm-none-eabi-gcc.exe -mcpu=cortex-m3 -mthumb -I. -IGenerated_Source\PSoC5 -Wa,-alh=.\CortexM3\ARM_GCC_541\Release/SPIS_PM.lst -g -D NDEBUG -Wall -ffunction-sections -ffat-lto-objects -Os -c Generated_Source\PSoC5\SPIS_PM.c -o .\CortexM3\ARM_GCC_541\Release\SPIS_PM.o
arm-none-eabi-gcc.exe -mcpu=cortex-m3 -mthumb -I. -IGenerated_Source\PSoC5 -Wa,-alh=.\CortexM3\ARM_GCC_541\Release/SPIS_INT.lst -g -D NDEBUG -Wall -ffunction-sections -ffat-lto-objects -Os -c Generated_Source\PSoC5\SPIS_INT.c -o .\CortexM3\ARM_GCC_541\Release\SPIS_INT.o
arm-none-eabi-gcc.exe -mcpu=cortex-m3 -mthumb -I. -IGenerated_Source\PSoC5 -Wa,-alh=.\CortexM3\ARM_GCC_541\Release/SPIS_BOOT.lst -g -D NDEBUG -Wall -ffunction-sections -ffat-lto-objects -Os -c Generated_Source\PSoC5\SPIS_BOOT.c -o .\CortexM3\ARM_GCC_541\Release\SPIS_BOOT.o
arm-none-eabi-gcc.exe -mcpu=cortex-m3 -mthumb -I. -IGenerated_Source\PSoC5 -Wa,-alh=.\CortexM3\ARM_GCC_541\Release/Control_Reg_LED.lst -g -D NDEBUG -Wall -ffunction-sections -ffat-lto-objects -Os -c Generated_Source\PSoC5\Control_Reg_LED.c -o .\CortexM3\ARM_GCC_541\Release\Control_Reg_LED.o
arm-none-eabi-gcc.exe -mcpu=cortex-m3 -mthumb -I. -IGenerated_Source\PSoC5 -Wa,-alh=.\CortexM3\ARM_GCC_541\Release/Control_Reg_LED_PM.lst -g -D NDEBUG -Wall -ffunction-sections -ffat-lto-objects -Os -c Generated_Source\PSoC5\Control_Reg_LED_PM.c -o .\CortexM3\ARM_GCC_541\Release\Control_Reg_LED_PM.o
arm-none-eabi-gcc.exe -mcpu=cortex-m3 -mthumb -I. -IGenerated_Source\PSoC5 -Wa,-alh=.\CortexM3\ARM_GCC_541\Release/MOSI_2.lst -g -D NDEBUG -Wall -ffunction-sections -ffat-lto-objects -Os -c Generated_Source\PSoC5\MOSI_2.c -o .\CortexM3\ARM_GCC_541\Release\MOSI_2.o
arm-none-eabi-gcc.exe -mcpu=cortex-m3 -mthumb -I. -IGenerated_Source\PSoC5 -Wa,-alh=.\CortexM3\ARM_GCC_541\Release/SCLK_2.lst -g -D NDEBUG -Wall -ffunction-sections -ffat-lto-objects -Os -c Generated_Source\PSoC5\SCLK_2.c -o .\CortexM3\ARM_GCC_541\Release\SCLK_2.o
arm-none-eabi-gcc.exe -mcpu=cortex-m3 -mthumb -I. -IGenerated_Source\PSoC5 -Wa,-alh=.\CortexM3\ARM_GCC_541\Release/SPIM_SigGen.lst -g -D NDEBUG -Wall -ffunction-sections -ffat-lto-objects -Os -c Generated_Source\PSoC5\SPIM_SigGen.c -o .\CortexM3\ARM_GCC_541\Release\SPIM_SigGen.o
arm-none-eabi-gcc.exe -mcpu=cortex-m3 -mthumb -I. -IGenerated_Source\PSoC5 -Wa,-alh=.\CortexM3\ARM_GCC_541\Release/SPIM_SigGen_PM.lst -g -D NDEBUG -Wall -ffunction-sections -ffat-lto-objects -Os -c Generated_Source\PSoC5\SPIM_SigGen_PM.c -o .\CortexM3\ARM_GCC_541\Release\SPIM_SigGen_PM.o
arm-none-eabi-gcc.exe -mcpu=cortex-m3 -mthumb -I. -IGenerated_Source\PSoC5 -Wa,-alh=.\CortexM3\ARM_GCC_541\Release/SPIM_SigGen_INT.lst -g -D NDEBUG -Wall -ffunction-sections -ffat-lto-objects -Os -c Generated_Source\PSoC5\SPIM_SigGen_INT.c -o .\CortexM3\ARM_GCC_541\Release\SPIM_SigGen_INT.o
arm-none-eabi-gcc.exe -mcpu=cortex-m3 -mthumb -I. -IGenerated_Source\PSoC5 -Wa,-alh=.\CortexM3\ARM_GCC_541\Release/cs_2a.lst -g -D NDEBUG -Wall -ffunction-sections -ffat-lto-objects -Os -c Generated_Source\PSoC5\cs_2a.c -o .\CortexM3\ARM_GCC_541\Release\cs_2a.o
arm-none-eabi-gcc.exe -mcpu=cortex-m3 -mthumb -I. -IGenerated_Source\PSoC5 -Wa,-alh=.\CortexM3\ARM_GCC_541\Release/Control_Reg_SS_SigGen.lst -g -D NDEBUG -Wall -ffunction-sections -ffat-lto-objects -Os -c Generated_Source\PSoC5\Control_Reg_SS_SigGen.c -o .\CortexM3\ARM_GCC_541\Release\Control_Reg_SS_SigGen.o
arm-none-eabi-gcc.exe -mcpu=cortex-m3 -mthumb -I. -IGenerated_Source\PSoC5 -Wa,-alh=.\CortexM3\ARM_GCC_541\Release/Control_Reg_SS_SigGen_PM.lst -g -D NDEBUG -Wall -ffunction-sections -ffat-lto-objects -Os -c Generated_Source\PSoC5\Control_Reg_SS_SigGen_PM.c -o .\CortexM3\ARM_GCC_541\Release\Control_Reg_SS_SigGen_PM.o
arm-none-eabi-gcc.exe -mcpu=cortex-m3 -mthumb -I. -IGenerated_Source\PSoC5 -Wa,-alh=.\CortexM3\ARM_GCC_541\Release/cs_2b.lst -g -D NDEBUG -Wall -ffunction-sections -ffat-lto-objects -Os -c Generated_Source\PSoC5\cs_2b.c -o .\CortexM3\ARM_GCC_541\Release\cs_2b.o
arm-none-eabi-gcc.exe -mcpu=cortex-m3 -mthumb -I. -IGenerated_Source\PSoC5 -Wa,-alh=.\CortexM3\ARM_GCC_541\Release/cs_2c.lst -g -D NDEBUG -Wall -ffunction-sections -ffat-lto-objects -Os -c Generated_Source\PSoC5\cs_2c.c -o .\CortexM3\ARM_GCC_541\Release\cs_2c.o
arm-none-eabi-gcc.exe -mcpu=cortex-m3 -mthumb -I. -IGenerated_Source\PSoC5 -Wa,-alh=.\CortexM3\ARM_GCC_541\Release/SPIM_SigGen_IntClock.lst -g -D NDEBUG -Wall -ffunction-sections -ffat-lto-objects -Os -c Generated_Source\PSoC5\SPIM_SigGen_IntClock.c -o .\CortexM3\ARM_GCC_541\Release\SPIM_SigGen_IntClock.o
arm-none-eabi-gcc.exe -mcpu=cortex-m3 -mthumb -I. -IGenerated_Source\PSoC5 -Wa,-alh=.\CortexM3\ARM_GCC_541\Release/SPIS_IntClock.lst -g -D NDEBUG -Wall -ffunction-sections -ffat-lto-objects -Os -c Generated_Source\PSoC5\SPIS_IntClock.c -o .\CortexM3\ARM_GCC_541\Release\SPIS_IntClock.o
arm-none-eabi-gcc.exe -mcpu=cortex-m3 -mthumb -I. -IGenerated_Source\PSoC5 -Wa,-alh=.\CortexM3\ARM_GCC_541\Release/cy_em_eeprom.lst -g -D NDEBUG -Wall -ffunction-sections -ffat-lto-objects -Os -c Generated_Source\PSoC5\cy_em_eeprom.c -o .\CortexM3\ARM_GCC_541\Release\cy_em_eeprom.o
arm-none-eabi-gcc.exe -mcpu=cortex-m3 -mthumb -I. -IGenerated_Source\PSoC5 -Wa,-alh=.\CortexM3\ARM_GCC_541\Release/isr_SS_Rise.lst -g -D NDEBUG -Wall -ffunction-sections -ffat-lto-objects -Os -c Generated_Source\PSoC5\isr_SS_Rise.c -o .\CortexM3\ARM_GCC_541\Release\isr_SS_Rise.o
arm-none-eabi-gcc.exe -mcpu=cortex-m3 -mthumb -I. -IGenerated_Source\PSoC5 -Wa,-alh=.\CortexM3\ARM_GCC_541\Release/isr_SS_Fall.lst -g -D NDEBUG -Wall -ffunction-sections -ffat-lto-objects -Os -c Generated_Source\PSoC5\isr_SS_Fall.c -o .\CortexM3\ARM_GCC_541\Release\isr_SS_Fall.o
arm-none-eabi-gcc.exe -mcpu=cortex-m3 -mthumb -I. -IGenerated_Source\PSoC5 -Wa,-alh=.\CortexM3\ARM_GCC_541\Release/Clock_2.lst -g -D NDEBUG -Wall -ffunction-sections -ffat-lto-objects -Os -c Generated_Source\PSoC5\Clock_2.c -o .\CortexM3\ARM_GCC_541\Release\Clock_2.o
arm-none-eabi-as.exe -mcpu=cortex-m3 -mthumb -I. -IGenerated_Source\PSoC5 -alh=.\CortexM3\ARM_GCC_541\Release/CyBootAsmGnu.lst -g -o .\CortexM3\ARM_GCC_541\Release\CyBootAsmGnu.o Generated_Source\PSoC5\CyBootAsmGnu.s
arm-none-eabi-ar.exe -rs .\CortexM3\ARM_GCC_541\Release\Number3.a .\CortexM3\ARM_GCC_541\Release\CyDmac.o .\CortexM3\ARM_GCC_541\Release\CyFlash.o .\CortexM3\ARM_GCC_541\Release\CyLib.o .\CortexM3\ARM_GCC_541\Release\cyPm.o .\CortexM3\ARM_GCC_541\Release\CySpc.o .\CortexM3\ARM_GCC_541\Release\cyutils.o .\CortexM3\ARM_GCC_541\Release\Pin_1.o .\CortexM3\ARM_GCC_541\Release\SDA_2.o .\CortexM3\ARM_GCC_541\Release\Rpi_mosi.o .\CortexM3\ARM_GCC_541\Release\Rpi_sclk.o .\CortexM3\ARM_GCC_541\Release\Rpi_ss.o .\CortexM3\ARM_GCC_541\Release\Clock_1.o .\CortexM3\ARM_GCC_541\Release\SCL_2.o .\CortexM3\ARM_GCC_541\Release\I2C_1.o .\CortexM3\ARM_GCC_541\Release\I2C_1_BOOT.o .\CortexM3\ARM_GCC_541\Release\I2C_1_INT.o .\CortexM3\ARM_GCC_541\Release\I2C_1_PM.o .\CortexM3\ARM_GCC_541\Release\I2C_1_SLAVE.o .\CortexM3\ARM_GCC_541\Release\I2C_1_MASTER.o .\CortexM3\ARM_GCC_541\Release\I2C_1_IntClock.o .\CortexM3\ARM_GCC_541\Release\MISO_1.o .\CortexM3\ARM_GCC_541\Release\SCLK_1.o .\CortexM3\ARM_GCC_541\Release\MOSI_1.o .\CortexM3\ARM_GCC_541\Release\SPIM_1.o .\CortexM3\ARM_GCC_541\Release\SPIM_1_PM.o .\CortexM3\ARM_GCC_541\Release\SPIM_1_INT.o .\CortexM3\ARM_GCC_541\Release\SPIM_1_IntClock.o .\CortexM3\ARM_GCC_541\Release\Status_Reg_1.o .\CortexM3\ARM_GCC_541\Release\EnableBattery.o .\CortexM3\ARM_GCC_541\Release\EnableBattery_PM.o .\CortexM3\ARM_GCC_541\Release\Comp_1.o .\CortexM3\ARM_GCC_541\Release\Comp_1_PM.o .\CortexM3\ARM_GCC_541\Release\Supply_monitor.o .\CortexM3\ARM_GCC_541\Release\cs_1c.o .\CortexM3\ARM_GCC_541\Release\cs_1b.o .\CortexM3\ARM_GCC_541\Release\cs_1a.o .\CortexM3\ARM_GCC_541\Release\Rpi_miso.o .\CortexM3\ARM_GCC_541\Release\rpi_inta.o .\CortexM3\ARM_GCC_541\Release\rpi_intb.o .\CortexM3\ARM_GCC_541\Release\enable_battery.o .\CortexM3\ARM_GCC_541\Release\en_level_shift.o .\CortexM3\ARM_GCC_541\Release\PWM_1.o .\CortexM3\ARM_GCC_541\Release\PWM_1_PM.o .\CortexM3\ARM_GCC_541\Release\pwm_a.o .\CortexM3\ARM_GCC_541\Release\pwm_b.o .\CortexM3\ARM_GCC_541\Release\PWM_2.o .\CortexM3\ARM_GCC_541\Release\PWM_2_PM.o .\CortexM3\ARM_GCC_541\Release\RpiInterrupts.o .\CortexM3\ARM_GCC_541\Release\RpiInterrupts_PM.o .\CortexM3\ARM_GCC_541\Release\Control_Reg_SS.o .\CortexM3\ARM_GCC_541\Release\Control_Reg_SS_PM.o .\CortexM3\ARM_GCC_541\Release\SPIS.o .\CortexM3\ARM_GCC_541\Release\SPIS_PM.o .\CortexM3\ARM_GCC_541\Release\SPIS_INT.o .\CortexM3\ARM_GCC_541\Release\SPIS_BOOT.o .\CortexM3\ARM_GCC_541\Release\Control_Reg_LED.o .\CortexM3\ARM_GCC_541\Release\Control_Reg_LED_PM.o .\CortexM3\ARM_GCC_541\Release\MOSI_2.o .\CortexM3\ARM_GCC_541\Release\SCLK_2.o .\CortexM3\ARM_GCC_541\Release\SPIM_SigGen.o .\CortexM3\ARM_GCC_541\Release\SPIM_SigGen_PM.o .\CortexM3\ARM_GCC_541\Release\SPIM_SigGen_INT.o .\CortexM3\ARM_GCC_541\Release\cs_2a.o .\CortexM3\ARM_GCC_541\Release\Control_Reg_SS_SigGen.o .\CortexM3\ARM_GCC_541\Release\Control_Reg_SS_SigGen_PM.o .\CortexM3\ARM_GCC_541\Release\cs_2b.o .\CortexM3\ARM_GCC_541\Release\cs_2c.o .\CortexM3\ARM_GCC_541\Release\SPIM_SigGen_IntClock.o .\CortexM3\ARM_GCC_541\Release\SPIS_IntClock.o .\CortexM3\ARM_GCC_541\Release\cy_em_eeprom.o .\CortexM3\ARM_GCC_541\Release\isr_SS_Rise.o .\CortexM3\ARM_GCC_541\Release\isr_SS_Fall.o .\CortexM3\ARM_GCC_541\Release\Clock_2.o .\CortexM3\ARM_GCC_541\Release\CyBootAsmGnu.o
arm-none-eabi-ar.exe: creating .\CortexM3\ARM_GCC_541\Release\Number3.a
arm-none-eabi-gcc.exe -Wl,--start-group -o C:\Users\harlow2016\Documents\PSOC_Designs\RpiMIB\Number3.cydsn\CortexM3\ARM_GCC_541\Release\Number3.elf .\CortexM3\ARM_GCC_541\Release\main.o .\CortexM3\ARM_GCC_541\Release\cyfitter_cfg.o .\CortexM3\ARM_GCC_541\Release\cymetadata.o .\CortexM3\ARM_GCC_541\Release\Cm3Start.o .\CortexM3\ARM_GCC_541\Release\Number3.a "C:\Program Files (x86)\Cypress\PSoC Creator\4.2\PSoC Creator\psoc\content\cycomponentlibrary\CyComponentLibrary.cylib\CortexM3\ARM_GCC_541\Release\CyComponentLibrary.a" -mcpu=cortex-m3 -mthumb -L Generated_Source\PSoC5 -Wl,-Map,.\CortexM3\ARM_GCC_541\Release/Number3.map -T Generated_Source\PSoC5\cm3gcc.ld -specs=nano.specs -Wl,--gc-sections -g -ffunction-sections -Os -ffat-lto-objects -Wl,--end-group
cyelftool.exe -C C:\Users\harlow2016\Documents\PSOC_Designs\RpiMIB\Number3.cydsn\CortexM3\ARM_GCC_541\Release\Number3.elf --flash_row_size 256 --flash_size 262144 --flash_offset 0x00000000
No ELF section .cychecksum found, creating one
Application checksum calculated and stored in ELF section .cychecksum
Checksum calculated and stored in ELF section .cymeta
cyelftool.exe -S C:\Users\harlow2016\Documents\PSOC_Designs\RpiMIB\Number3.cydsn\CortexM3\ARM_GCC_541\Release\Number3.elf
Flash used: 6424 of 262144 bytes (2.5 %).
SRAM used: 2593 of 65536 bytes (4.0 %). Stack: 2048 bytes. Heap: 128 bytes.
--------------- Build Succeeded: 09/07/2018 12:39:42 ---------------
