--------------- Rebuild Started: 04/21/2018 18:09:45 Project: Number2, Configuration: ARM GCC 5.4-2016-q2-update Release ---------------
Deleting file ".\CortexM3\ARM_GCC_541\Release\main.o"
Deleting file ".\CortexM3\ARM_GCC_541\Release\cyfitter_cfg.o"
Deleting file ".\CortexM3\ARM_GCC_541\Release\cymetadata.o"
Deleting file ".\CortexM3\ARM_GCC_541\Release\Cm3Start.o"
Deleting file ".\CortexM3\ARM_GCC_541\Release\CyBootAsmGnu.o"
Deleting file ".\CortexM3\ARM_GCC_541\Release\CyDmac.o"
Deleting file ".\CortexM3\ARM_GCC_541\Release\CyFlash.o"
Deleting file ".\CortexM3\ARM_GCC_541\Release\CyLib.o"
Deleting file ".\CortexM3\ARM_GCC_541\Release\cyPm.o"
Deleting file ".\CortexM3\ARM_GCC_541\Release\CySpc.o"
Deleting file ".\CortexM3\ARM_GCC_541\Release\cyutils.o"
Deleting file ".\CortexM3\ARM_GCC_541\Release\Pin_1.o"
Deleting file ".\CortexM3\ARM_GCC_541\Release\SDA_2.o"
Deleting file ".\CortexM3\ARM_GCC_541\Release\Rpi_mosi.o"
Deleting file ".\CortexM3\ARM_GCC_541\Release\Rpi_sclk.o"
Deleting file ".\CortexM3\ARM_GCC_541\Release\Rpi_ss.o"
Deleting file ".\CortexM3\ARM_GCC_541\Release\Clock_1.o"
Deleting file ".\CortexM3\ARM_GCC_541\Release\SCL_2.o"
Deleting file ".\CortexM3\ARM_GCC_541\Release\I2C_1.o"
Deleting file ".\CortexM3\ARM_GCC_541\Release\I2C_1_BOOT.o"
Deleting file ".\CortexM3\ARM_GCC_541\Release\I2C_1_INT.o"
Deleting file ".\CortexM3\ARM_GCC_541\Release\I2C_1_PM.o"
Deleting file ".\CortexM3\ARM_GCC_541\Release\I2C_1_SLAVE.o"
Deleting file ".\CortexM3\ARM_GCC_541\Release\I2C_1_MASTER.o"
Deleting file ".\CortexM3\ARM_GCC_541\Release\I2C_1_IntClock.o"
Deleting file ".\CortexM3\ARM_GCC_541\Release\MISO_1.o"
Deleting file ".\CortexM3\ARM_GCC_541\Release\SCLK_1.o"
Deleting file ".\CortexM3\ARM_GCC_541\Release\MOSI_1.o"
Deleting file ".\CortexM3\ARM_GCC_541\Release\SPIM_1.o"
Deleting file ".\CortexM3\ARM_GCC_541\Release\SPIM_1_PM.o"
Deleting file ".\CortexM3\ARM_GCC_541\Release\SPIM_1_INT.o"
Deleting file ".\CortexM3\ARM_GCC_541\Release\SPIM_1_IntClock.o"
Deleting file ".\CortexM3\ARM_GCC_541\Release\Status_Reg_1.o"
Deleting file ".\CortexM3\ARM_GCC_541\Release\Clock_2.o"
Deleting file ".\CortexM3\ARM_GCC_541\Release\EnableBattery.o"
Deleting file ".\CortexM3\ARM_GCC_541\Release\EnableBattery_PM.o"
Deleting file ".\CortexM3\ARM_GCC_541\Release\Comp_1.o"
Deleting file ".\CortexM3\ARM_GCC_541\Release\Comp_1_PM.o"
Deleting file ".\CortexM3\ARM_GCC_541\Release\Supply_monitor.o"
Deleting file ".\CortexM3\ARM_GCC_541\Release\cs_1c.o"
Deleting file ".\CortexM3\ARM_GCC_541\Release\cs_1b.o"
Deleting file ".\CortexM3\ARM_GCC_541\Release\cs_1a.o"
Deleting file ".\CortexM3\ARM_GCC_541\Release\Rpi_miso.o"
Deleting file ".\CortexM3\ARM_GCC_541\Release\rpi_inta.o"
Deleting file ".\CortexM3\ARM_GCC_541\Release\rpi_intb.o"
Deleting file ".\CortexM3\ARM_GCC_541\Release\enable_battery.o"
Deleting file ".\CortexM3\ARM_GCC_541\Release\en_level_shift.o"
Deleting file ".\CortexM3\ARM_GCC_541\Release\RpiInterrupts.o"
Deleting file ".\CortexM3\ARM_GCC_541\Release\RpiInterrupts_PM.o"
Deleting file ".\CortexM3\ARM_GCC_541\Release\Control_Reg_SS.o"
Deleting file ".\CortexM3\ARM_GCC_541\Release\Control_Reg_SS_PM.o"
Deleting file ".\CortexM3\ARM_GCC_541\Release\SPIS.o"
Deleting file ".\CortexM3\ARM_GCC_541\Release\SPIS_PM.o"
Deleting file ".\CortexM3\ARM_GCC_541\Release\SPIS_INT.o"
Deleting file ".\CortexM3\ARM_GCC_541\Release\SPIS_BOOT.o"
Deleting file ".\CortexM3\ARM_GCC_541\Release\Control_Reg_LED.o"
Deleting file ".\CortexM3\ARM_GCC_541\Release\Control_Reg_LED_PM.o"
Deleting file ".\CortexM3\ARM_GCC_541\Release\MOSI_2.o"
Deleting file ".\CortexM3\ARM_GCC_541\Release\SCLK_2.o"
Deleting file ".\CortexM3\ARM_GCC_541\Release\SPIM_SigGen.o"
Deleting file ".\CortexM3\ARM_GCC_541\Release\SPIM_SigGen_PM.o"
Deleting file ".\CortexM3\ARM_GCC_541\Release\SPIM_SigGen_INT.o"
Deleting file ".\CortexM3\ARM_GCC_541\Release\cs_2a.o"
Deleting file ".\CortexM3\ARM_GCC_541\Release\Control_Reg_SS_SigGen.o"
Deleting file ".\CortexM3\ARM_GCC_541\Release\Control_Reg_SS_SigGen_PM.o"
Deleting file ".\CortexM3\ARM_GCC_541\Release\cs_2b.o"
Deleting file ".\CortexM3\ARM_GCC_541\Release\cs_2c.o"
Deleting file ".\CortexM3\ARM_GCC_541\Release\isr_RPi_SS.o"
Deleting file ".\CortexM3\ARM_GCC_541\Release\SPIM_SigGen_IntClock.o"
Deleting file ".\CortexM3\ARM_GCC_541\Release\isr_SPIS_FIFO_Full.o"
Deleting file ".\CortexM3\ARM_GCC_541\Release\cy_em_eeprom.o"
Deleting file ".\CortexM3\ARM_GCC_541\Release\Number2.hex"
Deleting file ".\CortexM3\ARM_GCC_541\Release\Number2.elf"
Deleting file ".\CortexM3\ARM_GCC_541\Release\Number2.map"
Deleting file ".\Number2.rpt"
Deleting file ".\Number2_timing.html"
Deleting file ".\CortexM3\ARM_GCC_541\Release\.deps\SOURCE_C__ARM_GCC_GENERIC.P"
Deleting file ".\CortexM3\ARM_GCC_541\Release\.deps\SOURCE_ASM__ARM_GCC_GENERIC.P"
cydsfit.exe -.appdatapath "C:\Users\Joe\AppData\Local\Cypress Semiconductor\PSoC Creator\4.2" -.fdsnotice -.fdswarpdepfile=warp_dependencies.txt -.fdselabdepfile=elab_dependencies.txt -.fdsbldfile=generated_files.txt -.fdsreffile=referenced_files.txt -p D:\Documents\DPEA_Projects\RpiMIB\Number2.cydsn\Number2.cyprj -d CY8C5888LTI-LP097 -s D:\Documents\DPEA_Projects\RpiMIB\Number2.cydsn\Generated_Source\PSoC5 -- -yv2 -q10 -ygs -o2 -v3 -.fftcfgtype=LE
Elaborating Design...
ADD: sdb.M0017: error: No drivers on signal "Net_2211", bit(s) "0".
 * D:\Documents\DPEA_Projects\RpiMIB\Number2.cydsn\TopDesign\TopDesign.cysch (Signal: Net_2211)
 * D:\Documents\DPEA_Projects\RpiMIB\Number2.cydsn\TopDesign\TopDesign.cysch (Shape_687)
Error: fit.M0050: The fitter aborted due to errors, please address all errors and rebuild. (App=cydsfit)
--------------- Rebuild Failed: 04/21/2018 18:09:56 ---------------
