ARM GAS  C:\Users\Joe\AppData\Local\Temp\ccbSKu4u.s 			page 1


   1              		.syntax unified
   2              		.cpu cortex-m3
   3              		.fpu softvfp
   4              		.eabi_attribute 20, 1
   5              		.eabi_attribute 21, 1
   6              		.eabi_attribute 23, 3
   7              		.eabi_attribute 24, 1
   8              		.eabi_attribute 25, 1
   9              		.eabi_attribute 26, 1
  10              		.eabi_attribute 30, 6
  11              		.eabi_attribute 34, 1
  12              		.eabi_attribute 18, 4
  13              		.thumb
  14              		.syntax unified
  15              		.file	"Timer_1.c"
  16              		.text
  17              	.Ltext0:
  18              		.cfi_sections	.debug_frame
  19              		.global	Timer_1_initVar
  20              		.bss
  21              		.type	Timer_1_initVar, %object
  22              		.size	Timer_1_initVar, 1
  23              	Timer_1_initVar:
  24 0000 00       		.space	1
  25              		.section	.text.Timer_1_Init,"ax",%progbits
  26              		.align	2
  27              		.global	Timer_1_Init
  28              		.thumb
  29              		.thumb_func
  30              		.type	Timer_1_Init, %function
  31              	Timer_1_Init:
  32              	.LFB0:
  33              		.file 1 "Generated_Source\\PSoC5\\Timer_1.c"
   1:Generated_Source\PSoC5/Timer_1.c **** /*******************************************************************************
   2:Generated_Source\PSoC5/Timer_1.c **** * File Name: Timer_1.c
   3:Generated_Source\PSoC5/Timer_1.c **** * Version 2.70
   4:Generated_Source\PSoC5/Timer_1.c **** *
   5:Generated_Source\PSoC5/Timer_1.c **** * Description:
   6:Generated_Source\PSoC5/Timer_1.c **** *  The Timer component consists of a 8, 16, 24 or 32-bit timer with
   7:Generated_Source\PSoC5/Timer_1.c **** *  a selectable period between 2 and 2^Width - 1.  The timer may free run
   8:Generated_Source\PSoC5/Timer_1.c **** *  or be used as a capture timer as well.  The capture can be initiated
   9:Generated_Source\PSoC5/Timer_1.c **** *  by a positive or negative edge signal as well as via software.
  10:Generated_Source\PSoC5/Timer_1.c **** *  A trigger input can be programmed to enable the timer on rising edge
  11:Generated_Source\PSoC5/Timer_1.c **** *  falling edge, either edge or continous run.
  12:Generated_Source\PSoC5/Timer_1.c **** *  Interrupts may be generated due to a terminal count condition
  13:Generated_Source\PSoC5/Timer_1.c **** *  or a capture event.
  14:Generated_Source\PSoC5/Timer_1.c **** *
  15:Generated_Source\PSoC5/Timer_1.c **** * Note:
  16:Generated_Source\PSoC5/Timer_1.c **** *
  17:Generated_Source\PSoC5/Timer_1.c **** ********************************************************************************
  18:Generated_Source\PSoC5/Timer_1.c **** * Copyright 2008-2014, Cypress Semiconductor Corporation.  All rights reserved.
  19:Generated_Source\PSoC5/Timer_1.c **** * You may use this file only in accordance with the license, terms, conditions,
  20:Generated_Source\PSoC5/Timer_1.c **** * disclaimers, and limitations in the end user license agreement accompanying
  21:Generated_Source\PSoC5/Timer_1.c **** * the software package with which this file was provided.
  22:Generated_Source\PSoC5/Timer_1.c **** ********************************************************************************/
  23:Generated_Source\PSoC5/Timer_1.c **** 
  24:Generated_Source\PSoC5/Timer_1.c **** #include "Timer_1.h"
ARM GAS  C:\Users\Joe\AppData\Local\Temp\ccbSKu4u.s 			page 2


  25:Generated_Source\PSoC5/Timer_1.c **** 
  26:Generated_Source\PSoC5/Timer_1.c **** uint8 Timer_1_initVar = 0u;
  27:Generated_Source\PSoC5/Timer_1.c **** 
  28:Generated_Source\PSoC5/Timer_1.c **** 
  29:Generated_Source\PSoC5/Timer_1.c **** /*******************************************************************************
  30:Generated_Source\PSoC5/Timer_1.c **** * Function Name: Timer_1_Init
  31:Generated_Source\PSoC5/Timer_1.c **** ********************************************************************************
  32:Generated_Source\PSoC5/Timer_1.c **** *
  33:Generated_Source\PSoC5/Timer_1.c **** * Summary:
  34:Generated_Source\PSoC5/Timer_1.c **** *  Initialize to the schematic state
  35:Generated_Source\PSoC5/Timer_1.c **** *
  36:Generated_Source\PSoC5/Timer_1.c **** * Parameters:
  37:Generated_Source\PSoC5/Timer_1.c **** *  void
  38:Generated_Source\PSoC5/Timer_1.c **** *
  39:Generated_Source\PSoC5/Timer_1.c **** * Return:
  40:Generated_Source\PSoC5/Timer_1.c **** *  void
  41:Generated_Source\PSoC5/Timer_1.c **** *
  42:Generated_Source\PSoC5/Timer_1.c **** *******************************************************************************/
  43:Generated_Source\PSoC5/Timer_1.c **** void Timer_1_Init(void) 
  44:Generated_Source\PSoC5/Timer_1.c **** {
  34              		.loc 1 44 0
  35              		.cfi_startproc
  36              		@ args = 0, pretend = 0, frame = 0
  37              		@ frame_needed = 1, uses_anonymous_args = 0
  38 0000 80B5     		push	{r7, lr}
  39              		.cfi_def_cfa_offset 8
  40              		.cfi_offset 7, -8
  41              		.cfi_offset 14, -4
  42 0002 00AF     		add	r7, sp, #0
  43              		.cfi_def_cfa_register 7
  45:Generated_Source\PSoC5/Timer_1.c ****     #if(!Timer_1_UsingFixedFunction)
  46:Generated_Source\PSoC5/Timer_1.c ****             /* Interrupt State Backup for Critical Region*/
  47:Generated_Source\PSoC5/Timer_1.c ****             uint8 Timer_1_interruptState;
  48:Generated_Source\PSoC5/Timer_1.c ****     #endif /* Interrupt state back up for Fixed Function only */
  49:Generated_Source\PSoC5/Timer_1.c **** 
  50:Generated_Source\PSoC5/Timer_1.c ****     #if (Timer_1_UsingFixedFunction)
  51:Generated_Source\PSoC5/Timer_1.c ****         /* Clear all bits but the enable bit (if it's already set) for Timer operation */
  52:Generated_Source\PSoC5/Timer_1.c ****         Timer_1_CONTROL &= Timer_1_CTRL_ENABLE;
  44              		.loc 1 52 0
  45 0004 224A     		ldr	r2, .L2
  46 0006 224B     		ldr	r3, .L2
  47 0008 1B78     		ldrb	r3, [r3]
  48 000a DBB2     		uxtb	r3, r3
  49 000c 03F00103 		and	r3, r3, #1
  50 0010 DBB2     		uxtb	r3, r3
  51 0012 1370     		strb	r3, [r2]
  53:Generated_Source\PSoC5/Timer_1.c **** 
  54:Generated_Source\PSoC5/Timer_1.c ****         /* Clear the mode bits for continuous run mode */
  55:Generated_Source\PSoC5/Timer_1.c ****         #if (CY_PSOC5A)
  56:Generated_Source\PSoC5/Timer_1.c ****             Timer_1_CONTROL2 &= ((uint8)(~Timer_1_CTRL_MODE_MASK));
  57:Generated_Source\PSoC5/Timer_1.c ****         #endif /* Clear bits in CONTROL2 only in PSOC5A */
  58:Generated_Source\PSoC5/Timer_1.c **** 
  59:Generated_Source\PSoC5/Timer_1.c ****         #if (CY_PSOC3 || CY_PSOC5LP)
  60:Generated_Source\PSoC5/Timer_1.c ****             Timer_1_CONTROL3 &= ((uint8)(~Timer_1_CTRL_MODE_MASK));
  52              		.loc 1 60 0
  53 0014 1F4A     		ldr	r2, .L2+4
  54 0016 1F4B     		ldr	r3, .L2+4
ARM GAS  C:\Users\Joe\AppData\Local\Temp\ccbSKu4u.s 			page 3


  55 0018 1B78     		ldrb	r3, [r3]
  56 001a DBB2     		uxtb	r3, r3
  57 001c 23F00303 		bic	r3, r3, #3
  58 0020 DBB2     		uxtb	r3, r3
  59 0022 1370     		strb	r3, [r2]
  61:Generated_Source\PSoC5/Timer_1.c ****         #endif /* CONTROL3 register exists only in PSoC3 OR PSoC5LP */
  62:Generated_Source\PSoC5/Timer_1.c **** 
  63:Generated_Source\PSoC5/Timer_1.c ****         /* Check if One Shot mode is enabled i.e. RunMode !=0*/
  64:Generated_Source\PSoC5/Timer_1.c ****         #if (Timer_1_RunModeUsed != 0x0u)
  65:Generated_Source\PSoC5/Timer_1.c ****             /* Set 3rd bit of Control register to enable one shot mode */
  66:Generated_Source\PSoC5/Timer_1.c ****             Timer_1_CONTROL |= 0x04u;
  67:Generated_Source\PSoC5/Timer_1.c ****         #endif /* One Shot enabled only when RunModeUsed is not Continuous*/
  68:Generated_Source\PSoC5/Timer_1.c **** 
  69:Generated_Source\PSoC5/Timer_1.c ****         #if (Timer_1_RunModeUsed == 2)
  70:Generated_Source\PSoC5/Timer_1.c ****             #if (CY_PSOC5A)
  71:Generated_Source\PSoC5/Timer_1.c ****                 /* Set last 2 bits of control2 register if one shot(halt on
  72:Generated_Source\PSoC5/Timer_1.c ****                 interrupt) is enabled*/
  73:Generated_Source\PSoC5/Timer_1.c ****                 Timer_1_CONTROL2 |= 0x03u;
  74:Generated_Source\PSoC5/Timer_1.c ****             #endif /* Set One-Shot Halt on Interrupt bit in CONTROL2 for PSoC5A */
  75:Generated_Source\PSoC5/Timer_1.c **** 
  76:Generated_Source\PSoC5/Timer_1.c ****             #if (CY_PSOC3 || CY_PSOC5LP)
  77:Generated_Source\PSoC5/Timer_1.c ****                 /* Set last 2 bits of control3 register if one shot(halt on
  78:Generated_Source\PSoC5/Timer_1.c ****                 interrupt) is enabled*/
  79:Generated_Source\PSoC5/Timer_1.c ****                 Timer_1_CONTROL3 |= 0x03u;
  80:Generated_Source\PSoC5/Timer_1.c ****             #endif /* Set One-Shot Halt on Interrupt bit in CONTROL3 for PSoC3 or PSoC5LP */
  81:Generated_Source\PSoC5/Timer_1.c **** 
  82:Generated_Source\PSoC5/Timer_1.c ****         #endif /* Remove section if One Shot Halt on Interrupt is not enabled */
  83:Generated_Source\PSoC5/Timer_1.c **** 
  84:Generated_Source\PSoC5/Timer_1.c ****         #if (Timer_1_UsingHWEnable != 0)
  85:Generated_Source\PSoC5/Timer_1.c ****             #if (CY_PSOC5A)
  86:Generated_Source\PSoC5/Timer_1.c ****                 /* Set the default Run Mode of the Timer to Continuous */
  87:Generated_Source\PSoC5/Timer_1.c ****                 Timer_1_CONTROL2 |= Timer_1_CTRL_MODE_PULSEWIDTH;
  88:Generated_Source\PSoC5/Timer_1.c ****             #endif /* Set Continuous Run Mode in CONTROL2 for PSoC5A */
  89:Generated_Source\PSoC5/Timer_1.c **** 
  90:Generated_Source\PSoC5/Timer_1.c ****             #if (CY_PSOC3 || CY_PSOC5LP)
  91:Generated_Source\PSoC5/Timer_1.c ****                 /* Clear and Set ROD and COD bits of CFG2 register */
  92:Generated_Source\PSoC5/Timer_1.c ****                 Timer_1_CONTROL3 &= ((uint8)(~Timer_1_CTRL_RCOD_MASK));
  93:Generated_Source\PSoC5/Timer_1.c ****                 Timer_1_CONTROL3 |= Timer_1_CTRL_RCOD;
  94:Generated_Source\PSoC5/Timer_1.c **** 
  95:Generated_Source\PSoC5/Timer_1.c ****                 /* Clear and Enable the HW enable bit in CFG2 register */
  96:Generated_Source\PSoC5/Timer_1.c ****                 Timer_1_CONTROL3 &= ((uint8)(~Timer_1_CTRL_ENBL_MASK));
  97:Generated_Source\PSoC5/Timer_1.c ****                 Timer_1_CONTROL3 |= Timer_1_CTRL_ENBL;
  98:Generated_Source\PSoC5/Timer_1.c **** 
  99:Generated_Source\PSoC5/Timer_1.c ****                 /* Set the default Run Mode of the Timer to Continuous */
 100:Generated_Source\PSoC5/Timer_1.c ****                 Timer_1_CONTROL3 |= Timer_1_CTRL_MODE_CONTINUOUS;
 101:Generated_Source\PSoC5/Timer_1.c ****             #endif /* Set Continuous Run Mode in CONTROL3 for PSoC3ES3 or PSoC5A */
 102:Generated_Source\PSoC5/Timer_1.c **** 
 103:Generated_Source\PSoC5/Timer_1.c ****         #endif /* Configure Run Mode with hardware enable */
 104:Generated_Source\PSoC5/Timer_1.c **** 
 105:Generated_Source\PSoC5/Timer_1.c ****         /* Clear and Set SYNCTC and SYNCCMP bits of RT1 register */
 106:Generated_Source\PSoC5/Timer_1.c ****         Timer_1_RT1 &= ((uint8)(~Timer_1_RT1_MASK));
  60              		.loc 1 106 0
  61 0024 1C4A     		ldr	r2, .L2+8
  62 0026 1C4B     		ldr	r3, .L2+8
  63 0028 1B78     		ldrb	r3, [r3]
  64 002a DBB2     		uxtb	r3, r3
  65 002c 23F03003 		bic	r3, r3, #48
ARM GAS  C:\Users\Joe\AppData\Local\Temp\ccbSKu4u.s 			page 4


  66 0030 DBB2     		uxtb	r3, r3
  67 0032 1370     		strb	r3, [r2]
 107:Generated_Source\PSoC5/Timer_1.c ****         Timer_1_RT1 |= Timer_1_SYNC;
  68              		.loc 1 107 0
  69 0034 184A     		ldr	r2, .L2+8
  70 0036 184B     		ldr	r3, .L2+8
  71 0038 1B78     		ldrb	r3, [r3]
  72 003a DBB2     		uxtb	r3, r3
  73 003c 43F03003 		orr	r3, r3, #48
  74 0040 DBB2     		uxtb	r3, r3
  75 0042 1370     		strb	r3, [r2]
 108:Generated_Source\PSoC5/Timer_1.c **** 
 109:Generated_Source\PSoC5/Timer_1.c ****         /*Enable DSI Sync all all inputs of the Timer*/
 110:Generated_Source\PSoC5/Timer_1.c ****         Timer_1_RT1 &= ((uint8)(~Timer_1_SYNCDSI_MASK));
  76              		.loc 1 110 0
  77 0044 144A     		ldr	r2, .L2+8
  78 0046 144B     		ldr	r3, .L2+8
  79 0048 1B78     		ldrb	r3, [r3]
  80 004a DBB2     		uxtb	r3, r3
  81 004c 23F00F03 		bic	r3, r3, #15
  82 0050 DBB2     		uxtb	r3, r3
  83 0052 1370     		strb	r3, [r2]
 111:Generated_Source\PSoC5/Timer_1.c ****         Timer_1_RT1 |= Timer_1_SYNCDSI_EN;
  84              		.loc 1 111 0
  85 0054 104A     		ldr	r2, .L2+8
  86 0056 104B     		ldr	r3, .L2+8
  87 0058 1B78     		ldrb	r3, [r3]
  88 005a DBB2     		uxtb	r3, r3
  89 005c 43F00F03 		orr	r3, r3, #15
  90 0060 DBB2     		uxtb	r3, r3
  91 0062 1370     		strb	r3, [r2]
 112:Generated_Source\PSoC5/Timer_1.c **** 
 113:Generated_Source\PSoC5/Timer_1.c ****         /* Set the IRQ to use the status register interrupts */
 114:Generated_Source\PSoC5/Timer_1.c ****         Timer_1_CONTROL2 |= Timer_1_CTRL2_IRQ_SEL;
  92              		.loc 1 114 0
  93 0064 0D4A     		ldr	r2, .L2+12
  94 0066 0D4B     		ldr	r3, .L2+12
  95 0068 1B78     		ldrb	r3, [r3]
  96 006a DBB2     		uxtb	r3, r3
  97 006c 43F00103 		orr	r3, r3, #1
  98 0070 DBB2     		uxtb	r3, r3
  99 0072 1370     		strb	r3, [r2]
 115:Generated_Source\PSoC5/Timer_1.c ****     #endif /* Configuring registers of fixed function implementation */
 116:Generated_Source\PSoC5/Timer_1.c **** 
 117:Generated_Source\PSoC5/Timer_1.c ****     /* Set Initial values from Configuration */
 118:Generated_Source\PSoC5/Timer_1.c ****     Timer_1_WritePeriod(Timer_1_INIT_PERIOD);
 100              		.loc 1 118 0
 101 0074 45F6BF50 		movw	r0, #23999
 102 0078 FFF7FEFF 		bl	Timer_1_WritePeriod
 119:Generated_Source\PSoC5/Timer_1.c ****     Timer_1_WriteCounter(Timer_1_INIT_PERIOD);
 103              		.loc 1 119 0
 104 007c 45F6BF50 		movw	r0, #23999
 105 0080 FFF7FEFF 		bl	Timer_1_WriteCounter
 120:Generated_Source\PSoC5/Timer_1.c **** 
 121:Generated_Source\PSoC5/Timer_1.c ****     #if (Timer_1_UsingHWCaptureCounter)/* Capture counter is enabled */
 122:Generated_Source\PSoC5/Timer_1.c ****         Timer_1_CAPTURE_COUNT_CTRL |= Timer_1_CNTR_ENABLE;
 123:Generated_Source\PSoC5/Timer_1.c ****         Timer_1_SetCaptureCount(Timer_1_INIT_CAPTURE_COUNT);
ARM GAS  C:\Users\Joe\AppData\Local\Temp\ccbSKu4u.s 			page 5


 124:Generated_Source\PSoC5/Timer_1.c ****     #endif /* Configure capture counter value */
 125:Generated_Source\PSoC5/Timer_1.c **** 
 126:Generated_Source\PSoC5/Timer_1.c ****     #if (!Timer_1_UsingFixedFunction)
 127:Generated_Source\PSoC5/Timer_1.c ****         #if (Timer_1_SoftwareCaptureMode)
 128:Generated_Source\PSoC5/Timer_1.c ****             Timer_1_SetCaptureMode(Timer_1_INIT_CAPTURE_MODE);
 129:Generated_Source\PSoC5/Timer_1.c ****         #endif /* Set Capture Mode for UDB implementation if capture mode is software controlled */
 130:Generated_Source\PSoC5/Timer_1.c **** 
 131:Generated_Source\PSoC5/Timer_1.c ****         #if (Timer_1_SoftwareTriggerMode)
 132:Generated_Source\PSoC5/Timer_1.c ****             #if (!Timer_1_UDB_CONTROL_REG_REMOVED)
 133:Generated_Source\PSoC5/Timer_1.c ****                 if (0u == (Timer_1_CONTROL & Timer_1__B_TIMER__TM_SOFTWARE))
 134:Generated_Source\PSoC5/Timer_1.c ****                 {
 135:Generated_Source\PSoC5/Timer_1.c ****                     Timer_1_SetTriggerMode(Timer_1_INIT_TRIGGER_MODE);
 136:Generated_Source\PSoC5/Timer_1.c ****                 }
 137:Generated_Source\PSoC5/Timer_1.c ****             #endif /* (!Timer_1_UDB_CONTROL_REG_REMOVED) */
 138:Generated_Source\PSoC5/Timer_1.c ****         #endif /* Set trigger mode for UDB Implementation if trigger mode is software controlled */
 139:Generated_Source\PSoC5/Timer_1.c **** 
 140:Generated_Source\PSoC5/Timer_1.c ****         /* CyEnterCriticalRegion and CyExitCriticalRegion are used to mark following region critica
 141:Generated_Source\PSoC5/Timer_1.c ****         /* Enter Critical Region*/
 142:Generated_Source\PSoC5/Timer_1.c ****         Timer_1_interruptState = CyEnterCriticalSection();
 143:Generated_Source\PSoC5/Timer_1.c **** 
 144:Generated_Source\PSoC5/Timer_1.c ****         /* Use the interrupt output of the status register for IRQ output */
 145:Generated_Source\PSoC5/Timer_1.c ****         Timer_1_STATUS_AUX_CTRL |= Timer_1_STATUS_ACTL_INT_EN_MASK;
 146:Generated_Source\PSoC5/Timer_1.c **** 
 147:Generated_Source\PSoC5/Timer_1.c ****         /* Exit Critical Region*/
 148:Generated_Source\PSoC5/Timer_1.c ****         CyExitCriticalSection(Timer_1_interruptState);
 149:Generated_Source\PSoC5/Timer_1.c **** 
 150:Generated_Source\PSoC5/Timer_1.c ****         #if (Timer_1_EnableTriggerMode)
 151:Generated_Source\PSoC5/Timer_1.c ****             Timer_1_EnableTrigger();
 152:Generated_Source\PSoC5/Timer_1.c ****         #endif /* Set Trigger enable bit for UDB implementation in the control register*/
 153:Generated_Source\PSoC5/Timer_1.c **** 		
 154:Generated_Source\PSoC5/Timer_1.c **** 		
 155:Generated_Source\PSoC5/Timer_1.c ****         #if (Timer_1_InterruptOnCaptureCount && !Timer_1_UDB_CONTROL_REG_REMOVED)
 156:Generated_Source\PSoC5/Timer_1.c ****             Timer_1_SetInterruptCount(Timer_1_INIT_INT_CAPTURE_COUNT);
 157:Generated_Source\PSoC5/Timer_1.c ****         #endif /* Set interrupt count in UDB implementation if interrupt count feature is checked.*
 158:Generated_Source\PSoC5/Timer_1.c **** 
 159:Generated_Source\PSoC5/Timer_1.c ****         Timer_1_ClearFIFO();
 160:Generated_Source\PSoC5/Timer_1.c ****     #endif /* Configure additional features of UDB implementation */
 161:Generated_Source\PSoC5/Timer_1.c **** 
 162:Generated_Source\PSoC5/Timer_1.c ****     Timer_1_SetInterruptMode(Timer_1_INIT_INTERRUPT_MODE);
 106              		.loc 1 162 0
 107 0084 0820     		movs	r0, #8
 108 0086 FFF7FEFF 		bl	Timer_1_SetInterruptMode
 163:Generated_Source\PSoC5/Timer_1.c **** }
 109              		.loc 1 163 0
 110 008a 00BF     		nop
 111 008c 80BD     		pop	{r7, pc}
 112              	.L3:
 113 008e 00BF     		.align	2
 114              	.L2:
 115 0090 184F0040 		.word	1073762072
 116 0094 1A4F0040 		.word	1073762074
 117 0098 234F0040 		.word	1073762083
 118 009c 194F0040 		.word	1073762073
 119              		.cfi_endproc
 120              	.LFE0:
 121              		.size	Timer_1_Init, .-Timer_1_Init
 122              		.section	.text.Timer_1_Enable,"ax",%progbits
ARM GAS  C:\Users\Joe\AppData\Local\Temp\ccbSKu4u.s 			page 6


 123              		.align	2
 124              		.global	Timer_1_Enable
 125              		.thumb
 126              		.thumb_func
 127              		.type	Timer_1_Enable, %function
 128              	Timer_1_Enable:
 129              	.LFB1:
 164:Generated_Source\PSoC5/Timer_1.c **** 
 165:Generated_Source\PSoC5/Timer_1.c **** 
 166:Generated_Source\PSoC5/Timer_1.c **** /*******************************************************************************
 167:Generated_Source\PSoC5/Timer_1.c **** * Function Name: Timer_1_Enable
 168:Generated_Source\PSoC5/Timer_1.c **** ********************************************************************************
 169:Generated_Source\PSoC5/Timer_1.c **** *
 170:Generated_Source\PSoC5/Timer_1.c **** * Summary:
 171:Generated_Source\PSoC5/Timer_1.c **** *  Enable the Timer
 172:Generated_Source\PSoC5/Timer_1.c **** *
 173:Generated_Source\PSoC5/Timer_1.c **** * Parameters:
 174:Generated_Source\PSoC5/Timer_1.c **** *  void
 175:Generated_Source\PSoC5/Timer_1.c **** *
 176:Generated_Source\PSoC5/Timer_1.c **** * Return:
 177:Generated_Source\PSoC5/Timer_1.c **** *  void
 178:Generated_Source\PSoC5/Timer_1.c **** *
 179:Generated_Source\PSoC5/Timer_1.c **** *******************************************************************************/
 180:Generated_Source\PSoC5/Timer_1.c **** void Timer_1_Enable(void) 
 181:Generated_Source\PSoC5/Timer_1.c **** {
 130              		.loc 1 181 0
 131              		.cfi_startproc
 132              		@ args = 0, pretend = 0, frame = 0
 133              		@ frame_needed = 1, uses_anonymous_args = 0
 134              		@ link register save eliminated.
 135 0000 80B4     		push	{r7}
 136              		.cfi_def_cfa_offset 4
 137              		.cfi_offset 7, -4
 138 0002 00AF     		add	r7, sp, #0
 139              		.cfi_def_cfa_register 7
 182:Generated_Source\PSoC5/Timer_1.c ****     /* Globally Enable the Fixed Function Block chosen */
 183:Generated_Source\PSoC5/Timer_1.c ****     #if (Timer_1_UsingFixedFunction)
 184:Generated_Source\PSoC5/Timer_1.c ****         Timer_1_GLOBAL_ENABLE |= Timer_1_BLOCK_EN_MASK;
 140              		.loc 1 184 0
 141 0004 0D4A     		ldr	r2, .L5
 142 0006 0D4B     		ldr	r3, .L5
 143 0008 1B78     		ldrb	r3, [r3]
 144 000a DBB2     		uxtb	r3, r3
 145 000c 43F00403 		orr	r3, r3, #4
 146 0010 DBB2     		uxtb	r3, r3
 147 0012 1370     		strb	r3, [r2]
 185:Generated_Source\PSoC5/Timer_1.c ****         Timer_1_GLOBAL_STBY_ENABLE |= Timer_1_BLOCK_STBY_EN_MASK;
 148              		.loc 1 185 0
 149 0014 0A4A     		ldr	r2, .L5+4
 150 0016 0A4B     		ldr	r3, .L5+4
 151 0018 1B78     		ldrb	r3, [r3]
 152 001a DBB2     		uxtb	r3, r3
 153 001c 43F00403 		orr	r3, r3, #4
 154 0020 DBB2     		uxtb	r3, r3
 155 0022 1370     		strb	r3, [r2]
 186:Generated_Source\PSoC5/Timer_1.c ****     #endif /* Set Enable bit for enabling Fixed function timer*/
 187:Generated_Source\PSoC5/Timer_1.c **** 
ARM GAS  C:\Users\Joe\AppData\Local\Temp\ccbSKu4u.s 			page 7


 188:Generated_Source\PSoC5/Timer_1.c ****     /* Remove assignment if control register is removed */
 189:Generated_Source\PSoC5/Timer_1.c ****     #if (!Timer_1_UDB_CONTROL_REG_REMOVED || Timer_1_UsingFixedFunction)
 190:Generated_Source\PSoC5/Timer_1.c ****         Timer_1_CONTROL |= Timer_1_CTRL_ENABLE;
 156              		.loc 1 190 0
 157 0024 074A     		ldr	r2, .L5+8
 158 0026 074B     		ldr	r3, .L5+8
 159 0028 1B78     		ldrb	r3, [r3]
 160 002a DBB2     		uxtb	r3, r3
 161 002c 43F00103 		orr	r3, r3, #1
 162 0030 DBB2     		uxtb	r3, r3
 163 0032 1370     		strb	r3, [r2]
 191:Generated_Source\PSoC5/Timer_1.c ****     #endif /* Remove assignment if control register is removed */
 192:Generated_Source\PSoC5/Timer_1.c **** }
 164              		.loc 1 192 0
 165 0034 00BF     		nop
 166 0036 BD46     		mov	sp, r7
 167              		.cfi_def_cfa_register 13
 168              		@ sp needed
 169 0038 80BC     		pop	{r7}
 170              		.cfi_restore 7
 171              		.cfi_def_cfa_offset 0
 172 003a 7047     		bx	lr
 173              	.L6:
 174              		.align	2
 175              	.L5:
 176 003c A3430040 		.word	1073759139
 177 0040 B3430040 		.word	1073759155
 178 0044 184F0040 		.word	1073762072
 179              		.cfi_endproc
 180              	.LFE1:
 181              		.size	Timer_1_Enable, .-Timer_1_Enable
 182              		.section	.text.Timer_1_Start,"ax",%progbits
 183              		.align	2
 184              		.global	Timer_1_Start
 185              		.thumb
 186              		.thumb_func
 187              		.type	Timer_1_Start, %function
 188              	Timer_1_Start:
 189              	.LFB2:
 193:Generated_Source\PSoC5/Timer_1.c **** 
 194:Generated_Source\PSoC5/Timer_1.c **** 
 195:Generated_Source\PSoC5/Timer_1.c **** /*******************************************************************************
 196:Generated_Source\PSoC5/Timer_1.c **** * Function Name: Timer_1_Start
 197:Generated_Source\PSoC5/Timer_1.c **** ********************************************************************************
 198:Generated_Source\PSoC5/Timer_1.c **** *
 199:Generated_Source\PSoC5/Timer_1.c **** * Summary:
 200:Generated_Source\PSoC5/Timer_1.c **** *  The start function initializes the timer with the default values, the
 201:Generated_Source\PSoC5/Timer_1.c **** *  enables the timerto begin counting.  It does not enable interrupts,
 202:Generated_Source\PSoC5/Timer_1.c **** *  the EnableInt command should be called if interrupt generation is required.
 203:Generated_Source\PSoC5/Timer_1.c **** *
 204:Generated_Source\PSoC5/Timer_1.c **** * Parameters:
 205:Generated_Source\PSoC5/Timer_1.c **** *  void
 206:Generated_Source\PSoC5/Timer_1.c **** *
 207:Generated_Source\PSoC5/Timer_1.c **** * Return:
 208:Generated_Source\PSoC5/Timer_1.c **** *  void
 209:Generated_Source\PSoC5/Timer_1.c **** *
 210:Generated_Source\PSoC5/Timer_1.c **** * Global variables:
ARM GAS  C:\Users\Joe\AppData\Local\Temp\ccbSKu4u.s 			page 8


 211:Generated_Source\PSoC5/Timer_1.c **** *  Timer_1_initVar: Is modified when this function is called for the
 212:Generated_Source\PSoC5/Timer_1.c **** *   first time. Is used to ensure that initialization happens only once.
 213:Generated_Source\PSoC5/Timer_1.c **** *
 214:Generated_Source\PSoC5/Timer_1.c **** *******************************************************************************/
 215:Generated_Source\PSoC5/Timer_1.c **** void Timer_1_Start(void) 
 216:Generated_Source\PSoC5/Timer_1.c **** {
 190              		.loc 1 216 0
 191              		.cfi_startproc
 192              		@ args = 0, pretend = 0, frame = 0
 193              		@ frame_needed = 1, uses_anonymous_args = 0
 194 0000 80B5     		push	{r7, lr}
 195              		.cfi_def_cfa_offset 8
 196              		.cfi_offset 7, -8
 197              		.cfi_offset 14, -4
 198 0002 00AF     		add	r7, sp, #0
 199              		.cfi_def_cfa_register 7
 217:Generated_Source\PSoC5/Timer_1.c ****     if(Timer_1_initVar == 0u)
 200              		.loc 1 217 0
 201 0004 064B     		ldr	r3, .L9
 202 0006 1B78     		ldrb	r3, [r3]	@ zero_extendqisi2
 203 0008 002B     		cmp	r3, #0
 204 000a 04D1     		bne	.L8
 218:Generated_Source\PSoC5/Timer_1.c ****     {
 219:Generated_Source\PSoC5/Timer_1.c ****         Timer_1_Init();
 205              		.loc 1 219 0
 206 000c FFF7FEFF 		bl	Timer_1_Init
 220:Generated_Source\PSoC5/Timer_1.c **** 
 221:Generated_Source\PSoC5/Timer_1.c ****         Timer_1_initVar = 1u;   /* Clear this bit for Initialization */
 207              		.loc 1 221 0
 208 0010 034B     		ldr	r3, .L9
 209 0012 0122     		movs	r2, #1
 210 0014 1A70     		strb	r2, [r3]
 211              	.L8:
 222:Generated_Source\PSoC5/Timer_1.c ****     }
 223:Generated_Source\PSoC5/Timer_1.c **** 
 224:Generated_Source\PSoC5/Timer_1.c ****     /* Enable the Timer */
 225:Generated_Source\PSoC5/Timer_1.c ****     Timer_1_Enable();
 212              		.loc 1 225 0
 213 0016 FFF7FEFF 		bl	Timer_1_Enable
 226:Generated_Source\PSoC5/Timer_1.c **** }
 214              		.loc 1 226 0
 215 001a 00BF     		nop
 216 001c 80BD     		pop	{r7, pc}
 217              	.L10:
 218 001e 00BF     		.align	2
 219              	.L9:
 220 0020 00000000 		.word	Timer_1_initVar
 221              		.cfi_endproc
 222              	.LFE2:
 223              		.size	Timer_1_Start, .-Timer_1_Start
 224              		.section	.text.Timer_1_Stop,"ax",%progbits
 225              		.align	2
 226              		.global	Timer_1_Stop
 227              		.thumb
 228              		.thumb_func
 229              		.type	Timer_1_Stop, %function
 230              	Timer_1_Stop:
ARM GAS  C:\Users\Joe\AppData\Local\Temp\ccbSKu4u.s 			page 9


 231              	.LFB3:
 227:Generated_Source\PSoC5/Timer_1.c **** 
 228:Generated_Source\PSoC5/Timer_1.c **** 
 229:Generated_Source\PSoC5/Timer_1.c **** /*******************************************************************************
 230:Generated_Source\PSoC5/Timer_1.c **** * Function Name: Timer_1_Stop
 231:Generated_Source\PSoC5/Timer_1.c **** ********************************************************************************
 232:Generated_Source\PSoC5/Timer_1.c **** *
 233:Generated_Source\PSoC5/Timer_1.c **** * Summary:
 234:Generated_Source\PSoC5/Timer_1.c **** *  The stop function halts the timer, but does not change any modes or disable
 235:Generated_Source\PSoC5/Timer_1.c **** *  interrupts.
 236:Generated_Source\PSoC5/Timer_1.c **** *
 237:Generated_Source\PSoC5/Timer_1.c **** * Parameters:
 238:Generated_Source\PSoC5/Timer_1.c **** *  void
 239:Generated_Source\PSoC5/Timer_1.c **** *
 240:Generated_Source\PSoC5/Timer_1.c **** * Return:
 241:Generated_Source\PSoC5/Timer_1.c **** *  void
 242:Generated_Source\PSoC5/Timer_1.c **** *
 243:Generated_Source\PSoC5/Timer_1.c **** * Side Effects: If the Enable mode is set to Hardware only then this function
 244:Generated_Source\PSoC5/Timer_1.c **** *               has no effect on the operation of the timer.
 245:Generated_Source\PSoC5/Timer_1.c **** *
 246:Generated_Source\PSoC5/Timer_1.c **** *******************************************************************************/
 247:Generated_Source\PSoC5/Timer_1.c **** void Timer_1_Stop(void) 
 248:Generated_Source\PSoC5/Timer_1.c **** {
 232              		.loc 1 248 0
 233              		.cfi_startproc
 234              		@ args = 0, pretend = 0, frame = 0
 235              		@ frame_needed = 1, uses_anonymous_args = 0
 236              		@ link register save eliminated.
 237 0000 80B4     		push	{r7}
 238              		.cfi_def_cfa_offset 4
 239              		.cfi_offset 7, -4
 240 0002 00AF     		add	r7, sp, #0
 241              		.cfi_def_cfa_register 7
 249:Generated_Source\PSoC5/Timer_1.c ****     /* Disable Timer */
 250:Generated_Source\PSoC5/Timer_1.c ****     #if(!Timer_1_UDB_CONTROL_REG_REMOVED || Timer_1_UsingFixedFunction)
 251:Generated_Source\PSoC5/Timer_1.c ****         Timer_1_CONTROL &= ((uint8)(~Timer_1_CTRL_ENABLE));
 242              		.loc 1 251 0
 243 0004 0D4A     		ldr	r2, .L12
 244 0006 0D4B     		ldr	r3, .L12
 245 0008 1B78     		ldrb	r3, [r3]
 246 000a DBB2     		uxtb	r3, r3
 247 000c 23F00103 		bic	r3, r3, #1
 248 0010 DBB2     		uxtb	r3, r3
 249 0012 1370     		strb	r3, [r2]
 252:Generated_Source\PSoC5/Timer_1.c ****     #endif /* Remove assignment if control register is removed */
 253:Generated_Source\PSoC5/Timer_1.c **** 
 254:Generated_Source\PSoC5/Timer_1.c ****     /* Globally disable the Fixed Function Block chosen */
 255:Generated_Source\PSoC5/Timer_1.c ****     #if (Timer_1_UsingFixedFunction)
 256:Generated_Source\PSoC5/Timer_1.c ****         Timer_1_GLOBAL_ENABLE &= ((uint8)(~Timer_1_BLOCK_EN_MASK));
 250              		.loc 1 256 0
 251 0014 0A4A     		ldr	r2, .L12+4
 252 0016 0A4B     		ldr	r3, .L12+4
 253 0018 1B78     		ldrb	r3, [r3]
 254 001a DBB2     		uxtb	r3, r3
 255 001c 23F00403 		bic	r3, r3, #4
 256 0020 DBB2     		uxtb	r3, r3
 257 0022 1370     		strb	r3, [r2]
ARM GAS  C:\Users\Joe\AppData\Local\Temp\ccbSKu4u.s 			page 10


 257:Generated_Source\PSoC5/Timer_1.c ****         Timer_1_GLOBAL_STBY_ENABLE &= ((uint8)(~Timer_1_BLOCK_STBY_EN_MASK));
 258              		.loc 1 257 0
 259 0024 074A     		ldr	r2, .L12+8
 260 0026 074B     		ldr	r3, .L12+8
 261 0028 1B78     		ldrb	r3, [r3]
 262 002a DBB2     		uxtb	r3, r3
 263 002c 23F00403 		bic	r3, r3, #4
 264 0030 DBB2     		uxtb	r3, r3
 265 0032 1370     		strb	r3, [r2]
 258:Generated_Source\PSoC5/Timer_1.c ****     #endif /* Disable global enable for the Timer Fixed function block to stop the Timer*/
 259:Generated_Source\PSoC5/Timer_1.c **** }
 266              		.loc 1 259 0
 267 0034 00BF     		nop
 268 0036 BD46     		mov	sp, r7
 269              		.cfi_def_cfa_register 13
 270              		@ sp needed
 271 0038 80BC     		pop	{r7}
 272              		.cfi_restore 7
 273              		.cfi_def_cfa_offset 0
 274 003a 7047     		bx	lr
 275              	.L13:
 276              		.align	2
 277              	.L12:
 278 003c 184F0040 		.word	1073762072
 279 0040 A3430040 		.word	1073759139
 280 0044 B3430040 		.word	1073759155
 281              		.cfi_endproc
 282              	.LFE3:
 283              		.size	Timer_1_Stop, .-Timer_1_Stop
 284              		.section	.text.Timer_1_SetInterruptMode,"ax",%progbits
 285              		.align	2
 286              		.global	Timer_1_SetInterruptMode
 287              		.thumb
 288              		.thumb_func
 289              		.type	Timer_1_SetInterruptMode, %function
 290              	Timer_1_SetInterruptMode:
 291              	.LFB4:
 260:Generated_Source\PSoC5/Timer_1.c **** 
 261:Generated_Source\PSoC5/Timer_1.c **** 
 262:Generated_Source\PSoC5/Timer_1.c **** /*******************************************************************************
 263:Generated_Source\PSoC5/Timer_1.c **** * Function Name: Timer_1_SetInterruptMode
 264:Generated_Source\PSoC5/Timer_1.c **** ********************************************************************************
 265:Generated_Source\PSoC5/Timer_1.c **** *
 266:Generated_Source\PSoC5/Timer_1.c **** * Summary:
 267:Generated_Source\PSoC5/Timer_1.c **** *  This function selects which of the interrupt inputs may cause an interrupt.
 268:Generated_Source\PSoC5/Timer_1.c **** *  The twosources are caputure and terminal.  One, both or neither may
 269:Generated_Source\PSoC5/Timer_1.c **** *  be selected.
 270:Generated_Source\PSoC5/Timer_1.c **** *
 271:Generated_Source\PSoC5/Timer_1.c **** * Parameters:
 272:Generated_Source\PSoC5/Timer_1.c **** *  interruptMode:   This parameter is used to enable interrups on either/or
 273:Generated_Source\PSoC5/Timer_1.c **** *                   terminal count or capture.
 274:Generated_Source\PSoC5/Timer_1.c **** *
 275:Generated_Source\PSoC5/Timer_1.c **** * Return:
 276:Generated_Source\PSoC5/Timer_1.c **** *  void
 277:Generated_Source\PSoC5/Timer_1.c **** *
 278:Generated_Source\PSoC5/Timer_1.c **** *******************************************************************************/
 279:Generated_Source\PSoC5/Timer_1.c **** void Timer_1_SetInterruptMode(uint8 interruptMode) 
ARM GAS  C:\Users\Joe\AppData\Local\Temp\ccbSKu4u.s 			page 11


 280:Generated_Source\PSoC5/Timer_1.c **** {
 292              		.loc 1 280 0
 293              		.cfi_startproc
 294              		@ args = 0, pretend = 0, frame = 8
 295              		@ frame_needed = 1, uses_anonymous_args = 0
 296              		@ link register save eliminated.
 297 0000 80B4     		push	{r7}
 298              		.cfi_def_cfa_offset 4
 299              		.cfi_offset 7, -4
 300 0002 83B0     		sub	sp, sp, #12
 301              		.cfi_def_cfa_offset 16
 302 0004 00AF     		add	r7, sp, #0
 303              		.cfi_def_cfa_register 7
 304 0006 0346     		mov	r3, r0
 305 0008 FB71     		strb	r3, [r7, #7]
 281:Generated_Source\PSoC5/Timer_1.c ****     Timer_1_STATUS_MASK = interruptMode;
 306              		.loc 1 281 0
 307 000a 044A     		ldr	r2, .L15
 308 000c FB79     		ldrb	r3, [r7, #7]
 309 000e 1370     		strb	r3, [r2]
 282:Generated_Source\PSoC5/Timer_1.c **** }
 310              		.loc 1 282 0
 311 0010 00BF     		nop
 312 0012 0C37     		adds	r7, r7, #12
 313              		.cfi_def_cfa_offset 4
 314 0014 BD46     		mov	sp, r7
 315              		.cfi_def_cfa_register 13
 316              		@ sp needed
 317 0016 80BC     		pop	{r7}
 318              		.cfi_restore 7
 319              		.cfi_def_cfa_offset 0
 320 0018 7047     		bx	lr
 321              	.L16:
 322 001a 00BF     		.align	2
 323              	.L15:
 324 001c 1B4F0040 		.word	1073762075
 325              		.cfi_endproc
 326              	.LFE4:
 327              		.size	Timer_1_SetInterruptMode, .-Timer_1_SetInterruptMode
 328              		.section	.text.Timer_1_SoftwareCapture,"ax",%progbits
 329              		.align	2
 330              		.global	Timer_1_SoftwareCapture
 331              		.thumb
 332              		.thumb_func
 333              		.type	Timer_1_SoftwareCapture, %function
 334              	Timer_1_SoftwareCapture:
 335              	.LFB5:
 283:Generated_Source\PSoC5/Timer_1.c **** 
 284:Generated_Source\PSoC5/Timer_1.c **** 
 285:Generated_Source\PSoC5/Timer_1.c **** /*******************************************************************************
 286:Generated_Source\PSoC5/Timer_1.c **** * Function Name: Timer_1_SoftwareCapture
 287:Generated_Source\PSoC5/Timer_1.c **** ********************************************************************************
 288:Generated_Source\PSoC5/Timer_1.c **** *
 289:Generated_Source\PSoC5/Timer_1.c **** * Summary:
 290:Generated_Source\PSoC5/Timer_1.c **** *  This function forces a capture independent of the capture signal.
 291:Generated_Source\PSoC5/Timer_1.c **** *
 292:Generated_Source\PSoC5/Timer_1.c **** * Parameters:
ARM GAS  C:\Users\Joe\AppData\Local\Temp\ccbSKu4u.s 			page 12


 293:Generated_Source\PSoC5/Timer_1.c **** *  void
 294:Generated_Source\PSoC5/Timer_1.c **** *
 295:Generated_Source\PSoC5/Timer_1.c **** * Return:
 296:Generated_Source\PSoC5/Timer_1.c **** *  void
 297:Generated_Source\PSoC5/Timer_1.c **** *
 298:Generated_Source\PSoC5/Timer_1.c **** * Side Effects:
 299:Generated_Source\PSoC5/Timer_1.c **** *  An existing hardware capture could be overwritten.
 300:Generated_Source\PSoC5/Timer_1.c **** *
 301:Generated_Source\PSoC5/Timer_1.c **** *******************************************************************************/
 302:Generated_Source\PSoC5/Timer_1.c **** void Timer_1_SoftwareCapture(void) 
 303:Generated_Source\PSoC5/Timer_1.c **** {
 336              		.loc 1 303 0
 337              		.cfi_startproc
 338              		@ args = 0, pretend = 0, frame = 0
 339              		@ frame_needed = 1, uses_anonymous_args = 0
 340              		@ link register save eliminated.
 341 0000 80B4     		push	{r7}
 342              		.cfi_def_cfa_offset 4
 343              		.cfi_offset 7, -4
 344 0002 00AF     		add	r7, sp, #0
 345              		.cfi_def_cfa_register 7
 304:Generated_Source\PSoC5/Timer_1.c ****     /* Generate a software capture by reading the counter register */
 305:Generated_Source\PSoC5/Timer_1.c ****     #if(Timer_1_UsingFixedFunction)
 306:Generated_Source\PSoC5/Timer_1.c ****         (void)CY_GET_REG16(Timer_1_COUNTER_LSB_PTR);
 346              		.loc 1 306 0
 347 0004 024B     		ldr	r3, .L18
 348 0006 1B88     		ldrh	r3, [r3]	@ movhi
 307:Generated_Source\PSoC5/Timer_1.c ****     #else
 308:Generated_Source\PSoC5/Timer_1.c ****         (void)CY_GET_REG8(Timer_1_COUNTER_LSB_PTR_8BIT);
 309:Generated_Source\PSoC5/Timer_1.c ****     #endif/* (Timer_1_UsingFixedFunction) */
 310:Generated_Source\PSoC5/Timer_1.c ****     /* Capture Data is now in the FIFO */
 311:Generated_Source\PSoC5/Timer_1.c **** }
 349              		.loc 1 311 0
 350 0008 00BF     		nop
 351 000a BD46     		mov	sp, r7
 352              		.cfi_def_cfa_register 13
 353              		@ sp needed
 354 000c 80BC     		pop	{r7}
 355              		.cfi_restore 7
 356              		.cfi_def_cfa_offset 0
 357 000e 7047     		bx	lr
 358              	.L19:
 359              		.align	2
 360              	.L18:
 361 0010 1E4F0040 		.word	1073762078
 362              		.cfi_endproc
 363              	.LFE5:
 364              		.size	Timer_1_SoftwareCapture, .-Timer_1_SoftwareCapture
 365              		.section	.text.Timer_1_ReadStatusRegister,"ax",%progbits
 366              		.align	2
 367              		.global	Timer_1_ReadStatusRegister
 368              		.thumb
 369              		.thumb_func
 370              		.type	Timer_1_ReadStatusRegister, %function
 371              	Timer_1_ReadStatusRegister:
 372              	.LFB6:
 312:Generated_Source\PSoC5/Timer_1.c **** 
ARM GAS  C:\Users\Joe\AppData\Local\Temp\ccbSKu4u.s 			page 13


 313:Generated_Source\PSoC5/Timer_1.c **** 
 314:Generated_Source\PSoC5/Timer_1.c **** /*******************************************************************************
 315:Generated_Source\PSoC5/Timer_1.c **** * Function Name: Timer_1_ReadStatusRegister
 316:Generated_Source\PSoC5/Timer_1.c **** ********************************************************************************
 317:Generated_Source\PSoC5/Timer_1.c **** *
 318:Generated_Source\PSoC5/Timer_1.c **** * Summary:
 319:Generated_Source\PSoC5/Timer_1.c **** *  Reads the status register and returns it's state. This function should use
 320:Generated_Source\PSoC5/Timer_1.c **** *  defined types for the bit-field information as the bits in this register may
 321:Generated_Source\PSoC5/Timer_1.c **** *  be permuteable.
 322:Generated_Source\PSoC5/Timer_1.c **** *
 323:Generated_Source\PSoC5/Timer_1.c **** * Parameters:
 324:Generated_Source\PSoC5/Timer_1.c **** *  void
 325:Generated_Source\PSoC5/Timer_1.c **** *
 326:Generated_Source\PSoC5/Timer_1.c **** * Return:
 327:Generated_Source\PSoC5/Timer_1.c **** *  The contents of the status register
 328:Generated_Source\PSoC5/Timer_1.c **** *
 329:Generated_Source\PSoC5/Timer_1.c **** * Side Effects:
 330:Generated_Source\PSoC5/Timer_1.c **** *  Status register bits may be clear on read.
 331:Generated_Source\PSoC5/Timer_1.c **** *
 332:Generated_Source\PSoC5/Timer_1.c **** *******************************************************************************/
 333:Generated_Source\PSoC5/Timer_1.c **** uint8   Timer_1_ReadStatusRegister(void) 
 334:Generated_Source\PSoC5/Timer_1.c **** {
 373              		.loc 1 334 0
 374              		.cfi_startproc
 375              		@ args = 0, pretend = 0, frame = 0
 376              		@ frame_needed = 1, uses_anonymous_args = 0
 377              		@ link register save eliminated.
 378 0000 80B4     		push	{r7}
 379              		.cfi_def_cfa_offset 4
 380              		.cfi_offset 7, -4
 381 0002 00AF     		add	r7, sp, #0
 382              		.cfi_def_cfa_register 7
 335:Generated_Source\PSoC5/Timer_1.c ****     return (Timer_1_STATUS);
 383              		.loc 1 335 0
 384 0004 034B     		ldr	r3, .L22
 385 0006 1B78     		ldrb	r3, [r3]
 386 0008 DBB2     		uxtb	r3, r3
 336:Generated_Source\PSoC5/Timer_1.c **** }
 387              		.loc 1 336 0
 388 000a 1846     		mov	r0, r3
 389 000c BD46     		mov	sp, r7
 390              		.cfi_def_cfa_register 13
 391              		@ sp needed
 392 000e 80BC     		pop	{r7}
 393              		.cfi_restore 7
 394              		.cfi_def_cfa_offset 0
 395 0010 7047     		bx	lr
 396              	.L23:
 397 0012 00BF     		.align	2
 398              	.L22:
 399 0014 1B4F0040 		.word	1073762075
 400              		.cfi_endproc
 401              	.LFE6:
 402              		.size	Timer_1_ReadStatusRegister, .-Timer_1_ReadStatusRegister
 403              		.section	.text.Timer_1_ReadControlRegister,"ax",%progbits
 404              		.align	2
 405              		.global	Timer_1_ReadControlRegister
ARM GAS  C:\Users\Joe\AppData\Local\Temp\ccbSKu4u.s 			page 14


 406              		.thumb
 407              		.thumb_func
 408              		.type	Timer_1_ReadControlRegister, %function
 409              	Timer_1_ReadControlRegister:
 410              	.LFB7:
 337:Generated_Source\PSoC5/Timer_1.c **** 
 338:Generated_Source\PSoC5/Timer_1.c **** 
 339:Generated_Source\PSoC5/Timer_1.c **** #if (!Timer_1_UDB_CONTROL_REG_REMOVED) /* Remove API if control register is unused */
 340:Generated_Source\PSoC5/Timer_1.c **** 
 341:Generated_Source\PSoC5/Timer_1.c **** 
 342:Generated_Source\PSoC5/Timer_1.c **** /*******************************************************************************
 343:Generated_Source\PSoC5/Timer_1.c **** * Function Name: Timer_1_ReadControlRegister
 344:Generated_Source\PSoC5/Timer_1.c **** ********************************************************************************
 345:Generated_Source\PSoC5/Timer_1.c **** *
 346:Generated_Source\PSoC5/Timer_1.c **** * Summary:
 347:Generated_Source\PSoC5/Timer_1.c **** *  Reads the control register and returns it's value.
 348:Generated_Source\PSoC5/Timer_1.c **** *
 349:Generated_Source\PSoC5/Timer_1.c **** * Parameters:
 350:Generated_Source\PSoC5/Timer_1.c **** *  void
 351:Generated_Source\PSoC5/Timer_1.c **** *
 352:Generated_Source\PSoC5/Timer_1.c **** * Return:
 353:Generated_Source\PSoC5/Timer_1.c **** *  The contents of the control register
 354:Generated_Source\PSoC5/Timer_1.c **** *
 355:Generated_Source\PSoC5/Timer_1.c **** *******************************************************************************/
 356:Generated_Source\PSoC5/Timer_1.c **** uint8 Timer_1_ReadControlRegister(void) 
 357:Generated_Source\PSoC5/Timer_1.c **** {
 411              		.loc 1 357 0
 412              		.cfi_startproc
 413              		@ args = 0, pretend = 0, frame = 0
 414              		@ frame_needed = 1, uses_anonymous_args = 0
 415              		@ link register save eliminated.
 416 0000 80B4     		push	{r7}
 417              		.cfi_def_cfa_offset 4
 418              		.cfi_offset 7, -4
 419 0002 00AF     		add	r7, sp, #0
 420              		.cfi_def_cfa_register 7
 358:Generated_Source\PSoC5/Timer_1.c ****     #if (!Timer_1_UDB_CONTROL_REG_REMOVED) 
 359:Generated_Source\PSoC5/Timer_1.c ****         return ((uint8)Timer_1_CONTROL);
 421              		.loc 1 359 0
 422 0004 034B     		ldr	r3, .L26
 423 0006 1B78     		ldrb	r3, [r3]
 424 0008 DBB2     		uxtb	r3, r3
 360:Generated_Source\PSoC5/Timer_1.c ****     #else
 361:Generated_Source\PSoC5/Timer_1.c ****         return (0);
 362:Generated_Source\PSoC5/Timer_1.c ****     #endif /* (!Timer_1_UDB_CONTROL_REG_REMOVED) */
 363:Generated_Source\PSoC5/Timer_1.c **** }
 425              		.loc 1 363 0
 426 000a 1846     		mov	r0, r3
 427 000c BD46     		mov	sp, r7
 428              		.cfi_def_cfa_register 13
 429              		@ sp needed
 430 000e 80BC     		pop	{r7}
 431              		.cfi_restore 7
 432              		.cfi_def_cfa_offset 0
 433 0010 7047     		bx	lr
 434              	.L27:
 435 0012 00BF     		.align	2
ARM GAS  C:\Users\Joe\AppData\Local\Temp\ccbSKu4u.s 			page 15


 436              	.L26:
 437 0014 184F0040 		.word	1073762072
 438              		.cfi_endproc
 439              	.LFE7:
 440              		.size	Timer_1_ReadControlRegister, .-Timer_1_ReadControlRegister
 441              		.section	.text.Timer_1_WriteControlRegister,"ax",%progbits
 442              		.align	2
 443              		.global	Timer_1_WriteControlRegister
 444              		.thumb
 445              		.thumb_func
 446              		.type	Timer_1_WriteControlRegister, %function
 447              	Timer_1_WriteControlRegister:
 448              	.LFB8:
 364:Generated_Source\PSoC5/Timer_1.c **** 
 365:Generated_Source\PSoC5/Timer_1.c **** 
 366:Generated_Source\PSoC5/Timer_1.c **** /*******************************************************************************
 367:Generated_Source\PSoC5/Timer_1.c **** * Function Name: Timer_1_WriteControlRegister
 368:Generated_Source\PSoC5/Timer_1.c **** ********************************************************************************
 369:Generated_Source\PSoC5/Timer_1.c **** *
 370:Generated_Source\PSoC5/Timer_1.c **** * Summary:
 371:Generated_Source\PSoC5/Timer_1.c **** *  Sets the bit-field of the control register.
 372:Generated_Source\PSoC5/Timer_1.c **** *
 373:Generated_Source\PSoC5/Timer_1.c **** * Parameters:
 374:Generated_Source\PSoC5/Timer_1.c **** *  control: The contents of the control register
 375:Generated_Source\PSoC5/Timer_1.c **** *
 376:Generated_Source\PSoC5/Timer_1.c **** * Return:
 377:Generated_Source\PSoC5/Timer_1.c **** *
 378:Generated_Source\PSoC5/Timer_1.c **** *******************************************************************************/
 379:Generated_Source\PSoC5/Timer_1.c **** void Timer_1_WriteControlRegister(uint8 control) 
 380:Generated_Source\PSoC5/Timer_1.c **** {
 449              		.loc 1 380 0
 450              		.cfi_startproc
 451              		@ args = 0, pretend = 0, frame = 8
 452              		@ frame_needed = 1, uses_anonymous_args = 0
 453              		@ link register save eliminated.
 454 0000 80B4     		push	{r7}
 455              		.cfi_def_cfa_offset 4
 456              		.cfi_offset 7, -4
 457 0002 83B0     		sub	sp, sp, #12
 458              		.cfi_def_cfa_offset 16
 459 0004 00AF     		add	r7, sp, #0
 460              		.cfi_def_cfa_register 7
 461 0006 0346     		mov	r3, r0
 462 0008 FB71     		strb	r3, [r7, #7]
 381:Generated_Source\PSoC5/Timer_1.c ****     #if (!Timer_1_UDB_CONTROL_REG_REMOVED) 
 382:Generated_Source\PSoC5/Timer_1.c ****         Timer_1_CONTROL = control;
 463              		.loc 1 382 0
 464 000a 044A     		ldr	r2, .L29
 465 000c FB79     		ldrb	r3, [r7, #7]
 466 000e 1370     		strb	r3, [r2]
 383:Generated_Source\PSoC5/Timer_1.c ****     #else
 384:Generated_Source\PSoC5/Timer_1.c ****         control = 0u;
 385:Generated_Source\PSoC5/Timer_1.c ****     #endif /* (!Timer_1_UDB_CONTROL_REG_REMOVED) */
 386:Generated_Source\PSoC5/Timer_1.c **** }
 467              		.loc 1 386 0
 468 0010 00BF     		nop
 469 0012 0C37     		adds	r7, r7, #12
ARM GAS  C:\Users\Joe\AppData\Local\Temp\ccbSKu4u.s 			page 16


 470              		.cfi_def_cfa_offset 4
 471 0014 BD46     		mov	sp, r7
 472              		.cfi_def_cfa_register 13
 473              		@ sp needed
 474 0016 80BC     		pop	{r7}
 475              		.cfi_restore 7
 476              		.cfi_def_cfa_offset 0
 477 0018 7047     		bx	lr
 478              	.L30:
 479 001a 00BF     		.align	2
 480              	.L29:
 481 001c 184F0040 		.word	1073762072
 482              		.cfi_endproc
 483              	.LFE8:
 484              		.size	Timer_1_WriteControlRegister, .-Timer_1_WriteControlRegister
 485              		.section	.text.Timer_1_ReadPeriod,"ax",%progbits
 486              		.align	2
 487              		.global	Timer_1_ReadPeriod
 488              		.thumb
 489              		.thumb_func
 490              		.type	Timer_1_ReadPeriod, %function
 491              	Timer_1_ReadPeriod:
 492              	.LFB9:
 387:Generated_Source\PSoC5/Timer_1.c **** 
 388:Generated_Source\PSoC5/Timer_1.c **** #endif /* Remove API if control register is unused */
 389:Generated_Source\PSoC5/Timer_1.c **** 
 390:Generated_Source\PSoC5/Timer_1.c **** 
 391:Generated_Source\PSoC5/Timer_1.c **** /*******************************************************************************
 392:Generated_Source\PSoC5/Timer_1.c **** * Function Name: Timer_1_ReadPeriod
 393:Generated_Source\PSoC5/Timer_1.c **** ********************************************************************************
 394:Generated_Source\PSoC5/Timer_1.c **** *
 395:Generated_Source\PSoC5/Timer_1.c **** * Summary:
 396:Generated_Source\PSoC5/Timer_1.c **** *  This function returns the current value of the Period.
 397:Generated_Source\PSoC5/Timer_1.c **** *
 398:Generated_Source\PSoC5/Timer_1.c **** * Parameters:
 399:Generated_Source\PSoC5/Timer_1.c **** *  void
 400:Generated_Source\PSoC5/Timer_1.c **** *
 401:Generated_Source\PSoC5/Timer_1.c **** * Return:
 402:Generated_Source\PSoC5/Timer_1.c **** *  The present value of the counter.
 403:Generated_Source\PSoC5/Timer_1.c **** *
 404:Generated_Source\PSoC5/Timer_1.c **** *******************************************************************************/
 405:Generated_Source\PSoC5/Timer_1.c **** uint16 Timer_1_ReadPeriod(void) 
 406:Generated_Source\PSoC5/Timer_1.c **** {
 493              		.loc 1 406 0
 494              		.cfi_startproc
 495              		@ args = 0, pretend = 0, frame = 0
 496              		@ frame_needed = 1, uses_anonymous_args = 0
 497              		@ link register save eliminated.
 498 0000 80B4     		push	{r7}
 499              		.cfi_def_cfa_offset 4
 500              		.cfi_offset 7, -4
 501 0002 00AF     		add	r7, sp, #0
 502              		.cfi_def_cfa_register 7
 407:Generated_Source\PSoC5/Timer_1.c ****    #if(Timer_1_UsingFixedFunction)
 408:Generated_Source\PSoC5/Timer_1.c ****        return ((uint16)CY_GET_REG16(Timer_1_PERIOD_LSB_PTR));
 503              		.loc 1 408 0
 504 0004 034B     		ldr	r3, .L33
ARM GAS  C:\Users\Joe\AppData\Local\Temp\ccbSKu4u.s 			page 17


 505 0006 1B88     		ldrh	r3, [r3]	@ movhi
 506 0008 9BB2     		uxth	r3, r3
 409:Generated_Source\PSoC5/Timer_1.c ****    #else
 410:Generated_Source\PSoC5/Timer_1.c ****        return (CY_GET_REG16(Timer_1_PERIOD_LSB_PTR));
 411:Generated_Source\PSoC5/Timer_1.c ****    #endif /* (Timer_1_UsingFixedFunction) */
 412:Generated_Source\PSoC5/Timer_1.c **** }
 507              		.loc 1 412 0
 508 000a 1846     		mov	r0, r3
 509 000c BD46     		mov	sp, r7
 510              		.cfi_def_cfa_register 13
 511              		@ sp needed
 512 000e 80BC     		pop	{r7}
 513              		.cfi_restore 7
 514              		.cfi_def_cfa_offset 0
 515 0010 7047     		bx	lr
 516              	.L34:
 517 0012 00BF     		.align	2
 518              	.L33:
 519 0014 1C4F0040 		.word	1073762076
 520              		.cfi_endproc
 521              	.LFE9:
 522              		.size	Timer_1_ReadPeriod, .-Timer_1_ReadPeriod
 523              		.section	.text.Timer_1_WritePeriod,"ax",%progbits
 524              		.align	2
 525              		.global	Timer_1_WritePeriod
 526              		.thumb
 527              		.thumb_func
 528              		.type	Timer_1_WritePeriod, %function
 529              	Timer_1_WritePeriod:
 530              	.LFB10:
 413:Generated_Source\PSoC5/Timer_1.c **** 
 414:Generated_Source\PSoC5/Timer_1.c **** 
 415:Generated_Source\PSoC5/Timer_1.c **** /*******************************************************************************
 416:Generated_Source\PSoC5/Timer_1.c **** * Function Name: Timer_1_WritePeriod
 417:Generated_Source\PSoC5/Timer_1.c **** ********************************************************************************
 418:Generated_Source\PSoC5/Timer_1.c **** *
 419:Generated_Source\PSoC5/Timer_1.c **** * Summary:
 420:Generated_Source\PSoC5/Timer_1.c **** *  This function is used to change the period of the counter.  The new period
 421:Generated_Source\PSoC5/Timer_1.c **** *  will be loaded the next time terminal count is detected.
 422:Generated_Source\PSoC5/Timer_1.c **** *
 423:Generated_Source\PSoC5/Timer_1.c **** * Parameters:
 424:Generated_Source\PSoC5/Timer_1.c **** *  period: This value may be between 1 and (2^Resolution)-1.  A value of 0 will
 425:Generated_Source\PSoC5/Timer_1.c **** *          result in the counter remaining at zero.
 426:Generated_Source\PSoC5/Timer_1.c **** *
 427:Generated_Source\PSoC5/Timer_1.c **** * Return:
 428:Generated_Source\PSoC5/Timer_1.c **** *  void
 429:Generated_Source\PSoC5/Timer_1.c **** *
 430:Generated_Source\PSoC5/Timer_1.c **** *******************************************************************************/
 431:Generated_Source\PSoC5/Timer_1.c **** void Timer_1_WritePeriod(uint16 period) 
 432:Generated_Source\PSoC5/Timer_1.c **** {
 531              		.loc 1 432 0
 532              		.cfi_startproc
 533              		@ args = 0, pretend = 0, frame = 16
 534              		@ frame_needed = 1, uses_anonymous_args = 0
 535              		@ link register save eliminated.
 536 0000 80B4     		push	{r7}
 537              		.cfi_def_cfa_offset 4
ARM GAS  C:\Users\Joe\AppData\Local\Temp\ccbSKu4u.s 			page 18


 538              		.cfi_offset 7, -4
 539 0002 85B0     		sub	sp, sp, #20
 540              		.cfi_def_cfa_offset 24
 541 0004 00AF     		add	r7, sp, #0
 542              		.cfi_def_cfa_register 7
 543 0006 0346     		mov	r3, r0
 544 0008 FB80     		strh	r3, [r7, #6]	@ movhi
 433:Generated_Source\PSoC5/Timer_1.c ****     #if(Timer_1_UsingFixedFunction)
 434:Generated_Source\PSoC5/Timer_1.c ****         uint16 period_temp = (uint16)period;
 545              		.loc 1 434 0
 546 000a FB88     		ldrh	r3, [r7, #6]	@ movhi
 547 000c FB81     		strh	r3, [r7, #14]	@ movhi
 435:Generated_Source\PSoC5/Timer_1.c ****         CY_SET_REG16(Timer_1_PERIOD_LSB_PTR, period_temp);
 548              		.loc 1 435 0
 549 000e 044A     		ldr	r2, .L36
 550 0010 FB89     		ldrh	r3, [r7, #14]	@ movhi
 551 0012 1380     		strh	r3, [r2]	@ movhi
 436:Generated_Source\PSoC5/Timer_1.c ****     #else
 437:Generated_Source\PSoC5/Timer_1.c ****         CY_SET_REG16(Timer_1_PERIOD_LSB_PTR, period);
 438:Generated_Source\PSoC5/Timer_1.c ****     #endif /*Write Period value with appropriate resolution suffix depending on UDB or fixed functi
 439:Generated_Source\PSoC5/Timer_1.c **** }
 552              		.loc 1 439 0
 553 0014 00BF     		nop
 554 0016 1437     		adds	r7, r7, #20
 555              		.cfi_def_cfa_offset 4
 556 0018 BD46     		mov	sp, r7
 557              		.cfi_def_cfa_register 13
 558              		@ sp needed
 559 001a 80BC     		pop	{r7}
 560              		.cfi_restore 7
 561              		.cfi_def_cfa_offset 0
 562 001c 7047     		bx	lr
 563              	.L37:
 564 001e 00BF     		.align	2
 565              	.L36:
 566 0020 1C4F0040 		.word	1073762076
 567              		.cfi_endproc
 568              	.LFE10:
 569              		.size	Timer_1_WritePeriod, .-Timer_1_WritePeriod
 570              		.section	.text.Timer_1_ReadCapture,"ax",%progbits
 571              		.align	2
 572              		.global	Timer_1_ReadCapture
 573              		.thumb
 574              		.thumb_func
 575              		.type	Timer_1_ReadCapture, %function
 576              	Timer_1_ReadCapture:
 577              	.LFB11:
 440:Generated_Source\PSoC5/Timer_1.c **** 
 441:Generated_Source\PSoC5/Timer_1.c **** 
 442:Generated_Source\PSoC5/Timer_1.c **** /*******************************************************************************
 443:Generated_Source\PSoC5/Timer_1.c **** * Function Name: Timer_1_ReadCapture
 444:Generated_Source\PSoC5/Timer_1.c **** ********************************************************************************
 445:Generated_Source\PSoC5/Timer_1.c **** *
 446:Generated_Source\PSoC5/Timer_1.c **** * Summary:
 447:Generated_Source\PSoC5/Timer_1.c **** *  This function returns the last value captured.
 448:Generated_Source\PSoC5/Timer_1.c **** *
 449:Generated_Source\PSoC5/Timer_1.c **** * Parameters:
ARM GAS  C:\Users\Joe\AppData\Local\Temp\ccbSKu4u.s 			page 19


 450:Generated_Source\PSoC5/Timer_1.c **** *  void
 451:Generated_Source\PSoC5/Timer_1.c **** *
 452:Generated_Source\PSoC5/Timer_1.c **** * Return:
 453:Generated_Source\PSoC5/Timer_1.c **** *  Present Capture value.
 454:Generated_Source\PSoC5/Timer_1.c **** *
 455:Generated_Source\PSoC5/Timer_1.c **** *******************************************************************************/
 456:Generated_Source\PSoC5/Timer_1.c **** uint16 Timer_1_ReadCapture(void) 
 457:Generated_Source\PSoC5/Timer_1.c **** {
 578              		.loc 1 457 0
 579              		.cfi_startproc
 580              		@ args = 0, pretend = 0, frame = 0
 581              		@ frame_needed = 1, uses_anonymous_args = 0
 582              		@ link register save eliminated.
 583 0000 80B4     		push	{r7}
 584              		.cfi_def_cfa_offset 4
 585              		.cfi_offset 7, -4
 586 0002 00AF     		add	r7, sp, #0
 587              		.cfi_def_cfa_register 7
 458:Generated_Source\PSoC5/Timer_1.c ****    #if(Timer_1_UsingFixedFunction)
 459:Generated_Source\PSoC5/Timer_1.c ****        return ((uint16)CY_GET_REG16(Timer_1_CAPTURE_LSB_PTR));
 588              		.loc 1 459 0
 589 0004 034B     		ldr	r3, .L40
 590 0006 1B88     		ldrh	r3, [r3]	@ movhi
 591 0008 9BB2     		uxth	r3, r3
 460:Generated_Source\PSoC5/Timer_1.c ****    #else
 461:Generated_Source\PSoC5/Timer_1.c ****        return (CY_GET_REG16(Timer_1_CAPTURE_LSB_PTR));
 462:Generated_Source\PSoC5/Timer_1.c ****    #endif /* (Timer_1_UsingFixedFunction) */
 463:Generated_Source\PSoC5/Timer_1.c **** }
 592              		.loc 1 463 0
 593 000a 1846     		mov	r0, r3
 594 000c BD46     		mov	sp, r7
 595              		.cfi_def_cfa_register 13
 596              		@ sp needed
 597 000e 80BC     		pop	{r7}
 598              		.cfi_restore 7
 599              		.cfi_def_cfa_offset 0
 600 0010 7047     		bx	lr
 601              	.L41:
 602 0012 00BF     		.align	2
 603              	.L40:
 604 0014 204F0040 		.word	1073762080
 605              		.cfi_endproc
 606              	.LFE11:
 607              		.size	Timer_1_ReadCapture, .-Timer_1_ReadCapture
 608              		.section	.text.Timer_1_WriteCounter,"ax",%progbits
 609              		.align	2
 610              		.global	Timer_1_WriteCounter
 611              		.thumb
 612              		.thumb_func
 613              		.type	Timer_1_WriteCounter, %function
 614              	Timer_1_WriteCounter:
 615              	.LFB12:
 464:Generated_Source\PSoC5/Timer_1.c **** 
 465:Generated_Source\PSoC5/Timer_1.c **** 
 466:Generated_Source\PSoC5/Timer_1.c **** /*******************************************************************************
 467:Generated_Source\PSoC5/Timer_1.c **** * Function Name: Timer_1_WriteCounter
 468:Generated_Source\PSoC5/Timer_1.c **** ********************************************************************************
ARM GAS  C:\Users\Joe\AppData\Local\Temp\ccbSKu4u.s 			page 20


 469:Generated_Source\PSoC5/Timer_1.c **** *
 470:Generated_Source\PSoC5/Timer_1.c **** * Summary:
 471:Generated_Source\PSoC5/Timer_1.c **** *  This funtion is used to set the counter to a specific value
 472:Generated_Source\PSoC5/Timer_1.c **** *
 473:Generated_Source\PSoC5/Timer_1.c **** * Parameters:
 474:Generated_Source\PSoC5/Timer_1.c **** *  counter:  New counter value.
 475:Generated_Source\PSoC5/Timer_1.c **** *
 476:Generated_Source\PSoC5/Timer_1.c **** * Return:
 477:Generated_Source\PSoC5/Timer_1.c **** *  void
 478:Generated_Source\PSoC5/Timer_1.c **** *
 479:Generated_Source\PSoC5/Timer_1.c **** *******************************************************************************/
 480:Generated_Source\PSoC5/Timer_1.c **** void Timer_1_WriteCounter(uint16 counter) 
 481:Generated_Source\PSoC5/Timer_1.c **** {
 616              		.loc 1 481 0
 617              		.cfi_startproc
 618              		@ args = 0, pretend = 0, frame = 8
 619              		@ frame_needed = 1, uses_anonymous_args = 0
 620              		@ link register save eliminated.
 621 0000 80B4     		push	{r7}
 622              		.cfi_def_cfa_offset 4
 623              		.cfi_offset 7, -4
 624 0002 83B0     		sub	sp, sp, #12
 625              		.cfi_def_cfa_offset 16
 626 0004 00AF     		add	r7, sp, #0
 627              		.cfi_def_cfa_register 7
 628 0006 0346     		mov	r3, r0
 629 0008 FB80     		strh	r3, [r7, #6]	@ movhi
 482:Generated_Source\PSoC5/Timer_1.c ****    #if(Timer_1_UsingFixedFunction)
 483:Generated_Source\PSoC5/Timer_1.c ****         /* This functionality is removed until a FixedFunction HW update to
 484:Generated_Source\PSoC5/Timer_1.c ****          * allow this register to be written
 485:Generated_Source\PSoC5/Timer_1.c ****          */
 486:Generated_Source\PSoC5/Timer_1.c ****         CY_SET_REG16(Timer_1_COUNTER_LSB_PTR, (uint16)counter);
 630              		.loc 1 486 0
 631 000a 044A     		ldr	r2, .L43
 632 000c FB88     		ldrh	r3, [r7, #6]	@ movhi
 633 000e 1380     		strh	r3, [r2]	@ movhi
 487:Generated_Source\PSoC5/Timer_1.c ****         
 488:Generated_Source\PSoC5/Timer_1.c ****     #else
 489:Generated_Source\PSoC5/Timer_1.c ****         CY_SET_REG16(Timer_1_COUNTER_LSB_PTR, counter);
 490:Generated_Source\PSoC5/Timer_1.c ****     #endif /* Set Write Counter only for the UDB implementation (Write Counter not available in fix
 491:Generated_Source\PSoC5/Timer_1.c **** }
 634              		.loc 1 491 0
 635 0010 00BF     		nop
 636 0012 0C37     		adds	r7, r7, #12
 637              		.cfi_def_cfa_offset 4
 638 0014 BD46     		mov	sp, r7
 639              		.cfi_def_cfa_register 13
 640              		@ sp needed
 641 0016 80BC     		pop	{r7}
 642              		.cfi_restore 7
 643              		.cfi_def_cfa_offset 0
 644 0018 7047     		bx	lr
 645              	.L44:
 646 001a 00BF     		.align	2
 647              	.L43:
 648 001c 1E4F0040 		.word	1073762078
 649              		.cfi_endproc
ARM GAS  C:\Users\Joe\AppData\Local\Temp\ccbSKu4u.s 			page 21


 650              	.LFE12:
 651              		.size	Timer_1_WriteCounter, .-Timer_1_WriteCounter
 652              		.section	.text.Timer_1_ReadCounter,"ax",%progbits
 653              		.align	2
 654              		.global	Timer_1_ReadCounter
 655              		.thumb
 656              		.thumb_func
 657              		.type	Timer_1_ReadCounter, %function
 658              	Timer_1_ReadCounter:
 659              	.LFB13:
 492:Generated_Source\PSoC5/Timer_1.c **** 
 493:Generated_Source\PSoC5/Timer_1.c **** 
 494:Generated_Source\PSoC5/Timer_1.c **** /*******************************************************************************
 495:Generated_Source\PSoC5/Timer_1.c **** * Function Name: Timer_1_ReadCounter
 496:Generated_Source\PSoC5/Timer_1.c **** ********************************************************************************
 497:Generated_Source\PSoC5/Timer_1.c **** *
 498:Generated_Source\PSoC5/Timer_1.c **** * Summary:
 499:Generated_Source\PSoC5/Timer_1.c **** *  This function returns the current counter value.
 500:Generated_Source\PSoC5/Timer_1.c **** *
 501:Generated_Source\PSoC5/Timer_1.c **** * Parameters:
 502:Generated_Source\PSoC5/Timer_1.c **** *  void
 503:Generated_Source\PSoC5/Timer_1.c **** *
 504:Generated_Source\PSoC5/Timer_1.c **** * Return:
 505:Generated_Source\PSoC5/Timer_1.c **** *  Present compare value.
 506:Generated_Source\PSoC5/Timer_1.c **** *
 507:Generated_Source\PSoC5/Timer_1.c **** *******************************************************************************/
 508:Generated_Source\PSoC5/Timer_1.c **** uint16 Timer_1_ReadCounter(void) 
 509:Generated_Source\PSoC5/Timer_1.c **** {
 660              		.loc 1 509 0
 661              		.cfi_startproc
 662              		@ args = 0, pretend = 0, frame = 0
 663              		@ frame_needed = 1, uses_anonymous_args = 0
 664              		@ link register save eliminated.
 665 0000 80B4     		push	{r7}
 666              		.cfi_def_cfa_offset 4
 667              		.cfi_offset 7, -4
 668 0002 00AF     		add	r7, sp, #0
 669              		.cfi_def_cfa_register 7
 510:Generated_Source\PSoC5/Timer_1.c ****     /* Force capture by reading Accumulator */
 511:Generated_Source\PSoC5/Timer_1.c ****     /* Must first do a software capture to be able to read the counter */
 512:Generated_Source\PSoC5/Timer_1.c ****     /* It is up to the user code to make sure there isn't already captured data in the FIFO */
 513:Generated_Source\PSoC5/Timer_1.c ****     #if(Timer_1_UsingFixedFunction)
 514:Generated_Source\PSoC5/Timer_1.c ****         (void)CY_GET_REG16(Timer_1_COUNTER_LSB_PTR);
 670              		.loc 1 514 0
 671 0004 044B     		ldr	r3, .L47
 672 0006 1B88     		ldrh	r3, [r3]	@ movhi
 515:Generated_Source\PSoC5/Timer_1.c ****     #else
 516:Generated_Source\PSoC5/Timer_1.c ****         (void)CY_GET_REG8(Timer_1_COUNTER_LSB_PTR_8BIT);
 517:Generated_Source\PSoC5/Timer_1.c ****     #endif/* (Timer_1_UsingFixedFunction) */
 518:Generated_Source\PSoC5/Timer_1.c **** 
 519:Generated_Source\PSoC5/Timer_1.c ****     /* Read the data from the FIFO (or capture register for Fixed Function)*/
 520:Generated_Source\PSoC5/Timer_1.c ****     #if(Timer_1_UsingFixedFunction)
 521:Generated_Source\PSoC5/Timer_1.c ****         return ((uint16)CY_GET_REG16(Timer_1_CAPTURE_LSB_PTR));
 673              		.loc 1 521 0
 674 0008 044B     		ldr	r3, .L47+4
 675 000a 1B88     		ldrh	r3, [r3]	@ movhi
 676 000c 9BB2     		uxth	r3, r3
ARM GAS  C:\Users\Joe\AppData\Local\Temp\ccbSKu4u.s 			page 22


 522:Generated_Source\PSoC5/Timer_1.c ****     #else
 523:Generated_Source\PSoC5/Timer_1.c ****         return (CY_GET_REG16(Timer_1_CAPTURE_LSB_PTR));
 524:Generated_Source\PSoC5/Timer_1.c ****     #endif /* (Timer_1_UsingFixedFunction) */
 525:Generated_Source\PSoC5/Timer_1.c **** }
 677              		.loc 1 525 0
 678 000e 1846     		mov	r0, r3
 679 0010 BD46     		mov	sp, r7
 680              		.cfi_def_cfa_register 13
 681              		@ sp needed
 682 0012 80BC     		pop	{r7}
 683              		.cfi_restore 7
 684              		.cfi_def_cfa_offset 0
 685 0014 7047     		bx	lr
 686              	.L48:
 687 0016 00BF     		.align	2
 688              	.L47:
 689 0018 1E4F0040 		.word	1073762078
 690 001c 204F0040 		.word	1073762080
 691              		.cfi_endproc
 692              	.LFE13:
 693              		.size	Timer_1_ReadCounter, .-Timer_1_ReadCounter
 694              		.text
 695              	.Letext0:
 696              		.file 2 "Generated_Source\\PSoC5\\cytypes.h"
 697              		.section	.debug_info,"",%progbits
 698              	.Ldebug_info0:
 699 0000 3F020000 		.4byte	0x23f
 700 0004 0400     		.2byte	0x4
 701 0006 00000000 		.4byte	.Ldebug_abbrev0
 702 000a 04       		.byte	0x4
 703 000b 01       		.uleb128 0x1
 704 000c 06000000 		.4byte	.LASF36
 705 0010 0C       		.byte	0xc
 706 0011 DA000000 		.4byte	.LASF37
 707 0015 85020000 		.4byte	.LASF38
 708 0019 00000000 		.4byte	.Ldebug_ranges0+0
 709 001d 00000000 		.4byte	0
 710 0021 00000000 		.4byte	.Ldebug_line0
 711 0025 02       		.uleb128 0x2
 712 0026 01       		.byte	0x1
 713 0027 06       		.byte	0x6
 714 0028 E9020000 		.4byte	.LASF0
 715 002c 02       		.uleb128 0x2
 716 002d 01       		.byte	0x1
 717 002e 08       		.byte	0x8
 718 002f 5E010000 		.4byte	.LASF1
 719 0033 02       		.uleb128 0x2
 720 0034 02       		.byte	0x2
 721 0035 05       		.byte	0x5
 722 0036 7B020000 		.4byte	.LASF2
 723 003a 02       		.uleb128 0x2
 724 003b 02       		.byte	0x2
 725 003c 07       		.byte	0x7
 726 003d C7000000 		.4byte	.LASF3
 727 0041 02       		.uleb128 0x2
 728 0042 04       		.byte	0x4
 729 0043 05       		.byte	0x5
ARM GAS  C:\Users\Joe\AppData\Local\Temp\ccbSKu4u.s 			page 23


 730 0044 CF020000 		.4byte	.LASF4
 731 0048 02       		.uleb128 0x2
 732 0049 04       		.byte	0x4
 733 004a 07       		.byte	0x7
 734 004b 3E010000 		.4byte	.LASF5
 735 004f 02       		.uleb128 0x2
 736 0050 08       		.byte	0x8
 737 0051 05       		.byte	0x5
 738 0052 4B020000 		.4byte	.LASF6
 739 0056 02       		.uleb128 0x2
 740 0057 08       		.byte	0x8
 741 0058 07       		.byte	0x7
 742 0059 F6010000 		.4byte	.LASF7
 743 005d 03       		.uleb128 0x3
 744 005e 04       		.byte	0x4
 745 005f 05       		.byte	0x5
 746 0060 696E7400 		.ascii	"int\000"
 747 0064 02       		.uleb128 0x2
 748 0065 04       		.byte	0x4
 749 0066 07       		.byte	0x7
 750 0067 FB000000 		.4byte	.LASF8
 751 006b 04       		.uleb128 0x4
 752 006c 50010000 		.4byte	.LASF9
 753 0070 02       		.byte	0x2
 754 0071 A1       		.byte	0xa1
 755 0072 2C000000 		.4byte	0x2c
 756 0076 04       		.uleb128 0x4
 757 0077 9B010000 		.4byte	.LASF10
 758 007b 02       		.byte	0x2
 759 007c A2       		.byte	0xa2
 760 007d 3A000000 		.4byte	0x3a
 761 0081 02       		.uleb128 0x2
 762 0082 04       		.byte	0x4
 763 0083 04       		.byte	0x4
 764 0084 08010000 		.4byte	.LASF11
 765 0088 02       		.uleb128 0x2
 766 0089 08       		.byte	0x8
 767 008a 04       		.byte	0x4
 768 008b 7B010000 		.4byte	.LASF12
 769 008f 02       		.uleb128 0x2
 770 0090 01       		.byte	0x1
 771 0091 08       		.byte	0x8
 772 0092 D8020000 		.4byte	.LASF13
 773 0096 05       		.uleb128 0x5
 774 0097 26010000 		.4byte	.LASF14
 775 009b 02       		.byte	0x2
 776 009c 4B01     		.2byte	0x14b
 777 009e A2000000 		.4byte	0xa2
 778 00a2 06       		.uleb128 0x6
 779 00a3 6B000000 		.4byte	0x6b
 780 00a7 05       		.uleb128 0x5
 781 00a8 00000000 		.4byte	.LASF15
 782 00ac 02       		.byte	0x2
 783 00ad 4C01     		.2byte	0x14c
 784 00af B3000000 		.4byte	0xb3
 785 00b3 06       		.uleb128 0x6
 786 00b4 76000000 		.4byte	0x76
ARM GAS  C:\Users\Joe\AppData\Local\Temp\ccbSKu4u.s 			page 24


 787 00b8 02       		.uleb128 0x2
 788 00b9 08       		.byte	0x8
 789 00ba 04       		.byte	0x4
 790 00bb DD020000 		.4byte	.LASF16
 791 00bf 02       		.uleb128 0x2
 792 00c0 04       		.byte	0x4
 793 00c1 07       		.byte	0x7
 794 00c2 42020000 		.4byte	.LASF17
 795 00c6 07       		.uleb128 0x7
 796 00c7 E9010000 		.4byte	.LASF18
 797 00cb 01       		.byte	0x1
 798 00cc 2B       		.byte	0x2b
 799 00cd 00000000 		.4byte	.LFB0
 800 00d1 A0000000 		.4byte	.LFE0-.LFB0
 801 00d5 01       		.uleb128 0x1
 802 00d6 9C       		.byte	0x9c
 803 00d7 08       		.uleb128 0x8
 804 00d8 6C010000 		.4byte	.LASF19
 805 00dc 01       		.byte	0x1
 806 00dd B4       		.byte	0xb4
 807 00de 00000000 		.4byte	.LFB1
 808 00e2 48000000 		.4byte	.LFE1-.LFB1
 809 00e6 01       		.uleb128 0x1
 810 00e7 9C       		.byte	0x9c
 811 00e8 07       		.uleb128 0x7
 812 00e9 DB010000 		.4byte	.LASF20
 813 00ed 01       		.byte	0x1
 814 00ee D7       		.byte	0xd7
 815 00ef 00000000 		.4byte	.LFB2
 816 00f3 24000000 		.4byte	.LFE2-.LFB2
 817 00f7 01       		.uleb128 0x1
 818 00f8 9C       		.byte	0x9c
 819 00f9 08       		.uleb128 0x8
 820 00fa F5020000 		.4byte	.LASF21
 821 00fe 01       		.byte	0x1
 822 00ff F7       		.byte	0xf7
 823 0100 00000000 		.4byte	.LFB3
 824 0104 48000000 		.4byte	.LFE3-.LFB3
 825 0108 01       		.uleb128 0x1
 826 0109 9C       		.byte	0x9c
 827 010a 09       		.uleb128 0x9
 828 010b 82010000 		.4byte	.LASF25
 829 010f 01       		.byte	0x1
 830 0110 1701     		.2byte	0x117
 831 0112 00000000 		.4byte	.LFB4
 832 0116 20000000 		.4byte	.LFE4-.LFB4
 833 011a 01       		.uleb128 0x1
 834 011b 9C       		.byte	0x9c
 835 011c 30010000 		.4byte	0x130
 836 0120 0A       		.uleb128 0xa
 837 0121 59020000 		.4byte	.LASF27
 838 0125 01       		.byte	0x1
 839 0126 1701     		.2byte	0x117
 840 0128 6B000000 		.4byte	0x6b
 841 012c 02       		.uleb128 0x2
 842 012d 91       		.byte	0x91
 843 012e 77       		.sleb128 -9
ARM GAS  C:\Users\Joe\AppData\Local\Temp\ccbSKu4u.s 			page 25


 844 012f 00       		.byte	0
 845 0130 0B       		.uleb128 0xb
 846 0131 94000000 		.4byte	.LASF22
 847 0135 01       		.byte	0x1
 848 0136 2E01     		.2byte	0x12e
 849 0138 00000000 		.4byte	.LFB5
 850 013c 14000000 		.4byte	.LFE5-.LFB5
 851 0140 01       		.uleb128 0x1
 852 0141 9C       		.byte	0x9c
 853 0142 0C       		.uleb128 0xc
 854 0143 B4020000 		.4byte	.LASF23
 855 0147 01       		.byte	0x1
 856 0148 4D01     		.2byte	0x14d
 857 014a 6B000000 		.4byte	0x6b
 858 014e 00000000 		.4byte	.LFB6
 859 0152 18000000 		.4byte	.LFE6-.LFB6
 860 0156 01       		.uleb128 0x1
 861 0157 9C       		.byte	0x9c
 862 0158 0C       		.uleb128 0xc
 863 0159 BF010000 		.4byte	.LASF24
 864 015d 01       		.byte	0x1
 865 015e 6401     		.2byte	0x164
 866 0160 6B000000 		.4byte	0x6b
 867 0164 00000000 		.4byte	.LFB7
 868 0168 18000000 		.4byte	.LFE7-.LFB7
 869 016c 01       		.uleb128 0x1
 870 016d 9C       		.byte	0x9c
 871 016e 09       		.uleb128 0x9
 872 016f A2010000 		.4byte	.LASF26
 873 0173 01       		.byte	0x1
 874 0174 7B01     		.2byte	0x17b
 875 0176 00000000 		.4byte	.LFB8
 876 017a 20000000 		.4byte	.LFE8-.LFB8
 877 017e 01       		.uleb128 0x1
 878 017f 9C       		.byte	0x9c
 879 0180 94010000 		.4byte	0x194
 880 0184 0A       		.uleb128 0xa
 881 0185 56010000 		.4byte	.LASF28
 882 0189 01       		.byte	0x1
 883 018a 7B01     		.2byte	0x17b
 884 018c 6B000000 		.4byte	0x6b
 885 0190 02       		.uleb128 0x2
 886 0191 91       		.byte	0x91
 887 0192 77       		.sleb128 -9
 888 0193 00       		.byte	0
 889 0194 0C       		.uleb128 0xc
 890 0195 2B010000 		.4byte	.LASF29
 891 0199 01       		.byte	0x1
 892 019a 9501     		.2byte	0x195
 893 019c 76000000 		.4byte	0x76
 894 01a0 00000000 		.4byte	.LFB9
 895 01a4 18000000 		.4byte	.LFE9-.LFB9
 896 01a8 01       		.uleb128 0x1
 897 01a9 9C       		.byte	0x9c
 898 01aa 09       		.uleb128 0x9
 899 01ab AC000000 		.4byte	.LASF30
 900 01af 01       		.byte	0x1
ARM GAS  C:\Users\Joe\AppData\Local\Temp\ccbSKu4u.s 			page 26


 901 01b0 AF01     		.2byte	0x1af
 902 01b2 00000000 		.4byte	.LFB10
 903 01b6 24000000 		.4byte	.LFE10-.LFB10
 904 01ba 01       		.uleb128 0x1
 905 01bb 9C       		.byte	0x9c
 906 01bc DF010000 		.4byte	0x1df
 907 01c0 0A       		.uleb128 0xa
 908 01c1 C0000000 		.4byte	.LASF31
 909 01c5 01       		.byte	0x1
 910 01c6 AF01     		.2byte	0x1af
 911 01c8 76000000 		.4byte	0x76
 912 01cc 02       		.uleb128 0x2
 913 01cd 91       		.byte	0x91
 914 01ce 6E       		.sleb128 -18
 915 01cf 0D       		.uleb128 0xd
 916 01d0 36020000 		.4byte	.LASF39
 917 01d4 01       		.byte	0x1
 918 01d5 B201     		.2byte	0x1b2
 919 01d7 76000000 		.4byte	0x76
 920 01db 02       		.uleb128 0x2
 921 01dc 91       		.byte	0x91
 922 01dd 76       		.sleb128 -10
 923 01de 00       		.byte	0
 924 01df 0C       		.uleb128 0xc
 925 01e0 22020000 		.4byte	.LASF32
 926 01e4 01       		.byte	0x1
 927 01e5 C801     		.2byte	0x1c8
 928 01e7 76000000 		.4byte	0x76
 929 01eb 00000000 		.4byte	.LFB11
 930 01ef 18000000 		.4byte	.LFE11-.LFB11
 931 01f3 01       		.uleb128 0x1
 932 01f4 9C       		.byte	0x9c
 933 01f5 09       		.uleb128 0x9
 934 01f6 0D020000 		.4byte	.LASF33
 935 01fa 01       		.byte	0x1
 936 01fb E001     		.2byte	0x1e0
 937 01fd 00000000 		.4byte	.LFB12
 938 0201 20000000 		.4byte	.LFE12-.LFB12
 939 0205 01       		.uleb128 0x1
 940 0206 9C       		.byte	0x9c
 941 0207 1B020000 		.4byte	0x21b
 942 020b 0A       		.uleb128 0xa
 943 020c 0E010000 		.4byte	.LASF34
 944 0210 01       		.byte	0x1
 945 0211 E001     		.2byte	0x1e0
 946 0213 76000000 		.4byte	0x76
 947 0217 02       		.uleb128 0x2
 948 0218 91       		.byte	0x91
 949 0219 76       		.sleb128 -10
 950 021a 00       		.byte	0
 951 021b 0C       		.uleb128 0xc
 952 021c 67020000 		.4byte	.LASF35
 953 0220 01       		.byte	0x1
 954 0221 FC01     		.2byte	0x1fc
 955 0223 76000000 		.4byte	0x76
 956 0227 00000000 		.4byte	.LFB13
 957 022b 20000000 		.4byte	.LFE13-.LFB13
ARM GAS  C:\Users\Joe\AppData\Local\Temp\ccbSKu4u.s 			page 27


 958 022f 01       		.uleb128 0x1
 959 0230 9C       		.byte	0x9c
 960 0231 0E       		.uleb128 0xe
 961 0232 16010000 		.4byte	.LASF40
 962 0236 01       		.byte	0x1
 963 0237 1A       		.byte	0x1a
 964 0238 6B000000 		.4byte	0x6b
 965 023c 05       		.uleb128 0x5
 966 023d 03       		.byte	0x3
 967 023e 00000000 		.4byte	Timer_1_initVar
 968 0242 00       		.byte	0
 969              		.section	.debug_abbrev,"",%progbits
 970              	.Ldebug_abbrev0:
 971 0000 01       		.uleb128 0x1
 972 0001 11       		.uleb128 0x11
 973 0002 01       		.byte	0x1
 974 0003 25       		.uleb128 0x25
 975 0004 0E       		.uleb128 0xe
 976 0005 13       		.uleb128 0x13
 977 0006 0B       		.uleb128 0xb
 978 0007 03       		.uleb128 0x3
 979 0008 0E       		.uleb128 0xe
 980 0009 1B       		.uleb128 0x1b
 981 000a 0E       		.uleb128 0xe
 982 000b 55       		.uleb128 0x55
 983 000c 17       		.uleb128 0x17
 984 000d 11       		.uleb128 0x11
 985 000e 01       		.uleb128 0x1
 986 000f 10       		.uleb128 0x10
 987 0010 17       		.uleb128 0x17
 988 0011 00       		.byte	0
 989 0012 00       		.byte	0
 990 0013 02       		.uleb128 0x2
 991 0014 24       		.uleb128 0x24
 992 0015 00       		.byte	0
 993 0016 0B       		.uleb128 0xb
 994 0017 0B       		.uleb128 0xb
 995 0018 3E       		.uleb128 0x3e
 996 0019 0B       		.uleb128 0xb
 997 001a 03       		.uleb128 0x3
 998 001b 0E       		.uleb128 0xe
 999 001c 00       		.byte	0
 1000 001d 00       		.byte	0
 1001 001e 03       		.uleb128 0x3
 1002 001f 24       		.uleb128 0x24
 1003 0020 00       		.byte	0
 1004 0021 0B       		.uleb128 0xb
 1005 0022 0B       		.uleb128 0xb
 1006 0023 3E       		.uleb128 0x3e
 1007 0024 0B       		.uleb128 0xb
 1008 0025 03       		.uleb128 0x3
 1009 0026 08       		.uleb128 0x8
 1010 0027 00       		.byte	0
 1011 0028 00       		.byte	0
 1012 0029 04       		.uleb128 0x4
 1013 002a 16       		.uleb128 0x16
 1014 002b 00       		.byte	0
ARM GAS  C:\Users\Joe\AppData\Local\Temp\ccbSKu4u.s 			page 28


 1015 002c 03       		.uleb128 0x3
 1016 002d 0E       		.uleb128 0xe
 1017 002e 3A       		.uleb128 0x3a
 1018 002f 0B       		.uleb128 0xb
 1019 0030 3B       		.uleb128 0x3b
 1020 0031 0B       		.uleb128 0xb
 1021 0032 49       		.uleb128 0x49
 1022 0033 13       		.uleb128 0x13
 1023 0034 00       		.byte	0
 1024 0035 00       		.byte	0
 1025 0036 05       		.uleb128 0x5
 1026 0037 16       		.uleb128 0x16
 1027 0038 00       		.byte	0
 1028 0039 03       		.uleb128 0x3
 1029 003a 0E       		.uleb128 0xe
 1030 003b 3A       		.uleb128 0x3a
 1031 003c 0B       		.uleb128 0xb
 1032 003d 3B       		.uleb128 0x3b
 1033 003e 05       		.uleb128 0x5
 1034 003f 49       		.uleb128 0x49
 1035 0040 13       		.uleb128 0x13
 1036 0041 00       		.byte	0
 1037 0042 00       		.byte	0
 1038 0043 06       		.uleb128 0x6
 1039 0044 35       		.uleb128 0x35
 1040 0045 00       		.byte	0
 1041 0046 49       		.uleb128 0x49
 1042 0047 13       		.uleb128 0x13
 1043 0048 00       		.byte	0
 1044 0049 00       		.byte	0
 1045 004a 07       		.uleb128 0x7
 1046 004b 2E       		.uleb128 0x2e
 1047 004c 00       		.byte	0
 1048 004d 3F       		.uleb128 0x3f
 1049 004e 19       		.uleb128 0x19
 1050 004f 03       		.uleb128 0x3
 1051 0050 0E       		.uleb128 0xe
 1052 0051 3A       		.uleb128 0x3a
 1053 0052 0B       		.uleb128 0xb
 1054 0053 3B       		.uleb128 0x3b
 1055 0054 0B       		.uleb128 0xb
 1056 0055 27       		.uleb128 0x27
 1057 0056 19       		.uleb128 0x19
 1058 0057 11       		.uleb128 0x11
 1059 0058 01       		.uleb128 0x1
 1060 0059 12       		.uleb128 0x12
 1061 005a 06       		.uleb128 0x6
 1062 005b 40       		.uleb128 0x40
 1063 005c 18       		.uleb128 0x18
 1064 005d 9642     		.uleb128 0x2116
 1065 005f 19       		.uleb128 0x19
 1066 0060 00       		.byte	0
 1067 0061 00       		.byte	0
 1068 0062 08       		.uleb128 0x8
 1069 0063 2E       		.uleb128 0x2e
 1070 0064 00       		.byte	0
 1071 0065 3F       		.uleb128 0x3f
ARM GAS  C:\Users\Joe\AppData\Local\Temp\ccbSKu4u.s 			page 29


 1072 0066 19       		.uleb128 0x19
 1073 0067 03       		.uleb128 0x3
 1074 0068 0E       		.uleb128 0xe
 1075 0069 3A       		.uleb128 0x3a
 1076 006a 0B       		.uleb128 0xb
 1077 006b 3B       		.uleb128 0x3b
 1078 006c 0B       		.uleb128 0xb
 1079 006d 27       		.uleb128 0x27
 1080 006e 19       		.uleb128 0x19
 1081 006f 11       		.uleb128 0x11
 1082 0070 01       		.uleb128 0x1
 1083 0071 12       		.uleb128 0x12
 1084 0072 06       		.uleb128 0x6
 1085 0073 40       		.uleb128 0x40
 1086 0074 18       		.uleb128 0x18
 1087 0075 9742     		.uleb128 0x2117
 1088 0077 19       		.uleb128 0x19
 1089 0078 00       		.byte	0
 1090 0079 00       		.byte	0
 1091 007a 09       		.uleb128 0x9
 1092 007b 2E       		.uleb128 0x2e
 1093 007c 01       		.byte	0x1
 1094 007d 3F       		.uleb128 0x3f
 1095 007e 19       		.uleb128 0x19
 1096 007f 03       		.uleb128 0x3
 1097 0080 0E       		.uleb128 0xe
 1098 0081 3A       		.uleb128 0x3a
 1099 0082 0B       		.uleb128 0xb
 1100 0083 3B       		.uleb128 0x3b
 1101 0084 05       		.uleb128 0x5
 1102 0085 27       		.uleb128 0x27
 1103 0086 19       		.uleb128 0x19
 1104 0087 11       		.uleb128 0x11
 1105 0088 01       		.uleb128 0x1
 1106 0089 12       		.uleb128 0x12
 1107 008a 06       		.uleb128 0x6
 1108 008b 40       		.uleb128 0x40
 1109 008c 18       		.uleb128 0x18
 1110 008d 9742     		.uleb128 0x2117
 1111 008f 19       		.uleb128 0x19
 1112 0090 01       		.uleb128 0x1
 1113 0091 13       		.uleb128 0x13
 1114 0092 00       		.byte	0
 1115 0093 00       		.byte	0
 1116 0094 0A       		.uleb128 0xa
 1117 0095 05       		.uleb128 0x5
 1118 0096 00       		.byte	0
 1119 0097 03       		.uleb128 0x3
 1120 0098 0E       		.uleb128 0xe
 1121 0099 3A       		.uleb128 0x3a
 1122 009a 0B       		.uleb128 0xb
 1123 009b 3B       		.uleb128 0x3b
 1124 009c 05       		.uleb128 0x5
 1125 009d 49       		.uleb128 0x49
 1126 009e 13       		.uleb128 0x13
 1127 009f 02       		.uleb128 0x2
 1128 00a0 18       		.uleb128 0x18
ARM GAS  C:\Users\Joe\AppData\Local\Temp\ccbSKu4u.s 			page 30


 1129 00a1 00       		.byte	0
 1130 00a2 00       		.byte	0
 1131 00a3 0B       		.uleb128 0xb
 1132 00a4 2E       		.uleb128 0x2e
 1133 00a5 00       		.byte	0
 1134 00a6 3F       		.uleb128 0x3f
 1135 00a7 19       		.uleb128 0x19
 1136 00a8 03       		.uleb128 0x3
 1137 00a9 0E       		.uleb128 0xe
 1138 00aa 3A       		.uleb128 0x3a
 1139 00ab 0B       		.uleb128 0xb
 1140 00ac 3B       		.uleb128 0x3b
 1141 00ad 05       		.uleb128 0x5
 1142 00ae 27       		.uleb128 0x27
 1143 00af 19       		.uleb128 0x19
 1144 00b0 11       		.uleb128 0x11
 1145 00b1 01       		.uleb128 0x1
 1146 00b2 12       		.uleb128 0x12
 1147 00b3 06       		.uleb128 0x6
 1148 00b4 40       		.uleb128 0x40
 1149 00b5 18       		.uleb128 0x18
 1150 00b6 9742     		.uleb128 0x2117
 1151 00b8 19       		.uleb128 0x19
 1152 00b9 00       		.byte	0
 1153 00ba 00       		.byte	0
 1154 00bb 0C       		.uleb128 0xc
 1155 00bc 2E       		.uleb128 0x2e
 1156 00bd 00       		.byte	0
 1157 00be 3F       		.uleb128 0x3f
 1158 00bf 19       		.uleb128 0x19
 1159 00c0 03       		.uleb128 0x3
 1160 00c1 0E       		.uleb128 0xe
 1161 00c2 3A       		.uleb128 0x3a
 1162 00c3 0B       		.uleb128 0xb
 1163 00c4 3B       		.uleb128 0x3b
 1164 00c5 05       		.uleb128 0x5
 1165 00c6 27       		.uleb128 0x27
 1166 00c7 19       		.uleb128 0x19
 1167 00c8 49       		.uleb128 0x49
 1168 00c9 13       		.uleb128 0x13
 1169 00ca 11       		.uleb128 0x11
 1170 00cb 01       		.uleb128 0x1
 1171 00cc 12       		.uleb128 0x12
 1172 00cd 06       		.uleb128 0x6
 1173 00ce 40       		.uleb128 0x40
 1174 00cf 18       		.uleb128 0x18
 1175 00d0 9742     		.uleb128 0x2117
 1176 00d2 19       		.uleb128 0x19
 1177 00d3 00       		.byte	0
 1178 00d4 00       		.byte	0
 1179 00d5 0D       		.uleb128 0xd
 1180 00d6 34       		.uleb128 0x34
 1181 00d7 00       		.byte	0
 1182 00d8 03       		.uleb128 0x3
 1183 00d9 0E       		.uleb128 0xe
 1184 00da 3A       		.uleb128 0x3a
 1185 00db 0B       		.uleb128 0xb
ARM GAS  C:\Users\Joe\AppData\Local\Temp\ccbSKu4u.s 			page 31


 1186 00dc 3B       		.uleb128 0x3b
 1187 00dd 05       		.uleb128 0x5
 1188 00de 49       		.uleb128 0x49
 1189 00df 13       		.uleb128 0x13
 1190 00e0 02       		.uleb128 0x2
 1191 00e1 18       		.uleb128 0x18
 1192 00e2 00       		.byte	0
 1193 00e3 00       		.byte	0
 1194 00e4 0E       		.uleb128 0xe
 1195 00e5 34       		.uleb128 0x34
 1196 00e6 00       		.byte	0
 1197 00e7 03       		.uleb128 0x3
 1198 00e8 0E       		.uleb128 0xe
 1199 00e9 3A       		.uleb128 0x3a
 1200 00ea 0B       		.uleb128 0xb
 1201 00eb 3B       		.uleb128 0x3b
 1202 00ec 0B       		.uleb128 0xb
 1203 00ed 49       		.uleb128 0x49
 1204 00ee 13       		.uleb128 0x13
 1205 00ef 3F       		.uleb128 0x3f
 1206 00f0 19       		.uleb128 0x19
 1207 00f1 02       		.uleb128 0x2
 1208 00f2 18       		.uleb128 0x18
 1209 00f3 00       		.byte	0
 1210 00f4 00       		.byte	0
 1211 00f5 00       		.byte	0
 1212              		.section	.debug_aranges,"",%progbits
 1213 0000 84000000 		.4byte	0x84
 1214 0004 0200     		.2byte	0x2
 1215 0006 00000000 		.4byte	.Ldebug_info0
 1216 000a 04       		.byte	0x4
 1217 000b 00       		.byte	0
 1218 000c 0000     		.2byte	0
 1219 000e 0000     		.2byte	0
 1220 0010 00000000 		.4byte	.LFB0
 1221 0014 A0000000 		.4byte	.LFE0-.LFB0
 1222 0018 00000000 		.4byte	.LFB1
 1223 001c 48000000 		.4byte	.LFE1-.LFB1
 1224 0020 00000000 		.4byte	.LFB2
 1225 0024 24000000 		.4byte	.LFE2-.LFB2
 1226 0028 00000000 		.4byte	.LFB3
 1227 002c 48000000 		.4byte	.LFE3-.LFB3
 1228 0030 00000000 		.4byte	.LFB4
 1229 0034 20000000 		.4byte	.LFE4-.LFB4
 1230 0038 00000000 		.4byte	.LFB5
 1231 003c 14000000 		.4byte	.LFE5-.LFB5
 1232 0040 00000000 		.4byte	.LFB6
 1233 0044 18000000 		.4byte	.LFE6-.LFB6
 1234 0048 00000000 		.4byte	.LFB7
 1235 004c 18000000 		.4byte	.LFE7-.LFB7
 1236 0050 00000000 		.4byte	.LFB8
 1237 0054 20000000 		.4byte	.LFE8-.LFB8
 1238 0058 00000000 		.4byte	.LFB9
 1239 005c 18000000 		.4byte	.LFE9-.LFB9
 1240 0060 00000000 		.4byte	.LFB10
 1241 0064 24000000 		.4byte	.LFE10-.LFB10
 1242 0068 00000000 		.4byte	.LFB11
ARM GAS  C:\Users\Joe\AppData\Local\Temp\ccbSKu4u.s 			page 32


 1243 006c 18000000 		.4byte	.LFE11-.LFB11
 1244 0070 00000000 		.4byte	.LFB12
 1245 0074 20000000 		.4byte	.LFE12-.LFB12
 1246 0078 00000000 		.4byte	.LFB13
 1247 007c 20000000 		.4byte	.LFE13-.LFB13
 1248 0080 00000000 		.4byte	0
 1249 0084 00000000 		.4byte	0
 1250              		.section	.debug_ranges,"",%progbits
 1251              	.Ldebug_ranges0:
 1252 0000 00000000 		.4byte	.LFB0
 1253 0004 A0000000 		.4byte	.LFE0
 1254 0008 00000000 		.4byte	.LFB1
 1255 000c 48000000 		.4byte	.LFE1
 1256 0010 00000000 		.4byte	.LFB2
 1257 0014 24000000 		.4byte	.LFE2
 1258 0018 00000000 		.4byte	.LFB3
 1259 001c 48000000 		.4byte	.LFE3
 1260 0020 00000000 		.4byte	.LFB4
 1261 0024 20000000 		.4byte	.LFE4
 1262 0028 00000000 		.4byte	.LFB5
 1263 002c 14000000 		.4byte	.LFE5
 1264 0030 00000000 		.4byte	.LFB6
 1265 0034 18000000 		.4byte	.LFE6
 1266 0038 00000000 		.4byte	.LFB7
 1267 003c 18000000 		.4byte	.LFE7
 1268 0040 00000000 		.4byte	.LFB8
 1269 0044 20000000 		.4byte	.LFE8
 1270 0048 00000000 		.4byte	.LFB9
 1271 004c 18000000 		.4byte	.LFE9
 1272 0050 00000000 		.4byte	.LFB10
 1273 0054 24000000 		.4byte	.LFE10
 1274 0058 00000000 		.4byte	.LFB11
 1275 005c 18000000 		.4byte	.LFE11
 1276 0060 00000000 		.4byte	.LFB12
 1277 0064 20000000 		.4byte	.LFE12
 1278 0068 00000000 		.4byte	.LFB13
 1279 006c 20000000 		.4byte	.LFE13
 1280 0070 00000000 		.4byte	0
 1281 0074 00000000 		.4byte	0
 1282              		.section	.debug_line,"",%progbits
 1283              	.Ldebug_line0:
 1284 0000 5B010000 		.section	.debug_str,"MS",%progbits,1
 1284      02004400 
 1284      00000201 
 1284      FB0E0D00 
 1284      01010101 
 1285              	.LASF15:
 1286 0000 72656731 		.ascii	"reg16\000"
 1286      3600
 1287              	.LASF36:
 1288 0006 474E5520 		.ascii	"GNU C11 5.4.1 20160609 (release) [ARM/embedded-5-br"
 1288      43313120 
 1288      352E342E 
 1288      31203230 
 1288      31363036 
 1289 0039 616E6368 		.ascii	"anch revision 237715] -mcpu=cortex-m3 -mthumb -g -O"
 1289      20726576 
ARM GAS  C:\Users\Joe\AppData\Local\Temp\ccbSKu4u.s 			page 33


 1289      6973696F 
 1289      6E203233 
 1289      37373135 
 1290 006c 30202D66 		.ascii	"0 -ffunction-sections -ffat-lto-objects\000"
 1290      66756E63 
 1290      74696F6E 
 1290      2D736563 
 1290      74696F6E 
 1291              	.LASF22:
 1292 0094 54696D65 		.ascii	"Timer_1_SoftwareCapture\000"
 1292      725F315F 
 1292      536F6674 
 1292      77617265 
 1292      43617074 
 1293              	.LASF30:
 1294 00ac 54696D65 		.ascii	"Timer_1_WritePeriod\000"
 1294      725F315F 
 1294      57726974 
 1294      65506572 
 1294      696F6400 
 1295              	.LASF31:
 1296 00c0 70657269 		.ascii	"period\000"
 1296      6F6400
 1297              	.LASF3:
 1298 00c7 73686F72 		.ascii	"short unsigned int\000"
 1298      7420756E 
 1298      7369676E 
 1298      65642069 
 1298      6E7400
 1299              	.LASF37:
 1300 00da 47656E65 		.ascii	"Generated_Source\\PSoC5\\Timer_1.c\000"
 1300      72617465 
 1300      645F536F 
 1300      75726365 
 1300      5C50536F 
 1301              	.LASF8:
 1302 00fb 756E7369 		.ascii	"unsigned int\000"
 1302      676E6564 
 1302      20696E74 
 1302      00
 1303              	.LASF11:
 1304 0108 666C6F61 		.ascii	"float\000"
 1304      7400
 1305              	.LASF34:
 1306 010e 636F756E 		.ascii	"counter\000"
 1306      74657200 
 1307              	.LASF40:
 1308 0116 54696D65 		.ascii	"Timer_1_initVar\000"
 1308      725F315F 
 1308      696E6974 
 1308      56617200 
 1309              	.LASF14:
 1310 0126 72656738 		.ascii	"reg8\000"
 1310      00
 1311              	.LASF29:
 1312 012b 54696D65 		.ascii	"Timer_1_ReadPeriod\000"
 1312      725F315F 
ARM GAS  C:\Users\Joe\AppData\Local\Temp\ccbSKu4u.s 			page 34


 1312      52656164 
 1312      50657269 
 1312      6F6400
 1313              	.LASF5:
 1314 013e 6C6F6E67 		.ascii	"long unsigned int\000"
 1314      20756E73 
 1314      69676E65 
 1314      6420696E 
 1314      7400
 1315              	.LASF9:
 1316 0150 75696E74 		.ascii	"uint8\000"
 1316      3800
 1317              	.LASF28:
 1318 0156 636F6E74 		.ascii	"control\000"
 1318      726F6C00 
 1319              	.LASF1:
 1320 015e 756E7369 		.ascii	"unsigned char\000"
 1320      676E6564 
 1320      20636861 
 1320      7200
 1321              	.LASF19:
 1322 016c 54696D65 		.ascii	"Timer_1_Enable\000"
 1322      725F315F 
 1322      456E6162 
 1322      6C6500
 1323              	.LASF12:
 1324 017b 646F7562 		.ascii	"double\000"
 1324      6C6500
 1325              	.LASF25:
 1326 0182 54696D65 		.ascii	"Timer_1_SetInterruptMode\000"
 1326      725F315F 
 1326      53657449 
 1326      6E746572 
 1326      72757074 
 1327              	.LASF10:
 1328 019b 75696E74 		.ascii	"uint16\000"
 1328      313600
 1329              	.LASF26:
 1330 01a2 54696D65 		.ascii	"Timer_1_WriteControlRegister\000"
 1330      725F315F 
 1330      57726974 
 1330      65436F6E 
 1330      74726F6C 
 1331              	.LASF24:
 1332 01bf 54696D65 		.ascii	"Timer_1_ReadControlRegister\000"
 1332      725F315F 
 1332      52656164 
 1332      436F6E74 
 1332      726F6C52 
 1333              	.LASF20:
 1334 01db 54696D65 		.ascii	"Timer_1_Start\000"
 1334      725F315F 
 1334      53746172 
 1334      7400
 1335              	.LASF18:
 1336 01e9 54696D65 		.ascii	"Timer_1_Init\000"
 1336      725F315F 
ARM GAS  C:\Users\Joe\AppData\Local\Temp\ccbSKu4u.s 			page 35


 1336      496E6974 
 1336      00
 1337              	.LASF7:
 1338 01f6 6C6F6E67 		.ascii	"long long unsigned int\000"
 1338      206C6F6E 
 1338      6720756E 
 1338      7369676E 
 1338      65642069 
 1339              	.LASF33:
 1340 020d 54696D65 		.ascii	"Timer_1_WriteCounter\000"
 1340      725F315F 
 1340      57726974 
 1340      65436F75 
 1340      6E746572 
 1341              	.LASF32:
 1342 0222 54696D65 		.ascii	"Timer_1_ReadCapture\000"
 1342      725F315F 
 1342      52656164 
 1342      43617074 
 1342      75726500 
 1343              	.LASF39:
 1344 0236 70657269 		.ascii	"period_temp\000"
 1344      6F645F74 
 1344      656D7000 
 1345              	.LASF17:
 1346 0242 73697A65 		.ascii	"sizetype\000"
 1346      74797065 
 1346      00
 1347              	.LASF6:
 1348 024b 6C6F6E67 		.ascii	"long long int\000"
 1348      206C6F6E 
 1348      6720696E 
 1348      7400
 1349              	.LASF27:
 1350 0259 696E7465 		.ascii	"interruptMode\000"
 1350      72727570 
 1350      744D6F64 
 1350      6500
 1351              	.LASF35:
 1352 0267 54696D65 		.ascii	"Timer_1_ReadCounter\000"
 1352      725F315F 
 1352      52656164 
 1352      436F756E 
 1352      74657200 
 1353              	.LASF2:
 1354 027b 73686F72 		.ascii	"short int\000"
 1354      7420696E 
 1354      7400
 1355              	.LASF38:
 1356 0285 443A5C44 		.ascii	"D:\\Documents\\DPEA_Projects\\RpiMIB\\Start1.cydsn\000"
 1356      6F63756D 
 1356      656E7473 
 1356      5C445045 
 1356      415F5072 
 1357              	.LASF23:
 1358 02b4 54696D65 		.ascii	"Timer_1_ReadStatusRegister\000"
 1358      725F315F 
ARM GAS  C:\Users\Joe\AppData\Local\Temp\ccbSKu4u.s 			page 36


 1358      52656164 
 1358      53746174 
 1358      75735265 
 1359              	.LASF4:
 1360 02cf 6C6F6E67 		.ascii	"long int\000"
 1360      20696E74 
 1360      00
 1361              	.LASF13:
 1362 02d8 63686172 		.ascii	"char\000"
 1362      00
 1363              	.LASF16:
 1364 02dd 6C6F6E67 		.ascii	"long double\000"
 1364      20646F75 
 1364      626C6500 
 1365              	.LASF0:
 1366 02e9 7369676E 		.ascii	"signed char\000"
 1366      65642063 
 1366      68617200 
 1367              	.LASF21:
 1368 02f5 54696D65 		.ascii	"Timer_1_Stop\000"
 1368      725F315F 
 1368      53746F70 
 1368      00
 1369              		.ident	"GCC: (GNU Tools for ARM Embedded Processors) 5.4.1 20160609 (release) [ARM/embedded-5-bran
